2023-03-11 16:23:19,538 - pyswarms.single.global_best - INFO - Optimize for 200 iters with {'c1': 0.5, 'c2': 0.3, 'w': 0.9}
2023-03-11 16:26:41,939 - pyswarms.single.global_best - INFO - Optimization finished | best cost: -454191.1531915305, best pos: [55.5070046]
2023-03-11 16:33:00,723 - pyswarms.single.global_best - INFO - Optimize for 200 iters with {'c1': 0.5, 'c2': 0.3, 'w': 0.9}
2023-03-11 16:36:27,159 - pyswarms.single.global_best - INFO - Optimization finished | best cost: -454301.79108178854, best pos: [27.45801185]
2023-03-11 17:22:53,834 - pyswarms.single.global_best - INFO - Optimize for 200 iters with {'c1': 0.5, 'c2': 0.3, 'w': 0.9}
2023-03-11 17:26:41,592 - pyswarms.single.global_best - INFO - Optimization finished | best cost: -454301.8246590455, best pos: [27.60145269]
2023-03-11 18:50:49,150 - pyswarms.single.global_best - INFO - Optimize for 200 iters with {'c1': 0.5, 'c2': 0.3, 'w': 0.9}
2023-03-11 18:55:11,771 - pyswarms.single.global_best - INFO - Optimization finished | best cost: -454301.79156278016, best pos: [27.83841089]
2023-03-11 18:56:08,883 - pyswarms.single.global_best - INFO - Optimize for 200 iters with {'c1': 0.5, 'c2': 0.3, 'w': 0.9}
2023-03-11 18:59:37,523 - pyswarms.single.global_best - INFO - Optimization finished | best cost: -454301.77819846006, best pos: [27.35205562]
2023-03-11 19:00:26,557 - pyswarms.single.global_best - INFO - Optimize for 200 iters with {'c1': 0.5, 'c2': 0.3, 'w': 0.9}
2023-03-11 19:03:12,388 - pyswarms.single.global_best - INFO - Optimization finished | best cost: -454301.8000743886, best pos: [27.84255381]
2023-03-11 20:33:35,496 - pyswarms.single.global_best - INFO - Optimize for 200 iters with {'c1': 0.5, 'c2': 0.3, 'w': 0.9}
2023-03-11 20:36:24,834 - pyswarms.single.global_best - INFO - Optimization finished | best cost: -454301.80072735046, best pos: [27.69782859]
2023-03-11 20:47:02,276 - pyswarms.single.global_best - INFO - Optimize for 200 iters with {'c1': 0.5, 'c2': 0.3, 'w': 0.9}
2023-03-11 20:52:13,664 - pyswarms.single.global_best - INFO - Optimization finished | best cost: -454301.00466577354, best pos: [29.03698787]
2023-03-11 20:56:07,863 - pyswarms.single.global_best - INFO - Optimize for 200 iters with {'c1': 0.5, 'c2': 0.3, 'w': 0.9}
2023-03-11 20:58:27,673 - pyswarms.single.global_best - INFO - Optimization finished | best cost: -454301.800144752, best pos: [27.8225125]
2023-03-11 21:03:15,929 - pyswarms.single.global_best - INFO - Optimize for 200 iters with {'c1': 0.5, 'c2': 0.3, 'w': 0.9}
2023-03-11 21:05:04,735 - pyswarms.single.global_best - INFO - Optimization finished | best cost: -454301.5942963628, best pos: [28.40928155]
2023-03-11 21:07:11,549 - pyswarms.single.global_best - INFO - Optimize for 200 iters with {'c1': 0.5, 'c2': 0.3, 'w': 0.9}
2023-03-11 21:08:40,214 - pyswarms.single.global_best - INFO - Optimization finished | best cost: -454298.76824912056, best pos: [30.46088909]
2023-03-13 23:17:37,693 - pyswarms.single.global_best - INFO - Optimize for 200 iters with {'c1': 0.5, 'c2': 0.3, 'w': 0.9}
2023-03-13 23:19:37,152 - pyswarms.single.global_best - INFO - Optimization finished | best cost: -454301.83555565815, best pos: [27.72899571]
2023-03-13 23:27:25,998 - pyswarms.single.global_best - INFO - Optimize for 200 iters with {'c1': 0.5, 'c2': 0.3, 'w': 0.9}
2023-03-13 23:28:52,915 - pyswarms.single.global_best - INFO - Optimization finished | best cost: -454296.9956892669, best pos: [24.72055962]
2023-03-14 00:20:08,651 - pyswarms.single.global_best - INFO - Optimize for 200 iters with {'c1': 0.5, 'c2': 0.3, 'w': 0.9}
2023-03-14 00:21:59,228 - pyswarms.single.global_best - INFO - Optimization finished | best cost: -454301.81759881345, best pos: [27.57790184]
2023-03-16 10:57:59,666 - pyswarms.single.global_best - INFO - Optimize for 200 iters with {'c1': 0.5, 'c2': 0.3, 'w': 0.9}
2023-03-16 10:58:40,001 - pyswarms.single.global_best - INFO - Optimize for 200 iters with {'c1': 0.5, 'c2': 0.3, 'w': 0.9}
2023-03-16 10:59:06,149 - pyswarms.single.global_best - INFO - Optimize for 200 iters with {'c1': 0.5, 'c2': 0.3, 'w': 0.9}
2023-03-16 10:59:22,563 - pyswarms.single.global_best - INFO - Optimize for 200 iters with {'c1': 0.5, 'c2': 0.3, 'w': 0.9}
2023-03-16 11:00:38,486 - pyswarms.single.global_best - INFO - Optimize for 200 iters with {'c1': 0.5, 'c2': 0.3, 'w': 0.9}
2023-03-16 11:01:10,786 - pyswarms.single.global_best - INFO - Optimize for 200 iters with {'c1': 0.5, 'c2': 0.3, 'w': 0.9}
2023-03-16 11:01:41,538 - pyswarms.single.global_best - INFO - Optimize for 200 iters with {'c1': 0.5, 'c2': 0.3, 'w': 0.9}
2023-03-16 11:06:01,110 - pyswarms.single.global_best - INFO - Optimize for 200 iters with {'c1': 0.5, 'c2': 0.3, 'w': 0.9}
2023-03-16 11:25:09,962 - pyswarms.single.global_best - INFO - Optimize for 200 iters with {'c1': 0.5, 'c2': 0.3, 'w': 0.9}
2023-03-16 11:36:08,793 - pyswarms.single.global_best - INFO - Optimize for 200 iters with {'c1': 0.5, 'c2': 0.3, 'w': 0.9}
2023-03-16 11:39:05,455 - pyswarms.single.global_best - INFO - Optimization finished | best cost: -436279.5708827965, best pos: [126.85897403]
2023-03-16 12:56:39,722 - pyswarms.single.global_best - INFO - Optimize for 200 iters with {'c1': 0.5, 'c2': 0.3, 'w': 0.9}
2023-03-17 00:13:25,967 - pyswarms.single.global_best - INFO - Optimize for 200 iters with {'c1': 0.5, 'c2': 0.3, 'w': 0.9}
2023-03-17 00:14:52,040 - pyswarms.single.global_best - INFO - Optimization finished | best cost: -454306.5047666498, best pos: [ 2.18155678  2.67306516  3.66089251 26.15090544]
2023-03-17 00:16:56,040 - pyswarms.single.global_best - INFO - Optimize for 200 iters with {'c1': 0.5, 'c2': 0.3, 'w': 0.9}
2023-03-17 00:18:27,950 - pyswarms.single.global_best - INFO - Optimization finished | best cost: -454306.0633287324, best pos: [ 1.95332566  0.46048317  3.61207764 26.22343823]
2023-03-17 00:19:26,592 - pyswarms.single.global_best - INFO - Optimize for 200 iters with {'c1': 0.5, 'c2': 0.3, 'w': 0.9}
2023-03-17 00:20:53,950 - pyswarms.single.global_best - INFO - Optimization finished | best cost: -454306.47380859166, best pos: [ 1.88021501  1.23066872  3.65397008 26.72121443]
2023-03-17 00:22:16,982 - pyswarms.single.global_best - INFO - Optimize for 200 iters with {'c1': 0.5, 'c2': 0.3, 'w': 0.9}
2023-03-17 00:23:36,026 - pyswarms.single.global_best - INFO - Optimize for 200 iters with {'c1': 0.5, 'c2': 0.3, 'w': 0.9}
2023-03-17 00:25:24,315 - pyswarms.single.global_best - INFO - Optimization finished | best cost: -454300.9571857065, best pos: [ 1.08721371  2.31418365  3.60262691 23.38948738]
2023-03-17 00:26:36,142 - pyswarms.single.global_best - INFO - Optimize for 200 iters with {'c1': 0.5, 'c2': 0.3, 'w': 0.9}
2023-03-17 00:27:41,592 - pyswarms.single.global_best - INFO - Optimization finished | best cost: -454304.9917298572, best pos: [ 1.14635544  0.73771453  3.63806516 28.73247734]
2023-03-17 00:30:05,290 - pyswarms.single.global_best - INFO - Optimize for 200 iters with {'c1': 0.5, 'c2': 0.3, 'w': 0.9}
2023-03-17 00:31:46,117 - pyswarms.single.global_best - INFO - Optimization finished | best cost: -454293.9227436804, best pos: [ 1.96298429  2.54666552  3.42217473 27.13511972]
2023-03-17 00:34:11,920 - pyswarms.single.global_best - INFO - Optimize for 200 iters with {'c1': 0.5, 'c2': 0.3, 'w': 0.9}
2023-03-17 00:38:01,922 - pyswarms.single.global_best - INFO - Optimization finished | best cost: -440699.26802306203, best pos: [  0.79008296   1.61582479   3.66344264 141.1050005 ]
2023-03-17 19:09:35,082 - pyswarms.single.global_best - INFO - Optimize for 200 iters with {'c1': 0.5, 'c2': 0.3, 'w': 0.9}
2023-03-17 19:12:17,587 - pyswarms.single.global_best - INFO - Optimization finished | best cost: -454306.0981491636, best pos: [ 1.73162595  1.78986277  3.62245798 25.8627765 ]
2023-03-17 19:15:29,649 - pyswarms.single.global_best - INFO - Optimize for 200 iters with {'c1': 0.5, 'c2': 0.3, 'w': 0.9}
2023-03-17 19:19:57,798 - pyswarms.single.global_best - INFO - Optimization finished | best cost: -454305.13801772875, best pos: [ 1.13495727  2.63864574  3.64566683 24.48806729]
2023-03-17 19:20:58,249 - pyswarms.single.global_best - INFO - Optimize for 200 iters with {'c1': 0.5, 'c2': 0.3, 'w': 0.9}
2023-03-17 19:25:57,509 - pyswarms.single.global_best - INFO - Optimization finished | best cost: -454291.0271999783, best pos: [ 1.73059437  1.72615251  3.52650472 34.18365539]
2023-03-17 19:29:49,781 - pyswarms.single.global_best - INFO - Optimize for 200 iters with {'c1': 0.5, 'c2': 0.3, 'w': 0.9}
2023-03-17 19:32:35,383 - pyswarms.single.global_best - INFO - Optimization finished | best cost: -454306.3010593558, best pos: [ 1.93638771  0.60623785  3.67727194 25.39183873]
2023-03-17 23:04:08,908 - pyswarms.single.global_best - INFO - Optimize for 200 iters with {'c1': 0.5, 'c2': 0.3, 'w': 0.9}
2023-03-17 23:06:57,169 - pyswarms.single.global_best - INFO - Optimization finished | best cost: -454306.1055641007, best pos: [ 1.35270744  1.18735774  3.64323515 27.57444432]
2023-03-17 23:08:47,898 - pyswarms.single.global_best - INFO - Optimize for 200 iters with {'c1': 0.5, 'c2': 0.3, 'w': 0.9}
2023-03-17 23:10:56,963 - pyswarms.single.global_best - INFO - Optimize for 200 iters with {'c1': 0.5, 'c2': 0.3, 'w': 0.9}
2023-03-17 23:11:13,176 - pyswarms.single.global_best - INFO - Optimize for 200 iters with {'c1': 0.5, 'c2': 0.3, 'w': 0.9}
2023-03-17 23:13:52,694 - pyswarms.single.global_best - INFO - Optimization finished | best cost: -454306.46909056813, best pos: [ 1.86399543  1.05123577  3.66597305 26.49131342]
2023-03-17 23:18:00,895 - pyswarms.single.global_best - INFO - Optimize for 200 iters with {'c1': 0.5, 'c2': 0.3, 'w': 0.9}
2023-03-17 23:23:06,117 - pyswarms.single.global_best - INFO - Optimization finished | best cost: -454306.21521784563, best pos: [ 2.15325862  0.75021636  3.69387449 25.28635741]
2023-03-17 23:25:53,444 - pyswarms.single.global_best - INFO - Optimize for 200 iters with {'c1': 0.5, 'c2': 0.3, 'w': 0.9}
2023-03-17 23:29:28,097 - pyswarms.single.global_best - INFO - Optimization finished | best cost: -454305.8109496568, best pos: [ 0.48223342  1.59394842  3.6147203  27.82127531]
2023-03-19 14:47:27,980 - pyswarms.single.global_best - INFO - Optimize for 200 iters with {'c1': 0.5, 'c2': 0.3, 'w': 0.9}
2023-03-19 14:50:05,914 - pyswarms.single.global_best - INFO - Optimization finished | best cost: -454306.1611438353, best pos: [ 0.77842679  2.53863244  3.62367608 25.965376  ]
2023-03-19 14:56:28,729 - pyswarms.single.global_best - INFO - Optimize for 200 iters with {'c1': 0.5, 'c2': 0.3, 'w': 0.9}
2023-03-19 15:00:25,679 - pyswarms.single.global_best - INFO - Optimization finished | best cost: -454306.2860945309, best pos: [ 1.10793802  2.22204538  3.61974441 26.4999008 ]
