#iter	     #Particle	       tx	       ty	       tz	     twist	     energy	     
1.0000	      1.0000	      3.2624	      0.1261	      3.4526	      0.0047	      -646925.2966	      
1.0000	      2.0000	      3.3781	      0.3339	      3.4847	      0.0041	      -647087.8245	      
1.0000	      3.0000	      3.3116	      0.1080	      3.5891	      0.0039	      -647054.0707	      
1.0000	      4.0000	      3.1780	      0.3432	      3.4499	      0.0029	      -646874.4546	      
1.0000	      5.0000	      3.4032	      0.1467	      3.4553	      0.0048	      -647041.7553	      
1.0000	      6.0000	      3.0896	      0.3123	      3.5862	      0.0033	      -646846.3008	      
1.0000	      7.0000	      3.4615	      0.0090	      3.5680	      0.0045	      -647101.9822	      
1.0000	      8.0000	      3.2782	      0.1958	      3.5646	      0.0023	      -647031.4969	      
1.0000	      9.0000	      3.3852	      0.1068	      3.5088	      0.0033	      -647055.4274	      
1.0000	      10.0000	      3.4443	      0.3162	      3.4233	      0.0029	      -647085.3508	      
1.0000	      11.0000	      3.2632	      0.0248	      3.5659	      0.0039	      -646976.7130	      
1.0000	      12.0000	      3.3079	      0.0711	      3.4697	      0.0044	      -646961.3421	      
1.0000	      13.0000	      3.3222	      0.3314	      3.5615	      0.0005	      -647089.5250	      
1.0000	      14.0000	      3.0014	      0.0843	      3.4925	      0.0019	      -646624.5856	      
1.0000	      15.0000	      3.3130	      0.3600	      3.5732	      0.0007	      -647091.8536	      
2.0000	      1.0000	      3.1525	      0.1254	      3.5567	      0.0046	      -646880.9608	      
2.0000	      2.0000	      3.3824	      0.3439	      3.4183	      0.0044	      -647050.8652	      
2.0000	      3.0000	      3.0711	      0.1954	      3.5003	      0.0038	      -646750.6592	      
2.0000	      4.0000	      3.1391	      0.1494	      3.4093	      0.0048	      -646762.4519	      
2.0000	      5.0000	      3.3189	      0.3550	      3.5658	      0.0035	      -647092.2626	      
2.0000	      6.0000	      3.3436	      0.0418	      3.4759	      0.0036	      -646983.4340	      
2.0000	      7.0000	      3.1605	      0.1931	      3.5077	      0.0003	      -646870.0192	      
2.0000	      8.0000	      3.3858	      0.2775	      3.5257	      0.0028	      -647106.3190	      
2.0000	      9.0000	      3.1548	      0.3866	      3.4677	      0.0035	      -646861.8916	      
2.0000	      10.0000	      3.2417	      0.1276	      3.5184	      0.0045	      -646951.9549	      
2.0000	      11.0000	      3.3004	      0.2546	      3.5407	      0.0038	      -647047.7709	      
2.0000	      12.0000	      3.4393	      0.1205	      3.5178	      0.0046	      -647095.3643	      
2.0000	      13.0000	      3.3437	      0.2757	      3.5081	      0.0045	      -647066.6493	      
2.0000	      14.0000	      3.1937	      0.2149	      3.5011	      0.0031	      -646908.0133	      
2.0000	      15.0000	      3.1567	      0.3461	      3.4604	      0.0010	      -646854.9297	      
3.0000	      1.0000	      3.4678	      0.0127	      3.5462	      0.0043	      -647092.2266	      
3.0000	      2.0000	      3.2344	      0.2206	      3.5084	      0.0019	      -646958.3104	      
3.0000	      3.0000	      3.3459	      0.2518	      3.4932	      0.0000	      -647054.8194	      
3.0000	      4.0000	      3.4753	      0.3800	      3.5371	      0.0047	      -647176.9148	      
3.0000	      5.0000	      3.1173	      0.3799	      3.4383	      0.0015	      -646790.0132	      
3.0000	      6.0000	      3.3721	      0.0162	      3.4199	      0.0016	      -646949.8400	      
3.0000	      7.0000	      3.3771	      0.3187	      3.4286	      0.0040	      -647049.6208	      
3.0000	      8.0000	      3.3111	      0.3347	      3.5185	      0.0026	      -647057.3423	      
3.0000	      9.0000	      3.4068	      0.2996	      3.4012	      0.0014	      -647045.6520	      
3.0000	      10.0000	      3.0106	      0.3472	      3.5650	      0.0026	      -646719.0269	      
3.0000	      11.0000	      3.1850	      0.0176	      3.5417	      0.0044	      -646880.5681	      
3.0000	      12.0000	      3.0281	      0.1794	      3.4323	      0.0045	      -646634.0532	      
3.0000	      13.0000	      3.3603	      0.2423	      3.4159	      0.0027	      -647012.0111	      
3.0000	      14.0000	      3.3319	      0.1866	      3.5875	      0.0043	      -647086.4143	      
3.0000	      15.0000	      3.4711	      0.2077	      3.4374	      0.0013	      -647081.7925	      
4.0000	      1.0000	      3.1897	      0.2289	      3.4780	      0.0011	      -646890.0888	      
4.0000	      2.0000	      3.0614	      0.0922	      3.5093	      0.0005	      -646726.3007	      
4.0000	      3.0000	      3.0399	      0.2914	      3.5715	      0.0007	      -646765.3102	      
4.0000	      4.0000	      3.2106	      0.1414	      3.4265	      0.0037	      -646856.5667	      
4.0000	      5.0000	      3.4292	      0.2692	      3.5021	      0.0008	      -647116.6413	      
4.0000	      6.0000	      3.2500	      0.3556	      3.4867	      0.0020	      -646983.5908	      
4.0000	      7.0000	      3.0487	      0.3563	      3.5890	      0.0029	      -646793.6031	      
4.0000	      8.0000	      3.1260	      0.3754	      3.5978	      0.0005	      -646907.5344	      
4.0000	      9.0000	      3.0825	      0.0916	      3.5106	      0.0040	      -646755.1756	      
4.0000	      10.0000	      3.3117	      0.0932	      3.4533	      0.0043	      -646959.0269	      
4.0000	      11.0000	      3.0321	      0.2370	      3.4214	      0.0033	      -646638.7281	      
4.0000	      12.0000	      3.3747	      0.2106	      3.4949	      0.0030	      -647067.0831	      
4.0000	      13.0000	      3.3907	      0.2500	      3.5487	      0.0013	      -647116.8160	      
4.0000	      14.0000	      3.4459	      0.0751	      3.5770	      0.0048	      -647120.8533	      
4.0000	      15.0000	      3.1229	      0.0308	      3.5269	      0.0043	      -646803.0147	      
5.0000	      1.0000	      3.3654	      0.3659	      3.4016	      0.0045	      -647032.0895	      
5.0000	      2.0000	      3.4195	      0.3851	      3.4466	      0.0003	      -647099.5429	      
5.0000	      3.0000	      3.3986	      0.3115	      3.5617	      0.0029	      -647138.8745	      
5.0000	      4.0000	      3.0183	      0.3775	      3.5278	      0.0034	      -646707.8042	      
5.0000	      5.0000	      3.1527	      0.0822	      3.5564	      0.0024	      -646871.7343	      
5.0000	      6.0000	      3.0704	      0.1984	      3.4885	      0.0017	      -646741.3173	      
5.0000	      7.0000	      3.4274	      0.3263	      3.4919	      0.0040	      -647120.5775	      
5.0000	      8.0000	      3.4886	      0.3891	      3.5834	      0.0047	      -647205.0861	      
5.0000	      9.0000	      3.3701	      0.2738	      3.5879	      0.0040	      -647128.6257	      
5.0000	      10.0000	      3.0981	      0.2143	      3.4673	      0.0045	      -646766.2268	      
5.0000	      11.0000	      3.4712	      0.0049	      3.4595	      0.0025	      -647029.5245	      
5.0000	      12.0000	      3.1370	      0.2325	      3.4885	      0.0005	      -646834.5475	      
5.0000	      13.0000	      3.4289	      0.2660	      3.4388	      0.0034	      -647076.4999	      
5.0000	      14.0000	      3.0320	      0.2919	      3.5076	      0.0010	      -646708.7007	      
5.0000	      15.0000	      3.3728	      0.3223	      3.5552	      0.0048	      -647121.1649	      
6.0000	      1.0000	      3.0676	      0.0207	      3.5628	      0.0019	      -646758.2910	      
6.0000	      2.0000	      3.1768	      0.1905	      3.5803	      0.0013	      -646936.5626	      
6.0000	      3.0000	      3.1654	      0.3316	      3.4964	      0.0003	      -646888.9211	      
6.0000	      4.0000	      3.4052	      0.1441	      3.4130	      0.0029	      -647011.3096	      
6.0000	      5.0000	      3.4560	      0.3037	      3.5932	      0.0003	      -647183.3208	      
6.0000	      6.0000	      3.4589	      0.0052	      3.4577	      0.0021	      -647022.5059	      
6.0000	      7.0000	      3.1953	      0.3102	      3.5675	      0.0030	      -646967.2090	      
6.0000	      8.0000	      3.2424	      0.3988	      3.5133	      0.0046	      -646997.4920	      
6.0000	      9.0000	      3.0758	      0.0028	      3.4406	      0.0037	      -646667.4121	      
6.0000	      10.0000	      3.4195	      0.3569	      3.4410	      0.0015	      -647091.1925	      
6.0000	      11.0000	      3.2727	      0.2601	      3.4716	      0.0025	      -646980.4789	      
6.0000	      12.0000	      3.4325	      0.2410	      3.4499	      0.0048	      -647079.7307	      
6.0000	      13.0000	      3.4464	      0.2924	      3.5089	      0.0010	      -647133.8739	      
6.0000	      14.0000	      3.2200	      0.0424	      3.4086	      0.0020	      -646822.1909	      
6.0000	      15.0000	      3.0698	      0.1408	      3.5220	      0.0047	      -646755.9541	      
7.0000	      1.0000	      3.3263	      0.1310	      3.4744	      0.0037	      -646997.9729	      
7.0000	      2.0000	      3.0010	      0.3653	      3.4530	      0.0034	      -646624.5766	      
7.0000	      3.0000	      3.4501	      0.3447	      3.4118	      0.0007	      -647086.6700	      
7.0000	      4.0000	      3.2136	      0.2809	      3.5089	      0.0011	      -646947.1437	      
7.0000	      5.0000	      3.1722	      0.0725	      3.4190	      0.0019	      -646788.8192	      
7.0000	      6.0000	      3.2319	      0.2618	      3.5788	      0.0024	      -647006.8752	      
7.0000	      7.0000	      3.0443	      0.3051	      3.4064	      0.0036	      -646652.2314	      
7.0000	      8.0000	      3.0220	      0.0002	      3.4468	      0.0016	      -646595.9926	      
7.0000	      9.0000	      3.3554	      0.1855	      3.5000	      0.0001	      -647051.1387	      
7.0000	      10.0000	      3.1475	      0.0643	      3.5837	      0.0011	      -646880.4332	      
7.0000	      11.0000	      3.0400	      0.0697	      3.4547	      0.0008	      -646648.5044	      
7.0000	      12.0000	      3.1536	      0.2784	      3.5891	      0.0023	      -646927.1339	      
7.0000	      13.0000	      3.4642	      0.3213	      3.5675	      0.0036	      -647177.8899	      
7.0000	      14.0000	      3.4870	      0.1593	      3.5589	      0.0045	      -647151.3174	      
7.0000	      15.0000	      3.4418	      0.3304	      3.4707	      0.0017	      -647116.6616	      
8.0000	      1.0000	      3.1045	      0.2594	      3.5878	      0.0002	      -646862.6083	      
8.0000	      2.0000	      3.3737	      0.0889	      3.5368	      0.0048	      -647060.7859	      
8.0000	      3.0000	      3.1498	      0.3523	      3.5770	      0.0008	      -646923.2014	      
8.0000	      4.0000	      3.0217	      0.0068	      3.5812	      0.0011	      -646707.4511	      
8.0000	      5.0000	      3.3999	      0.2156	      3.5071	      0.0047	      -647091.4365	      
8.0000	      6.0000	      3.0417	      0.0369	      3.4080	      0.0003	      -646602.3194	      
8.0000	      7.0000	      3.0180	      0.3276	      3.4636	      0.0006	      -646656.9791	      
8.0000	      8.0000	      3.4772	      0.1859	      3.5739	      0.0021	      -647161.5142	      
8.0000	      9.0000	      3.0576	      0.3860	      3.5932	      0.0026	      -646810.9281	      
8.0000	      10.0000	      3.4086	      0.2078	      3.4603	      0.0029	      -647064.7890	      
8.0000	      11.0000	      3.3787	      0.2358	      3.4326	      0.0016	      -647034.8972	      
8.0000	      12.0000	      3.4227	      0.2794	      3.4641	      0.0027	      -647092.3009	      
8.0000	      13.0000	      3.4774	      0.3536	      3.4110	      0.0020	      -647101.0547	      
8.0000	      14.0000	      3.1740	      0.2435	      3.4680	      0.0027	      -646867.5648	      
8.0000	      15.0000	      3.1824	      0.0692	      3.4035	      0.0018	      -646786.0651	      
9.0000	      1.0000	      3.3944	      0.2846	      3.4576	      0.0028	      -647072.7160	      
9.0000	      2.0000	      3.1715	      0.3033	      3.5753	      0.0026	      -646943.1680	      
9.0000	      3.0000	      3.3409	      0.3606	      3.4868	      0.0001	      -647066.6040	      
9.0000	      4.0000	      3.0178	      0.2607	      3.4124	      0.0044	      -646610.5276	      
9.0000	      5.0000	      3.1029	      0.3458	      3.4054	      0.0012	      -646742.1671	      
9.0000	      6.0000	      3.0686	      0.2185	      3.4821	      0.0038	      -646736.6905	      
9.0000	      7.0000	      3.4975	      0.3559	      3.5403	      0.0043	      -647184.2969	      
9.0000	      8.0000	      3.2982	      0.0447	      3.4655	      0.0024	      -646941.5380	      
9.0000	      9.0000	      3.3520	      0.0895	      3.4547	      0.0014	      -646990.4244	      
9.0000	      10.0000	      3.1116	      0.0042	      3.5079	      0.0032	      -646766.7058	      
9.0000	      11.0000	      3.1140	      0.3790	      3.4276	      0.0019	      -646777.7091	      
9.0000	      12.0000	      3.1279	      0.2629	      3.5699	      0.0023	      -646881.4823	      
9.0000	      13.0000	      3.4864	      0.3712	      3.4798	      0.0012	      -647150.3470	      
9.0000	      14.0000	      3.3844	      0.2932	      3.5892	      0.0016	      -647141.0563	      
9.0000	      15.0000	      3.4519	      0.2412	      3.5406	      0.0040	      -647144.3523	      
10.0000	      1.0000	      3.1325	      0.2899	      3.5274	      0.0028	      -646862.5364	      
10.0000	      2.0000	      3.4345	      0.0903	      3.5644	      0.0035	      -647112.2822	      
10.0000	      3.0000	      3.0153	      0.3503	      3.5847	      0.0046	      -646740.8479	      
10.0000	      4.0000	      3.1546	      0.0467	      3.5066	      0.0037	      -646828.9145	      
10.0000	      5.0000	      3.3678	      0.0397	      3.4984	      0.0038	      -647015.8008	      
10.0000	      6.0000	      3.1563	      0.3564	      3.5366	      0.0031	      -646906.4942	      
10.0000	      7.0000	      3.3312	      0.3784	      3.5978	      0.0008	      -647120.5100	      
10.0000	      8.0000	      3.1383	      0.3455	      3.5424	      0.0022	      -646885.9284	      
10.0000	      9.0000	      3.0903	      0.2493	      3.5797	      0.0017	      -646837.4014	      
10.0000	      10.0000	      3.3393	      0.2929	      3.5408	      0.0034	      -647085.5024	      
10.0000	      11.0000	      3.4450	      0.0231	      3.4089	      0.0033	      -646984.3975	      
10.0000	      12.0000	      3.3547	      0.2506	      3.4264	      0.0036	      -647017.0645	      
10.0000	      13.0000	      3.4886	      0.3805	      3.5523	      0.0048	      -647189.9227	      
10.0000	      14.0000	      3.0951	      0.3105	      3.4655	      0.0043	      -646772.3250	      
10.0000	      15.0000	      3.1411	      0.3997	      3.4480	      0.0047	      -646831.7627	      
11.0000	      1.0000	      3.0069	      0.2118	      3.5956	      0.0023	      -646727.1818	      
11.0000	      2.0000	      3.1201	      0.3007	      3.5594	      0.0018	      -646869.0518	      
11.0000	      3.0000	      3.3454	      0.3420	      3.4505	      0.0045	      -647045.0705	      
11.0000	      4.0000	      3.2289	      0.3673	      3.5846	      0.0005	      -647021.3004	      
11.0000	      5.0000	      3.0767	      0.1418	      3.5842	      0.0003	      -646809.0698	      
11.0000	      6.0000	      3.1143	      0.2874	      3.5819	      0.0047	      -646874.6409	      
11.0000	      7.0000	      3.1357	      0.3891	      3.4310	      0.0031	      -646810.7561	      
11.0000	      8.0000	      3.1205	      0.1734	      3.4082	      0.0023	      -646743.0207	      
11.0000	      9.0000	      3.3068	      0.3845	      3.4700	      0.0007	      -647031.7502	      
11.0000	      10.0000	      3.0662	      0.1176	      3.5421	      0.0000	      -646761.5646	      
11.0000	      11.0000	      3.1516	      0.1187	      3.4398	      0.0042	      -646793.6533	      
11.0000	      12.0000	      3.0675	      0.2394	      3.5131	      0.0021	      -646759.9285	      
11.0000	      13.0000	      3.4901	      0.3892	      3.4078	      0.0028	      -647111.6091	      
11.0000	      14.0000	      3.0255	      0.3135	      3.5810	      0.0017	      -646751.7341	      
11.0000	      15.0000	      3.4083	      0.0673	      3.5609	      0.0006	      -647090.0553	      
12.0000	      1.0000	      3.3987	      0.1292	      3.4225	      0.0028	      -647010.1073	      
12.0000	      2.0000	      3.4185	      0.0712	      3.5626	      0.0009	      -647097.8007	      
12.0000	      3.0000	      3.1091	      0.3297	      3.5224	      0.0015	      -646832.8079	      
12.0000	      4.0000	      3.2790	      0.1998	      3.4165	      0.0021	      -646934.1959	      
12.0000	      5.0000	      3.4132	      0.3140	      3.4476	      0.0016	      -647083.8052	      
12.0000	      6.0000	      3.0409	      0.1459	      3.5982	      0.0037	      -646771.3324	      
12.0000	      7.0000	      3.4020	      0.3899	      3.5167	      0.0023	      -647129.6146	      
12.0000	      8.0000	      3.0761	      0.0420	      3.5632	      0.0014	      -646774.8443	      
12.0000	      9.0000	      3.4834	      0.0553	      3.5704	      0.0012	      -647127.5042	      
12.0000	      10.0000	      3.3361	      0.3671	      3.5082	      0.0014	      -647076.2543	      
12.0000	      11.0000	      3.3453	      0.2386	      3.4705	      0.0024	      -647037.3615	      
12.0000	      12.0000	      3.2968	      0.2222	      3.5855	      0.0045	      -647064.4834	      
12.0000	      13.0000	      3.4902	      0.3932	      3.4928	      0.0030	      -647162.7575	      
12.0000	      14.0000	      3.4496	      0.2962	      3.4545	      0.0016	      -647103.9340	      
12.0000	      15.0000	      3.1386	      0.1820	      3.4368	      0.0035	      -646789.7289	      
13.0000	      1.0000	      3.1899	      0.0475	      3.4880	      0.0007	      -646854.6964	      
13.0000	      2.0000	      3.1395	      0.2494	      3.5659	      0.0011	      -646891.8083	      
13.0000	      3.0000	      3.3688	      0.3141	      3.5880	      0.0024	      -647133.7259	      
13.0000	      4.0000	      3.2889	      0.3936	      3.5003	      0.0019	      -647035.2360	      
13.0000	      5.0000	      3.1593	      0.0367	      3.5479	      0.0028	      -646861.8546	      
13.0000	      6.0000	      3.0893	      0.0787	      3.5468	      0.0014	      -646787.6240	      
13.0000	      7.0000	      3.1379	      0.3796	      3.5888	      0.0049	      -646917.9298	      
13.0000	      8.0000	      3.0508	      0.2952	      3.4862	      0.0004	      -646722.0576	      
13.0000	      9.0000	      3.0755	      0.2338	      3.4501	      0.0028	      -646724.6557	      
13.0000	      10.0000	      3.0582	      0.1471	      3.4707	      0.0012	      -646703.1838	      
13.0000	      11.0000	      3.4795	      0.3518	      3.4904	      0.0011	      -647149.8281	      
13.0000	      12.0000	      3.0288	      0.2153	      3.4338	      0.0047	      -646640.4314	      
13.0000	      13.0000	      3.4898	      0.3918	      3.5685	      0.0012	      -647199.6817	      
13.0000	      14.0000	      3.2511	      0.2617	      3.5700	      0.0047	      -647021.1689	      
13.0000	      15.0000	      3.0184	      0.3052	      3.5520	      0.0042	      -646720.1573	      
14.0000	      1.0000	      3.0090	      0.0585	      3.5559	      0.0024	      -646681.4791	      
14.0000	      2.0000	      3.3933	      0.3912	      3.5697	      0.0038	      -647150.7323	      
14.0000	      3.0000	      3.0734	      0.3036	      3.4301	      0.0018	      -646713.9502	      
14.0000	      4.0000	      3.2290	      0.1228	      3.5704	      0.0006	      -646972.6933	      
14.0000	      5.0000	      3.4503	      0.1982	      3.4312	      0.0048	      -647065.0047	      
14.0000	      6.0000	      3.1949	      0.0894	      3.4709	      0.0037	      -646859.2670	      
14.0000	      7.0000	      3.3468	      0.3701	      3.4315	      0.0050	      -647038.2931	      
14.0000	      8.0000	      3.1581	      0.1147	      3.4195	      0.0046	      -646784.7565	      
14.0000	      9.0000	      3.2862	      0.0132	      3.5751	      0.0018	      -646998.9367	      
14.0000	      10.0000	      3.3469	      0.3118	      3.4478	      0.0003	      -647038.8620	      
14.0000	      11.0000	      3.0753	      0.0381	      3.4711	      0.0010	      -646702.0349	      
14.0000	      12.0000	      3.2799	      0.2081	      3.5094	      0.0033	      -647001.2179	      
14.0000	      13.0000	      3.4895	      0.3902	      3.4220	      0.0026	      -647120.2605	      
14.0000	      14.0000	      3.0151	      0.2290	      3.4517	      0.0002	      -646634.7232	      
14.0000	      15.0000	      3.4208	      0.3967	      3.4407	      0.0032	      -647098.4794	      
15.0000	      1.0000	      3.3559	      0.0811	      3.4107	      0.0027	      -646956.5827	      
15.0000	      2.0000	      3.0813	      0.0901	      3.5763	      0.0045	      -646800.6325	      
15.0000	      3.0000	      3.3210	      0.3234	      3.5101	      0.0003	      -647058.6485	      
15.0000	      4.0000	      3.1695	      0.3531	      3.4152	      0.0034	      -646839.7510	      
15.0000	      5.0000	      3.1605	      0.3566	      3.5167	      0.0046	      -646898.8348	      
15.0000	      6.0000	      3.2499	      0.1085	      3.4166	      0.0049	      -646880.3286	      
15.0000	      7.0000	      3.0461	      0.3636	      3.5286	      0.0033	      -646749.9794	      
15.0000	      8.0000	      3.1604	      0.0470	      3.5474	      0.0026	      -646865.3518	      
15.0000	      9.0000	      3.0051	      0.2956	      3.4649	      0.0043	      -646635.1847	      
15.0000	      10.0000	      3.1068	      0.0579	      3.4345	      0.0043	      -646718.4996	      
15.0000	      11.0000	      3.2449	      0.2732	      3.4079	      0.0038	      -646910.2368	      
15.0000	      12.0000	      3.0948	      0.1735	      3.5859	      0.0012	      -646838.4279	      
15.0000	      13.0000	      3.4892	      0.3891	      3.5496	      0.0022	      -647190.4049	      
15.0000	      14.0000	      3.4388	      0.2035	      3.5411	      0.0048	      -647129.9458	      
15.0000	      15.0000	      3.2093	      0.0286	      3.5335	      0.0016	      -646903.2462	      
16.0000	      1.0000	      3.1554	      0.1500	      3.5240	      0.0020	      -646866.7334	      
16.0000	      2.0000	      3.4735	      0.2776	      3.5811	      0.0033	      -647181.3569	      
16.0000	      3.0000	      3.0486	      0.3556	      3.4050	      0.0033	      -646662.2867	      
16.0000	      4.0000	      3.1561	      0.1236	      3.5203	      0.0009	      -646859.5901	      
16.0000	      5.0000	      3.4779	      0.0548	      3.4028	      0.0016	      -647007.1732	      
16.0000	      6.0000	      3.1916	      0.1196	      3.4047	      0.0045	      -646812.5880	      
16.0000	      7.0000	      3.2674	      0.3573	      3.4031	      0.0008	      -646945.5346	      
16.0000	      8.0000	      3.1958	      0.0149	      3.4555	      0.0048	      -646824.9316	      
16.0000	      9.0000	      3.3019	      0.0869	      3.5981	      0.0045	      -647046.7901	      
16.0000	      10.0000	      3.4470	      0.3043	      3.4615	      0.0015	      -647108.9032	      
16.0000	      11.0000	      3.4268	      0.0796	      3.5124	      0.0041	      -647073.0791	      
16.0000	      12.0000	      3.4246	      0.2078	      3.4343	      0.0002	      -647056.4030	      
16.0000	      13.0000	      3.4889	      0.3885	      3.4494	      0.0005	      -647136.6859	      
16.0000	      14.0000	      3.2682	      0.2249	      3.4065	      0.0030	      -646922.2737	      
16.0000	      15.0000	      3.4783	      0.2077	      3.4100	      0.0004	      -647065.2496	      
17.0000	      1.0000	      3.4518	      0.1580	      3.4134	      0.0005	      -647040.8031	      
17.0000	      2.0000	      3.2488	      0.0251	      3.5847	      0.0011	      -646976.1419	      
17.0000	      3.0000	      3.3750	      0.3618	      3.5456	      0.0006	      -647123.4722	      
17.0000	      4.0000	      3.0218	      0.2544	      3.4014	      0.0042	      -646607.7292	      
17.0000	      5.0000	      3.1981	      0.2086	      3.5921	      0.0025	      -646970.8622	      
17.0000	      6.0000	      3.1577	      0.1431	      3.4267	      0.0039	      -646796.9061	      
17.0000	      7.0000	      3.4569	      0.3579	      3.4682	      0.0041	      -647127.8384	      
17.0000	      8.0000	      3.1132	      0.3973	      3.5926	      0.0013	      -646889.1958	      
17.0000	      9.0000	      3.0956	      0.3259	      3.4869	      0.0030	      -646788.9670	      
17.0000	      10.0000	      3.1913	      0.0887	      3.4839	      0.0031	      -646864.7899	      
17.0000	      11.0000	      3.0880	      0.0425	      3.5876	      0.0017	      -646807.7069	      
17.0000	      12.0000	      3.1799	      0.2393	      3.5135	      0.0042	      -646905.1342	      
17.0000	      13.0000	      3.4889	      0.3883	      3.5685	      0.0030	      -647198.6867	      
17.0000	      14.0000	      3.0646	      0.2502	      3.4789	      0.0013	      -646732.7210	      
17.0000	      15.0000	      3.1575	      0.3782	      3.5272	      0.0041	      -646904.1266	      
18.0000	      1.0000	      3.1638	      0.2135	      3.5408	      0.0047	      -646899.7086	      
18.0000	      2.0000	      3.4974	      0.2437	      3.5855	      0.0035	      -647187.5878	      
18.0000	      3.0000	      3.1180	      0.3517	      3.4582	      0.0028	      -646802.7471	      
18.0000	      4.0000	      3.0722	      0.0397	      3.5235	      0.0016	      -646739.6943	      
18.0000	      5.0000	      3.4878	      0.3515	      3.5244	      0.0025	      -647171.6688	      
18.0000	      6.0000	      3.0111	      0.1436	      3.4592	      0.0034	      -646623.9696	      
18.0000	      7.0000	      3.1086	      0.3628	      3.5525	      0.0016	      -646854.6201	      
18.0000	      8.0000	      3.0992	      0.2598	      3.4834	      0.0032	      -646785.1146	      
18.0000	      9.0000	      3.3854	      0.0814	      3.4071	      0.0009	      -646973.2224	      
18.0000	      10.0000	      3.4530	      0.2831	      3.5194	      0.0038	      -647141.1678	      
18.0000	      11.0000	      3.2508	      0.3901	      3.4212	      0.0035	      -646946.0677	      
18.0000	      12.0000	      3.4503	      0.2449	      3.5797	      0.0021	      -647164.3538	      
18.0000	      13.0000	      3.4889	      0.3888	      3.4541	      0.0049	      -647139.6433	      
18.0000	      14.0000	      3.4811	      0.2810	      3.5635	      0.0041	      -647176.8646	      
18.0000	      15.0000	      3.3235	      0.0875	      3.4143	      0.0018	      -646937.1043	      
19.0000	      1.0000	      3.4027	      0.2233	      3.4428	      0.0025	      -647053.8143	      
19.0000	      2.0000	      3.1688	      0.0062	      3.5857	      0.0004	      -646890.9973	      
19.0000	      3.0000	      3.4952	      0.3441	      3.5888	      0.0045	      -647204.4363	      
19.0000	      4.0000	      3.1602	      0.3416	      3.4212	      0.0042	      -646831.3803	      
19.0000	      5.0000	      3.1866	      0.0439	      3.4498	      0.0022	      -646820.2193	      
19.0000	      6.0000	      3.3854	      0.1481	      3.4999	      0.0025	      -647061.2461	      
19.0000	      7.0000	      3.4767	      0.3677	      3.4174	      0.0003	      -647107.5025	      
19.0000	      8.0000	      3.4493	      0.0818	      3.5967	      0.0003	      -647135.6407	      
19.0000	      9.0000	      3.0995	      0.2743	      3.5562	      0.0043	      -646836.8132	      
19.0000	      10.0000	      3.1417	      0.0247	      3.5491	      0.0045	      -646839.3623	      
19.0000	      11.0000	      3.0386	      0.2191	      3.4979	      0.0049	      -646704.8989	      
19.0000	      12.0000	      3.1496	      0.2736	      3.4270	      0.0046	      -646812.2691	      
19.0000	      13.0000	      3.4892	      0.3900	      3.5730	      0.0048	      -647200.9908	      
19.0000	      14.0000	      3.2742	      0.3232	      3.4246	      0.0011	      -646962.1565	      
19.0000	      15.0000	      3.0114	      0.2418	      3.5421	      0.0048	      -646698.4069	      
20.0000	      1.0000	      3.0851	      0.1760	      3.5369	      0.0002	      -646792.4103	      
20.0000	      2.0000	      3.3281	      0.1973	      3.5853	      0.0041	      -647084.2434	      
20.0000	      3.0000	      3.2587	      0.3421	      3.4796	      0.0007	      -646986.0509	      
20.0000	      4.0000	      3.2597	      0.1667	      3.5622	      0.0011	      -647006.8289	      
20.0000	      5.0000	      3.4810	      0.1938	      3.4212	      0.0024	      -647070.8434	      
20.0000	      6.0000	      3.1686	      0.1920	      3.5495	      0.0024	      -646907.3850	      
20.0000	      7.0000	      3.2417	      0.3677	      3.5146	      0.0007	      -646993.8134	      
20.0000	      8.0000	      3.2050	      0.0329	      3.4703	      0.0038	      -646852.5864	      
20.0000	      9.0000	      3.3745	      0.0250	      3.4758	      0.0016	      -646998.2283	      
20.0000	      10.0000	      3.4101	      0.2123	      3.5656	      0.0050	      -647130.0379	      
20.0000	      11.0000	      3.4354	      0.0191	      3.5533	      0.0006	      -647083.8247	      
20.0000	      12.0000	      3.4697	      0.3159	      3.5605	      0.0009	      -647176.1560	      
20.0000	      13.0000	      3.4892	      0.3906	      3.4583	      0.0046	      -647142.6151	      
20.0000	      14.0000	      3.1004	      0.3359	      3.5136	      0.0038	      -646815.3647	      
20.0000	      15.0000	      3.2349	      0.3535	      3.4339	      0.0018	      -646931.9529	      
21.0000	      1.0000	      3.3227	      0.1424	      3.4100	      0.0037	      -646951.0350	      
21.0000	      2.0000	      3.4920	      0.3337	      3.5847	      0.0016	      -647200.0238	      
21.0000	      3.0000	      3.0632	      0.3540	      3.5970	      0.0030	      -646819.7397	      
21.0000	      4.0000	      3.1966	      0.3707	      3.4578	      0.0046	      -646906.0719	      
21.0000	      5.0000	      3.1760	      0.3460	      3.4342	      0.0028	      -646861.3148	      
21.0000	      6.0000	      3.0006	      0.2373	      3.5860	      0.0026	      -646712.5074	      
21.0000	      7.0000	      3.0670	      0.3670	      3.4113	      0.0014	      -646696.4996	      
21.0000	      8.0000	      3.4174	      0.0993	      3.5729	      0.0015	      -647110.9073	      
21.0000	      9.0000	      3.0663	      0.2781	      3.4271	      0.0042	      -646699.1547	      
21.0000	      10.0000	      3.1229	      0.0058	      3.5660	      0.0002	      -646825.0158	      
21.0000	      11.0000	      3.2379	      0.3000	      3.5917	      0.0022	      -647026.1454	      
21.0000	      12.0000	      3.1967	      0.3575	      3.4571	      0.0019	      -646904.2465	      
21.0000	      13.0000	      3.4892	      0.3906	      3.5639	      0.0045	      -647197.1573	      
21.0000	      14.0000	      3.3923	      0.3437	      3.4082	      0.0009	      -647050.6511	      
21.0000	      15.0000	      3.4518	      0.3982	      3.5334	      0.0047	      -647166.3108	      
22.0000	      1.0000	      3.0292	      0.1248	      3.5458	      0.0014	      -646714.4823	      
22.0000	      2.0000	      3.1059	      0.0437	      3.5842	      0.0038	      -646827.4512	      
22.0000	      3.0000	      3.4498	      0.3606	      3.4727	      0.0049	      -647127.4757	      
22.0000	      4.0000	      3.0703	      0.1214	      3.5408	      0.0020	      -646767.0286	      
22.0000	      5.0000	      3.4757	      0.0435	      3.4481	      0.0020	      -647038.0547	      
22.0000	      6.0000	      3.3138	      0.2493	      3.5729	      0.0031	      -647075.9819	      
22.0000	      7.0000	      3.4782	      0.3683	      3.5676	      0.0016	      -647191.1737	      
22.0000	      8.0000	      3.1035	      0.0878	      3.4466	      0.0049	      -646732.3538	      
22.0000	      9.0000	      3.3189	      0.0568	      3.5744	      0.0011	      -647037.3338	      
22.0000	      10.0000	      3.4189	      0.2044	      3.5541	      0.0029	      -647126.9380	      
22.0000	      11.0000	      3.0159	      0.1221	      3.5830	      0.0033	      -646721.9226	      
22.0000	      12.0000	      3.4219	      0.3877	      3.5921	      0.0030	      -647176.9656	      
22.0000	      13.0000	      3.4891	      0.3905	      3.4427	      0.0046	      -647133.4293	      
22.0000	      14.0000	      3.0971	      0.3207	      3.5452	      0.0035	      -646830.9434	      
22.0000	      15.0000	      3.1106	      0.0287	      3.4087	      0.0017	      -646693.1262	      
23.0000	      1.0000	      3.3022	      0.1479	      3.4470	      0.0003	      -646963.4875	      
23.0000	      2.0000	      3.3465	      0.2309	      3.5839	      0.0001	      -647103.0921	      
23.0000	      3.0000	      3.2356	      0.3615	      3.5448	      0.0010	      -647004.6920	      
23.0000	      4.0000	      3.4297	      0.3662	      3.4026	      0.0001	      -647074.0053	      
23.0000	      5.0000	      3.1863	      0.1641	      3.4296	      0.0018	      -646837.6757	      
23.0000	      6.0000	      3.0684	      0.2592	      3.5651	      0.0037	      -646798.8679	      
23.0000	      7.0000	      3.2688	      0.3753	      3.4806	      0.0010	      -647001.6506	      
23.0000	      8.0000	      3.3993	      0.0713	      3.5066	      0.0021	      -647051.3976	      
23.0000	      9.0000	      3.0117	      0.2727	      3.4821	      0.0041	      -646656.5566	      
23.0000	      10.0000	      3.1449	      0.0264	      3.5380	      0.0005	      -646835.7057	      
23.0000	      11.0000	      3.4935	      0.0021	      3.5314	      0.0035	      -647088.7379	      
23.0000	      12.0000	      3.0943	      0.0093	      3.4856	      0.0041	      -646730.2029	      
23.0000	      13.0000	      3.4889	      0.3902	      3.5795	      0.0047	      -647203.9564	      
23.0000	      14.0000	      3.0051	      0.3107	      3.4540	      0.0006	      -646627.2315	      
23.0000	      15.0000	      3.3663	      0.2440	      3.5103	      0.0003	      -647077.8107	      
24.0000	      1.0000	      3.0582	      0.1413	      3.5451	      0.0007	      -646757.1893	      
24.0000	      2.0000	      3.0707	      0.0285	      3.5838	      0.0027	      -646779.6563	      
24.0000	      3.0000	      3.0034	      0.3611	      3.4122	      0.0041	      -646595.9574	      
24.0000	      4.0000	      3.2054	      0.1441	      3.5272	      0.0036	      -646924.0752	      
24.0000	      5.0000	      3.4826	      0.3240	      3.4423	      0.0018	      -647117.5199	      
24.0000	      6.0000	      3.3239	      0.2661	      3.5647	      0.0040	      -647082.3856	      
24.0000	      7.0000	      3.0408	      0.3810	      3.5965	      0.0049	      -646788.3581	      
24.0000	      8.0000	      3.1653	      0.1434	      3.5942	      0.0042	      -646924.1669	      
24.0000	      9.0000	      3.2427	      0.0244	      3.4121	      0.0014	      -646840.8868	      
24.0000	      10.0000	      3.4184	      0.3731	      3.5319	      0.0044	      -647144.4075	      
24.0000	      11.0000	      3.3224	      0.3674	      3.4928	      0.0031	      -647056.3988	      
24.0000	      12.0000	      3.3427	      0.0965	      3.5829	      0.0047	      -647070.6296	      
24.0000	      13.0000	      3.4889	      0.3897	      3.4761	      0.0048	      -647152.5512	      
24.0000	      14.0000	      3.0774	      0.2975	      3.5677	      0.0044	      -646816.5432	      
24.0000	      15.0000	      3.0964	      0.0849	      3.4041	      0.0003	      -646687.9875	      
25.0000	      1.0000	      3.3886	      0.0946	      3.4167	      0.0006	      -646987.7628	      
25.0000	      2.0000	      3.4794	      0.3706	      3.5841	      0.0045	      -647199.3326	      
25.0000	      3.0000	      3.4712	      0.3608	      3.5224	      0.0015	      -647164.7330	      
25.0000	      4.0000	      3.0612	      0.3192	      3.4220	      0.0016	      -646691.4033	      
25.0000	      5.0000	      3.1821	      0.0403	      3.4861	      0.0018	      -646842.5321	      
25.0000	      6.0000	      3.0350	      0.2888	      3.5678	      0.0043	      -646755.3162	      
25.0000	      7.0000	      3.3898	      0.3861	      3.4764	      0.0017	      -647098.8213	      
25.0000	      8.0000	      3.4740	      0.1553	      3.4547	      0.0008	      -647080.3238	      
25.0000	      9.0000	      3.0300	      0.2601	      3.5870	      0.0040	      -646759.1001	      
25.0000	      10.0000	      3.1160	      0.2168	      3.5288	      0.0022	      -646833.5805	      
25.0000	      11.0000	      3.1046	      0.2226	      3.4698	      0.0030	      -646777.3133	      
25.0000	      12.0000	      3.0398	      0.3515	      3.4545	      0.0048	      -646686.1134	      
25.0000	      13.0000	      3.4888	      0.3893	      3.4050	      0.0048	      -647109.0841	      
25.0000	      14.0000	      3.2884	      0.2915	      3.4494	      0.0020	      -646986.4216	      
25.0000	      15.0000	      3.0037	      0.3688	      3.5567	      0.0002	      -646704.4425	      
26.0000	      1.0000	      3.1494	      0.0612	      3.4971	      0.0049	      -646819.7648	      
26.0000	      2.0000	      3.2709	      0.1989	      3.5844	      0.0049	      -647037.0807	      
26.0000	      3.0000	      3.3053	      0.3639	      3.4227	      0.0040	      -646997.3157	      
26.0000	      4.0000	      3.4641	      0.0607	      3.5143	      0.0047	      -647086.1212	      
26.0000	      5.0000	      3.4445	      0.2139	      3.4607	      0.0020	      -647086.4583	      
26.0000	      6.0000	      3.3270	      0.3222	      3.5708	      0.0044	      -647096.7155	      
26.0000	      7.0000	      3.1898	      0.3849	      3.5704	      0.0032	      -646971.1024	      
26.0000	      8.0000	      3.1949	      0.1611	      3.5667	      0.0029	      -646942.5489	      
26.0000	      9.0000	      3.0119	      0.0648	      3.5094	      0.0010	      -646650.3744	      
26.0000	      10.0000	      3.4104	      0.0447	      3.5381	      0.0006	      -647069.7284	      
26.0000	      11.0000	      3.4860	      0.0964	      3.4742	      0.0032	      -647080.1027	      
26.0000	      12.0000	      3.2591	      0.1555	      3.5495	      0.0045	      -646996.0995	      
26.0000	      13.0000	      3.4887	      0.3892	      3.5384	      0.0047	      -647184.5195	      
26.0000	      14.0000	      3.3377	      0.2907	      3.5840	      0.0043	      -647106.8601	      
26.0000	      15.0000	      3.1011	      0.1733	      3.4631	      0.0045	      -646760.3561	      
27.0000	      1.0000	      3.4539	      0.0959	      3.5755	      0.0029	      -647129.8059	      
27.0000	      2.0000	      3.0113	      0.0050	      3.5845	      0.0043	      -646694.9874	      
27.0000	      3.0000	      3.1484	      0.3630	      3.5832	      0.0011	      -646926.0758	      
27.0000	      4.0000	      3.2576	      0.2564	      3.5947	      0.0019	      -647040.6058	      
27.0000	      5.0000	      3.1300	      0.3907	      3.5905	      0.0021	      -646909.8224	      
27.0000	      6.0000	      3.0453	      0.3624	      3.5745	      0.0046	      -646779.6306	      
27.0000	      7.0000	      3.0399	      0.3801	      3.4366	      0.0046	      -646675.5039	      
27.0000	      8.0000	      3.0084	      0.1296	      3.4563	      0.0047	      -646614.6583	      
27.0000	      9.0000	      3.0830	      0.3275	      3.4396	      0.0045	      -646737.9267	      
27.0000	      10.0000	      3.1219	      0.3066	      3.5556	      0.0006	      -646869.5484	      
27.0000	      11.0000	      3.2511	      0.3970	      3.4962	      0.0031	      -646996.2968	      
27.0000	      12.0000	      3.4393	      0.0108	      3.4339	      0.0036	      -646997.0814	      
27.0000	      13.0000	      3.4887	      0.3894	      3.4426	      0.0047	      -647132.8646	      
27.0000	      14.0000	      3.2364	      0.3099	      3.4742	      0.0009	      -646953.6980	      
27.0000	      15.0000	      3.1490	      0.0416	      3.5814	      0.0026	      -646875.7762	      
28.0000	      1.0000	      3.1755	      0.2013	      3.4318	      0.0002	      -646835.0092	      
28.0000	      2.0000	      3.3953	      0.3389	      3.5844	      0.0030	      -647152.1570	      
28.0000	      3.0000	      3.4946	      0.3575	      3.4979	      0.0038	      -647161.5773	      
28.0000	      4.0000	      3.0053	      0.0568	      3.4294	      0.0045	      -646571.4900	      
28.0000	      5.0000	      3.3778	      0.0938	      3.4811	      0.0018	      -647027.8637	      
28.0000	      6.0000	      3.3591	      0.3806	      3.5782	      0.0046	      -647131.3004	      
28.0000	      7.0000	      3.4336	      0.3775	      3.5520	      0.0042	      -647163.3159	      
28.0000	      8.0000	      3.3941	      0.0572	      3.5522	      0.0009	      -647073.5264	      
28.0000	      9.0000	      3.1021	      0.1008	      3.5979	      0.0019	      -646843.9746	      
28.0000	      10.0000	      3.3315	      0.1092	      3.5631	      0.0011	      -647053.9643	      
28.0000	      11.0000	      3.1011	      0.1978	      3.5329	      0.0026	      -646814.1484	      
28.0000	      12.0000	      3.0720	      0.2193	      3.5529	      0.0029	      -646791.8549	      
28.0000	      13.0000	      3.4888	      0.3898	      3.5721	      0.0046	      -647200.4840	      
28.0000	      14.0000	      3.1410	      0.3247	      3.5622	      0.0029	      -646900.2600	      
28.0000	      15.0000	      3.1175	      0.3399	      3.4616	      0.0012	      -646803.0286	      
29.0000	      1.0000	      3.4448	      0.2779	      3.5110	      0.0035	      -647131.4131	      
29.0000	      2.0000	      3.1761	      0.1732	      3.5842	      0.0024	      -646935.4007	      
29.0000	      3.0000	      3.2357	      0.3485	      3.4072	      0.0007	      -646913.1474	      
29.0000	      4.0000	      3.2425	      0.3850	      3.5326	      0.0015	      -647007.2531	      
29.0000	      5.0000	      3.0811	      0.2662	      3.5624	      0.0015	      -646815.6355	      
29.0000	      6.0000	      3.1060	      0.3951	      3.5819	      0.0046	      -646872.5417	      
29.0000	      7.0000	      3.2375	      0.3736	      3.4468	      0.0035	      -646946.4690	      
29.0000	      8.0000	      3.1927	      0.0812	      3.4252	      0.0034	      -646818.6133	      
29.0000	      9.0000	      3.1109	      0.3562	      3.5064	      0.0048	      -646826.6359	      
29.0000	      10.0000	      3.0417	      0.3620	      3.5635	      0.0006	      -646766.8690	      
29.0000	      11.0000	      3.4945	      0.3644	      3.5644	      0.0021	      -647195.8499	      
29.0000	      12.0000	      3.3528	      0.0527	      3.4480	      0.0026	      -646972.9648	      
29.0000	      13.0000	      3.4889	      0.3900	      3.4632	      0.0046	      -647145.0507	      
29.0000	      14.0000	      3.1446	      0.3294	      3.4262	      0.0001	      -646812.8360	      
29.0000	      15.0000	      3.1235	      0.1730	      3.5445	      0.0050	      -646846.6014	      
30.0000	      1.0000	      3.1339	      0.3492	      3.5716	      0.0011	      -646899.5083	      
30.0000	      2.0000	      3.4301	      0.3512	      3.5841	      0.0020	      -647173.2607	      
30.0000	      3.0000	      3.4667	      0.3440	      3.5069	      0.0040	      -647151.7323	      
30.0000	      4.0000	      3.4861	      0.2142	      3.4098	      0.0035	      -647070.5618	      
30.0000	      5.0000	      3.2874	      0.0056	      3.4244	      0.0010	      -646884.5813	      
30.0000	      6.0000	      3.3588	      0.3989	      3.5844	      0.0047	      -647135.8584	      
30.0000	      7.0000	      3.1148	      0.3706	      3.5729	      0.0026	      -646876.8817	      
30.0000	      8.0000	      3.4922	      0.1047	      3.5203	      0.0003	      -647115.6421	      
30.0000	      9.0000	      3.0849	      0.1160	      3.4200	      0.0016	      -646693.5247	      
30.0000	      10.0000	      3.3780	      0.1412	      3.5615	      0.0050	      -647092.6705	      
30.0000	      11.0000	      3.2683	      0.0868	      3.5887	      0.0018	      -647012.8996	      
30.0000	      12.0000	      3.0969	      0.3443	      3.5178	      0.0029	      -646814.2130	      
30.0000	      13.0000	      3.4889	      0.3901	      3.5855	      0.0047	      -647206.2646	      
30.0000	      14.0000	      3.1291	      0.3447	      3.5571	      0.0024	      -646883.7081	      
30.0000	      15.0000	      3.1035	      0.0154	      3.4046	      0.0025	      -646676.1626	      
31.0000	      1.0000	      3.4084	      0.3807	      3.5893	      0.0040	      -647167.3172	      
31.0000	      2.0000	      3.1364	      0.0837	      3.5846	      0.0022	      -646872.6125	      
31.0000	      3.0000	      3.1312	      0.3530	      3.4029	      0.0016	      -646780.4484	      
31.0000	      4.0000	      3.1514	      0.0480	      3.4901	      0.0006	      -646813.2254	      
31.0000	      5.0000	      3.4876	      0.1964	      3.5553	      0.0009	      -647158.1898	      
31.0000	      6.0000	      3.0513	      0.0004	      3.5864	      0.0047	      -646749.9517	      
31.0000	      7.0000	      3.0561	      0.3696	      3.4614	      0.0022	      -646717.7566	      
31.0000	      8.0000	      3.2006	      0.1912	      3.4196	      0.0038	      -646852.3271	      
31.0000	      9.0000	      3.0319	      0.2443	      3.5605	      0.0034	      -646742.5533	      
31.0000	      10.0000	      3.1270	      0.3240	      3.5524	      0.0029	      -646875.9940	      
31.0000	      11.0000	      3.0495	      0.3145	      3.4040	      0.0019	      -646659.0775	      
31.0000	      12.0000	      3.4588	      0.1706	      3.5921	      0.0033	      -647159.3086	      
31.0000	      13.0000	      3.4889	      0.3901	      3.4710	      0.0047	      -647149.5639	      
31.0000	      14.0000	      3.0361	      0.3449	      3.4524	      0.0044	      -646678.3903	      
31.0000	      15.0000	      3.0365	      0.3428	      3.4739	      0.0047	      -646694.6067	      
32.0000	      1.0000	      3.1017	      0.0053	      3.4015	      0.0011	      -646667.6729	      
32.0000	      2.0000	      3.4337	      0.2627	      3.5852	      0.0027	      -647161.9613	      
32.0000	      3.0000	      3.4922	      0.3610	      3.5507	      0.0048	      -647188.2456	      
32.0000	      4.0000	      3.4157	      0.3506	      3.5497	      0.0048	      -647148.8267	      
32.0000	      5.0000	      3.1159	      0.0031	      3.4610	      0.0012	      -646734.6704	      
32.0000	      6.0000	      3.3804	      0.2342	      3.5871	      0.0047	      -647127.7965	      
32.0000	      7.0000	      3.0006	      0.3697	      3.5829	      0.0025	      -646717.9179	      
32.0000	      8.0000	      3.4266	      0.1742	      3.5206	      0.0016	      -647104.8154	      
32.0000	      9.0000	      3.3900	      0.3503	      3.4674	      0.0049	      -647088.1324	      
32.0000	      10.0000	      3.4977	      0.0595	      3.5474	      0.0008	      -647120.7853	      
32.0000	      11.0000	      3.4646	      0.0870	      3.4785	      0.0026	      -647070.7294	      
32.0000	      12.0000	      3.2024	      0.0138	      3.4428	      0.0039	      -646821.4240	      
32.0000	      13.0000	      3.4889	      0.3901	      3.5892	      0.0047	      -647207.9503	      
32.0000	      14.0000	      3.1089	      0.3392	      3.5491	      0.0009	      -646850.9437	      
32.0000	      15.0000	      3.1217	      0.1864	      3.5546	      0.0013	      -646853.5920	      
33.0000	      1.0000	      3.3069	      0.1271	      3.5002	      0.0034	      -646998.8002	      
33.0000	      2.0000	      3.1777	      0.0084	      3.5863	      0.0033	      -646901.4730	      
33.0000	      3.0000	      3.2452	      0.3703	      3.4798	      0.0019	      -646976.1048	      
33.0000	      4.0000	      3.1174	      0.1743	      3.5935	      0.0027	      -646871.9078	      
33.0000	      5.0000	      3.2444	      0.2219	      3.5631	      0.0020	      -647003.4170	      
33.0000	      6.0000	      3.1254	      0.0785	      3.5878	      0.0047	      -646860.8012	      
33.0000	      7.0000	      3.0357	      0.3719	      3.4659	      0.0026	      -646689.7985	      
33.0000	      8.0000	      3.1080	      0.1387	      3.4180	      0.0046	      -646727.6656	      
33.0000	      9.0000	      3.1412	      0.0175	      3.5795	      0.0005	      -646859.3475	      
33.0000	      10.0000	      3.2152	      0.2688	      3.5448	      0.0039	      -646969.8158	      
33.0000	      11.0000	      3.2663	      0.2766	      3.5462	      0.0031	      -647024.0550	      
33.0000	      12.0000	      3.4450	      0.3079	      3.5479	      0.0045	      -647156.8969	      
33.0000	      13.0000	      3.4889	      0.3901	      3.4720	      0.0047	      -647150.1291	      
33.0000	      14.0000	      3.1858	      0.3270	      3.4323	      0.0033	      -646869.0697	      
33.0000	      15.0000	      3.0597	      0.0076	      3.4052	      0.0033	      -646616.0332	      
34.0000	      1.0000	      3.0093	      0.3609	      3.5820	      0.0004	      -646729.9992	      
34.0000	      2.0000	      3.0299	      0.3238	      3.5870	      0.0034	      -646762.7550	      
34.0000	      3.0000	      3.4835	      0.3702	      3.4260	      0.0038	      -647116.5931	      
34.0000	      4.0000	      3.4434	      0.0542	      3.4141	      0.0002	      -647000.7015	      
34.0000	      5.0000	      3.4221	      0.3871	      3.4392	      0.0033	      -647096.8242	      
34.0000	      6.0000	      3.4099	      0.0246	      3.5870	      0.0047	      -647093.7980	      
34.0000	      7.0000	      3.2058	      0.3751	      3.5715	      0.0029	      -646989.4092	      
34.0000	      8.0000	      3.4405	      0.0755	      3.5166	      0.0018	      -647081.7194	      
34.0000	      9.0000	      3.4529	      0.2662	      3.4597	      0.0018	      -647102.4282	      
34.0000	      10.0000	      3.4571	      0.0529	      3.5460	      0.0012	      -647100.9189	      
34.0000	      11.0000	      3.0916	      0.0208	      3.4061	      0.0035	      -646663.7610	      
34.0000	      12.0000	      3.1152	      0.1495	      3.4320	      0.0045	      -646750.5276	      
34.0000	      13.0000	      3.4889	      0.3902	      3.5576	      0.0047	      -647194.0865	      
34.0000	      14.0000	      3.2101	      0.3217	      3.5920	      0.0004	      -646999.7478	      
34.0000	      15.0000	      3.0629	      0.3773	      3.5435	      0.0003	      -646785.5133	      
35.0000	      1.0000	      3.3300	      0.1339	      3.4443	      0.0031	      -646980.3561	      
35.0000	      2.0000	      3.4592	      0.1635	      3.5868	      0.0030	      -647155.4087	      
35.0000	      3.0000	      3.1533	      0.3600	      3.5929	      0.0002	      -646937.9039	      
35.0000	      4.0000	      3.1877	      0.3567	      3.4820	      0.0045	      -646909.7876	      
35.0000	      5.0000	      3.0668	      0.0777	      3.5362	      0.0036	      -646750.4270	      
35.0000	      6.0000	      3.1145	      0.3976	      3.5860	      0.0047	      -646886.8198	      
35.0000	      7.0000	      3.2208	      0.3777	      3.4486	      0.0036	      -646929.7834	      
35.0000	      8.0000	      3.1961	      0.3920	      3.4180	      0.0048	      -646880.5395	      
35.0000	      9.0000	      3.1646	      0.0777	      3.5541	      0.0037	      -646882.4911	      
35.0000	      10.0000	      3.1317	      0.2543	      3.5571	      0.0049	      -646876.9179	      
35.0000	      11.0000	      3.3647	      0.3158	      3.5230	      0.0031	      -647097.3456	      
35.0000	      12.0000	      3.4045	      0.0669	      3.5236	      0.0038	      -647064.3418	      
35.0000	      13.0000	      3.4889	      0.3901	      3.4378	      0.0047	      -647130.0735	      
35.0000	      14.0000	      3.1124	      0.3212	      3.4908	      0.0039	      -646814.7285	      
35.0000	      15.0000	      3.0612	      0.2457	      3.4407	      0.0029	      -646698.6741	      
36.0000	      1.0000	      3.0951	      0.3132	      3.5784	      0.0008	      -646849.3179	      
36.0000	      2.0000	      3.2730	      0.3530	      3.5867	      0.0025	      -647064.1098	      
36.0000	      3.0000	      3.4892	      0.3571	      3.5090	      0.0033	      -647165.1735	      
36.0000	      4.0000	      3.3907	      0.1756	      3.5600	      0.0027	      -647107.6427	      
36.0000	      5.0000	      3.3332	      0.2694	      3.4223	      0.0025	      -647002.3651	      
36.0000	      6.0000	      3.3832	      0.2575	      3.5854	      0.0047	      -647132.8591	      
36.0000	      7.0000	      3.1140	      0.3777	      3.5706	      0.0038	      -646875.0454	      
36.0000	      8.0000	      3.4817	      0.2123	      3.5617	      0.0019	      -647162.7611	      
36.0000	      9.0000	      3.3364	      0.2640	      3.4380	      0.0004	      -647014.1465	      
36.0000	      10.0000	      3.3995	      0.0362	      3.5724	      0.0025	      -647082.3337	      
36.0000	      11.0000	      3.0781	      0.1415	      3.4093	      0.0028	      -646681.6323	      
36.0000	      12.0000	      3.1272	      0.0530	      3.5981	      0.0034	      -646864.4385	      
36.0000	      13.0000	      3.4889	      0.3901	      3.5285	      0.0047	      -647180.1375	      
36.0000	      14.0000	      3.4748	      0.3092	      3.5928	      0.0016	      -647192.5947	      
36.0000	      15.0000	      3.2154	      0.1101	      3.5410	      0.0002	      -646936.3556	      
37.0000	      1.0000	      3.3287	      0.0556	      3.4756	      0.0043	      -646977.2770	      
37.0000	      2.0000	      3.1168	      0.0920	      3.5870	      0.0024	      -646852.5424	      
37.0000	      3.0000	      3.2254	      0.3585	      3.4102	      0.0010	      -646905.0075	      
37.0000	      4.0000	      3.0615	      0.0204	      3.4158	      0.0003	      -646632.2875	      
37.0000	      5.0000	      3.0904	      0.0138	      3.5402	      0.0020	      -646768.5377	      
37.0000	      6.0000	      3.0807	      0.1190	      3.5853	      0.0047	      -646810.9274	      
37.0000	      7.0000	      3.4349	      0.3739	      3.4557	      0.0033	      -647111.9422	      
37.0000	      8.0000	      3.1836	      0.0942	      3.4769	      0.0042	      -646852.3513	      
37.0000	      9.0000	      3.4669	      0.0304	      3.5970	      0.0028	      -647128.9284	      
37.0000	      10.0000	      3.1077	      0.2455	      3.5755	      0.0049	      -646857.0545	      
37.0000	      11.0000	      3.4229	      0.0435	      3.5392	      0.0026	      -647076.8681	      
37.0000	      12.0000	      3.4581	      0.0005	      3.4464	      0.0031	      -647011.6919	      
37.0000	      13.0000	      3.4889	      0.3901	      3.4011	      0.0047	      -647106.6714	      
37.0000	      14.0000	      3.2301	      0.3143	      3.4632	      0.0035	      -646940.6822	      
37.0000	      15.0000	      3.2707	      0.0723	      3.4171	      0.0026	      -646888.6659	      
38.0000	      1.0000	      3.0185	      0.2487	      3.4189	      0.0017	      -646616.3241	      
38.0000	      2.0000	      3.0358	      0.3476	      3.5875	      0.0021	      -646773.4371	      
38.0000	      3.0000	      3.4479	      0.3563	      3.5373	      0.0040	      -647160.5535	      
38.0000	      4.0000	      3.4009	      0.3066	      3.5060	      0.0043	      -647109.9602	      
38.0000	      5.0000	      3.4964	      0.2554	      3.4307	      0.0019	      -647100.5525	      
38.0000	      6.0000	      3.3753	      0.0393	      3.5857	      0.0047	      -647077.7957	      
38.0000	      7.0000	      3.1911	      0.3692	      3.5906	      0.0026	      -646983.2964	      
38.0000	      8.0000	      3.3878	      0.0282	      3.4165	      0.0012	      -646961.4631	      
38.0000	      9.0000	      3.0622	      0.1747	      3.5061	      0.0046	      -646739.8009	      
38.0000	      10.0000	      3.3152	      0.0697	      3.5744	      0.0015	      -647038.2171	      
38.0000	      11.0000	      3.1823	      0.3932	      3.4502	      0.0026	      -646885.8402	      
38.0000	      12.0000	      3.1889	      0.0387	      3.5362	      0.0032	      -646886.7784	      
38.0000	      13.0000	      3.4889	      0.3901	      3.5565	      0.0047	      -647193.5274	      
38.0000	      14.0000	      3.0387	      0.3243	      3.5171	      0.0044	      -646727.4969	      
38.0000	      15.0000	      3.1967	      0.1275	      3.5274	      0.0007	      -646911.3188	      
39.0000	      1.0000	      3.1908	      0.0615	      3.5846	      0.0044	      -646928.3762	      
39.0000	      2.0000	      3.4653	      0.1367	      3.5874	      0.0026	      -647151.9294	      
39.0000	      3.0000	      3.1359	      0.3610	      3.4468	      0.0014	      -646819.5493	      
39.0000	      4.0000	      3.1759	      0.1459	      3.5969	      0.0024	      -646938.1460	      
39.0000	      5.0000	      3.2660	      0.0582	      3.5487	      0.0020	      -646977.3285	      
39.0000	      6.0000	      3.0883	      0.3824	      3.5858	      0.0047	      -646849.8438	      
39.0000	      7.0000	      3.0009	      0.3666	      3.4752	      0.0022	      -646641.0432	      
39.0000	      8.0000	      3.0536	      0.0067	      3.4025	      0.0030	      -646604.8406	      
39.0000	      9.0000	      3.2443	      0.3293	      3.4328	      0.0004	      -646937.5397	      
39.0000	      10.0000	      3.0431	      0.2945	      3.5718	      0.0035	      -646770.3838	      
39.0000	      11.0000	      3.0151	      0.2287	      3.5810	      0.0026	      -646730.8283	      
39.0000	      12.0000	      3.4341	      0.0451	      3.4419	      0.0037	      -647014.3670	      
39.0000	      13.0000	      3.4889	      0.3901	      3.4803	      0.0047	      -647154.6841	      
39.0000	      14.0000	      3.3933	      0.3312	      3.5827	      0.0044	      -647149.1874	      
39.0000	      15.0000	      3.0944	      0.1439	      3.4164	      0.0004	      -646709.5585	      
40.0000	      1.0000	      3.3446	      0.3256	      3.5030	      0.0013	      -647073.3248	      
40.0000	      2.0000	      3.2831	      0.0022	      3.5866	      0.0030	      -647000.9316	      
40.0000	      3.0000	      3.4951	      0.3629	      3.5661	      0.0047	      -647196.8139	      
40.0000	      4.0000	      3.3879	      0.0279	      3.4455	      0.0004	      -646984.8727	      
40.0000	      5.0000	      3.0446	      0.2970	      3.4464	      0.0019	      -646682.9629	      
40.0000	      6.0000	      3.3826	      0.2304	      3.5856	      0.0047	      -647127.8015	      
40.0000	      7.0000	      3.4861	      0.3690	      3.5846	      0.0023	      -647202.4397	      
40.0000	      8.0000	      3.3991	      0.3032	      3.4209	      0.0045	      -647055.3456	      
40.0000	      9.0000	      3.4180	      0.3493	      3.5665	      0.0019	      -647158.0946	      
40.0000	      10.0000	      3.4087	      0.0717	      3.5713	      0.0003	      -647097.5365	      
40.0000	      11.0000	      3.0315	      0.0405	      3.4706	      0.0029	      -646641.8663	      
40.0000	      12.0000	      3.1180	      0.0712	      3.5624	      0.0040	      -646832.6645	      
40.0000	      13.0000	      3.4889	      0.3901	      3.4139	      0.0047	      -647115.0451	      
40.0000	      14.0000	      3.2049	      0.3371	      3.4331	      0.0040	      -646894.5207	      
40.0000	      15.0000	      3.0159	      0.1210	      3.5068	      0.0008	      -646664.8558	      
41.0000	      1.0000	      3.4822	      0.1254	      3.4035	      0.0033	      -647036.4295	      
41.0000	      2.0000	      3.0851	      0.0307	      3.5855	      0.0034	      -646799.9851	      
41.0000	      3.0000	      3.2457	      0.3696	      3.4586	      0.0020	      -646963.0926	      
41.0000	      4.0000	      3.0679	      0.0359	      3.5229	      0.0047	      -646732.3749	      
41.0000	      5.0000	      3.4084	      0.0706	      3.5842	      0.0018	      -647104.7958	      
41.0000	      6.0000	      3.0937	      0.1215	      3.5855	      0.0047	      -646828.2238	      
41.0000	      7.0000	      3.3263	      0.3732	      3.4614	      0.0026	      -647041.2929	      
41.0000	      8.0000	      3.1682	      0.1520	      3.4694	      0.0006	      -646843.6199	      
41.0000	      9.0000	      3.0556	      0.3694	      3.4638	      0.0031	      -646718.3655	      
41.0000	      10.0000	      3.1807	      0.3860	      3.5544	      0.0030	      -646950.7659	      
41.0000	      11.0000	      3.4314	      0.3639	      3.5800	      0.0033	      -647173.6061	      
41.0000	      12.0000	      3.3338	      0.0455	      3.4653	      0.0039	      -646969.8481	      
41.0000	      13.0000	      3.4889	      0.3901	      3.5613	      0.0047	      -647195.5596	      
41.0000	      14.0000	      3.4726	      0.3428	      3.5108	      0.0031	      -647156.5288	      
41.0000	      15.0000	      3.0306	      0.1233	      3.5822	      0.0018	      -646742.2410	      
42.0000	      1.0000	      3.0566	      0.3605	      3.5373	      0.0001	      -646770.9195	      
42.0000	      2.0000	      3.0570	      0.0949	      3.5851	      0.0035	      -646776.2942	      
42.0000	      3.0000	      3.4678	      0.3737	      3.5873	      0.0003	      -647195.9753	      
42.0000	      4.0000	      3.3192	      0.0103	      3.5940	      0.0027	      -647036.3154	      
42.0000	      5.0000	      3.1762	      0.2193	      3.4850	      0.0022	      -646877.5100	      
42.0000	      6.0000	      3.3833	      0.0402	      3.5855	      0.0047	      -647082.5628	      
42.0000	      7.0000	      3.1724	      0.3791	      3.5459	      0.0033	      -646934.6137	      
42.0000	      8.0000	      3.4342	      0.0901	      3.4914	      0.0039	      -647066.0915	      
42.0000	      9.0000	      3.2168	      0.3759	      3.5574	      0.0039	      -646993.3247	      
42.0000	      10.0000	      3.4793	      0.2054	      3.5481	      0.0009	      -647152.9028	      
42.0000	      11.0000	      3.2221	      0.1952	      3.4534	      0.0039	      -646902.1069	      
42.0000	      12.0000	      3.0429	      0.0954	      3.5507	      0.0036	      -646732.5702	      
42.0000	      13.0000	      3.4889	      0.3901	      3.4688	      0.0047	      -647148.3786	      
42.0000	      14.0000	      3.1618	      0.3514	      3.4135	      0.0025	      -646828.9826	      
42.0000	      15.0000	      3.4774	      0.0429	      3.4220	      0.0028	      -647017.9064	      
43.0000	      1.0000	      3.3869	      0.1385	      3.4426	      0.0030	      -647020.7106	      
43.0000	      2.0000	      3.0005	      0.0856	      3.5847	      0.0036	      -646694.9887	      
43.0000	      3.0000	      3.1339	      0.3690	      3.4779	      0.0043	      -646839.4467	      
43.0000	      4.0000	      3.0244	      0.0412	      3.4218	      0.0006	      -646589.7753	      
43.0000	      5.0000	      3.4844	      0.3656	      3.4139	      0.0024	      -647108.5603	      
43.0000	      6.0000	      3.0865	      0.3876	      3.5856	      0.0047	      -646847.6153	      
43.0000	      7.0000	      3.0394	      0.3852	      3.4261	      0.0040	      -646666.9326	      
43.0000	      8.0000	      3.1485	      0.0338	      3.4643	      0.0017	      -646785.4863	      
43.0000	      9.0000	      3.4193	      0.3838	      3.4319	      0.0042	      -647090.2217	      
43.0000	      10.0000	      3.1887	      0.3793	      3.5549	      0.0034	      -646959.9515	      
43.0000	      11.0000	      3.0426	      0.0850	      3.5579	      0.0035	      -646734.9752	      
43.0000	      12.0000	      3.3802	      0.1473	      3.4249	      0.0035	      -647006.0019	      
43.0000	      13.0000	      3.4889	      0.3901	      3.4063	      0.0047	      -647109.9736	      
43.0000	      14.0000	      3.3679	      0.3623	      3.5015	      0.0023	      -647094.6808	      
43.0000	      15.0000	      3.2818	      0.1074	      3.4908	      0.0021	      -646965.2483	      
44.0000	      1.0000	      3.1498	      0.2943	      3.5607	      0.0003	      -646906.8820	      
44.0000	      2.0000	      3.4096	      0.1173	      3.5846	      0.0039	      -647118.2243	      
44.0000	      3.0000	      3.4116	      0.3564	      3.5803	      0.0023	      -647161.9285	      
44.0000	      4.0000	      3.2686	      0.0284	      3.4920	      0.0038	      -646929.5172	      
44.0000	      5.0000	      3.1872	      0.0415	      3.5878	      0.0026	      -646921.8560	      
44.0000	      6.0000	      3.3292	      0.2312	      3.5861	      0.0047	      -647091.8472	      
44.0000	      7.0000	      3.0914	      0.3907	      3.5766	      0.0040	      -646848.7908	      
44.0000	      8.0000	      3.4149	      0.0179	      3.5969	      0.0049	      -647100.1969	      
44.0000	      9.0000	      3.0787	      0.3787	      3.4922	      0.0041	      -646773.3596	      
44.0000	      10.0000	      3.4775	      0.0569	      3.5604	      0.0001	      -647119.7895	      
44.0000	      11.0000	      3.4682	      0.0277	      3.4316	      0.0035	      -647015.8398	      
44.0000	      12.0000	      3.1501	      0.2018	      3.5735	      0.0035	      -646903.2380	      
44.0000	      13.0000	      3.4889	      0.3901	      3.4041	      0.0047	      -647108.6018	      
44.0000	      14.0000	      3.0682	      0.3511	      3.5750	      0.0023	      -646812.2536	      
44.0000	      15.0000	      3.0560	      0.1579	      3.5413	      0.0008	      -646753.6676	      
45.0000	      1.0000	      3.4947	      0.0632	      3.4462	      0.0036	      -647051.3185	      
45.0000	      2.0000	      3.2058	      0.0789	      3.5854	      0.0040	      -646948.6019	      
45.0000	      3.0000	      3.1626	      0.3544	      3.4547	      0.0047	      -646859.4680	      
45.0000	      4.0000	      3.0011	      0.1456	      3.5483	      0.0015	      -646677.7673	      
45.0000	      5.0000	      3.4816	      0.2580	      3.5100	      0.0032	      -647143.9693	      
45.0000	      6.0000	      3.0576	      0.0517	      3.5862	      0.0047	      -646769.2968	      
45.0000	      7.0000	      3.0875	      0.3849	      3.4849	      0.0039	      -646781.3737	      
45.0000	      8.0000	      3.1314	      0.0010	      3.4827	      0.0020	      -646769.9575	      
45.0000	      9.0000	      3.2780	      0.3699	      3.5651	      0.0038	      -647058.8683	      
45.0000	      10.0000	      3.1826	      0.1768	      3.5601	      0.0028	      -646927.5802	      
45.0000	      11.0000	      3.2740	      0.3970	      3.5359	      0.0036	      -647042.3033	      
45.0000	      12.0000	      3.4712	      0.1756	      3.4825	      0.0034	      -647103.3855	      
45.0000	      13.0000	      3.4889	      0.3901	      3.4576	      0.0047	      -647142.0299	      
45.0000	      14.0000	      3.2708	      0.3278	      3.4297	      0.0025	      -646962.8811	      
45.0000	      15.0000	      3.4135	      0.1618	      3.5882	      0.0049	      -647132.8052	      
46.0000	      1.0000	      3.2355	      0.2804	      3.5800	      0.0012	      -647013.9605	      
46.0000	      2.0000	      3.0178	      0.0454	      3.5865	      0.0032	      -646714.0238	      
46.0000	      3.0000	      3.4585	      0.3564	      3.5387	      0.0014	      -647166.2343	      
46.0000	      4.0000	      3.2877	      0.1741	      3.5947	      0.0039	      -647052.7188	      
46.0000	      5.0000	      3.1836	      0.0493	      3.4129	      0.0035	      -646788.5368	      
46.0000	      6.0000	      3.4279	      0.3336	      3.5869	      0.0047	      -647170.9440	      
46.0000	      7.0000	      3.0230	      0.3780	      3.4162	      0.0032	      -646633.2221	      
46.0000	      8.0000	      3.4161	      0.0064	      3.5590	      0.0049	      -647073.5959	      
46.0000	      9.0000	      3.4851	      0.3610	      3.4176	      0.0034	      -647110.4826	      
46.0000	      10.0000	      3.4612	      0.2995	      3.5638	      0.0043	      -647171.3903	      
46.0000	      11.0000	      3.1235	      0.2466	      3.4188	      0.0032	      -646768.1379	      
46.0000	      12.0000	      3.1966	      0.1354	      3.5826	      0.0037	      -646949.5343	      
46.0000	      13.0000	      3.4889	      0.3901	      3.5027	      0.0047	      -647166.9686	      
46.0000	      14.0000	      3.0493	      0.3202	      3.5484	      0.0025	      -646764.7330	      
46.0000	      15.0000	      3.1885	      0.1062	      3.4186	      0.0027	      -646816.1516	      
47.0000	      1.0000	      3.4690	      0.0748	      3.4783	      0.0037	      -647068.4993	      
47.0000	      2.0000	      3.3734	      0.3536	      3.5867	      0.0022	      -647141.6028	      
47.0000	      3.0000	      3.1666	      0.3527	      3.4290	      0.0036	      -646846.0571	      
47.0000	      4.0000	      3.0598	      0.1511	      3.4157	      0.0010	      -646662.7389	      
47.0000	      5.0000	      3.4674	      0.2624	      3.5728	      0.0036	      -647172.0084	      
47.0000	      6.0000	      3.1982	      0.1456	      3.5881	      0.0047	      -646957.1041	      
47.0000	      7.0000	      3.0282	      0.3705	      3.5221	      0.0027	      -646718.5105	      
47.0000	      8.0000	      3.1285	      0.0343	      3.4210	      0.0017	      -646726.7511	      
47.0000	      9.0000	      3.1299	      0.3496	      3.5389	      0.0028	      -646873.3015	      
47.0000	      10.0000	      3.1637	      0.0120	      3.5695	      0.0004	      -646875.7093	      
47.0000	      11.0000	      3.1088	      0.0594	      3.5903	      0.0029	      -646838.5227	      
47.0000	      12.0000	      3.4808	      0.0769	      3.4543	      0.0039	      -647056.8609	      
47.0000	      13.0000	      3.4889	      0.3901	      3.5338	      0.0047	      -647182.6756	      
47.0000	      14.0000	      3.3626	      0.3181	      3.4610	      0.0028	      -647059.6113	      
47.0000	      15.0000	      3.4616	      0.1013	      3.4658	      0.0008	      -647065.6631	      
48.0000	      1.0000	      3.1169	      0.3877	      3.4010	      0.0009	      -646762.9420	      
48.0000	      2.0000	      3.2030	      0.1660	      3.5870	      0.0016	      -646965.4089	      
48.0000	      3.0000	      3.3599	      0.3489	      3.5193	      0.0002	      -647097.2200	      
48.0000	      4.0000	      3.4617	      0.1347	      3.4868	      0.0047	      -647090.1121	      
48.0000	      5.0000	      3.1675	      0.0220	      3.4880	      0.0028	      -646821.9433	      
48.0000	      6.0000	      3.0106	      0.3400	      3.5885	      0.0047	      -646735.0507	      
48.0000	      7.0000	      3.0618	      0.3682	      3.4092	      0.0028	      -646686.8970	      
48.0000	      8.0000	      3.4691	      0.3998	      3.4753	      0.0041	      -647144.5424	      
48.0000	      9.0000	      3.3334	      0.3509	      3.4420	      0.0022	      -647031.4186	      
48.0000	      10.0000	      3.4625	      0.1204	      3.5755	      0.0026	      -647139.8789	      
48.0000	      11.0000	      3.0648	      0.3320	      3.5093	      0.0029	      -646761.5568	      
48.0000	      12.0000	      3.1627	      0.3838	      3.4012	      0.0041	      -646824.4046	      
48.0000	      13.0000	      3.4889	      0.3901	      3.5330	      0.0047	      -647182.2489	      
48.0000	      14.0000	      3.1188	      0.3315	      3.4122	      0.0034	      -646768.1870	      
48.0000	      15.0000	      3.1523	      0.0095	      3.5157	      0.0036	      -646822.8608	      
49.0000	      1.0000	      3.2930	      0.2062	      3.5184	      0.0033	      -647018.2370	      
49.0000	      2.0000	      3.4889	      0.0542	      3.5874	      0.0017	      -647139.3226	      
49.0000	      3.0000	      3.0495	      0.3472	      3.4189	      0.0025	      -646673.4349	      
49.0000	      4.0000	      3.2485	      0.1206	      3.5899	      0.0023	      -647003.4499	      
49.0000	      5.0000	      3.4161	      0.2673	      3.4222	      0.0024	      -647058.4322	      
49.0000	      6.0000	      3.3093	      0.0845	      3.5887	      0.0047	      -647046.4284	      
49.0000	      7.0000	      3.1827	      0.3680	      3.5102	      0.0029	      -646923.5732	      
49.0000	      8.0000	      3.2168	      0.2521	      3.5307	      0.0010	      -646960.0571	      
49.0000	      9.0000	      3.0406	      0.3608	      3.5529	      0.0020	      -646757.8666	      
49.0000	      10.0000	      3.1779	      0.2859	      3.5819	      0.0002	      -646952.8823	      
49.0000	      11.0000	      3.0441	      0.1375	      3.4022	      0.0029	      -646626.3440	      
49.0000	      12.0000	      3.4747	      0.2014	      3.5779	      0.0040	      -647165.6638	      
49.0000	      13.0000	      3.4889	      0.3901	      3.4904	      0.0047	      -647160.2158	      
49.0000	      14.0000	      3.4682	      0.3401	      3.4084	      0.0033	      -647092.1125	      
49.0000	      15.0000	      3.4963	      0.3587	      3.5515	      0.0011	      -647189.9057	      
50.0000	      1.0000	      3.4940	      0.0147	      3.4558	      0.0001	      -647039.7526	      
50.0000	      2.0000	      3.1901	      0.0508	      3.5867	      0.0023	      -646926.5606	      
50.0000	      3.0000	      3.2922	      0.3478	      3.5752	      0.0046	      -647074.2839	      
50.0000	      4.0000	      3.4834	      0.1115	      3.4446	      0.0004	      -647063.3169	      
50.0000	      5.0000	      3.1093	      0.0553	      3.5880	      0.0016	      -646836.3798	      
50.0000	      6.0000	      3.0931	      0.3732	      3.5880	      0.0047	      -646857.3079	      
50.0000	      7.0000	      3.3126	      0.3744	      3.5973	      0.0031	      -647105.3070	      
50.0000	      8.0000	      3.0093	      0.1164	      3.4020	      0.0032	      -646567.6696	      
50.0000	      9.0000	      3.2310	      0.3669	      3.4407	      0.0019	      -646934.4600	      
50.0000	      10.0000	      3.3955	      0.0325	      3.5791	      0.0029	      -647083.3027	      
50.0000	      11.0000	      3.1194	      0.3665	      3.4982	      0.0029	      -646833.6125	      
50.0000	      12.0000	      3.1818	      0.3661	      3.5094	      0.0036	      -646921.8022	      
50.0000	      13.0000	      3.4889	      0.3901	      3.4545	      0.0047	      -647140.2751	      
50.0000	      14.0000	      3.2178	      0.3490	      3.4173	      0.0029	      -646900.0644	      
50.0000	      15.0000	      3.2368	      0.2034	      3.5856	      0.0034	      -647006.4141	      
51.0000	      1.0000	      3.1094	      0.3313	      3.4219	      0.0040	      -646762.2019	      
51.0000	      2.0000	      3.4991	      0.0290	      3.5859	      0.0028	      -647134.9398	      
51.0000	      3.0000	      3.0192	      0.3584	      3.4863	      0.0011	      -646678.0055	      
51.0000	      4.0000	      3.1484	      0.0447	      3.5520	      0.0000	      -646854.7074	      
51.0000	      5.0000	      3.4807	      0.3315	      3.5066	      0.0013	      -647156.0547	      
51.0000	      6.0000	      3.0170	      0.1741	      3.5872	      0.0047	      -646732.8227	      
51.0000	      7.0000	      3.3142	      0.3799	      3.4504	      0.0033	      -647025.4838	      
51.0000	      8.0000	      3.3250	      0.0470	      3.5109	      0.0004	      -646996.6048	      
51.0000	      9.0000	      3.4194	      0.3697	      3.4000	      0.0027	      -647066.8754	      
51.0000	      10.0000	      3.0734	      0.1575	      3.5769	      0.0004	      -646802.1670	      
51.0000	      11.0000	      3.2614	      0.1305	      3.4017	      0.0033	      -646886.5970	      
51.0000	      12.0000	      3.4098	      0.0834	      3.4430	      0.0031	      -647016.5931	      
51.0000	      13.0000	      3.4889	      0.3901	      3.4498	      0.0047	      -647137.3149	      
51.0000	      14.0000	      3.0367	      0.3489	      3.4517	      0.0026	      -646679.2744	      
51.0000	      15.0000	      3.0080	      0.0566	      3.5990	      0.0043	      -646711.7765	      
52.0000	      1.0000	      3.3486	      0.1764	      3.4077	      0.0019	      -646979.8698	      
52.0000	      2.0000	      3.2119	      0.0559	      3.5862	      0.0030	      -646949.8239	      
52.0000	      3.0000	      3.4020	      0.3609	      3.4222	      0.0039	      -647069.4411	      
52.0000	      4.0000	      3.4172	      0.1139	      3.4321	      0.0017	      -647022.7623	      
52.0000	      5.0000	      3.2325	      0.1221	      3.4260	      0.0014	      -646873.9303	      
52.0000	      6.0000	      3.4064	      0.3494	      3.5865	      0.0047	      -647161.0990	      
52.0000	      7.0000	      3.2851	      0.3789	      3.5667	      0.0032	      -647067.3285	      
52.0000	      8.0000	      3.1381	      0.3876	      3.4082	      0.0036	      -646797.7778	      
52.0000	      9.0000	      3.0622	      0.3721	      3.5714	      0.0034	      -646802.4631	      
52.0000	      10.0000	      3.4290	      0.3086	      3.5758	      0.0038	      -647162.6751	      
52.0000	      11.0000	      3.3253	      0.3514	      3.5378	      0.0034	      -647081.9818	      
52.0000	      12.0000	      3.0723	      0.1977	      3.4291	      0.0030	      -646699.2228	      
52.0000	      13.0000	      3.4889	      0.3901	      3.4695	      0.0047	      -647148.9482	      
52.0000	      14.0000	      3.0451	      0.3476	      3.5011	      0.0024	      -646728.1667	      
52.0000	      15.0000	      3.4643	      0.0460	      3.5845	      0.0036	      -647125.2818	      
53.0000	      1.0000	      3.0519	      0.3699	      3.4273	      0.0049	      -646686.0580	      
53.0000	      2.0000	      3.4626	      0.1394	      3.5866	      0.0029	      -647151.1155	      
53.0000	      3.0000	      3.2226	      0.3605	      3.5994	      0.0010	      -647022.0488	      
53.0000	      4.0000	      3.1368	      0.1190	      3.5067	      0.0030	      -646826.1442	      
53.0000	      5.0000	      3.0685	      0.3403	      3.4248	      0.0019	      -646706.0004	      
53.0000	      6.0000	      3.2015	      0.0698	      3.5869	      0.0047	      -646942.9639	      
53.0000	      7.0000	      3.1790	      0.3756	      3.4573	      0.0029	      -646884.8720	      
53.0000	      8.0000	      3.4948	      0.2264	      3.5519	      0.0011	      -647165.9362	      
53.0000	      9.0000	      3.2547	      0.3729	      3.4920	      0.0035	      -646994.0501	      
53.0000	      10.0000	      3.1920	      0.0263	      3.5739	      0.0015	      -646913.2703	      
53.0000	      11.0000	      3.3058	      0.1229	      3.4501	      0.0032	      -646961.3099	      
53.0000	      12.0000	      3.2763	      0.3672	      3.4246	      0.0035	      -646971.6548	      
53.0000	      13.0000	      3.4889	      0.3901	      3.4468	      0.0047	      -647135.5227	      
53.0000	      14.0000	      3.1961	      0.3398	      3.5084	      0.0027	      -646935.2970	      
53.0000	      15.0000	      3.2982	      0.0333	      3.5664	      0.0031	      -647009.1990	      
54.0000	      1.0000	      3.3421	      0.1138	      3.4551	      0.0017	      -646991.3202	      
54.0000	      2.0000	      3.1478	      0.1778	      3.5870	      0.0024	      -646905.0132	      
54.0000	      3.0000	      3.0173	      0.3580	      3.5168	      0.0033	      -646697.0818	      
54.0000	      4.0000	      3.4377	      0.1314	      3.5820	      0.0035	      -647134.9381	      
54.0000	      5.0000	      3.4265	      0.0841	      3.5790	      0.0024	      -647114.9437	      
54.0000	      6.0000	      3.4440	      0.2258	      3.5872	      0.0047	      -647161.4365	      
54.0000	      7.0000	      3.1689	      0.3727	      3.5870	      0.0025	      -646955.0460	      
54.0000	      8.0000	      3.2413	      0.0755	      3.4676	      0.0040	      -646901.2624	      
54.0000	      9.0000	      3.4746	      0.3722	      3.4398	      0.0031	      -647121.6726	      
54.0000	      10.0000	      3.0297	      0.2183	      3.5737	      0.0041	      -646746.1434	      
54.0000	      11.0000	      3.1994	      0.3028	      3.5749	      0.0027	      -646975.5419	      
54.0000	      12.0000	      3.0183	      0.0914	      3.4538	      0.0038	      -646620.6666	      
54.0000	      13.0000	      3.4889	      0.3901	      3.4188	      0.0047	      -647118.2099	      
54.0000	      14.0000	      3.2188	      0.3384	      3.4617	      0.0029	      -646930.6105	      
54.0000	      15.0000	      3.1304	      0.0605	      3.5507	      0.0025	      -646836.7773	      
55.0000	      1.0000	      3.0867	      0.3544	      3.4691	      0.0040	      -646766.2469	      
55.0000	      2.0000	      3.4872	      0.1522	      3.5871	      0.0024	      -647164.6530	      
55.0000	      3.0000	      3.3513	      0.3615	      3.4276	      0.0006	      -647038.1508	      
55.0000	      4.0000	      3.1723	      0.0862	      3.4212	      0.0030	      -646794.4259	      
55.0000	      5.0000	      3.1970	      0.3214	      3.4906	      0.0029	      -646922.3693	      
55.0000	      6.0000	      3.1189	      0.3927	      3.5878	      0.0047	      -646893.4625	      
55.0000	      7.0000	      3.1140	      0.3711	      3.4780	      0.0026	      -646812.8628	      
55.0000	      8.0000	      3.0348	      0.3248	      3.5963	      0.0014	      -646776.5171	      
55.0000	      9.0000	      3.1039	      0.3739	      3.4123	      0.0027	      -646751.6723	      
55.0000	      10.0000	      3.0347	      0.3880	      3.5746	      0.0012	      -646765.4574	      
55.0000	      11.0000	      3.1194	      0.0475	      3.4620	      0.0025	      -646753.6073	      
55.0000	      12.0000	      3.3983	      0.2372	      3.4646	      0.0039	      -647069.2473	      
55.0000	      13.0000	      3.4889	      0.3901	      3.4306	      0.0047	      -647125.7547	      
55.0000	      14.0000	      3.1647	      0.3399	      3.4108	      0.0034	      -646828.9459	      
55.0000	      15.0000	      3.0705	      0.0084	      3.5453	      0.0018	      -646745.6730	      
56.0000	      1.0000	      3.2952	      0.1307	      3.4635	      0.0006	      -646964.6857	      
56.0000	      2.0000	      3.2269	      0.1164	      3.5873	      0.0021	      -646980.2422	      
56.0000	      3.0000	      3.1303	      0.3625	      3.5752	      0.0037	      -646898.2911	      
56.0000	      4.0000	      3.4937	      0.1192	      3.4928	      0.0018	      -647103.0748	      
56.0000	      5.0000	      3.4848	      0.0842	      3.4131	      0.0032	      -647029.7185	      
56.0000	      6.0000	      3.4177	      0.1005	      3.5879	      0.0047	      -647119.9854	      
56.0000	      7.0000	      3.0604	      0.3733	      3.5987	      0.0031	      -646817.9203	      
56.0000	      8.0000	      3.4147	      0.1316	      3.4830	      0.0045	      -647062.8458	      
56.0000	      9.0000	      3.3684	      0.3719	      3.5815	      0.0026	      -647138.1236	      
56.0000	      10.0000	      3.1051	      0.0911	      3.5779	      0.0031	      -646831.9508	      
56.0000	      11.0000	      3.0835	      0.2813	      3.5673	      0.0027	      -646822.9386	      
56.0000	      12.0000	      3.1756	      0.3858	      3.4511	      0.0040	      -646877.1914	      
56.0000	      13.0000	      3.4889	      0.3901	      3.4054	      0.0047	      -647109.3710	      
56.0000	      14.0000	      3.0275	      0.3412	      3.5929	      0.0036	      -646763.6888	      
56.0000	      15.0000	      3.4827	      0.3406	      3.5512	      0.0019	      -647181.1610	      
57.0000	      1.0000	      3.4530	      0.0026	      3.4477	      0.0040	      -647011.3541	      
57.0000	      2.0000	      3.4646	      0.1141	      3.5874	      0.0017	      -647145.8058	      
57.0000	      3.0000	      3.4511	      0.3643	      3.4852	      0.0012	      -647135.6757	      
57.0000	      4.0000	      3.2111	      0.0855	      3.5536	      0.0002	      -646934.5895	      
57.0000	      5.0000	      3.1750	      0.2917	      3.5413	      0.0026	      -646925.1748	      
57.0000	      6.0000	      3.1403	      0.3187	      3.5880	      0.0047	      -646914.9433	      
57.0000	      7.0000	      3.3859	      0.3761	      3.4772	      0.0033	      -647095.2575	      
57.0000	      8.0000	      3.2046	      0.3939	      3.4166	      0.0018	      -646890.1674	      
57.0000	      9.0000	      3.1000	      0.3710	      3.4988	      0.0025	      -646807.9590	      
57.0000	      10.0000	      3.0897	      0.2404	      3.5778	      0.0050	      -646834.3865	      
57.0000	      11.0000	      3.0931	      0.0984	      3.4456	      0.0030	      -646721.1234	      
57.0000	      12.0000	      3.4048	      0.0909	      3.4622	      0.0039	      -647029.9369	      
57.0000	      13.0000	      3.4889	      0.3901	      3.5761	      0.0047	      -647202.2945	      
57.0000	      14.0000	      3.3608	      0.3364	      3.5197	      0.0035	      -647096.1641	      
57.0000	      15.0000	      3.2774	      0.1878	      3.5648	      0.0018	      -647029.0264	      
58.0000	      1.0000	      3.0467	      0.3873	      3.4244	      0.0016	      -646677.1842	      
58.0000	      2.0000	      3.1428	      0.0243	      3.5866	      0.0020	      -646867.5738	      
58.0000	      3.0000	      3.1979	      0.3613	      3.5960	      0.0043	      -646993.3399	      
58.0000	      4.0000	      3.4592	      0.1625	      3.5977	      0.0040	      -647160.9353	      
58.0000	      5.0000	      3.3525	      0.0472	      3.4579	      0.0016	      -646978.0792	      
58.0000	      6.0000	      3.4725	      0.0786	      3.5880	      0.0047	      -647140.1949	      
58.0000	      7.0000	      3.1703	      0.3786	      3.5824	      0.0032	      -646954.6244	      
58.0000	      8.0000	      3.1278	      0.1762	      3.5153	      0.0044	      -646832.0207	      
58.0000	      9.0000	      3.3294	      0.3651	      3.4237	      0.0022	      -647018.7647	      
58.0000	      10.0000	      3.0868	      0.3837	      3.5761	      0.0010	      -646841.6084	      
58.0000	      11.0000	      3.2266	      0.3610	      3.5558	      0.0033	      -647001.2623	      
58.0000	      12.0000	      3.0943	      0.2943	      3.4543	      0.0035	      -646761.3230	      
58.0000	      13.0000	      3.4889	      0.3901	      3.4978	      0.0047	      -647164.3319	      
58.0000	      14.0000	      3.1118	      0.3279	      3.4331	      0.0035	      -646773.3536	      
58.0000	      15.0000	      3.0486	      0.0524	      3.5782	      0.0018	      -646751.6697	      
59.0000	      1.0000	      3.2491	      0.2544	      3.4501	      0.0044	      -646940.9480	      
59.0000	      2.0000	      3.4582	      0.3149	      3.5858	      0.0025	      -647182.8227	      
59.0000	      3.0000	      3.4339	      0.3606	      3.4712	      0.0016	      -647117.9836	      
59.0000	      4.0000	      3.1424	      0.1663	      3.5998	      0.0020	      -646904.8016	      
59.0000	      5.0000	      3.4887	      0.3137	      3.5909	      0.0009	      -647198.2482	      
59.0000	      6.0000	      3.2038	      0.2581	      3.5876	      0.0047	      -646981.7879	      
59.0000	      7.0000	      3.4919	      0.3813	      3.4571	      0.0032	      -647141.4276	      
59.0000	      8.0000	      3.0564	      0.0086	      3.4074	      0.0013	      -646613.5852	      
59.0000	      9.0000	      3.0738	      0.3621	      3.5581	      0.0025	      -646809.9286	      
59.0000	      10.0000	      3.1105	      0.0707	      3.5718	      0.0027	      -646829.9072	      
59.0000	      11.0000	      3.2002	      0.1492	      3.4355	      0.0035	      -646854.0617	      
59.0000	      12.0000	      3.3677	      0.0871	      3.4620	      0.0033	      -647005.3357	      
59.0000	      13.0000	      3.4889	      0.3901	      3.4382	      0.0047	      -647130.2062	      
59.0000	      14.0000	      3.3924	      0.3338	      3.5441	      0.0034	      -647129.7143	      
59.0000	      15.0000	      3.4185	      0.3735	      3.5830	      0.0016	      -647169.0724	      
60.0000	      1.0000	      3.4521	      0.0591	      3.4787	      0.0013	      -647055.8476	      
60.0000	      2.0000	      3.1983	      0.1208	      3.5857	      0.0030	      -646950.4498	      
60.0000	      3.0000	      3.1125	      0.3623	      3.5973	      0.0046	      -646888.5558	      
60.0000	      4.0000	      3.4535	      0.2000	      3.5949	      0.0049	      -647164.5415	      
60.0000	      5.0000	      3.0840	      0.1083	      3.4839	      0.0015	      -646740.6930	      
60.0000	      6.0000	      3.4964	      0.0448	      3.5875	      0.0047	      -647139.7440	      
60.0000	      7.0000	      3.2142	      0.3818	      3.5388	      0.0031	      -646980.1713	      
60.0000	      8.0000	      3.0053	      0.3015	      3.5658	      0.0034	      -646709.6959	      
60.0000	      9.0000	      3.3670	      0.3583	      3.4592	      0.0025	      -647068.8968	      
60.0000	      10.0000	      3.2165	      0.1794	      3.5695	      0.0045	      -646971.1401	      
60.0000	      11.0000	      3.0738	      0.0144	      3.5370	      0.0031	      -646745.1225	      
60.0000	      12.0000	      3.0895	      0.0360	      3.4715	      0.0033	      -646720.3614	      
60.0000	      13.0000	      3.4889	      0.3901	      3.4355	      0.0047	      -647128.8386	      
60.0000	      14.0000	      3.1154	      0.3344	      3.4405	      0.0028	      -646784.4056	      
60.0000	      15.0000	      3.1986	      0.1930	      3.5817	      0.0016	      -646962.1276	      
61.0000	      1.0000	      3.1027	      0.2537	      3.4581	      0.0044	      -646770.5672	      
61.0000	      2.0000	      3.4835	      0.0196	      3.5858	      0.0029	      -647125.6735	      
61.0000	      3.0000	      3.4526	      0.3660	      3.4842	      0.0016	      -647136.1780	      
61.0000	      4.0000	      3.1757	      0.2139	      3.5890	      0.0018	      -646944.6526	      
61.0000	      5.0000	      3.2635	      0.3508	      3.4077	      0.0025	      -646943.7782	      
61.0000	      6.0000	      3.1952	      0.3272	      3.5876	      0.0047	      -646981.4676	      
61.0000	      7.0000	      3.0230	      0.3769	      3.4161	      0.0030	      -646633.0984	      
61.0000	      8.0000	      3.0993	      0.1279	      3.4844	      0.0002	      -646764.9131	      
61.0000	      9.0000	      3.0839	      0.3561	      3.5795	      0.0025	      -646837.6408	      
61.0000	      10.0000	      3.2603	      0.2736	      3.5715	      0.0008	      -647032.6492	      
61.0000	      11.0000	      3.0544	      0.3740	      3.4185	      0.0026	      -646683.3822	      
61.0000	      12.0000	      3.3779	      0.0673	      3.4451	      0.0033	      -646993.0767	      
61.0000	      13.0000	      3.4889	      0.3901	      3.4162	      0.0047	      -647116.4361	      
61.0000	      14.0000	      3.3862	      0.3342	      3.5890	      0.0024	      -647148.1517	      
61.0000	      15.0000	      3.4478	      0.3641	      3.5675	      0.0018	      -647176.2454	      
62.0000	      1.0000	      3.3307	      0.0390	      3.4284	      0.0015	      -646936.1865	      
62.0000	      2.0000	      3.1855	      0.3254	      3.5864	      0.0029	      -646969.1371	      
62.0000	      3.0000	      3.2023	      0.3627	      3.5926	      0.0033	      -646996.5233	      
62.0000	      4.0000	      3.4189	      0.1513	      3.5592	      0.0046	      -647117.4366	      
62.0000	      5.0000	      3.4046	      0.1162	      3.5353	      0.0034	      -647085.8413	      
62.0000	      6.0000	      3.4387	      0.1417	      3.5878	      0.0047	      -647141.1767	      
62.0000	      7.0000	      3.2985	      0.3724	      3.5071	      0.0030	      -647044.8858	      
62.0000	      8.0000	      3.0681	      0.0536	      3.4062	      0.0042	      -646643.4147	      
62.0000	      9.0000	      3.4069	      0.3589	      3.4616	      0.0028	      -647096.8382	      
62.0000	      10.0000	      3.2447	      0.3710	      3.5747	      0.0029	      -647032.2520	      
62.0000	      11.0000	      3.1002	      0.2298	      3.5570	      0.0027	      -646833.4280	      
62.0000	      12.0000	      3.0997	      0.1094	      3.4070	      0.0035	      -646700.4931	      
62.0000	      13.0000	      3.4889	      0.3901	      3.5847	      0.0047	      -647206.1206	      
62.0000	      14.0000	      3.1027	      0.3292	      3.4943	      0.0022	      -646804.6129	      
62.0000	      15.0000	      3.1509	      0.0838	      3.5563	      0.0022	      -646869.8403	      
