#iter	     #Particle	       tx	       ty	       tz	     twist	     energy	     
1.0000	      1.0000	      0.2309	      0.0183	      3.2737	      -57.1011	      -564496.1206	      
1.0000	      2.0000	      0.2521	      0.0022	      3.2483	      -38.0530	      -564546.7375	      
1.0000	      3.0000	      0.0243	      0.1749	      3.3269	      -39.4487	      -564535.6162	      
1.0000	      4.0000	      0.2903	      0.2772	      3.3720	      -54.8877	      -564493.6149	      
1.0000	      5.0000	      0.0333	      0.2715	      3.5606	      -40.2597	      -564517.2824	      
1.0000	      6.0000	      0.3086	      0.0882	      3.5423	      -48.6424	      -564494.7986	      
1.0000	      7.0000	      0.2534	      0.2722	      3.2327	      -43.5814	      -564524.9371	      
1.0000	      8.0000	      0.1064	      0.2277	      3.3529	      -54.3555	      -564496.3110	      
1.0000	      9.0000	      0.1146	      0.1138	      3.3030	      -69.0781	      -564489.4297	      
1.0000	      10.0000	      0.3305	      0.0412	      3.2043	      -65.1002	      -564493.3668	      
1.0000	      11.0000	      0.1624	      0.1287	      3.4029	      -31.3455	      -564573.1636	      
1.0000	      12.0000	      0.1235	      0.0407	      3.4437	      -52.1517	      -564493.6819	      
1.0000	      13.0000	      0.2443	      0.0298	      3.4345	      -50.2784	      -564497.8403	      
1.0000	      14.0000	      0.2885	      0.0950	      3.2206	      -33.8984	      -564570.3597	      
1.0000	      15.0000	      0.1427	      0.2126	      3.5833	      -42.1573	      -564509.6845	      
2.0000	      1.0000	      0.0734	      0.3899	      3.2758	      -56.3117	      -564497.6948	      
2.0000	      2.0000	      0.2948	      0.1946	      3.4554	      -37.8216	      -564535.6469	      
2.0000	      3.0000	      0.2869	      0.1980	      3.5880	      -36.9257	      -564530.1068	      
2.0000	      4.0000	      0.1817	      0.1883	      3.4248	      -51.7673	      -564496.3630	      
2.0000	      5.0000	      0.2628	      0.1955	      3.5635	      -37.6840	      -564528.3402	      
2.0000	      6.0000	      0.3142	      0.1147	      3.3108	      -47.5725	      -564510.3634	      
2.0000	      7.0000	      0.3045	      0.3413	      3.3928	      -42.1862	      -564522.1886	      
2.0000	      8.0000	      0.2560	      0.1487	      3.5667	      -52.4530	      -564486.6286	      
2.0000	      9.0000	      0.2683	      0.1663	      3.4200	      -60.6455	      -564485.4100	      
2.0000	      10.0000	      0.0899	      0.0593	      3.5150	      -56.2608	      -564484.7715	      
2.0000	      11.0000	      0.0112	      0.1652	      3.4607	      -31.2256	      -564568.1218	      
2.0000	      12.0000	      0.3451	      0.3722	      3.3809	      -48.8105	      -564504.4600	      
2.0000	      13.0000	      0.3568	      0.3170	      3.5813	      -46.5536	      -564497.3000	      
2.0000	      14.0000	      0.2826	      0.3028	      3.4061	      -33.8627	      -564557.1906	      
2.0000	      15.0000	      0.1659	      0.0737	      3.3169	      -41.8627	      -564528.1682	      
3.0000	      1.0000	      0.1491	      0.2280	      3.5741	      -52.5127	      -564486.0782	      
3.0000	      2.0000	      0.1777	      0.2955	      3.3968	      -36.0241	      -564546.1509	      
3.0000	      3.0000	      0.0009	      0.1859	      3.4999	      -33.8237	      -564552.2539	      
3.0000	      4.0000	      0.2604	      0.3938	      3.3415	      -47.8513	      -564509.0952	      
3.0000	      5.0000	      0.0156	      0.0157	      3.4115	      -34.7835	      -564554.7697	      
3.0000	      6.0000	      0.2852	      0.0152	      3.4511	      -46.4378	      -564505.5095	      
3.0000	      7.0000	      0.3040	      0.2047	      3.4843	      -41.3458	      -564519.2460	      
3.0000	      8.0000	      0.2028	      0.3969	      3.5334	      -49.6427	      -564494.5679	      
3.0000	      9.0000	      0.2172	      0.1734	      3.4785	      -57.7354	      -564485.1912	      
3.0000	      10.0000	      0.1437	      0.3518	      3.4582	      -49.6310	      -564498.3306	      
3.0000	      11.0000	      0.2713	      0.0579	      3.4896	      -31.1822	      -564570.6852	      
3.0000	      12.0000	      0.0895	      0.1983	      3.2214	      -44.5886	      -564522.7455	      
3.0000	      13.0000	      0.3584	      0.0566	      3.4815	      -44.1019	      -564509.8872	      
3.0000	      14.0000	      0.1398	      0.2609	      3.4660	      -33.6668	      -564554.7713	      
3.0000	      15.0000	      0.0619	      0.1412	      3.2970	      -41.0845	      -564531.1158	      
4.0000	      1.0000	      0.0598	      0.0185	      3.2708	      -50.6807	      -564506.1668	      
4.0000	      2.0000	      0.3869	      0.3043	      3.5988	      -34.6447	      -564540.0270	      
4.0000	      3.0000	      0.1001	      0.1622	      3.3123	      -31.2411	      -564573.9930	      
4.0000	      4.0000	      0.1821	      0.0974	      3.5781	      -42.2372	      -564510.1499	      
4.0000	      5.0000	      0.1650	      0.1876	      3.5831	      -31.9455	      -564556.6151	      
4.0000	      6.0000	      0.2488	      0.2580	      3.4931	      -45.4778	      -564506.1371	      
4.0000	      7.0000	      0.2472	      0.3833	      3.5070	      -38.7595	      -564526.5372	      
4.0000	      8.0000	      0.3943	      0.0699	      3.3307	      -46.4375	      -564512.6990	      
4.0000	      9.0000	      0.0106	      0.1469	      3.4557	      -56.3025	      -564488.6051	      
4.0000	      10.0000	      0.0645	      0.0985	      3.2857	      -42.2972	      -564527.8715	      
4.0000	      11.0000	      0.0381	      0.2705	      3.4780	      -31.1662	      -564563.3844	      
4.0000	      12.0000	      0.1915	      0.3460	      3.4284	      -38.7401	      -564532.1002	      
4.0000	      13.0000	      0.3256	      0.1754	      3.2707	      -42.1058	      -564528.9554	      
4.0000	      14.0000	      0.3941	      0.0605	      3.4377	      -33.0241	      -564564.9389	      
4.0000	      15.0000	      0.2990	      0.0682	      3.5827	      -40.5288	      -564515.3729	      
5.0000	      1.0000	      0.2806	      0.1840	      3.3434	      -45.6035	      -564514.2542	      
5.0000	      2.0000	      0.0463	      0.2300	      3.5748	      -34.7558	      -564540.9320	      
5.0000	      3.0000	      0.1695	      0.1456	      3.4610	      -69.4332	      -564481.3873	      
5.0000	      4.0000	      0.3863	      0.1729	      3.3345	      -38.0197	      -564542.2975	      
5.0000	      5.0000	      0.2673	      0.3049	      3.3018	      -69.8671	      -564489.0156	      
5.0000	      6.0000	      0.2274	      0.3912	      3.4871	      -42.0925	      -564515.8151	      
5.0000	      7.0000	      0.1690	      0.0765	      3.4901	      -35.5715	      -564545.0095	      
5.0000	      8.0000	      0.0618	      0.1396	      3.4643	      -43.9506	      -564512.4309	      
5.0000	      9.0000	      0.1719	      0.1257	      3.3479	      -49.7276	      -564504.1508	      
5.0000	      10.0000	      0.2910	      0.2190	      3.4492	      -34.7423	      -564551.3156	      
5.0000	      11.0000	      0.2142	      0.3809	      3.4202	      -31.1967	      -564557.2455	      
5.0000	      12.0000	      0.2378	      0.0464	      3.5579	      -34.5909	      -564545.7329	      
5.0000	      13.0000	      0.2637	      0.2583	      3.4036	      -37.5630	      -564539.1197	      
5.0000	      14.0000	      0.1170	      0.2469	      3.3074	      -32.4258	      -564568.0145	      
5.0000	      15.0000	      0.3637	      0.3369	      3.2684	      -39.0051	      -564539.5989	      
6.0000	      1.0000	      0.3905	      0.2977	      3.3924	      -39.5159	      -564532.2299	      
6.0000	      2.0000	      0.1784	      0.0787	      3.5178	      -35.6073	      -564541.7371	      
6.0000	      3.0000	      0.2033	      0.1412	      3.5313	      -46.4337	      -564500.9492	      
6.0000	      4.0000	      0.1061	      0.2234	      3.4438	      -33.9173	      -564556.5293	      
6.0000	      5.0000	      0.2766	      0.3109	      3.5232	      -62.7480	      -564479.5739	      
6.0000	      6.0000	      0.1978	      0.0427	      3.4757	      -38.9393	      -564528.9932	      
6.0000	      7.0000	      0.1096	      0.1551	      3.4310	      -32.2804	      -564566.6508	      
6.0000	      8.0000	      0.1506	      0.1638	      3.4969	      -42.8227	      -564513.0185	      
6.0000	      9.0000	      0.2676	      0.1115	      3.2701	      -42.3238	      -564528.5895	      
6.0000	      10.0000	      0.0456	      0.2885	      3.5617	      -68.9361	      -564476.9339	      
6.0000	      11.0000	      0.2934	      0.3879	      3.3522	      -31.2543	      -564553.8509	      
6.0000	      12.0000	      0.2652	      0.1506	      3.2485	      -30.7512	      -564571.5264	      
6.0000	      13.0000	      0.2040	      0.3126	      3.4814	      -34.0645	      -564551.4286	      
6.0000	      14.0000	      0.2172	      0.3100	      3.5845	      -32.3684	      -564551.9357	      
6.0000	      15.0000	      0.3980	      0.1042	      3.3396	      -37.6658	      -564544.6761	      
7.0000	      1.0000	      0.3810	      0.3501	      3.4146	      -35.1630	      -564550.4014	      
7.0000	      2.0000	      0.2665	      0.3760	      3.4192	      -35.1421	      -564548.7273	      
7.0000	      3.0000	      0.1844	      0.1503	      3.4596	      -65.9158	      -564482.3513	      
7.0000	      4.0000	      0.1888	      0.2540	      3.5106	      -30.2569	      -564562.6686	      
7.0000	      5.0000	      0.2113	      0.2856	      3.2278	      -56.9446	      -564498.4822	      
7.0000	      6.0000	      0.1585	      0.1091	      3.4453	      -35.5307	      -564547.6188	      
7.0000	      7.0000	      0.0678	      0.2118	      3.3678	      -69.9089	      -564486.3840	      
7.0000	      8.0000	      0.2063	      0.1805	      3.4672	      -41.4081	      -564520.2005	      
7.0000	      9.0000	      0.3035	      0.1119	      3.2230	      -34.7954	      -564564.4902	      
7.0000	      10.0000	      0.2315	      0.3015	      3.2140	      -47.4414	      -564515.6480	      
7.0000	      11.0000	      0.3382	      0.2603	      3.3083	      -31.3342	      -564564.6079	      
7.0000	      12.0000	      0.2787	      0.2240	      3.3303	      -68.0843	      -564487.2097	      
7.0000	      13.0000	      0.1369	      0.3093	      3.5021	      -30.8850	      -564560.9750	      
7.0000	      14.0000	      0.2902	      0.3105	      3.4251	      -33.0266	      -564559.4125	      
7.0000	      15.0000	      0.3548	      0.2348	      3.3846	      -36.3418	      -564547.0477	      
8.0000	      1.0000	      0.3147	      0.3530	      3.4173	      -31.5524	      -564559.0408	      
8.0000	      2.0000	      0.2790	      0.2887	      3.3199	      -34.6262	      -564558.0319	      
8.0000	      3.0000	      0.1216	      0.1613	      3.3808	      -42.1298	      -564522.5609	      
8.0000	      4.0000	      0.2275	      0.2656	      3.5542	      -67.8512	      -564476.0963	      
8.0000	      5.0000	      0.1571	      0.1984	      3.3771	      -46.8412	      -564509.2798	      
8.0000	      6.0000	      0.1254	      0.1714	      3.3925	      -32.5437	      -564567.2612	      
8.0000	      7.0000	      0.0447	      0.2147	      3.3365	      -55.9288	      -564494.7566	      
8.0000	      8.0000	      0.2402	      0.1870	      3.4426	      -38.9697	      -564530.9367	      
8.0000	      9.0000	      0.2911	      0.1131	      3.2123	      -68.5771	      -564492.7762	      
8.0000	      10.0000	      0.3555	      0.2847	      3.3440	      -65.0171	      -564487.4453	      
8.0000	      11.0000	      0.3078	      0.1373	      3.3132	      -31.3747	      -564574.7525	      
8.0000	      12.0000	      0.2538	      0.2358	      3.3672	      -51.0218	      -564500.1640	      
8.0000	      13.0000	      0.0881	      0.2958	      3.5165	      -68.7359	      -564478.6678	      
8.0000	      14.0000	      0.2882	      0.2419	      3.2060	      -33.2417	      -564566.5890	      
8.0000	      15.0000	      0.3132	      0.3199	      3.4092	      -34.6087	      -564553.1095	      
9.0000	      1.0000	      0.2670	      0.3350	      3.4145	      -68.9729	      -564483.3344	      
9.0000	      2.0000	      0.2944	      0.2250	      3.2489	      -33.7888	      -564566.1556	      
9.0000	      3.0000	      0.0946	      0.1664	      3.3015	      -59.7877	      -564492.8877	      
9.0000	      4.0000	      0.2447	      0.2319	      3.5391	      -60.3577	      -564479.6649	      
9.0000	      5.0000	      0.1335	      0.1238	      3.5183	      -34.6155	      -564547.1862	      
9.0000	      6.0000	      0.1358	      0.2051	      3.3377	      -30.1147	      -564566.2281	      
9.0000	      7.0000	      0.0707	      0.1701	      3.3441	      -36.0812	      -564550.1589	      
9.0000	      8.0000	      0.2756	      0.1854	      3.4154	      -35.3473	      -564550.8210	      
9.0000	      9.0000	      0.2866	      0.1201	      3.2338	      -51.9687	      -564504.8910	      
9.0000	      10.0000	      0.0193	      0.2394	      3.4656	      -32.1626	      -564562.1411	      
9.0000	      11.0000	      0.2866	      0.0511	      3.3166	      -31.4031	      -564578.9790	      
9.0000	      12.0000	      0.2462	      0.2086	      3.3563	      -69.6620	      -564486.4682	      
9.0000	      13.0000	      0.0819	      0.2873	      3.5242	      -56.3889	      -564484.6934	      
9.0000	      14.0000	      0.2879	      0.1631	      3.4804	      -32.9859	      -564560.4977	      
9.0000	      15.0000	      0.2829	      0.3254	      3.4059	      -32.9223	      -564559.9362	      
10.0000	      1.0000	      0.2546	      0.2602	      3.3877	      -52.6895	      -564496.7738	      
10.0000	      2.0000	      0.3040	      0.1528	      3.2134	      -33.0456	      -564571.8226	      
10.0000	      3.0000	      0.0808	      0.1483	      3.2501	      -38.1182	      -564544.5846	      
10.0000	      4.0000	      0.2480	      0.1992	      3.4654	      -40.3870	      -564523.4736	      
10.0000	      5.0000	      0.1361	      0.0665	      3.2110	      -64.9187	      -564493.4051	      
10.0000	      6.0000	      0.1735	      0.1711	      3.3167	      -68.7784	      -564488.2927	      
10.0000	      7.0000	      0.1086	      0.1221	      3.3832	      -60.2507	      -564487.8670	      
10.0000	      8.0000	      0.3028	      0.1539	      3.3779	      -32.2012	      -564570.9278	      
10.0000	      9.0000	      0.2872	      0.1154	      3.2681	      -31.0489	      -564576.2881	      
10.0000	      10.0000	      0.0897	      0.1835	      3.5283	      -49.1585	      -564495.4008	      
10.0000	      11.0000	      0.2717	      0.3908	      3.3190	      -31.4230	      -564553.9719	      
10.0000	      12.0000	      0.2523	      0.1386	      3.3069	      -41.9444	      -564527.4730	      
10.0000	      13.0000	      0.1446	      0.2523	      3.4709	      -37.1856	      -564536.5247	      
10.0000	      14.0000	      0.2879	      0.0446	      3.2951	      -32.8047	      -564574.3340	      
10.0000	      15.0000	      0.2621	      0.3133	      3.3825	      -31.3399	      -564562.5116	      
11.0000	      1.0000	      0.2597	      0.1975	      3.3612	      -36.4481	      -564548.3682	      
11.0000	      2.0000	      0.3091	      0.0907	      3.5976	      -32.4610	      -564554.7172	      
11.0000	      3.0000	      0.0983	      0.1404	      3.2449	      -59.2885	      -564495.8242	      
11.0000	      4.0000	      0.2409	      0.1653	      3.4172	      -63.0406	      -564484.6945	      
11.0000	      5.0000	      0.1693	      0.0629	      3.3136	      -39.9579	      -564535.3424	      
11.0000	      6.0000	      0.2234	      0.1290	      3.3084	      -66.1641	      -564489.0423	      
11.0000	      7.0000	      0.1813	      0.0895	      3.4278	      -39.1142	      -564531.5165	      
11.0000	      8.0000	      0.3171	      0.1086	      3.3361	      -69.9520	      -564487.6646	      
11.0000	      9.0000	      0.2876	      0.1016	      3.2997	      -56.4271	      -564495.2297	      
11.0000	      10.0000	      0.1840	      0.1526	      3.4989	      -65.9749	      -564479.8051	      
11.0000	      11.0000	      0.2673	      0.1499	      3.3190	      -31.4278	      -564574.4133	      
11.0000	      12.0000	      0.2658	      0.0939	      3.2654	      -54.1132	      -564499.9217	      
11.0000	      13.0000	      0.1906	      0.2279	      3.4302	      -61.5583	      -564484.7090	      
11.0000	      14.0000	      0.2878	      0.3622	      3.5658	      -32.3261	      -564551.5048	      
11.0000	      15.0000	      0.2529	      0.2625	      3.3570	      -30.2487	      -564561.1528	      
12.0000	      1.0000	      0.2933	      0.1500	      3.3415	      -62.4894	      -564488.8003	      
12.0000	      2.0000	      0.3122	      0.0701	      3.4902	      -32.0307	      -564566.2798	      
12.0000	      3.0000	      0.1309	      0.1373	      3.2849	      -35.1943	      -564558.9082	      
12.0000	      4.0000	      0.2214	      0.1143	      3.3887	      -34.4926	      -564557.9274	      
12.0000	      5.0000	      0.2064	      0.0975	      3.3972	      -60.1399	      -564487.6112	      
12.0000	      6.0000	      0.2667	      0.0885	      3.3230	      -42.8630	      -564523.9181	      
12.0000	      7.0000	      0.2291	      0.0581	      3.4592	      -62.6017	      -564483.1427	      
12.0000	      8.0000	      0.3189	      0.0757	      3.3171	      -64.4042	      -564488.8081	      
12.0000	      9.0000	      0.2877	      0.0877	      3.3233	      -42.6326	      -564524.6529	      
12.0000	      10.0000	      0.2625	      0.1351	      3.4345	      -35.8737	      -564547.0463	      
12.0000	      11.0000	      0.2757	      0.3349	      3.3177	      -31.4159	      -564559.6882	      
12.0000	      12.0000	      0.2774	      0.0678	      3.2358	      -62.3447	      -564493.5335	      
12.0000	      13.0000	      0.2303	      0.2034	      3.4079	      -42.5909	      -564519.1884	      
12.0000	      14.0000	      0.2877	      0.1776	      3.3985	      -31.7421	      -564570.0098	      
12.0000	      15.0000	      0.2571	      0.2349	      3.3432	      -69.5945	      -564487.0778	      
13.0000	      1.0000	      0.3216	      0.1057	      3.3310	      -42.9769	      -564523.2235	      
13.0000	      2.0000	      0.3119	      0.0642	      3.2704	      -32.1822	      -564577.6723	      
13.0000	      3.0000	      0.1642	      0.1308	      3.3307	      -57.7790	      -564492.6093	      
13.0000	      4.0000	      0.2028	      0.1352	      3.3784	      -53.7914	      -564494.6709	      
13.0000	      5.0000	      0.2225	      0.1201	      3.5318	      -37.7627	      -564530.1675	      
13.0000	      6.0000	      0.2370	      0.0619	      3.3631	      -62.4684	      -564487.6043	      
13.0000	      7.0000	      0.2069	      0.0428	      3.4379	      -30.0662	      -564576.3899	      
13.0000	      8.0000	      0.3083	      0.0697	      3.3297	      -35.7066	      -564555.3317	      
13.0000	      9.0000	      0.2877	      0.0835	      3.3211	      -67.1557	      -564487.9186	      
13.0000	      10.0000	      0.2109	      0.1232	      3.3651	      -54.4901	      -564495.0899	      
13.0000	      11.0000	      0.2881	      0.0997	      3.3165	      -31.4026	      -564576.8361	      
13.0000	      12.0000	      0.2842	      0.0609	      3.2350	      -64.7135	      -564492.5565	      
13.0000	      13.0000	      0.2458	      0.1965	      3.4085	      -66.0346	      -564483.9709	      
13.0000	      14.0000	      0.2874	      0.0005	      3.2183	      -31.2953	      -564582.0996	      
13.0000	      15.0000	      0.2635	      0.2176	      3.3337	      -48.5518	      -564507.5361	      
14.0000	      1.0000	      0.3360	      0.1717	      3.3343	      -64.4836	      -564488.1635	      
14.0000	      2.0000	      0.3069	      0.0530	      3.5136	      -32.2287	      -564563.3023	      
14.0000	      3.0000	      0.2223	      0.1184	      3.3320	      -33.9937	      -564564.1889	      
14.0000	      4.0000	      0.2109	      0.1333	      3.3988	      -63.9707	      -564485.5319	      
14.0000	      5.0000	      0.2299	      0.1379	      3.5906	      -57.5068	      -564479.3561	      
14.0000	      6.0000	      0.1727	      0.0850	      3.3764	      -66.1789	      -564486.5517	      
14.0000	      7.0000	      0.2123	      0.0266	      3.3791	      -47.3943	      -564507.6570	      
14.0000	      8.0000	      0.2967	      0.0789	      3.3196	      -54.5519	      -564496.9861	      
14.0000	      9.0000	      0.2875	      0.0801	      3.2845	      -38.7002	      -564542.0278	      
14.0000	      10.0000	      0.1447	      0.1489	      3.3045	      -33.7671	      -564565.9621	      
14.0000	      11.0000	      0.2961	      0.2928	      3.2972	      -31.3659	      -564562.6708	      
14.0000	      12.0000	      0.2852	      0.0532	      3.2338	      -69.0844	      -564492.0895	      
14.0000	      13.0000	      0.2386	      0.1863	      3.3986	      -38.7077	      -564535.2110	      
14.0000	      14.0000	      0.2873	      0.2765	      3.4922	      -30.9826	      -564561.6537	      
14.0000	      15.0000	      0.2713	      0.1553	      3.3175	      -32.1432	      -564572.5020	      
15.0000	      1.0000	      0.3232	      0.2387	      3.3554	      -36.6715	      -564547.1546	      
15.0000	      2.0000	      0.3040	      0.0372	      3.3308	      -32.1720	      -564576.7553	      
15.0000	      3.0000	      0.2565	      0.1189	      3.3130	      -55.6834	      -564495.9026	      
15.0000	      4.0000	      0.2153	      0.1695	      3.4022	      -36.9244	      -564543.0525	      
15.0000	      5.0000	      0.2342	      0.1343	      3.5993	      -32.7889	      -564552.2081	      
15.0000	      6.0000	      0.1570	      0.1007	      3.3593	      -57.5012	      -564491.9276	      
15.0000	      7.0000	      0.2295	      0.0126	      3.3221	      -63.6155	      -564489.3191	      
15.0000	      8.0000	      0.2902	      0.1107	      3.3048	      -31.5684	      -564576.1504	      
15.0000	      9.0000	      0.2873	      0.0580	      3.2458	      -55.8686	      -564498.4505	      
15.0000	      10.0000	      0.1211	      0.1636	      3.2385	      -58.5222	      -564496.5131	      
15.0000	      11.0000	      0.2984	      0.0367	      3.2766	      -31.3271	      -564580.0286	      
15.0000	      12.0000	      0.2778	      0.0527	      3.2322	      -31.0698	      -564578.7497	      
15.0000	      13.0000	      0.2166	      0.1918	      3.3803	      -54.8677	      -564493.9618	      
15.0000	      14.0000	      0.2872	      0.0164	      3.3508	      -30.9038	      -564580.3961	      
15.0000	      15.0000	      0.2775	      0.1018	      3.3026	      -60.4112	      -564491.7530	      
16.0000	      1.0000	      0.3052	      0.2650	      3.3835	      -53.6285	      -564495.7123	      
16.0000	      2.0000	      0.3050	      0.0251	      3.5713	      -32.0725	      -564560.4158	      
16.0000	      3.0000	      0.2707	      0.1124	      3.2725	      -69.2944	      -564490.4825	      
16.0000	      4.0000	      0.2257	      0.2016	      3.4015	      -53.7215	      -564493.3736	      
16.0000	      5.0000	      0.2250	      0.1114	      3.5582	      -55.2783	      -564482.5251	      
16.0000	      6.0000	      0.1370	      0.1096	      3.3184	      -53.3481	      -564499.4686	      
16.0000	      7.0000	      0.2504	      0.0040	      3.2778	      -36.1974	      -564555.5530	      
16.0000	      8.0000	      0.2848	      0.1170	      3.2925	      -55.4298	      -564497.3759	      
16.0000	      9.0000	      0.2872	      0.0447	      3.2219	      -69.9357	      -564492.2408	      
16.0000	      10.0000	      0.1283	      0.1678	      3.2160	      -40.6783	      -564535.1451	      
16.0000	      11.0000	      0.3000	      0.2500	      3.2522	      -31.2952	      -564564.0601	      
16.0000	      12.0000	      0.2742	      0.0519	      3.2303	      -44.5251	      -564522.9457	      
16.0000	      13.0000	      0.2080	      0.1950	      3.3792	      -62.2925	      -564487.1345	      
16.0000	      14.0000	      0.2872	      0.2302	      3.2067	      -30.9670	      -564560.5566	      
16.0000	      15.0000	      0.2833	      0.0563	      3.2929	      -45.8524	      -564515.9182	      
17.0000	      1.0000	      0.2927	      0.2547	      3.3858	      -62.5901	      -564486.0105	      
17.0000	      2.0000	      0.3068	      0.0174	      3.3940	      -31.8284	      -564575.4474	      
17.0000	      3.0000	      0.2089	      0.1132	      3.2531	      -42.7377	      -564527.5110	      
17.0000	      4.0000	      0.2224	      0.2369	      3.3936	      -32.9460	      -564563.7319	      
17.0000	      5.0000	      0.2203	      0.0973	      3.4358	      -35.6759	      -564548.0792	      
17.0000	      6.0000	      0.1612	      0.1328	      3.2727	      -59.3813	      -564494.6894	      
17.0000	      7.0000	      0.2617	      0.0099	      3.2513	      -53.4304	      -564501.7512	      
17.0000	      8.0000	      0.2832	      0.1013	      3.2706	      -69.6915	      -564490.6618	      
17.0000	      9.0000	      0.2871	      0.0668	      3.2102	      -68.1151	      -564493.0276	      
17.0000	      10.0000	      0.1387	      0.1252	      3.2030	      -63.3395	      -564493.9616	      
17.0000	      11.0000	      0.2973	      0.1148	      3.2349	      -31.2842	      -564575.6458	      
17.0000	      12.0000	      0.2752	      0.0489	      3.2273	      -65.6814	      -564492.6239	      
17.0000	      13.0000	      0.2009	      0.1842	      3.3707	      -68.8160	      -564485.8391	      
17.0000	      14.0000	      0.2873	      0.0295	      3.5119	      -31.1525	      -564569.2427	      
17.0000	      15.0000	      0.2831	      0.0563	      3.2715	      -67.6731	      -564490.1178	      
18.0000	      1.0000	      0.2909	      0.2799	      3.3825	      -64.7119	      -564485.6403	      
18.0000	      2.0000	      0.3049	      0.0126	      3.2161	      -31.6817	      -564581.0381	      
18.0000	      3.0000	      0.1409	      0.0901	      3.2571	      -60.3108	      -564494.2664	      
18.0000	      4.0000	      0.2210	      0.2182	      3.3683	      -58.0232	      -564490.6137	      
18.0000	      5.0000	      0.1961	      0.0939	      3.3553	      -60.0910	      -564488.8116	      
18.0000	      6.0000	      0.1652	      0.1284	      3.2630	      -69.5697	      -564491.0140	      
18.0000	      7.0000	      0.2558	      0.0140	      3.2406	      -66.9870	      -564491.6012	      
18.0000	      8.0000	      0.2846	      0.0698	      3.2651	      -44.3381	      -564521.6598	      
18.0000	      9.0000	      0.2871	      0.0843	      3.2105	      -30.1377	      -564569.1137	      
18.0000	      10.0000	      0.1867	      0.0707	      3.2137	      -36.8460	      -564552.3755	      
18.0000	      11.0000	      0.2935	      0.3740	      3.2342	      -31.2967	      -564547.1557	      
18.0000	      12.0000	      0.2786	      0.0445	      3.2258	      -42.7255	      -564528.3921	      
18.0000	      13.0000	      0.1944	      0.1629	      3.3730	      -31.2666	      -564572.8265	      
18.0000	      14.0000	      0.2874	      0.2843	      3.2532	      -31.3614	      -564561.2907	      
18.0000	      15.0000	      0.2819	      0.0673	      3.2553	      -33.6532	      -564571.1070	      
19.0000	      1.0000	      0.3000	      0.2751	      3.3511	      -67.4255	      -564486.7862	      
19.0000	      2.0000	      0.3004	      0.0066	      3.4916	      -31.5016	      -564570.4820	      
19.0000	      3.0000	      0.1228	      0.0631	      3.2554	      -69.4401	      -564491.2562	      
19.0000	      4.0000	      0.2394	      0.1608	      3.3483	      -45.4235	      -564514.6891	      
19.0000	      5.0000	      0.1916	      0.1250	      3.3507	      -40.0667	      -564532.4274	      
19.0000	      6.0000	      0.1849	      0.1107	      3.2622	      -34.6774	      -564563.4864	      
19.0000	      7.0000	      0.2475	      0.0156	      3.2433	      -32.1947	      -564579.3149	      
19.0000	      8.0000	      0.2868	      0.0479	      3.2617	      -60.3021	      -564493.4658	      
19.0000	      9.0000	      0.2872	      0.0875	      3.2254	      -43.7489	      -564525.4685	      
19.0000	      10.0000	      0.2284	      0.0465	      3.2503	      -55.5865	      -564498.6464	      
19.0000	      11.0000	      0.2914	      0.1232	      3.2310	      -31.3161	      -564574.8451	      
19.0000	      12.0000	      0.2818	      0.0389	      3.2266	      -64.9816	      -564492.4506	      
19.0000	      13.0000	      0.2007	      0.1180	      3.3726	      -44.9881	      -564513.9114	      
19.0000	      14.0000	      0.2875	      0.3884	      3.4535	      -31.4732	      -564556.2920	      
19.0000	      15.0000	      0.2818	      0.0968	      3.2564	      -49.1835	      -564509.2297	      
20.0000	      1.0000	      0.3073	      0.2358	      3.3371	      -66.5773	      -564487.8014	      
20.0000	      2.0000	      0.2960	      0.0039	      3.3061	      -31.4173	      -564581.1992	      
20.0000	      3.0000	      0.1074	      0.0813	      3.2454	      -47.0100	      -564515.5473	      
20.0000	      4.0000	      0.2639	      0.1230	      3.3298	      -69.2474	      -564487.2636	      
20.0000	      5.0000	      0.2147	      0.1512	      3.3976	      -61.8301	      -564486.5340	      
20.0000	      6.0000	      0.2110	      0.1100	      3.3011	      -48.7221	      -564508.9602	      
20.0000	      7.0000	      0.2477	      0.0161	      3.2424	      -47.5814	      -564514.1759	      
20.0000	      8.0000	      0.2898	      0.0514	      3.2574	      -37.5806	      -564548.6544	      
20.0000	      9.0000	      0.2873	      0.0753	      3.2498	      -58.7734	      -564495.5547	      
20.0000	      10.0000	      0.2460	      0.0403	      3.2947	      -35.7898	      -564556.3512	      
20.0000	      11.0000	      0.2907	      0.3168	      3.2407	      -31.3308	      -564556.0153	      
20.0000	      12.0000	      0.2845	      0.0294	      3.2266	      -46.2364	      -564517.4163	      
20.0000	      13.0000	      0.2075	      0.0690	      3.3266	      -59.8611	      -564490.9345	      
20.0000	      14.0000	      0.2875	      0.0626	      3.2601	      -31.4504	      -564579.3339	      
20.0000	      15.0000	      0.2782	      0.1207	      3.2606	      -68.7144	      -564491.2625	      
21.0000	      1.0000	      0.3088	      0.2025	      3.3199	      -60.3594	      -564490.9872	      
21.0000	      2.0000	      0.2909	      0.0019	      3.5654	      -31.3443	      -564564.6766	      
21.0000	      3.0000	      0.0964	      0.1075	      3.2689	      -65.9032	      -564491.4158	      
21.0000	      4.0000	      0.2766	      0.1233	      3.3226	      -37.3458	      -564546.1384	      
21.0000	      5.0000	      0.2385	      0.1486	      3.4228	      -34.3122	      -564556.8479	      
21.0000	      6.0000	      0.2359	      0.1022	      3.3268	      -66.5046	      -564488.4364	      
21.0000	      7.0000	      0.2571	      0.0163	      3.2401	      -64.8042	      -564491.8457	      
21.0000	      8.0000	      0.2919	      0.0760	      3.2588	      -59.5262	      -564494.2838	      
21.0000	      9.0000	      0.2873	      0.0755	      3.2680	      -30.7179	      -564577.2542	      
21.0000	      10.0000	      0.2193	      0.0677	      3.3238	      -60.6738	      -564490.2534	      
21.0000	      11.0000	      0.2934	      0.0250	      3.2482	      -31.3383	      -564581.3670	      
21.0000	      12.0000	      0.2838	      0.0214	      3.2267	      -66.1837	      -564492.2468	      
21.0000	      13.0000	      0.2220	      0.0637	      3.2959	      -65.1655	      -564489.5051	      
21.0000	      14.0000	      0.2875	      0.2089	      3.4985	      -31.3790	      -564564.4567	      
21.0000	      15.0000	      0.2755	      0.1204	      3.2724	      -48.8963	      -564510.0708	      
22.0000	      1.0000	      0.3093	      0.1517	      3.2889	      -58.4395	      -564494.3588	      
22.0000	      2.0000	      0.2877	      0.0005	      3.2929	      -31.3109	      -564581.7200	      
22.0000	      3.0000	      0.1006	      0.1284	      3.2893	      -40.6306	      -564533.0902	      
22.0000	      4.0000	      0.2615	      0.1379	      3.3223	      -53.2335	      -564499.2296	      
22.0000	      5.0000	      0.2630	      0.1071	      3.4343	      -54.6003	      -564490.6932	      
22.0000	      6.0000	      0.2203	      0.0963	      3.3566	      -45.4634	      -564513.8617	      
22.0000	      7.0000	      0.2647	      0.0123	      3.2374	      -39.3785	      -564541.1944	      
22.0000	      8.0000	      0.2927	      0.1048	      3.2539	      -32.4426	      -564575.5590	      
22.0000	      9.0000	      0.2874	      0.0639	      3.2729	      -51.0906	      -564504.6827	      
22.0000	      10.0000	      0.1836	      0.0907	      3.3389	      -44.1629	      -564518.9362	      
22.0000	      11.0000	      0.2942	      0.2154	      3.2454	      -31.3377	      -564567.5606	      
22.0000	      12.0000	      0.2829	      0.0286	      3.2282	      -35.6162	      -564560.8351	      
22.0000	      13.0000	      0.2368	      0.0607	      3.2946	      -60.2970	      -564491.9224	      
22.0000	      14.0000	      0.2874	      0.3267	      3.3724	      -31.2989	      -564560.7429	      
22.0000	      15.0000	      0.2734	      0.1112	      3.2986	      -62.6706	      -564490.3896	      
23.0000	      1.0000	      0.3091	      0.1905	      3.2889	      -67.4099	      -564489.5583	      
23.0000	      2.0000	      0.2854	      0.3995	      3.4962	      -31.2863	      -564554.7843	      
23.0000	      3.0000	      0.1136	      0.1249	      3.3077	      -60.9581	      -564491.5240	      
23.0000	      4.0000	      0.2456	      0.1645	      3.3178	      -64.0766	      -564489.4298	      
23.0000	      5.0000	      0.2800	      0.0822	      3.3859	      -32.0119	      -564572.9219	      
23.0000	      6.0000	      0.1758	      0.0980	      3.3714	      -62.6399	      -564487.2534	      
23.0000	      7.0000	      0.2633	      0.0094	      3.2319	      -59.5988	      -564495.4103	      
23.0000	      8.0000	      0.2928	      0.1236	      3.2614	      -52.9316	      -564502.1951	      
23.0000	      9.0000	      0.2874	      0.0465	      3.2689	      -32.0561	      -564578.6184	      
23.0000	      10.0000	      0.1738	      0.1138	      3.3285	      -31.0335	      -564576.5872	      
23.0000	      11.0000	      0.2936	      0.3507	      3.2397	      -31.3273	      -564551.3593	      
23.0000	      12.0000	      0.2813	      0.0293	      3.2289	      -52.7823	      -564503.7268	      
23.0000	      13.0000	      0.2427	      0.0519	      3.2910	      -57.1743	      -564495.2354	      
23.0000	      14.0000	      0.2874	      0.0714	      3.2349	      -31.2411	      -564578.9617	      
23.0000	      15.0000	      0.2734	      0.1105	      3.2992	      -33.7402	      -564568.0120	      
24.0000	      1.0000	      0.3039	      0.2271	      3.2979	      -32.8018	      -564568.1916	      
24.0000	      2.0000	      0.2847	      0.2304	      3.2844	      -31.2747	      -564568.5207	      
24.0000	      3.0000	      0.1475	      0.1240	      3.3019	      -40.2958	      -564533.6503	      
24.0000	      4.0000	      0.2276	      0.1886	      3.3171	      -36.2496	      -564551.3725	      
24.0000	      5.0000	      0.2935	      0.0477	      3.3226	      -56.0671	      -564494.2137	      
24.0000	      6.0000	      0.1399	      0.1236	      3.3415	      -31.7692	      -564574.5663	      
24.0000	      7.0000	      0.2621	      0.0075	      3.2243	      -31.2869	      -564581.8449	      
24.0000	      8.0000	      0.2905	      0.1040	      3.2835	      -32.5006	      -564574.6143	      
24.0000	      9.0000	      0.2874	      0.0273	      3.2582	      -58.5822	      -564495.3434	      
24.0000	      10.0000	      0.1862	      0.1145	      3.3007	      -61.8596	      -564491.1287	      
24.0000	      11.0000	      0.2913	      0.0076	      3.2376	      -31.3158	      -564581.7434	      
24.0000	      12.0000	      0.2797	      0.0335	      3.2286	      -31.5388	      -564581.1944	      
24.0000	      13.0000	      0.2429	      0.0605	      3.2970	      -59.0660	      -564492.7697	      
24.0000	      14.0000	      0.2873	      0.2835	      3.5329	      -31.2303	      -564559.3056	      
24.0000	      15.0000	      0.2740	      0.0984	      3.2837	      -52.8803	      -564500.8169	      
25.0000	      1.0000	      0.3002	      0.2481	      3.2889	      -48.4723	      -564509.9055	      
25.0000	      2.0000	      0.2850	      0.3927	      3.5173	      -31.2741	      -564553.8924	      
25.0000	      3.0000	      0.1842	      0.1405	      3.2801	      -64.1299	      -564491.0055	      
25.0000	      4.0000	      0.2307	      0.1542	      3.3197	      -54.2925	      -564497.5182	      
25.0000	      5.0000	      0.3005	      0.0173	      3.2919	      -34.4880	      -564565.6835	      
25.0000	      6.0000	      0.1346	      0.1383	      3.3036	      -50.0889	      -564505.2121	      
25.0000	      7.0000	      0.2669	      0.0058	      3.2188	      -51.4700	      -564505.5852	      
25.0000	      8.0000	      0.2883	      0.0737	      3.2949	      -58.0590	      -564494.1220	      
25.0000	      9.0000	      0.2874	      0.0143	      3.2455	      -40.8487	      -564534.6975	      
25.0000	      10.0000	      0.1992	      0.0954	      3.2731	      -43.2065	      -564524.9394	      
25.0000	      11.0000	      0.2886	      0.1658	      3.2352	      -31.3070	      -564571.6869	      
25.0000	      12.0000	      0.2787	      0.0311	      3.2275	      -56.6074	      -564498.8857	      
25.0000	      13.0000	      0.2318	      0.0963	      3.2782	      -60.6593	      -564492.4594	      
25.0000	      14.0000	      0.2874	      0.3911	      3.3931	      -31.2564	      -564555.3058	      
25.0000	      15.0000	      0.2753	      0.0978	      3.2679	      -67.3338	      -564490.6850	      
26.0000	      1.0000	      0.2967	      0.2266	      3.2809	      -65.3014	      -564490.7903	      
26.0000	      2.0000	      0.2858	      0.0237	      3.3226	      -31.2892	      -564580.1827	      
26.0000	      3.0000	      0.1873	      0.1559	      3.2559	      -35.9435	      -564555.8708	      
26.0000	      4.0000	      0.2431	      0.1245	      3.3231	      -65.2009	      -564489.2891	      
26.0000	      5.0000	      0.2985	      0.0130	      3.2767	      -58.2347	      -564495.1569	      
26.0000	      6.0000	      0.1638	      0.1252	      3.2812	      -69.3264	      -564490.2322	      
26.0000	      7.0000	      0.2692	      0.0039	      3.2150	      -68.5972	      -564492.6952	      
26.0000	      8.0000	      0.2871	      0.0539	      3.2854	      -47.4331	      -564511.8693	      
26.0000	      9.0000	      0.2874	      0.0197	      3.2437	      -66.2106	      -564491.2341	      
26.0000	      10.0000	      0.1986	      0.0683	      3.2535	      -63.2209	      -564492.1158	      
26.0000	      11.0000	      0.2869	      0.2989	      3.2302	      -31.2987	      -564557.4139	      
26.0000	      12.0000	      0.2806	      0.0236	      3.2250	      -38.3949	      -564545.8255	      
26.0000	      13.0000	      0.2262	      0.1353	      3.2859	      -57.2216	      -564495.4548	      
26.0000	      14.0000	      0.2874	      0.0575	      3.2190	      -31.2825	      -564579.0688	      
26.0000	      15.0000	      0.2772	      0.0846	      3.2696	      -44.1913	      -564522.0949	      
27.0000	      1.0000	      0.2947	      0.1702	      3.2661	      -41.7194	      -564529.9711	      
27.0000	      2.0000	      0.2870	      0.1480	      3.5596	      -31.3085	      -564562.3269	      
27.0000	      3.0000	      0.1701	      0.1667	      3.2603	      -54.0093	      -564500.3974	      
27.0000	      4.0000	      0.2552	      0.1058	      3.3333	      -65.9703	      -564488.1355	      
27.0000	      5.0000	      0.2901	      0.0102	      3.3009	      -35.9027	      -564556.0773	      
27.0000	      6.0000	      0.2126	      0.0917	      3.2652	      -39.6318	      -564538.1434	      
27.0000	      7.0000	      0.2701	      0.0029	      3.2159	      -36.2949	      -564557.7563	      
27.0000	      8.0000	      0.2875	      0.0562	      3.2759	      -34.0485	      -564568.2156	      
27.0000	      9.0000	      0.2874	      0.0288	      3.2413	      -44.6918	      -564521.7828	      
27.0000	      10.0000	      0.1906	      0.0496	      3.2490	      -41.5149	      -564531.5193	      
27.0000	      11.0000	      0.2861	      0.3999	      3.2262	      -31.2941	      -564542.6773	      
27.0000	      12.0000	      0.2828	      0.0175	      3.2223	      -60.6752	      -564494.9811	      
27.0000	      13.0000	      0.2295	      0.1600	      3.2765	      -54.7058	      -564498.2203	      
27.0000	      14.0000	      0.2874	      0.1974	      3.4968	      -31.3054	      -564565.2741	      
27.0000	      15.0000	      0.2769	      0.0805	      3.2782	      -61.1640	      -564491.7438	      
28.0000	      1.0000	      0.2930	      0.1030	      3.2562	      -59.6979	      -564494.5849	      
28.0000	      2.0000	      0.2880	      0.3158	      3.3897	      -31.3189	      -564561.7507	      
28.0000	      3.0000	      0.1735	      0.1461	      3.2775	      -35.1719	      -564559.0674	      
28.0000	      4.0000	      0.2626	      0.0885	      3.3504	      -57.4476	      -564491.7606	      
28.0000	      5.0000	      0.2790	      0.0239	      3.3212	      -59.3285	      -564491.6410	      
28.0000	      6.0000	      0.2187	      0.0718	      3.2619	      -55.3231	      -564498.6486	      
28.0000	      7.0000	      0.2720	      0.0023	      3.2211	      -50.5298	      -564508.1199	      
28.0000	      8.0000	      0.2885	      0.0724	      3.2645	      -63.9965	      -564491.4692	      
28.0000	      9.0000	      0.2874	      0.0308	      3.2348	      -62.8355	      -564493.6222	      
28.0000	      10.0000	      0.1945	      0.0328	      3.2695	      -63.7082	      -564491.7750	      
28.0000	      11.0000	      0.2863	      0.0569	      3.2240	      -31.2975	      -564579.1657	      
28.0000	      12.0000	      0.2852	      0.0176	      3.2201	      -31.9227	      -564580.4220	      
28.0000	      13.0000	      0.2371	      0.1771	      3.2850	      -62.1350	      -564491.8787	      
28.0000	      14.0000	      0.2874	      0.3670	      3.3111	      -31.3199	      -564555.1689	      
28.0000	      15.0000	      0.2766	      0.0793	      3.2853	      -30.2191	      -564575.2427	      
29.0000	      1.0000	      0.2943	      0.0817	      3.2660	      -65.7221	      -564490.8917	      
29.0000	      2.0000	      0.2885	      0.3804	      3.2068	      -31.3242	      -564543.3620	      
29.0000	      3.0000	      0.1650	      0.1263	      3.2795	      -61.3285	      -564492.4081	      
29.0000	      4.0000	      0.2579	      0.0797	      3.3354	      -58.4091	      -564491.8221	      
29.0000	      5.0000	      0.2740	      0.0414	      3.3384	      -43.6928	      -564520.5953	      
29.0000	      6.0000	      0.2268	      0.0481	      3.2612	      -31.2590	      -564580.0766	      
29.0000	      7.0000	      0.2733	      0.0039	      3.2248	      -68.5647	      -564491.8120	      
29.0000	      8.0000	      0.2892	      0.0869	      3.2538	      -34.6748	      -564565.1127	      
29.0000	      9.0000	      0.2874	      0.0337	      3.2265	      -30.4597	      -564577.7639	      
29.0000	      10.0000	      0.2113	      0.0418	      3.3077	      -37.1627	      -564548.3377	      
29.0000	      11.0000	      0.2871	      0.1864	      3.2233	      -31.3082	      -564569.5670	      
29.0000	      12.0000	      0.2848	      0.0195	      3.2188	      -51.5288	      -564506.3127	      
29.0000	      13.0000	      0.2315	      0.1619	      3.2938	      -35.1570	      -564558.9222	      
29.0000	      14.0000	      0.2874	      0.0650	      3.5444	      -31.3254	      -564565.7486	      
29.0000	      15.0000	      0.2766	      0.0683	      3.2856	      -48.6954	      -564509.3558	      
30.0000	      1.0000	      0.2964	      0.0954	      3.2755	      -31.0378	      -564576.8155	      
30.0000	      2.0000	      0.2883	      0.3741	      3.5058	      -31.3173	      -564555.7066	      
30.0000	      3.0000	      0.1701	      0.1047	      3.2832	      -46.2974	      -564515.5421	      
30.0000	      4.0000	      0.2442	      0.1322	      3.3467	      -65.6768	      -564487.2215	      
30.0000	      5.0000	      0.2769	      0.0623	      3.3696	      -69.9399	      -564485.7855	      
30.0000	      6.0000	      0.2428	      0.0241	      3.2508	      -54.4148	      -564500.6766	      
30.0000	      7.0000	      0.2747	      0.0054	      3.2259	      -35.1197	      -564564.3033	      
30.0000	      8.0000	      0.2897	      0.1047	      3.2443	      -52.8531	      -564503.2292	      
30.0000	      9.0000	      0.2874	      0.0337	      3.2349	      -48.3787	      -564512.0066	      
30.0000	      10.0000	      0.2297	      0.0550	      3.3238	      -55.6117	      -564495.3534	      
30.0000	      11.0000	      0.2898	      0.3835	      3.2259	      -31.3133	      -564545.4695	      
30.0000	      12.0000	      0.2844	      0.0255	      3.2204	      -66.0024	      -564492.8188	      
30.0000	      13.0000	      0.2287	      0.1246	      3.3079	      -53.7249	      -564499.2510	      
30.0000	      14.0000	      0.2874	      0.2433	      3.2177	      -31.3235	      -564562.9363	      
30.0000	      15.0000	      0.2772	      0.0648	      3.2774	      -69.2395	      -564490.0105	      
31.0000	      1.0000	      0.2978	      0.1008	      3.2699	      -46.8155	      -564514.4986	      
31.0000	      2.0000	      0.2878	      0.3059	      3.3973	      -31.3073	      -564562.4982	      
31.0000	      3.0000	      0.1412	      0.0932	      3.2887	      -68.7608	      -564490.2873	      
31.0000	      4.0000	      0.2412	      0.1916	      3.3725	      -69.2971	      -564485.6724	      
31.0000	      5.0000	      0.2793	      0.0640	      3.3561	      -44.4436	      -564516.8241	      
31.0000	      6.0000	      0.2639	      0.0013	      3.2449	      -33.0007	      -564576.4509	      
31.0000	      7.0000	      0.2737	      0.0058	      3.2251	      -49.7043	      -564509.2969	      
31.0000	      8.0000	      0.2897	      0.0904	      3.2468	      -31.0790	      -564577.4023	      
31.0000	      9.0000	      0.2874	      0.0357	      3.2449	      -64.0847	      -564492.4471	      
31.0000	      10.0000	      0.2484	      0.0564	      3.3191	      -31.6865	      -564578.3387	      
31.0000	      11.0000	      0.2918	      0.0789	      3.2319	      -31.3147	      -564578.2294	      
31.0000	      12.0000	      0.2843	      0.0260	      3.2216	      -30.9374	      -564580.1074	      
31.0000	      13.0000	      0.2325	      0.0801	      3.3413	      -65.1525	      -564487.4909	      
31.0000	      14.0000	      0.2874	      0.3739	      3.3893	      -31.3105	      -564556.6578	      
31.0000	      15.0000	      0.2798	      0.0582	      3.2690	      -38.1809	      -564545.0548	      
32.0000	      1.0000	      0.2982	      0.0735	      3.2595	      -60.7717	      -564493.2336	      
32.0000	      2.0000	      0.2873	      0.2014	      3.2768	      -31.2980	      -564570.0928	      
32.0000	      3.0000	      0.1227	      0.1112	      3.2976	      -38.9644	      -564539.4577	      
32.0000	      4.0000	      0.2418	      0.2261	      3.3981	      -30.1140	      -564564.7879	      
32.0000	      5.0000	      0.2826	      0.0503	      3.3307	      -65.2830	      -564488.9515	      
32.0000	      6.0000	      0.2739	      0.3962	      3.2423	      -57.0684	      -564498.3672	      
32.0000	      7.0000	      0.2732	      0.0063	      3.2230	      -68.0805	      -564491.9084	      
32.0000	      8.0000	      0.2894	      0.0622	      3.2456	      -55.8960	      -564498.6574	      
32.0000	      9.0000	      0.2874	      0.0284	      3.2554	      -34.4537	      -564567.3523	      
32.0000	      10.0000	      0.2696	      0.0466	      3.2973	      -54.8640	      -564497.8620	      
32.0000	      11.0000	      0.2930	      0.2183	      3.2362	      -31.3132	      -564566.5091	      
32.0000	      12.0000	      0.2840	      0.0187	      3.2245	      -46.6430	      -564516.8516	      
32.0000	      13.0000	      0.2413	      0.0324	      3.3671	      -67.5804	      -564486.1439	      
32.0000	      14.0000	      0.2874	      0.3663	      3.5075	      -31.2911	      -564555.6748	      
32.0000	      15.0000	      0.2808	      0.0490	      3.2617	      -53.8240	      -564500.9300	      
33.0000	      1.0000	      0.2949	      0.0618	      3.2412	      -63.4799	      -564492.4978	      
33.0000	      2.0000	      0.2871	      0.1820	      3.5886	      -31.2947	      -564559.1552	      
33.0000	      3.0000	      0.1478	      0.1159	      3.2940	      -54.3835	      -564498.6255	      
33.0000	      4.0000	      0.2446	      0.2429	      3.3929	      -42.6998	      -564519.8127	      
33.0000	      5.0000	      0.2842	      0.0359	      3.3127	      -69.8287	      -564488.8288	      
33.0000	      6.0000	      0.2680	      0.2763	      3.2459	      -67.0374	      -564491.4764	      
33.0000	      7.0000	      0.2720	      0.0054	      3.2213	      -69.9446	      -564492.7846	      
33.0000	      8.0000	      0.2891	      0.0442	      3.2391	      -39.4646	      -564540.6535	      
33.0000	      9.0000	      0.2874	      0.0267	      3.2625	      -53.4950	      -564501.5467	      
33.0000	      10.0000	      0.2762	      0.0381	      3.2660	      -69.7136	      -564490.6052	      
33.0000	      11.0000	      0.2920	      0.3730	      3.2364	      -31.3109	      -564548.1872	      
33.0000	      12.0000	      0.2843	      0.0126	      3.2267	      -65.8023	      -564492.4008	      
33.0000	      13.0000	      0.2568	      0.0437	      3.3500	      -54.3537	      -564495.2245	      
33.0000	      14.0000	      0.2874	      0.2883	      3.2318	      -31.2794	      -564559.0676	      
33.0000	      15.0000	      0.2818	      0.0422	      3.2483	      -69.2527	      -564491.3984	      
34.0000	      1.0000	      0.2914	      0.0479	      3.2266	      -30.7806	      -564578.3340	      
34.0000	      2.0000	      0.2871	      0.2570	      3.4538	      -31.2937	      -564564.1930	      
34.0000	      3.0000	      0.1949	      0.1358	      3.2753	      -61.3391	      -564492.1156	      
34.0000	      4.0000	      0.2484	      0.1981	      3.3595	      -61.3893	      -564488.4448	      
34.0000	      5.0000	      0.2847	      0.0447	      3.2871	      -63.9188	      -564490.7562	      
34.0000	      6.0000	      0.2569	      0.0883	      3.2517	      -68.5569	      -564490.7374	      
34.0000	      7.0000	      0.2717	      0.0048	      3.2194	      -55.4574	      -564500.2728	      
34.0000	      8.0000	      0.2886	      0.0222	      3.2326	      -62.8121	      -564493.7974	      
34.0000	      9.0000	      0.2874	      0.0283	      3.2566	      -64.0865	      -564492.0952	      
34.0000	      10.0000	      0.2809	      0.0270	      3.2482	      -36.3351	      -564555.8755	      
34.0000	      11.0000	      0.2905	      0.3470	      3.2324	      -31.3087	      -564551.1538	      
34.0000	      12.0000	      0.2833	      0.0184	      3.2282	      -39.4885	      -564541.1356	      
34.0000	      13.0000	      0.2681	      0.1066	      3.3278	      -46.1806	      -564513.6995	      
34.0000	      14.0000	      0.2874	      0.1973	      3.4316	      -31.2771	      -564568.3321	      
34.0000	      15.0000	      0.2834	      0.0541	      3.2365	      -41.0828	      -564533.4901	      
35.0000	      1.0000	      0.2877	      0.0376	      3.2157	      -47.9362	      -564514.0641	      
35.0000	      2.0000	      0.2871	      0.2986	      3.3231	      -31.2950	      -564562.4884	      
35.0000	      3.0000	      0.2364	      0.1164	      3.2560	      -69.0896	      -564491.1331	      
35.0000	      4.0000	      0.2594	      0.1477	      3.3161	      -42.9279	      -564523.6323	      
35.0000	      5.0000	      0.2858	      0.0436	      3.2735	      -51.3223	      -564503.9405	      
35.0000	      6.0000	      0.2409	      0.3291	      3.2513	      -32.9542	      -564562.3407	      
35.0000	      7.0000	      0.2741	      0.0050	      3.2201	      -39.3225	      -564542.2614	      
35.0000	      8.0000	      0.2882	      0.0289	      3.2288	      -39.5832	      -564540.6317	      
35.0000	      9.0000	      0.2874	      0.0250	      3.2480	      -30.2826	      -564578.3919	      
35.0000	      10.0000	      0.2740	      0.0136	      3.2472	      -50.9127	      -564506.3296	      
35.0000	      11.0000	      0.2889	      0.3203	      3.2269	      -31.3085	      -564554.7303	      
35.0000	      12.0000	      0.2819	      0.0248	      3.2279	      -59.2733	      -564495.8258	      
35.0000	      13.0000	      0.2621	      0.1439	      3.3209	      -44.8055	      -564517.3794	      
35.0000	      14.0000	      0.2874	      0.2092	      3.5906	      -31.2784	      -564558.1753	      
35.0000	      15.0000	      0.2840	      0.0578	      3.2431	      -59.3405	      -564495.0380	      
36.0000	      1.0000	      0.2859	      0.0264	      3.2121	      -59.9645	      -564495.6749	      
36.0000	      2.0000	      0.2874	      0.3262	      3.2079	      -31.2991	      -564551.5375	      
36.0000	      3.0000	      0.2033	      0.0984	      3.2571	      -38.5626	      -564543.2437	      
36.0000	      4.0000	      0.2638	      0.0958	      3.3095	      -65.4327	      -564489.3912	      
36.0000	      5.0000	      0.2851	      0.0476	      3.2999	      -42.8445	      -564525.0517	      
36.0000	      6.0000	      0.2395	      0.0631	      3.2516	      -47.0794	      -564515.0440	      
36.0000	      7.0000	      0.2720	      0.0054	      3.2211	      -37.6202	      -564549.8316	      
36.0000	      8.0000	      0.2884	      0.0567	      3.2245	      -58.9635	      -564496.0652	      
36.0000	      9.0000	      0.2874	      0.0174	      3.2502	      -46.9319	      -564514.8036	      
36.0000	      10.0000	      0.2639	      0.0016	      3.2645	      -61.9851	      -564492.4804	      
36.0000	      11.0000	      0.2881	      0.3293	      3.2278	      -31.3063	      -564553.5885	      
36.0000	      12.0000	      0.2815	      0.0290	      3.2275	      -69.8973	      -564492.1999	      
36.0000	      13.0000	      0.2381	      0.1403	      3.3196	      -53.6876	      -564498.1317	      
36.0000	      14.0000	      0.2874	      0.1969	      3.3691	      -31.2891	      -564570.0038	      
36.0000	      15.0000	      0.2851	      0.0567	      3.2668	      -68.5567	      -564490.0798	      
37.0000	      1.0000	      0.2862	      0.0161	      3.2103	      -62.2564	      -564494.1440	      
37.0000	      2.0000	      0.2877	      0.0564	      3.5670	      -31.3038	      -564564.2971	      
37.0000	      3.0000	      0.1347	      0.0991	      3.2685	      -53.5614	      -564501.1653	      
37.0000	      4.0000	      0.2637	      0.0875	      3.3221	      -42.8156	      -564524.3975	      
37.0000	      5.0000	      0.2831	      0.0448	      3.3378	      -46.2695	      -564512.0685	      
37.0000	      6.0000	      0.2407	      0.2591	      3.2513	      -67.7396	      -564491.7792	      
37.0000	      7.0000	      0.2692	      0.0055	      3.2222	      -46.6813	      -564516.7420	      
37.0000	      8.0000	      0.2884	      0.0752	      3.2235	      -32.1920	      -564578.1291	      
37.0000	      9.0000	      0.2874	      0.0116	      3.2513	      -68.3440	      -564490.8530	      
37.0000	      10.0000	      0.2562	      0.0066	      3.2790	      -66.9258	      -564490.0652	      
37.0000	      11.0000	      0.2887	      0.3174	      3.2306	      -31.3066	      -564555.0537	      
37.0000	      12.0000	      0.2820	      0.0280	      3.2257	      -42.3346	      -564529.5460	      
37.0000	      13.0000	      0.2099	      0.1158	      3.3161	      -68.5135	      -564488.5722	      
37.0000	      14.0000	      0.2874	      0.1682	      3.5852	      -31.3004	      -564559.8695	      
37.0000	      15.0000	      0.2859	      0.0569	      3.2874	      -33.4542	      -564571.3544	      
38.0000	      1.0000	      0.2872	      0.0184	      3.2161	      -58.4649	      -564497.3178	      
38.0000	      2.0000	      0.2878	      0.2384	      3.4703	      -31.3093	      -564564.3712	      
38.0000	      3.0000	      0.1187	      0.1133	      3.2712	      -67.8907	      -564490.1664	      
38.0000	      4.0000	      0.2539	      0.0883	      3.3343	      -63.9586	      -564488.5671	      
38.0000	      5.0000	      0.2818	      0.0486	      3.3588	      -54.6505	      -564494.8083	      
38.0000	      6.0000	      0.2388	      0.0347	      3.2430	      -40.3963	      -564536.6183	      
38.0000	      7.0000	      0.2696	      0.0058	      3.2231	      -60.8592	      -564494.6858	      
38.0000	      8.0000	      0.2883	      0.0659	      3.2221	      -53.2148	      -564503.3134	      
38.0000	      9.0000	      0.2874	      0.0168	      3.2503	      -40.9035	      -564534.1389	      
38.0000	      10.0000	      0.2488	      0.0297	      3.2912	      -62.7126	      -564490.9642	      
38.0000	      11.0000	      0.2898	      0.3270	      3.2319	      -31.3071	      -564554.0606	      
38.0000	      12.0000	      0.2824	      0.0225	      3.2239	      -56.7494	      -564498.3386	      
38.0000	      13.0000	      0.2045	      0.1113	      3.3050	      -34.8333	      -564560.7610	      
38.0000	      14.0000	      0.2874	      0.2106	      3.4016	      -31.3056	      -564568.8868	      
38.0000	      15.0000	      0.2844	      0.0526	      3.2897	      -47.6224	      -564511.6210	      
39.0000	      1.0000	      0.2893	      0.0247	      3.2226	      -58.9869	      -564495.9858	      
39.0000	      2.0000	      0.2878	      0.3777	      3.3924	      -31.3112	      -564556.6103	      
39.0000	      3.0000	      0.1173	      0.1035	      3.2634	      -33.5852	      -564569.8711	      
39.0000	      4.0000	      0.2456	      0.0823	      3.3561	      -43.4709	      -564520.2060	      
39.0000	      5.0000	      0.2802	      0.0498	      3.3514	      -59.2509	      -564490.4595	      
39.0000	      6.0000	      0.2376	      0.2704	      3.2315	      -55.5575	      -564500.1867	      
39.0000	      7.0000	      0.2709	      0.0050	      3.2233	      -34.6383	      -564567.2890	      
39.0000	      8.0000	      0.2882	      0.0558	      3.2210	      -67.0667	      -564491.8771	      
39.0000	      9.0000	      0.2874	      0.0272	      3.2419	      -55.9724	      -564498.1681	      
39.0000	      10.0000	      0.2519	      0.0529	      3.2961	      -63.1559	      -564490.3603	      
39.0000	      11.0000	      0.2910	      0.0104	      3.2325	      -31.3083	      -564581.8911	      
39.0000	      12.0000	      0.2822	      0.0203	      3.2221	      -31.5471	      -564581.9314	      
39.0000	      13.0000	      0.2128	      0.0930	      3.2834	      -49.5037	      -564507.6289	      
39.0000	      14.0000	      0.2874	      0.2383	      3.5962	      -31.3032	      -564557.3247	      
39.0000	      15.0000	      0.2799	      0.0513	      3.2807	      -62.6204	      -564491.4747	      
40.0000	      1.0000	      0.2908	      0.0295	      3.2284	      -62.4484	      -564493.4785	      
40.0000	      2.0000	      0.2878	      0.0446	      3.3025	      -31.3088	      -564579.8314	      
40.0000	      3.0000	      0.1431	      0.1091	      3.2663	      -48.7103	      -564510.2058	      
40.0000	      4.0000	      0.2477	      0.1151	      3.3526	      -63.1952	      -564488.2247	      
40.0000	      5.0000	      0.2796	      0.0423	      3.3264	      -66.5766	      -564487.6105	      
40.0000	      6.0000	      0.2426	      0.0815	      3.2359	      -64.8687	      -564492.2487	      
40.0000	      7.0000	      0.2739	      0.0043	      3.2233	      -55.8320	      -564499.3739	      
40.0000	      8.0000	      0.2882	      0.0549	      3.2207	      -65.3831	      -564492.5041	      
40.0000	      9.0000	      0.2874	      0.0346	      3.2406	      -69.0438	      -564491.3204	      
40.0000	      10.0000	      0.2607	      0.0546	      3.2835	      -56.7833	      -564495.7676	      
40.0000	      11.0000	      0.2917	      0.1867	      3.2321	      -31.3057	      -564569.8547	      
40.0000	      12.0000	      0.2828	      0.0179	      3.2208	      -53.8310	      -564502.5009	      
40.0000	      13.0000	      0.2277	      0.0963	      3.2903	      -63.2905	      -564490.5342	      
40.0000	      14.0000	      0.2874	      0.3318	      3.2251	      -31.2987	      -564552.4380	      
40.0000	      15.0000	      0.2763	      0.0381	      3.2627	      -38.1370	      -564545.5445	      
41.0000	      1.0000	      0.2911	      0.0281	      3.2289	      -63.9463	      -564493.1297	      
41.0000	      2.0000	      0.2876	      0.1996	      3.2195	      -31.3053	      -564567.8729	      
41.0000	      3.0000	      0.1693	      0.1044	      3.2872	      -61.0115	      -564491.9294	      
41.0000	      4.0000	      0.2532	      0.1373	      3.3536	      -32.4809	      -564571.2996	      
41.0000	      5.0000	      0.2815	      0.0251	      3.3116	      -35.8450	      -564555.3961	      
41.0000	      6.0000	      0.2491	      0.3156	      3.2340	      -62.4343	      -564493.7164	      
41.0000	      7.0000	      0.2717	      0.0038	      3.2233	      -37.0469	      -564553.2375	      
41.0000	      8.0000	      0.2881	      0.0503	      3.2212	      -56.1301	      -564498.7409	      
41.0000	      9.0000	      0.2874	      0.0360	      3.2478	      -64.0970	      -564492.4646	      
41.0000	      10.0000	      0.2658	      0.0560	      3.2744	      -58.3109	      -564494.5648	      
41.0000	      11.0000	      0.2917	      0.3948	      3.2316	      -31.3034	      -564544.1722	      
41.0000	      12.0000	      0.2841	      0.0114	      3.2196	      -67.0687	      -564492.3885	      
41.0000	      13.0000	      0.2324	      0.1077	      3.2970	      -62.2448	      -564491.3819	      
41.0000	      14.0000	      0.2874	      0.3067	      3.3620	      -31.2944	      -564562.1131	      
41.0000	      15.0000	      0.2766	      0.0243	      3.2510	      -58.7103	      -564495.2983	      
42.0000	      1.0000	      0.2908	      0.0237	      3.2269	      -67.1907	      -564491.7823	      
42.0000	      2.0000	      0.2875	      0.3162	      3.5717	      -31.3039	      -564555.3434	      
42.0000	      3.0000	      0.1890	      0.0880	      3.2978	      -63.6363	      -564489.8609	      
42.0000	      4.0000	      0.2586	      0.1397	      3.3308	      -50.6897	      -564503.0491	      
42.0000	      5.0000	      0.2828	      0.0159	      3.2875	      -53.0569	      -564500.2948	      
42.0000	      6.0000	      0.2626	      0.0990	      3.2368	      -58.0911	      -564496.6448	      
42.0000	      7.0000	      0.2734	      0.0041	      3.2232	      -62.2845	      -564494.1498	      
42.0000	      8.0000	      0.2878	      0.0502	      3.2219	      -47.7880	      -564514.1026	      
42.0000	      9.0000	      0.2874	      0.0342	      3.2612	      -68.8843	      -564491.1584	      
42.0000	      10.0000	      0.2673	      0.0448	      3.2572	      -58.7388	      -564494.6960	      
42.0000	      11.0000	      0.2915	      0.1291	      3.2306	      -31.3022	      -564574.4845	      
42.0000	      12.0000	      0.2847	      0.0049	      3.2189	      -41.7883	      -564531.9759	      
42.0000	      13.0000	      0.2369	      0.1108	      3.3096	      -66.0048	      -564488.9337	      
42.0000	      14.0000	      0.2874	      0.2263	      3.5410	      -31.2918	      -564561.6016	      
42.0000	      15.0000	      0.2776	      0.0186	      3.2423	      -32.9286	      -564576.8102	      
43.0000	      1.0000	      0.2904	      0.0191	      3.2248	      -57.9467	      -564497.0948	      
43.0000	      2.0000	      0.2874	      0.3412	      3.4559	      -31.3036	      -564558.8665	      
43.0000	      3.0000	      0.2003	      0.0678	      3.2904	      -55.4561	      -564497.1091	      
43.0000	      4.0000	      0.2659	      0.1010	      3.3038	      -65.8084	      -564489.2643	      
43.0000	      5.0000	      0.2832	      0.0213	      3.2842	      -31.0087	      -564581.3421	      
43.0000	      6.0000	      0.2618	      0.3025	      3.2383	      -61.4605	      -564493.6592	      
43.0000	      7.0000	      0.2775	      0.0042	      3.2223	      -40.8255	      -564535.7860	      
43.0000	      8.0000	      0.2877	      0.0508	      3.2231	      -47.1725	      -564515.7202	      
43.0000	      9.0000	      0.2874	      0.0310	      3.2677	      -66.6290	      -564490.5796	      
43.0000	      10.0000	      0.2635	      0.0354	      3.2511	      -63.1022	      -564492.7374	      
43.0000	      11.0000	      0.2902	      0.2987	      3.2290	      -31.3018	      -564557.4204	      
43.0000	      12.0000	      0.2851	      0.0008	      3.2184	      -62.1046	      -564494.3537	      
43.0000	      13.0000	      0.2382	      0.1045	      3.3148	      -33.8206	      -564566.4137	      
43.0000	      14.0000	      0.2874	      0.1705	      3.2682	      -31.2915	      -564572.5708	      
43.0000	      15.0000	      0.2792	      0.0125	      3.2335	      -54.6530	      -564500.8400	      
