#iter	     #Particle	       tx	       ty	       tz	     twist	     energy	     
1.0000	      1.0000	      0.0000	      0.0000	      3.0960	      243.7768	      -227164.5104	      
1.0000	      2.0000	      0.0000	      0.0000	      3.2361	      341.2961	      -227033.3656	      
1.0000	      3.0000	      0.0000	      0.0000	      3.7533	      354.5661	      -227567.2980	      
1.0000	      4.0000	      0.0000	      0.0000	      2.9230	      324.3280	      -224395.8423	      
1.0000	      5.0000	      0.0000	      0.0000	      3.4414	      357.2545	      -227532.6126	      
1.0000	      6.0000	      0.0000	      0.0000	      3.8210	      271.2367	      -227605.3474	      
1.0000	      7.0000	      0.0000	      0.0000	      3.4743	      296.8059	      -227658.9951	      
1.0000	      8.0000	      0.0000	      0.0000	      3.4533	      358.5780	      -227539.4919	      
1.0000	      9.0000	      0.0000	      0.0000	      3.8603	      288.6670	      -227623.4655	      
1.0000	      10.0000	      0.0000	      0.0000	      3.1391	      263.6497	      -227613.1323	      
1.0000	      11.0000	      0.0000	      0.0000	      3.6467	      252.3155	      -227584.5624	      
1.0000	      12.0000	      0.0000	      0.0000	      2.8212	      291.6372	      -227580.0415	      
1.0000	      13.0000	      0.0000	      0.0000	      3.2907	      278.9695	      -227630.1449	      
1.0000	      14.0000	      0.0000	      0.0000	      3.2088	      316.5561	      -226958.6888	      
1.0000	      15.0000	      0.0000	      0.0000	      3.4204	      307.6396	      -227577.0600	      
2.0000	      1.0000	      0.0000	      0.0000	      3.4234	      249.9066	      -227538.5904	      
2.0000	      2.0000	      0.0000	      0.0000	      3.8030	      331.6062	      -227543.9810	      
2.0000	      3.0000	      0.0000	      0.0000	      2.9882	      342.7492	      -226145.4047	      
2.0000	      4.0000	      0.0000	      0.0000	      3.4440	      323.1642	      -227235.1679	      
2.0000	      5.0000	      0.0000	      0.0000	      3.7912	      350.8595	      -227568.5119	      
2.0000	      6.0000	      0.0000	      0.0000	      3.3029	      271.4983	      -227621.8713	      
2.0000	      7.0000	      0.0000	      0.0000	      3.8988	      297.2941	      -227636.3624	      
2.0000	      8.0000	      0.0000	      0.0000	      3.5154	      349.1652	      -227512.3737	      
2.0000	      9.0000	      0.0000	      0.0000	      2.9622	      289.4230	      -227625.7683	      
2.0000	      10.0000	      0.0000	      0.0000	      3.4311	      266.4510	      -227617.3659	      
2.0000	      11.0000	      0.0000	      0.0000	      3.6112	      260.8111	      -227608.4266	      
2.0000	      12.0000	      0.0000	      0.0000	      3.2441	      293.2732	      -227657.0115	      
2.0000	      13.0000	      0.0000	      0.0000	      3.7452	      283.3800	      -227621.4589	      
2.0000	      14.0000	      0.0000	      0.0000	      3.7084	      311.2304	      -227620.9306	      
2.0000	      15.0000	      0.0000	      0.0000	      3.6754	      305.8826	      -227645.4324	      
3.0000	      1.0000	      0.0000	      0.0000	      3.6531	      267.7398	      -227610.2907	      
3.0000	      2.0000	      0.0000	      0.0000	      2.9759	      321.2003	      -225122.1655	      
3.0000	      3.0000	      0.0000	      0.0000	      3.5306	      324.6031	      -227348.7657	      
3.0000	      4.0000	      0.0000	      0.0000	      3.8087	      320.4300	      -227582.4936	      
3.0000	      5.0000	      0.0000	      0.0000	      3.9666	      342.4758	      -227578.5696	      
3.0000	      6.0000	      0.0000	      0.0000	      3.8009	      275.8433	      -227609.6881	      
3.0000	      7.0000	      0.0000	      0.0000	      2.8044	      297.3171	      -227496.5891	      
3.0000	      8.0000	      0.0000	      0.0000	      3.5429	      337.7561	      -227411.8584	      
3.0000	      9.0000	      0.0000	      0.0000	      3.2838	      291.3706	      -227655.9143	      
3.0000	      10.0000	      0.0000	      0.0000	      3.6368	      271.7637	      -227613.6717	      
3.0000	      11.0000	      0.0000	      0.0000	      3.5462	      275.1650	      -227620.0492	      
3.0000	      12.0000	      0.0000	      0.0000	      3.6079	      294.7258	      -227651.6065	      
3.0000	      13.0000	      0.0000	      0.0000	      3.8488	      284.6956	      -227617.8462	      
3.0000	      14.0000	      0.0000	      0.0000	      2.8361	      306.8864	      -226876.3908	      
3.0000	      15.0000	      0.0000	      0.0000	      3.8522	      303.3098	      -227646.1742	      
4.0000	      1.0000	      0.0000	      0.0000	      3.7917	      284.1560	      -227620.2474	      
4.0000	      2.0000	      0.0000	      0.0000	      3.5810	      315.2530	      -227532.0561	      
4.0000	      3.0000	      0.0000	      0.0000	      3.9972	      318.1438	      -227620.6556	      
4.0000	      4.0000	      0.0000	      0.0000	      3.9741	      312.6115	      -227634.0892	      
4.0000	      5.0000	      0.0000	      0.0000	      2.8236	      329.8293	      -223955.4888	      
4.0000	      6.0000	      0.0000	      0.0000	      3.9823	      277.9107	      -227603.1384	      
4.0000	      7.0000	      0.0000	      0.0000	      3.0694	      297.0910	      -227619.1124	      
4.0000	      8.0000	      0.0000	      0.0000	      3.5222	      335.6959	      -227365.7517	      
4.0000	      9.0000	      0.0000	      0.0000	      3.5592	      292.9809	      -227650.9133	      
4.0000	      10.0000	      0.0000	      0.0000	      3.7131	      274.9752	      -227612.8576	      
4.0000	      11.0000	      0.0000	      0.0000	      3.4894	      285.9954	      -227638.9463	      
4.0000	      12.0000	      0.0000	      0.0000	      3.7309	      295.7868	      -227645.4992	      
4.0000	      13.0000	      0.0000	      0.0000	      3.6338	      285.1083	      -227630.2225	      
4.0000	      14.0000	      0.0000	      0.0000	      3.4171	      304.1521	      -227623.7252	      
4.0000	      15.0000	      0.0000	      0.0000	      3.9312	      301.1448	      -227639.4414	      
5.0000	      1.0000	      0.0000	      0.0000	      3.8822	      298.7035	      -227639.7300	      
5.0000	      2.0000	      0.0000	      0.0000	      2.8761	      314.3943	      -225639.7957	      
5.0000	      3.0000	      0.0000	      0.0000	      3.0984	      311.1023	      -227084.9182	      
5.0000	      4.0000	      0.0000	      0.0000	      2.8845	      306.9124	      -226994.7202	      
5.0000	      5.0000	      0.0000	      0.0000	      3.2313	      323.7988	      -226624.0506	      
5.0000	      6.0000	      0.0000	      0.0000	      3.8024	      282.0325	      -227616.7547	      
5.0000	      7.0000	      0.0000	      0.0000	      3.3780	      296.7735	      -227658.9474	      
5.0000	      8.0000	      0.0000	      0.0000	      3.4663	      325.4519	      -227242.8601	      
5.0000	      9.0000	      0.0000	      0.0000	      3.6233	      293.7428	      -227648.5667	      
5.0000	      10.0000	      0.0000	      0.0000	      3.6916	      278.2205	      -227617.2319	      
5.0000	      11.0000	      0.0000	      0.0000	      3.4458	      293.8156	      -227657.3503	      
5.0000	      12.0000	      0.0000	      0.0000	      3.5526	      296.3515	      -227656.5117	      
5.0000	      13.0000	      0.0000	      0.0000	      3.4601	      286.2015	      -227640.7770	      
5.0000	      14.0000	      0.0000	      0.0000	      3.8289	      300.8298	      -227646.2639	      
5.0000	      15.0000	      0.0000	      0.0000	      3.9554	      298.5159	      -227634.1988	      
6.0000	      1.0000	      0.0000	      0.0000	      3.8591	      308.8598	      -227641.6722	      
6.0000	      2.0000	      0.0000	      0.0000	      3.5576	      314.1051	      -227536.3012	      
6.0000	      3.0000	      0.0000	      0.0000	      3.6293	      305.2192	      -227645.3394	      
6.0000	      4.0000	      0.0000	      0.0000	      3.3556	      302.4770	      -227628.0171	      
6.0000	      5.0000	      0.0000	      0.0000	      3.8732	      321.9384	      -227591.2927	      
6.0000	      6.0000	      0.0000	      0.0000	      3.4201	      282.5698	      -227634.5723	      
6.0000	      7.0000	      0.0000	      0.0000	      3.6217	      296.5737	      -227653.4484	      
6.0000	      8.0000	      0.0000	      0.0000	      3.4261	      318.7798	      -227304.8698	      
6.0000	      9.0000	      0.0000	      0.0000	      3.5743	      293.8281	      -227651.7006	      
6.0000	      10.0000	      0.0000	      0.0000	      3.5545	      276.4127	      -227620.8627	      
6.0000	      11.0000	      0.0000	      0.0000	      3.4155	      300.0491	      -227652.5878	      
6.0000	      12.0000	      0.0000	      0.0000	      3.3195	      295.9439	      -227658.1192	      
6.0000	      13.0000	      0.0000	      0.0000	      3.3396	      289.3046	      -227651.5599	      
6.0000	      14.0000	      0.0000	      0.0000	      2.9049	      297.5890	      -227550.0129	      
6.0000	      15.0000	      0.0000	      0.0000	      3.8421	      298.4849	      -227642.4309	      
7.0000	      1.0000	      0.0000	      0.0000	      3.7450	      315.2332	      -227599.7216	      
7.0000	      2.0000	      0.0000	      0.0000	      2.8862	      312.1112	      -226194.9812	      
7.0000	      3.0000	      0.0000	      0.0000	      3.9655	      300.1455	      -227635.9660	      
7.0000	      4.0000	      0.0000	      0.0000	      3.7951	      300.2855	      -227647.7316	      
7.0000	      5.0000	      0.0000	      0.0000	      3.0509	      314.2632	      -226636.0042	      
7.0000	      6.0000	      0.0000	      0.0000	      3.1602	      285.5380	      -227640.6943	      
7.0000	      7.0000	      0.0000	      0.0000	      3.7066	      296.5098	      -227648.3664	      
7.0000	      8.0000	      0.0000	      0.0000	      3.4126	      328.0091	      -227125.9761	      
7.0000	      9.0000	      0.0000	      0.0000	      3.4660	      293.5328	      -227656.2136	      
7.0000	      10.0000	      0.0000	      0.0000	      3.4539	      280.1243	      -227629.2618	      
7.0000	      11.0000	      0.0000	      0.0000	      3.4079	      302.3995	      -227637.7976	      
7.0000	      12.0000	      0.0000	      0.0000	      3.1936	      295.7495	      -227650.0268	      
7.0000	      13.0000	      0.0000	      0.0000	      3.2751	      291.9504	      -227656.6742	      
7.0000	      14.0000	      0.0000	      0.0000	      3.7016	      295.8108	      -227647.7036	      
7.0000	      15.0000	      0.0000	      0.0000	      3.6830	      300.0187	      -227653.7197	      
8.0000	      1.0000	      0.0000	      0.0000	      3.6109	      317.8936	      -227513.0197	      
8.0000	      2.0000	      0.0000	      0.0000	      3.3905	      310.1138	      -227509.3683	      
8.0000	      3.0000	      0.0000	      0.0000	      2.9396	      296.6630	      -227581.9307	      
8.0000	      4.0000	      0.0000	      0.0000	      2.8202	      297.8472	      -227492.7759	      
8.0000	      5.0000	      0.0000	      0.0000	      3.6737	      310.1442	      -227622.4607	      
8.0000	      6.0000	      0.0000	      0.0000	      3.0276	      287.9132	      -227634.7280	      
8.0000	      7.0000	      0.0000	      0.0000	      3.6322	      296.5589	      -227652.9504	      
8.0000	      8.0000	      0.0000	      0.0000	      3.4269	      329.1234	      -227156.1657	      
8.0000	      9.0000	      0.0000	      0.0000	      3.3925	      294.0291	      -227658.6737	      
8.0000	      10.0000	      0.0000	      0.0000	      3.3875	      285.9826	      -227642.5343	      
8.0000	      11.0000	      0.0000	      0.0000	      3.4232	      300.7246	      -227649.9984	      
8.0000	      12.0000	      0.0000	      0.0000	      3.1620	      295.9183	      -227645.6585	      
8.0000	      13.0000	      0.0000	      0.0000	      3.2698	      293.9704	      -227658.0038	      
8.0000	      14.0000	      0.0000	      0.0000	      3.0398	      294.7053	      -227630.9297	      
8.0000	      15.0000	      0.0000	      0.0000	      3.5494	      300.9614	      -227655.3516	      
9.0000	      1.0000	      0.0000	      0.0000	      3.6113	      315.7361	      -227542.2147	      
9.0000	      2.0000	      0.0000	      0.0000	      3.8962	      317.1293	      -227616.4340	      
9.0000	      3.0000	      0.0000	      0.0000	      3.2424	      297.4663	      -227648.5334	      
9.0000	      4.0000	      0.0000	      0.0000	      3.2605	      296.6075	      -227653.5597	      
9.0000	      5.0000	      0.0000	      0.0000	      2.8669	      303.9955	      -227233.4660	      
9.0000	      6.0000	      0.0000	      0.0000	      3.0219	      291.2815	      -227636.8706	      
9.0000	      7.0000	      0.0000	      0.0000	      3.4675	      296.7348	      -227659.2970	      
9.0000	      8.0000	      0.0000	      0.0000	      3.4539	      336.3387	      -227290.2197	      
9.0000	      9.0000	      0.0000	      0.0000	      3.3528	      294.5630	      -227659.4656	      
9.0000	      10.0000	      0.0000	      0.0000	      3.3505	      293.1985	      -227658.3460	      
9.0000	      11.0000	      0.0000	      0.0000	      3.4501	      298.5597	      -227658.0299	      
9.0000	      12.0000	      0.0000	      0.0000	      3.2281	      296.3066	      -227651.5607	      
9.0000	      13.0000	      0.0000	      0.0000	      3.2992	      296.1377	      -227657.1380	      
9.0000	      14.0000	      0.0000	      0.0000	      3.5391	      294.9129	      -227655.1863	      
9.0000	      15.0000	      0.0000	      0.0000	      3.4517	      300.9073	      -227651.4539	      
10.0000	      1.0000	      0.0000	      0.0000	      3.6798	      308.0171	      -227636.3223	      
10.0000	      2.0000	      0.0000	      0.0000	      3.0137	      319.0652	      -225746.6075	      
10.0000	      3.0000	      0.0000	      0.0000	      3.4647	      297.7619	      -227658.7616	      
10.0000	      4.0000	      0.0000	      0.0000	      3.5808	      295.6240	      -227654.3026	      
10.0000	      5.0000	      0.0000	      0.0000	      3.4775	      300.0110	      -227655.6830	      
10.0000	      6.0000	      0.0000	      0.0000	      3.1219	      291.8549	      -227649.1920	      
10.0000	      7.0000	      0.0000	      0.0000	      3.3375	      296.2082	      -227658.7792	      
10.0000	      8.0000	      0.0000	      0.0000	      3.4502	      335.2879	      -227266.1355	      
10.0000	      9.0000	      0.0000	      0.0000	      3.3250	      294.9367	      -227659.1758	      
10.0000	      10.0000	      0.0000	      0.0000	      3.3247	      298.5785	      -227651.4529	      
10.0000	      11.0000	      0.0000	      0.0000	      3.4484	      296.8424	      -227659.4102	      
10.0000	      12.0000	      0.0000	      0.0000	      3.3334	      296.3512	      -227658.2921	      
10.0000	      13.0000	      0.0000	      0.0000	      3.3131	      296.6279	      -227656.9846	      
10.0000	      14.0000	      0.0000	      0.0000	      3.8657	      295.0451	      -227634.8700	      
10.0000	      15.0000	      0.0000	      0.0000	      3.4059	      300.7493	      -227648.3967	      
11.0000	      1.0000	      0.0000	      0.0000	      3.7161	      301.9722	      -227652.2386	      
11.0000	      2.0000	      0.0000	      0.0000	      3.3997	      315.5316	      -227364.0839	      
11.0000	      3.0000	      0.0000	      0.0000	      3.6020	      297.7348	      -227655.6614	      
11.0000	      4.0000	      0.0000	      0.0000	      3.7389	      294.8226	      -227643.1586	      
11.0000	      5.0000	      0.0000	      0.0000	      3.9046	      295.6363	      -227633.1530	      
11.0000	      6.0000	      0.0000	      0.0000	      3.2192	      292.4517	      -227655.5207	      
11.0000	      7.0000	      0.0000	      0.0000	      3.2518	      295.8352	      -227654.8578	      
11.0000	      8.0000	      0.0000	      0.0000	      3.4286	      337.6007	      -227278.8083	      
11.0000	      9.0000	      0.0000	      0.0000	      3.3248	      295.1791	      -227659.0146	      
11.0000	      10.0000	      0.0000	      0.0000	      3.3225	      300.6568	      -227638.4728	      
11.0000	      11.0000	      0.0000	      0.0000	      3.4427	      295.2966	      -227659.1785	      
11.0000	      12.0000	      0.0000	      0.0000	      3.4107	      296.3362	      -227659.6127	      
11.0000	      13.0000	      0.0000	      0.0000	      3.3199	      296.7048	      -227657.0175	      
11.0000	      14.0000	      0.0000	      0.0000	      3.8173	      295.0501	      -227638.2989	      
11.0000	      15.0000	      0.0000	      0.0000	      3.3700	      299.0264	      -227653.1543	      
12.0000	      1.0000	      0.0000	      0.0000	      3.6616	      297.6931	      -227652.6864	      
12.0000	      2.0000	      0.0000	      0.0000	      3.7235	      312.1455	      -227617.3933	      
12.0000	      3.0000	      0.0000	      0.0000	      3.6321	      297.4954	      -227654.1313	      
12.0000	      4.0000	      0.0000	      0.0000	      3.7957	      294.4478	      -227638.5123	      
12.0000	      5.0000	      0.0000	      0.0000	      3.9961	      294.0418	      -227624.0964	      
12.0000	      6.0000	      0.0000	      0.0000	      3.3011	      293.0805	      -227658.1930	      
12.0000	      7.0000	      0.0000	      0.0000	      3.2697	      296.0844	      -227655.5945	      
12.0000	      8.0000	      0.0000	      0.0000	      3.4122	      333.4472	      -227169.6925	      
12.0000	      9.0000	      0.0000	      0.0000	      3.3434	      295.5763	      -227659.1938	      
12.0000	      10.0000	      0.0000	      0.0000	      3.3517	      300.2884	      -227645.1899	      
12.0000	      11.0000	      0.0000	      0.0000	      3.4354	      294.9291	      -227658.5932	      
12.0000	      12.0000	      0.0000	      0.0000	      3.4648	      296.3256	      -227659.0405	      
12.0000	      13.0000	      0.0000	      0.0000	      3.3235	      295.8689	      -227658.4994	      
12.0000	      14.0000	      0.0000	      0.0000	      3.6458	      295.0302	      -227649.9185	      
12.0000	      15.0000	      0.0000	      0.0000	      3.4128	      298.3137	      -227657.6701	      
13.0000	      1.0000	      0.0000	      0.0000	      3.6030	      294.3575	      -227651.0964	      
13.0000	      2.0000	      0.0000	      0.0000	      3.8743	      307.7042	      -227643.3946	      
13.0000	      3.0000	      0.0000	      0.0000	      3.5843	      297.4086	      -227656.0471	      
13.0000	      4.0000	      0.0000	      0.0000	      3.6527	      294.7205	      -227648.7772	      
13.0000	      5.0000	      0.0000	      0.0000	      3.8753	      295.1494	      -227634.4009	      
13.0000	      6.0000	      0.0000	      0.0000	      3.3647	      294.0653	      -227659.0492	      
13.0000	      7.0000	      0.0000	      0.0000	      3.3144	      296.4500	      -227657.3601	      
13.0000	      8.0000	      0.0000	      0.0000	      3.4047	      325.0029	      -227131.0534	      
13.0000	      9.0000	      0.0000	      0.0000	      3.3647	      295.6445	      -227659.5238	      
13.0000	      10.0000	      0.0000	      0.0000	      3.3782	      298.0258	      -227656.6897	      
13.0000	      11.0000	      0.0000	      0.0000	      3.4353	      295.7846	      -227659.1578	      
13.0000	      12.0000	      0.0000	      0.0000	      3.4688	      296.3194	      -227659.1626	      
13.0000	      13.0000	      0.0000	      0.0000	      3.3433	      295.3508	      -227659.4224	      
13.0000	      14.0000	      0.0000	      0.0000	      3.4362	      295.1920	      -227659.2061	      
13.0000	      15.0000	      0.0000	      0.0000	      3.4424	      297.4848	      -227659.0323	      
14.0000	      1.0000	      0.0000	      0.0000	      3.5501	      292.5897	      -227650.5327	      
14.0000	      2.0000	      0.0000	      0.0000	      3.9051	      303.5307	      -227643.2155	      
14.0000	      3.0000	      0.0000	      0.0000	      3.5013	      297.2917	      -227658.5666	      
14.0000	      4.0000	      0.0000	      0.0000	      3.5032	      295.7862	      -227657.5683	      
14.0000	      5.0000	      0.0000	      0.0000	      3.7147	      298.5084	      -227650.6619	      
14.0000	      6.0000	      0.0000	      0.0000	      3.4188	      295.1007	      -227659.3866	      
14.0000	      7.0000	      0.0000	      0.0000	      3.4135	      296.8077	      -227659.3183	      
14.0000	      8.0000	      0.0000	      0.0000	      3.4238	      322.3222	      -227214.9762	      
14.0000	      9.0000	      0.0000	      0.0000	      3.3912	      295.7028	      -227659.6273	      
14.0000	      10.0000	      0.0000	      0.0000	      3.3934	      295.2005	      -227659.5123	      
14.0000	      11.0000	      0.0000	      0.0000	      3.4340	      296.6417	      -227659.8665	      
14.0000	      12.0000	      0.0000	      0.0000	      3.4668	      296.3218	      -227659.1782	      
14.0000	      13.0000	      0.0000	      0.0000	      3.3661	      295.1002	      -227659.5894	      
14.0000	      14.0000	      0.0000	      0.0000	      3.2875	      295.3649	      -227657.8763	      
14.0000	      15.0000	      0.0000	      0.0000	      3.4576	      296.6521	      -227659.2868	      
15.0000	      1.0000	      0.0000	      0.0000	      3.5181	      293.2547	      -227653.2876	      
15.0000	      2.0000	      0.0000	      0.0000	      3.8626	      301.2357	      -227644.4592	      
15.0000	      3.0000	      0.0000	      0.0000	      3.4264	      297.2631	      -227659.2999	      
15.0000	      4.0000	      0.0000	      0.0000	      3.3810	      296.5623	      -227659.4037	      
15.0000	      5.0000	      0.0000	      0.0000	      3.4512	      301.0812	      -227650.7310	      
15.0000	      6.0000	      0.0000	      0.0000	      3.4579	      296.1928	      -227659.2663	      
15.0000	      7.0000	      0.0000	      0.0000	      3.4866	      297.0274	      -227658.7657	      
15.0000	      8.0000	      0.0000	      0.0000	      3.4422	      322.7203	      -227239.4721	      
15.0000	      9.0000	      0.0000	      0.0000	      3.4165	      295.8587	      -227659.6315	      
15.0000	      10.0000	      0.0000	      0.0000	      3.4091	      293.4980	      -227657.7301	      
15.0000	      11.0000	      0.0000	      0.0000	      3.4331	      297.2416	      -227659.1329	      
15.0000	      12.0000	      0.0000	      0.0000	      3.4539	      296.3398	      -227659.2890	      
15.0000	      13.0000	      0.0000	      0.0000	      3.3887	      295.3377	      -227659.3892	      
15.0000	      14.0000	      0.0000	      0.0000	      3.2354	      295.7812	      -227653.7461	      
15.0000	      15.0000	      0.0000	      0.0000	      3.4628	      296.0687	      -227658.9945	      
16.0000	      1.0000	      0.0000	      0.0000	      3.4929	      294.6468	      -227656.8334	      
16.0000	      2.0000	      0.0000	      0.0000	      3.7328	      298.5620	      -227649.7017	      
16.0000	      3.0000	      0.0000	      0.0000	      3.3753	      297.0760	      -227658.5192	      
16.0000	      4.0000	      0.0000	      0.0000	      3.2955	      297.1125	      -227654.5878	      
16.0000	      5.0000	      0.0000	      0.0000	      3.2759	      302.4443	      -227608.5899	      
16.0000	      6.0000	      0.0000	      0.0000	      3.4614	      296.7285	      -227659.3187	      
16.0000	      7.0000	      0.0000	      0.0000	      3.4955	      296.9998	      -227658.7899	      
16.0000	      8.0000	      0.0000	      0.0000	      3.4572	      331.1807	      -227224.2072	      
16.0000	      9.0000	      0.0000	      0.0000	      3.4378	      296.1793	      -227659.4375	      
16.0000	      10.0000	      0.0000	      0.0000	      3.4192	      293.7918	      -227657.9832	      
16.0000	      11.0000	      0.0000	      0.0000	      3.4329	      297.3466	      -227659.1110	      
16.0000	      12.0000	      0.0000	      0.0000	      3.4192	      296.4275	      -227659.7226	      
16.0000	      13.0000	      0.0000	      0.0000	      3.4013	      295.7788	      -227659.5784	      
16.0000	      14.0000	      0.0000	      0.0000	      3.2564	      295.9909	      -227655.0070	      
16.0000	      15.0000	      0.0000	      0.0000	      3.4635	      296.0544	      -227658.9293	      
17.0000	      1.0000	      0.0000	      0.0000	      3.4611	      295.7564	      -227659.0059	      
17.0000	      2.0000	      0.0000	      0.0000	      3.5882	      296.6182	      -227655.0975	      
17.0000	      3.0000	      0.0000	      0.0000	      3.3595	      296.9541	      -227658.3743	      
17.0000	      4.0000	      0.0000	      0.0000	      3.2791	      297.2502	      -227652.9385	      
17.0000	      5.0000	      0.0000	      0.0000	      3.2493	      301.2765	      -227617.0386	      
17.0000	      6.0000	      0.0000	      0.0000	      3.4486	      296.7061	      -227659.4046	      
17.0000	      7.0000	      0.0000	      0.0000	      3.4779	      296.9020	      -227659.2178	      
17.0000	      8.0000	      0.0000	      0.0000	      3.4625	      338.2320	      -227334.6371	      
17.0000	      9.0000	      0.0000	      0.0000	      3.4469	      296.3942	      -227659.3862	      
17.0000	      10.0000	      0.0000	      0.0000	      3.4266	      294.4400	      -227658.6457	      
17.0000	      11.0000	      0.0000	      0.0000	      3.4330	      297.0706	      -227659.3393	      
17.0000	      12.0000	      0.0000	      0.0000	      3.3965	      296.5351	      -227659.5117	      
17.0000	      13.0000	      0.0000	      0.0000	      3.4101	      296.1497	      -227659.6888	      
17.0000	      14.0000	      0.0000	      0.0000	      3.3516	      296.0999	      -227659.0329	      
17.0000	      15.0000	      0.0000	      0.0000	      3.4546	      296.1713	      -227659.2314	      
18.0000	      1.0000	      0.0000	      0.0000	      3.4327	      296.7354	      -227659.4277	      
18.0000	      2.0000	      0.0000	      0.0000	      3.4705	      295.2613	      -227658.2410	      
18.0000	      3.0000	      0.0000	      0.0000	      3.3829	      296.8966	      -227658.9166	      
18.0000	      4.0000	      0.0000	      0.0000	      3.3200	      297.0011	      -227656.5509	      
18.0000	      5.0000	      0.0000	      0.0000	      3.3073	      299.6099	      -227643.8335	      
18.0000	      6.0000	      0.0000	      0.0000	      3.4395	      296.6764	      -227659.4694	      
18.0000	      7.0000	      0.0000	      0.0000	      3.4512	      296.7920	      -227659.3677	      
18.0000	      8.0000	      0.0000	      0.0000	      3.4606	      344.4080	      -227434.9371	      
18.0000	      9.0000	      0.0000	      0.0000	      3.4420	      296.4714	      -227659.4537	      
18.0000	      10.0000	      0.0000	      0.0000	      3.4169	      294.9903	      -227659.2093	      
18.0000	      11.0000	      0.0000	      0.0000	      3.4338	      296.6698	      -227659.4526	      
18.0000	      12.0000	      0.0000	      0.0000	      3.3911	      296.5936	      -227659.1861	      
18.0000	      13.0000	      0.0000	      0.0000	      3.4193	      296.4321	      -227659.5303	      
18.0000	      14.0000	      0.0000	      0.0000	      3.4430	      295.9020	      -227659.3717	      
18.0000	      15.0000	      0.0000	      0.0000	      3.4465	      296.4604	      -227659.4841	      
19.0000	      1.0000	      0.0000	      0.0000	      3.4128	      297.4121	      -227658.7140	      
19.0000	      2.0000	      0.0000	      0.0000	      3.3791	      294.7223	      -227659.4555	      
19.0000	      3.0000	      0.0000	      0.0000	      3.4280	      296.8712	      -227659.5345	      
19.0000	      4.0000	      0.0000	      0.0000	      3.3617	      296.7512	      -227658.7679	      
19.0000	      5.0000	      0.0000	      0.0000	      3.3879	      297.7857	      -227657.6426	      
19.0000	      6.0000	      0.0000	      0.0000	      3.4316	      296.6517	      -227659.5984	      
19.0000	      7.0000	      0.0000	      0.0000	      3.4300	      296.6857	      -227659.6185	      
19.0000	      8.0000	      0.0000	      0.0000	      3.4514	      337.9083	      -227315.2872	      
19.0000	      9.0000	      0.0000	      0.0000	      3.4359	      296.3002	      -227659.5508	      
19.0000	      10.0000	      0.0000	      0.0000	      3.4104	      295.9217	      -227659.7708	      
19.0000	      11.0000	      0.0000	      0.0000	      3.4344	      296.3718	      -227659.6125	      
19.0000	      12.0000	      0.0000	      0.0000	      3.3980	      296.6202	      -227659.3634	      
19.0000	      13.0000	      0.0000	      0.0000	      3.4251	      296.5851	      -227659.5503	      
19.0000	      14.0000	      0.0000	      0.0000	      3.5044	      295.9452	      -227657.6998	      
19.0000	      15.0000	      0.0000	      0.0000	      3.4377	      296.6808	      -227659.4920	      
20.0000	      1.0000	      0.0000	      0.0000	      3.4094	      297.4775	      -227658.4880	      
20.0000	      2.0000	      0.0000	      0.0000	      3.3186	      294.4192	      -227659.1520	      
20.0000	      3.0000	      0.0000	      0.0000	      3.4606	      296.8071	      -227659.1590	      
20.0000	      4.0000	      0.0000	      0.0000	      3.3978	      296.5066	      -227659.4133	      
20.0000	      5.0000	      0.0000	      0.0000	      3.4451	      296.3439	      -227659.3400	      
20.0000	      6.0000	      0.0000	      0.0000	      3.4266	      296.6325	      -227659.4209	      
20.0000	      7.0000	      0.0000	      0.0000	      3.4162	      296.6082	      -227659.4789	      
20.0000	      8.0000	      0.0000	      0.0000	      3.4454	      332.8333	      -227221.6595	      
20.0000	      9.0000	      0.0000	      0.0000	      3.4276	      296.0214	      -227659.4790	      
20.0000	      10.0000	      0.0000	      0.0000	      3.4093	      296.6411	      -227659.5772	      
20.0000	      11.0000	      0.0000	      0.0000	      3.4346	      296.3351	      -227659.4978	      
20.0000	      12.0000	      0.0000	      0.0000	      3.4095	      296.5650	      -227659.6016	      
20.0000	      13.0000	      0.0000	      0.0000	      3.4306	      296.6150	      -227659.5314	      
20.0000	      14.0000	      0.0000	      0.0000	      3.5202	      296.0112	      -227657.1784	      
20.0000	      15.0000	      0.0000	      0.0000	      3.4315	      296.8280	      -227659.3560	      
21.0000	      1.0000	      0.0000	      0.0000	      3.4170	      297.3599	      -227659.0415	      
21.0000	      2.0000	      0.0000	      0.0000	      3.3168	      294.5034	      -227659.0693	      
21.0000	      3.0000	      0.0000	      0.0000	      3.4662	      296.7826	      -227659.0764	      
21.0000	      4.0000	      0.0000	      0.0000	      3.4317	      296.3702	      -227659.5316	      
21.0000	      5.0000	      0.0000	      0.0000	      3.4827	      295.3497	      -227658.2094	      
21.0000	      6.0000	      0.0000	      0.0000	      3.4244	      296.6265	      -227659.5468	      
21.0000	      7.0000	      0.0000	      0.0000	      3.4156	      296.5646	      -227659.6589	      
21.0000	      8.0000	      0.0000	      0.0000	      3.4420	      330.9552	      -227195.3903	      
21.0000	      9.0000	      0.0000	      0.0000	      3.4230	      295.8156	      -227659.5040	      
21.0000	      10.0000	      0.0000	      0.0000	      3.4151	      297.0039	      -227659.4133	      
21.0000	      11.0000	      0.0000	      0.0000	      3.4344	      296.4210	      -227659.4375	      
21.0000	      12.0000	      0.0000	      0.0000	      3.4256	      296.4998	      -227659.6317	      
21.0000	      13.0000	      0.0000	      0.0000	      3.4310	      296.5261	      -227659.5873	      
21.0000	      14.0000	      0.0000	      0.0000	      3.4989	      296.0281	      -227658.0582	      
21.0000	      15.0000	      0.0000	      0.0000	      3.4286	      296.8230	      -227659.6183	      
22.0000	      1.0000	      0.0000	      0.0000	      3.4305	      296.8549	      -227659.5161	      
22.0000	      2.0000	      0.0000	      0.0000	      3.3511	      294.6219	      -227659.5775	      
22.0000	      3.0000	      0.0000	      0.0000	      3.4523	      296.7513	      -227659.4562	      
22.0000	      4.0000	      0.0000	      0.0000	      3.4560	      296.3455	      -227659.1992	      
22.0000	      5.0000	      0.0000	      0.0000	      3.5037	      294.7641	      -227656.8536	      
22.0000	      6.0000	      0.0000	      0.0000	      3.4245	      296.6347	      -227659.5396	      
22.0000	      7.0000	      0.0000	      0.0000	      3.4185	      296.5483	      -227659.5574	      
22.0000	      8.0000	      0.0000	      0.0000	      3.4395	      337.3906	      -227289.3185	      
22.0000	      9.0000	      0.0000	      0.0000	      3.4191	      295.7793	      -227659.5216	      
22.0000	      10.0000	      0.0000	      0.0000	      3.4237	      297.1402	      -227659.2667	      
22.0000	      11.0000	      0.0000	      0.0000	      3.4341	      296.5333	      -227659.6192	      
22.0000	      12.0000	      0.0000	      0.0000	      3.4383	      296.4516	      -227659.4855	      
22.0000	      13.0000	      0.0000	      0.0000	      3.4248	      296.4178	      -227659.4270	      
22.0000	      14.0000	      0.0000	      0.0000	      3.4689	      296.0415	      -227658.9898	      
22.0000	      15.0000	      0.0000	      0.0000	      3.4277	      296.7974	      -227659.5978	      
23.0000	      1.0000	      0.0000	      0.0000	      3.4406	      296.4962	      -227659.4886	      
23.0000	      2.0000	      0.0000	      0.0000	      3.3913	      295.2147	      -227659.5771	      
23.0000	      3.0000	      0.0000	      0.0000	      3.4367	      296.7695	      -227659.5024	      
23.0000	      4.0000	      0.0000	      0.0000	      3.4590	      296.3692	      -227659.3085	      
23.0000	      5.0000	      0.0000	      0.0000	      3.5019	      295.3459	      -227657.4476	      
23.0000	      6.0000	      0.0000	      0.0000	      3.4298	      296.6479	      -227659.5197	      
23.0000	      7.0000	      0.0000	      0.0000	      3.4215	      296.5545	      -227659.4138	      
23.0000	      8.0000	      0.0000	      0.0000	      3.4398	      346.8674	      -227453.5097	      
23.0000	      9.0000	      0.0000	      0.0000	      3.4179	      295.9572	      -227659.7970	      
23.0000	      10.0000	      0.0000	      0.0000	      3.4282	      296.7067	      -227659.3706	      
23.0000	      11.0000	      0.0000	      0.0000	      3.4338	      296.6630	      -227659.4498	      
23.0000	      12.0000	      0.0000	      0.0000	      3.4410	      296.4606	      -227659.5592	      
23.0000	      13.0000	      0.0000	      0.0000	      3.4192	      296.3590	      -227659.4998	      
23.0000	      14.0000	      0.0000	      0.0000	      3.4360	      296.1494	      -227659.5976	      
23.0000	      15.0000	      0.0000	      0.0000	      3.4286	      296.7808	      -227659.4390	      
24.0000	      1.0000	      0.0000	      0.0000	      3.4449	      296.3253	      -227659.3669	      
24.0000	      2.0000	      0.0000	      0.0000	      3.4177	      295.7746	      -227659.6397	      
24.0000	      3.0000	      0.0000	      0.0000	      3.4248	      296.8269	      -227659.4056	      
24.0000	      4.0000	      0.0000	      0.0000	      3.4443	      296.4436	      -227659.4093	      
24.0000	      5.0000	      0.0000	      0.0000	      3.4590	      296.0803	      -227659.1954	      
24.0000	      6.0000	      0.0000	      0.0000	      3.4342	      296.6589	      -227659.4159	      
24.0000	      7.0000	      0.0000	      0.0000	      3.4237	      296.5756	      -227659.5292	      
24.0000	      8.0000	      0.0000	      0.0000	      3.4407	      355.9912	      -227527.3741	      
24.0000	      9.0000	      0.0000	      0.0000	      3.4198	      296.2397	      -227659.4933	      
24.0000	      10.0000	      0.0000	      0.0000	      3.4252	      296.2291	      -227659.6228	      
24.0000	      11.0000	      0.0000	      0.0000	      3.4337	      296.7423	      -227659.4129	      
24.0000	      12.0000	      0.0000	      0.0000	      3.4329	      296.4920	      -227659.4691	      
24.0000	      13.0000	      0.0000	      0.0000	      3.4164	      296.3048	      -227659.5709	      
24.0000	      14.0000	      0.0000	      0.0000	      3.4126	      296.2698	      -227659.6188	      
24.0000	      15.0000	      0.0000	      0.0000	      3.4294	      296.7327	      -227659.5275	      
25.0000	      1.0000	      0.0000	      0.0000	      3.4409	      296.4366	      -227659.3643	      
25.0000	      2.0000	      0.0000	      0.0000	      3.4379	      296.2743	      -227659.5131	      
25.0000	      3.0000	      0.0000	      0.0000	      3.4177	      296.8741	      -227659.3908	      
25.0000	      4.0000	      0.0000	      0.0000	      3.4326	      296.5122	      -227659.5577	      
25.0000	      5.0000	      0.0000	      0.0000	      3.4214	      296.6969	      -227659.5233	      
25.0000	      6.0000	      0.0000	      0.0000	      3.4364	      296.6622	      -227659.4177	      
25.0000	      7.0000	      0.0000	      0.0000	      3.4254	      296.5992	      -227659.4424	      
25.0000	      8.0000	      0.0000	      0.0000	      3.4410	      346.3119	      -227447.2812	      
25.0000	      9.0000	      0.0000	      0.0000	      3.4238	      296.3235	      -227659.6807	      
25.0000	      10.0000	      0.0000	      0.0000	      3.4203	      295.8954	      -227659.6270	      
25.0000	      11.0000	      0.0000	      0.0000	      3.4338	      296.7636	      -227659.4785	      
25.0000	      12.0000	      0.0000	      0.0000	      3.4273	      296.5180	      -227659.6184	      
25.0000	      13.0000	      0.0000	      0.0000	      3.4143	      296.3338	      -227659.6099	      
25.0000	      14.0000	      0.0000	      0.0000	      3.3978	      296.3756	      -227659.4971	      
25.0000	      15.0000	      0.0000	      0.0000	      3.4305	      296.7043	      -227659.4122	      
26.0000	      1.0000	      0.0000	      0.0000	      3.4361	      296.5692	      -227659.5231	      
26.0000	      2.0000	      0.0000	      0.0000	      3.4431	      296.5822	      -227659.6000	      
26.0000	      3.0000	      0.0000	      0.0000	      3.4182	      296.8840	      -227659.3336	      
26.0000	      4.0000	      0.0000	      0.0000	      3.4246	      296.5905	      -227659.4822	      
26.0000	      5.0000	      0.0000	      0.0000	      3.3978	      297.1236	      -227658.9631	      
26.0000	      6.0000	      0.0000	      0.0000	      3.4370	      296.6553	      -227659.4182	      
26.0000	      7.0000	      0.0000	      0.0000	      3.4235	      296.6241	      -227659.5151	      
26.0000	      8.0000	      0.0000	      0.0000	      3.4438	      329.1732	      -227189.3226	      
26.0000	      9.0000	      0.0000	      0.0000	      3.4244	      296.3377	      -227659.6551	      
26.0000	      10.0000	      0.0000	      0.0000	      3.4175	      295.7980	      -227659.5788	      
26.0000	      11.0000	      0.0000	      0.0000	      3.4339	      296.7587	      -227659.5360	      
26.0000	      12.0000	      0.0000	      0.0000	      3.4224	      296.5167	      -227659.6711	      
26.0000	      13.0000	      0.0000	      0.0000	      3.4150	      296.3096	      -227659.5725	      
26.0000	      14.0000	      0.0000	      0.0000	      3.4026	      296.5138	      -227659.4846	      
26.0000	      15.0000	      0.0000	      0.0000	      3.4322	      296.7026	      -227659.2772	      
27.0000	      1.0000	      0.0000	      0.0000	      3.4326	      296.6669	      -227659.4481	      
27.0000	      2.0000	      0.0000	      0.0000	      3.4449	      296.4760	      -227659.4907	      
27.0000	      3.0000	      0.0000	      0.0000	      3.4232	      296.8626	      -227659.3064	      
27.0000	      4.0000	      0.0000	      0.0000	      3.4218	      296.6114	      -227659.5892	      
27.0000	      5.0000	      0.0000	      0.0000	      3.3968	      297.2095	      -227659.0487	      
27.0000	      6.0000	      0.0000	      0.0000	      3.4351	      296.6484	      -227659.4690	      
27.0000	      7.0000	      0.0000	      0.0000	      3.4208	      296.6432	      -227659.7163	      
27.0000	      8.0000	      0.0000	      0.0000	      3.4459	      312.7960	      -227485.2681	      
27.0000	      9.0000	      0.0000	      0.0000	      3.4256	      296.3899	      -227659.4943	      
27.0000	      10.0000	      0.0000	      0.0000	      3.4154	      295.7474	      -227659.4231	      
27.0000	      11.0000	      0.0000	      0.0000	      3.4341	      296.7078	      -227659.4262	      
27.0000	      12.0000	      0.0000	      0.0000	      3.4206	      296.5216	      -227659.6500	      
27.0000	      13.0000	      0.0000	      0.0000	      3.4149	      296.2575	      -227659.7163	      
27.0000	      14.0000	      0.0000	      0.0000	      3.4124	      296.6079	      -227659.5420	      
27.0000	      15.0000	      0.0000	      0.0000	      3.4322	      296.6936	      -227659.5629	      
28.0000	      1.0000	      0.0000	      0.0000	      3.4316	      296.6859	      -227659.6380	      
28.0000	      2.0000	      0.0000	      0.0000	      3.4360	      296.2960	      -227659.5448	      
28.0000	      3.0000	      0.0000	      0.0000	      3.4301	      296.8023	      -227659.4687	      
28.0000	      4.0000	      0.0000	      0.0000	      3.4203	      296.6284	      -227659.6055	      
28.0000	      5.0000	      0.0000	      0.0000	      3.4125	      297.0550	      -227659.3720	      
28.0000	      6.0000	      0.0000	      0.0000	      3.4321	      296.6421	      -227659.8152	      
28.0000	      7.0000	      0.0000	      0.0000	      3.4208	      296.6563	      -227659.4207	      
28.0000	      8.0000	      0.0000	      0.0000	      3.4488	      302.2028	      -227644.8149	      
28.0000	      9.0000	      0.0000	      0.0000	      3.4276	      296.4352	      -227659.3346	      
28.0000	      10.0000	      0.0000	      0.0000	      3.4142	      295.7484	      -227659.4493	      
28.0000	      11.0000	      0.0000	      0.0000	      3.4341	      296.6614	      -227659.3952	      
28.0000	      12.0000	      0.0000	      0.0000	      3.4210	      296.5189	      -227659.6341	      
28.0000	      13.0000	      0.0000	      0.0000	      3.4200	      296.2235	      -227659.4620	      
28.0000	      14.0000	      0.0000	      0.0000	      3.4218	      296.6292	      -227659.4610	      
28.0000	      15.0000	      0.0000	      0.0000	      3.4320	      296.7283	      -227659.5722	      
29.0000	      1.0000	      0.0000	      0.0000	      3.4312	      296.6970	      -227659.4805	      
29.0000	      2.0000	      0.0000	      0.0000	      3.4217	      296.0174	      -227659.6265	      
29.0000	      3.0000	      0.0000	      0.0000	      3.4344	      296.7695	      -227659.4519	      
29.0000	      4.0000	      0.0000	      0.0000	      3.4210	      296.6436	      -227659.7530	      
29.0000	      5.0000	      0.0000	      0.0000	      3.4296	      296.7918	      -227659.4857	      
29.0000	      6.0000	      0.0000	      0.0000	      3.4306	      296.6376	      -227659.5547	      
29.0000	      7.0000	      0.0000	      0.0000	      3.4227	      296.6590	      -227659.5295	      
29.0000	      8.0000	      0.0000	      0.0000	      3.4496	      294.0701	      -227657.3136	      
29.0000	      9.0000	      0.0000	      0.0000	      3.4279	      296.3434	      -227659.5027	      
29.0000	      10.0000	      0.0000	      0.0000	      3.4179	      295.8954	      -227659.6075	      
29.0000	      11.0000	      0.0000	      0.0000	      3.4341	      296.6221	      -227659.5724	      
29.0000	      12.0000	      0.0000	      0.0000	      3.4230	      296.5065	      -227659.5255	      
29.0000	      13.0000	      0.0000	      0.0000	      3.4231	      296.2149	      -227659.7287	      
29.0000	      14.0000	      0.0000	      0.0000	      3.4261	      296.5614	      -227659.6482	      
29.0000	      15.0000	      0.0000	      0.0000	      3.4305	      296.7416	      -227659.4413	      
30.0000	      1.0000	      0.0000	      0.0000	      3.4312	      296.6893	      -227659.5634	      
30.0000	      2.0000	      0.0000	      0.0000	      3.4127	      295.8884	      -227659.4567	      
30.0000	      3.0000	      0.0000	      0.0000	      3.4348	      296.7769	      -227659.3336	      
30.0000	      4.0000	      0.0000	      0.0000	      3.4240	      296.6538	      -227659.5026	      
30.0000	      5.0000	      0.0000	      0.0000	      3.4417	      296.5798	      -227659.6595	      
30.0000	      6.0000	      0.0000	      0.0000	      3.4307	      296.6370	      -227659.5049	      
30.0000	      7.0000	      0.0000	      0.0000	      3.4238	      296.6559	      -227659.4549	      
30.0000	      8.0000	      0.0000	      0.0000	      3.4485	      288.3922	      -227646.0784	      
30.0000	      9.0000	      0.0000	      0.0000	      3.4269	      296.1677	      -227659.5469	      
30.0000	      10.0000	      0.0000	      0.0000	      3.4249	      296.0059	      -227659.5219	      
30.0000	      11.0000	      0.0000	      0.0000	      3.4340	      296.6071	      -227659.5641	      
30.0000	      12.0000	      0.0000	      0.0000	      3.4242	      296.5222	      -227659.5446	      
30.0000	      13.0000	      0.0000	      0.0000	      3.4255	      296.2806	      -227659.4558	      
30.0000	      14.0000	      0.0000	      0.0000	      3.4305	      296.5169	      -227659.6652	      
30.0000	      15.0000	      0.0000	      0.0000	      3.4292	      296.7516	      -227659.5901	      
31.0000	      1.0000	      0.0000	      0.0000	      3.4321	      296.6768	      -227659.4877	      
31.0000	      2.0000	      0.0000	      0.0000	      3.4107	      295.9649	      -227659.5480	      
31.0000	      3.0000	      0.0000	      0.0000	      3.4338	      296.7582	      -227659.5082	      
31.0000	      4.0000	      0.0000	      0.0000	      3.4261	      296.6545	      -227659.4506	      
31.0000	      5.0000	      0.0000	      0.0000	      3.4479	      296.4320	      -227659.4092	      
31.0000	      6.0000	      0.0000	      0.0000	      3.4312	      296.6387	      -227659.5331	      
31.0000	      7.0000	      0.0000	      0.0000	      3.4251	      296.6440	      -227659.6947	      
31.0000	      8.0000	      0.0000	      0.0000	      3.4451	      289.2491	      -227648.2067	      
31.0000	      9.0000	      0.0000	      0.0000	      3.4274	      296.0427	      -227659.6139	      
31.0000	      10.0000	      0.0000	      0.0000	      3.4241	      296.2591	      -227659.5974	      
31.0000	      11.0000	      0.0000	      0.0000	      3.4340	      296.6090	      -227659.5151	      
31.0000	      12.0000	      0.0000	      0.0000	      3.4245	      296.5259	      -227659.5925	      
31.0000	      13.0000	      0.0000	      0.0000	      3.4269	      296.3166	      -227659.6534	      
31.0000	      14.0000	      0.0000	      0.0000	      3.4345	      296.4868	      -227659.4724	      
31.0000	      15.0000	      0.0000	      0.0000	      3.4286	      296.7547	      -227659.4954	      
32.0000	      1.0000	      0.0000	      0.0000	      3.4327	      296.6658	      -227659.4432	      
32.0000	      2.0000	      0.0000	      0.0000	      3.4109	      296.0368	      -227659.7459	      
32.0000	      3.0000	      0.0000	      0.0000	      3.4325	      296.7558	      -227659.5193	      
32.0000	      4.0000	      0.0000	      0.0000	      3.4267	      296.6477	      -227659.5213	      
32.0000	      5.0000	      0.0000	      0.0000	      3.4507	      296.4122	      -227659.2823	      
32.0000	      6.0000	      0.0000	      0.0000	      3.4323	      296.6406	      -227659.6510	      
32.0000	      7.0000	      0.0000	      0.0000	      3.4266	      296.6351	      -227659.5546	      
32.0000	      8.0000	      0.0000	      0.0000	      3.4425	      291.3317	      -227652.9460	      
32.0000	      9.0000	      0.0000	      0.0000	      3.4266	      296.1154	      -227659.5283	      
32.0000	      10.0000	      0.0000	      0.0000	      3.4215	      296.3753	      -227659.6457	      
32.0000	      11.0000	      0.0000	      0.0000	      3.4339	      296.6324	      -227659.4322	      
32.0000	      12.0000	      0.0000	      0.0000	      3.4245	      296.5112	      -227659.5561	      
32.0000	      13.0000	      0.0000	      0.0000	      3.4289	      296.3396	      -227659.5434	      
32.0000	      14.0000	      0.0000	      0.0000	      3.4371	      296.4987	      -227659.5946	      
32.0000	      15.0000	      0.0000	      0.0000	      3.4296	      296.7597	      -227659.4604	      
33.0000	      1.0000	      0.0000	      0.0000	      3.4331	      296.6595	      -227659.3856	      
33.0000	      2.0000	      0.0000	      0.0000	      3.4176	      296.2166	      -227659.6588	      
33.0000	      3.0000	      0.0000	      0.0000	      3.4307	      296.7469	      -227659.4759	      
33.0000	      4.0000	      0.0000	      0.0000	      3.4259	      296.6418	      -227659.8852	      
33.0000	      5.0000	      0.0000	      0.0000	      3.4478	      296.4740	      -227659.4240	      
33.0000	      6.0000	      0.0000	      0.0000	      3.4331	      296.6427	      -227659.7369	      
33.0000	      7.0000	      0.0000	      0.0000	      3.4259	      296.6335	      -227659.5588	      
33.0000	      8.0000	      0.0000	      0.0000	      3.4413	      293.7502	      -227657.2607	      
33.0000	      9.0000	      0.0000	      0.0000	      3.4251	      296.1126	      -227659.5593	      
33.0000	      10.0000	      0.0000	      0.0000	      3.4181	      296.4747	      -227659.4942	      
33.0000	      11.0000	      0.0000	      0.0000	      3.4339	      296.6533	      -227659.4821	      
33.0000	      12.0000	      0.0000	      0.0000	      3.4245	      296.4604	      -227659.6464	      
33.0000	      13.0000	      0.0000	      0.0000	      3.4293	      296.3870	      -227659.4790	      
33.0000	      14.0000	      0.0000	      0.0000	      3.4378	      296.5203	      -227659.5490	      
33.0000	      15.0000	      0.0000	      0.0000	      3.4306	      296.7562	      -227659.4900	      
34.0000	      1.0000	      0.0000	      0.0000	      3.4318	      296.6630	      -227659.4565	      
34.0000	      2.0000	      0.0000	      0.0000	      3.4217	      296.3601	      -227659.5230	      
34.0000	      3.0000	      0.0000	      0.0000	      3.4286	      296.7798	      -227659.4090	      
34.0000	      4.0000	      0.0000	      0.0000	      3.4254	      296.6377	      -227659.5167	      
34.0000	      5.0000	      0.0000	      0.0000	      3.4401	      296.5652	      -227659.5567	      
34.0000	      6.0000	      0.0000	      0.0000	      3.4316	      296.6441	      -227659.6306	      
34.0000	      7.0000	      0.0000	      0.0000	      3.4245	      296.6365	      -227659.5786	      
34.0000	      8.0000	      0.0000	      0.0000	      3.4383	      296.0999	      -227659.4145	      
34.0000	      9.0000	      0.0000	      0.0000	      3.4238	      296.1221	      -227659.5206	      
34.0000	      10.0000	      0.0000	      0.0000	      3.4156	      296.5023	      -227659.5650	      
34.0000	      11.0000	      0.0000	      0.0000	      3.4332	      296.6625	      -227659.4348	      
34.0000	      12.0000	      0.0000	      0.0000	      3.4221	      296.4357	      -227659.3792	      
34.0000	      13.0000	      0.0000	      0.0000	      3.4286	      296.3882	      -227659.4849	      
34.0000	      14.0000	      0.0000	      0.0000	      3.4355	      296.5464	      -227659.5383	      
34.0000	      15.0000	      0.0000	      0.0000	      3.4303	      296.7237	      -227659.4350	      
35.0000	      1.0000	      0.0000	      0.0000	      3.4297	      296.6654	      -227659.4514	      
35.0000	      2.0000	      0.0000	      0.0000	      3.4234	      296.3447	      -227659.4807	      
35.0000	      3.0000	      0.0000	      0.0000	      3.4267	      296.7889	      -227659.5324	      
35.0000	      4.0000	      0.0000	      0.0000	      3.4252	      296.6354	      -227659.5472	      
35.0000	      5.0000	      0.0000	      0.0000	      3.4319	      296.6343	      -227659.5462	      
35.0000	      6.0000	      0.0000	      0.0000	      3.4295	      296.6444	      -227659.6237	      
35.0000	      7.0000	      0.0000	      0.0000	      3.4222	      296.6407	      -227659.5967	      
35.0000	      8.0000	      0.0000	      0.0000	      3.4342	      297.8883	      -227658.5059	      
35.0000	      9.0000	      0.0000	      0.0000	      3.4214	      296.2193	      -227659.5069	      
35.0000	      10.0000	      0.0000	      0.0000	      3.4148	      296.3866	      -227659.4618	      
35.0000	      11.0000	      0.0000	      0.0000	      3.4325	      296.6630	      -227659.4802	      
35.0000	      12.0000	      0.0000	      0.0000	      3.4206	      296.4716	      -227659.5900	      
35.0000	      13.0000	      0.0000	      0.0000	      3.4273	      296.3613	      -227659.5680	      
35.0000	      14.0000	      0.0000	      0.0000	      3.4326	      296.5814	      -227659.7183	      
35.0000	      15.0000	      0.0000	      0.0000	      3.4297	      296.7080	      -227659.3992	      
36.0000	      1.0000	      0.0000	      0.0000	      3.4275	      296.6703	      -227659.4297	      
36.0000	      2.0000	      0.0000	      0.0000	      3.4212	      296.2279	      -227659.5696	      
36.0000	      3.0000	      0.0000	      0.0000	      3.4255	      296.7892	      -227659.4751	      
36.0000	      4.0000	      0.0000	      0.0000	      3.4253	      296.6363	      -227659.5499	      
36.0000	      5.0000	      0.0000	      0.0000	      3.4275	      296.6578	      -227659.4650	      
36.0000	      6.0000	      0.0000	      0.0000	      3.4274	      296.6433	      -227659.7042	      
36.0000	      7.0000	      0.0000	      0.0000	      3.4205	      296.6449	      -227659.6566	      
36.0000	      8.0000	      0.0000	      0.0000	      3.4304	      298.7262	      -227657.2274	      
36.0000	      9.0000	      0.0000	      0.0000	      3.4184	      296.2796	      -227659.4510	      
36.0000	      10.0000	      0.0000	      0.0000	      3.4173	      296.1931	      -227659.6362	      
36.0000	      11.0000	      0.0000	      0.0000	      3.4308	      296.6534	      -227659.4615	      
36.0000	      12.0000	      0.0000	      0.0000	      3.4196	      296.4764	      -227659.5627	      
36.0000	      13.0000	      0.0000	      0.0000	      3.4243	      296.3177	      -227659.6076	      
36.0000	      14.0000	      0.0000	      0.0000	      3.4288	      296.6231	      -227659.5116	      
36.0000	      15.0000	      0.0000	      0.0000	      3.4281	      296.6977	      -227659.5239	      
37.0000	      1.0000	      0.0000	      0.0000	      3.4271	      296.6691	      -227659.4236	      
37.0000	      2.0000	      0.0000	      0.0000	      3.4162	      296.0935	      -227659.5807	      
37.0000	      3.0000	      0.0000	      0.0000	      3.4251	      296.7522	      -227659.4882	      
37.0000	      4.0000	      0.0000	      0.0000	      3.4256	      296.6397	      -227659.5560	      
37.0000	      5.0000	      0.0000	      0.0000	      3.4296	      296.6626	      -227659.5113	      
37.0000	      6.0000	      0.0000	      0.0000	      3.4274	      296.6423	      -227659.8274	      
37.0000	      7.0000	      0.0000	      0.0000	      3.4202	      296.6468	      -227659.4169	      
37.0000	      8.0000	      0.0000	      0.0000	      3.4279	      298.2186	      -227658.0534	      
37.0000	      9.0000	      0.0000	      0.0000	      3.4169	      296.2315	      -227659.6642	      
37.0000	      10.0000	      0.0000	      0.0000	      3.4186	      296.1422	      -227659.5233	      
37.0000	      11.0000	      0.0000	      0.0000	      3.4292	      296.6398	      -227659.5381	      
37.0000	      12.0000	      0.0000	      0.0000	      3.4203	      296.4862	      -227659.4815	      
37.0000	      13.0000	      0.0000	      0.0000	      3.4222	      296.3526	      -227659.6421	      
37.0000	      14.0000	      0.0000	      0.0000	      3.4253	      296.6440	      -227659.7571	      
37.0000	      15.0000	      0.0000	      0.0000	      3.4269	      296.7265	      -227659.5080	      
38.0000	      1.0000	      0.0000	      0.0000	      3.4279	      296.6655	      -227659.4937	      
38.0000	      2.0000	      0.0000	      0.0000	      3.4114	      296.0540	      -227659.4725	      
38.0000	      3.0000	      0.0000	      0.0000	      3.4253	      296.7766	      -227659.3282	      
38.0000	      4.0000	      0.0000	      0.0000	      3.4260	      296.6433	      -227659.7513	      
38.0000	      5.0000	      0.0000	      0.0000	      3.4349	      296.6282	      -227659.5776	      
38.0000	      6.0000	      0.0000	      0.0000	      3.4273	      296.6415	      -227659.7825	      
38.0000	      7.0000	      0.0000	      0.0000	      3.4213	      296.6464	      -227659.4995	      
38.0000	      8.0000	      0.0000	      0.0000	      3.4304	      296.5876	      -227659.5142	      
38.0000	      9.0000	      0.0000	      0.0000	      3.4179	      296.1064	      -227659.6276	      
38.0000	      10.0000	      0.0000	      0.0000	      3.4184	      296.1420	      -227659.5107	      
38.0000	      11.0000	      0.0000	      0.0000	      3.4277	      296.6314	      -227659.4719	      
38.0000	      12.0000	      0.0000	      0.0000	      3.4211	      296.5126	      -227659.5030	      
38.0000	      13.0000	      0.0000	      0.0000	      3.4220	      296.3697	      -227659.5745	      
38.0000	      14.0000	      0.0000	      0.0000	      3.4229	      296.6581	      -227659.4873	      
38.0000	      15.0000	      0.0000	      0.0000	      3.4264	      296.7686	      -227659.4785	      
39.0000	      1.0000	      0.0000	      0.0000	      3.4284	      296.6633	      -227659.4533	      
39.0000	      2.0000	      0.0000	      0.0000	      3.4086	      296.1428	      -227659.6674	      
39.0000	      3.0000	      0.0000	      0.0000	      3.4265	      296.7609	      -227659.5199	      
39.0000	      4.0000	      0.0000	      0.0000	      3.4263	      296.6454	      -227659.5750	      
39.0000	      5.0000	      0.0000	      0.0000	      3.4375	      296.5943	      -227659.3099	      
39.0000	      6.0000	      0.0000	      0.0000	      3.4273	      296.6413	      -227659.6833	      
39.0000	      7.0000	      0.0000	      0.0000	      3.4232	      296.6447	      -227659.5751	      
39.0000	      8.0000	      0.0000	      0.0000	      3.4314	      295.4619	      -227659.2418	      
39.0000	      9.0000	      0.0000	      0.0000	      3.4191	      296.1204	      -227659.4846	      
39.0000	      10.0000	      0.0000	      0.0000	      3.4155	      296.1373	      -227659.6124	      
39.0000	      11.0000	      0.0000	      0.0000	      3.4290	      296.6300	      -227659.4691	      
39.0000	      12.0000	      0.0000	      0.0000	      3.4224	      296.5113	      -227659.5204	      
39.0000	      13.0000	      0.0000	      0.0000	      3.4226	      296.3836	      -227659.4248	      
39.0000	      14.0000	      0.0000	      0.0000	      3.4221	      296.6618	      -227659.4067	      
39.0000	      15.0000	      0.0000	      0.0000	      3.4267	      296.7980	      -227659.5297	      
40.0000	      1.0000	      0.0000	      0.0000	      3.4297	      296.6691	      -227659.3936	      
40.0000	      2.0000	      0.0000	      0.0000	      3.4080	      296.2214	      -227659.5869	      
40.0000	      3.0000	      0.0000	      0.0000	      3.4274	      296.7832	      -227659.3685	      
40.0000	      4.0000	      0.0000	      0.0000	      3.4263	      296.6447	      -227659.6360	      
40.0000	      5.0000	      0.0000	      0.0000	      3.4375	      296.5747	      -227659.4697	      
40.0000	      6.0000	      0.0000	      0.0000	      3.4271	      296.6415	      -227659.8159	      
40.0000	      7.0000	      0.0000	      0.0000	      3.4249	      296.6430	      -227659.7541	      
40.0000	      8.0000	      0.0000	      0.0000	      3.4304	      295.1250	      -227659.0733	      
40.0000	      9.0000	      0.0000	      0.0000	      3.4201	      296.2677	      -227659.5842	      
40.0000	      10.0000	      0.0000	      0.0000	      3.4141	      296.1164	      -227659.5795	      
40.0000	      11.0000	      0.0000	      0.0000	      3.4298	      296.6315	      -227659.4623	      
40.0000	      12.0000	      0.0000	      0.0000	      3.4235	      296.5147	      -227659.5346	      
40.0000	      13.0000	      0.0000	      0.0000	      3.4240	      296.4004	      -227659.4447	      
40.0000	      14.0000	      0.0000	      0.0000	      3.4226	      296.6539	      -227659.4678	      
40.0000	      15.0000	      0.0000	      0.0000	      3.4268	      296.7835	      -227659.3920	      
41.0000	      1.0000	      0.0000	      0.0000	      3.4313	      296.6753	      -227659.4923	      
41.0000	      2.0000	      0.0000	      0.0000	      3.4103	      296.2261	      -227659.6721	      
41.0000	      3.0000	      0.0000	      0.0000	      3.4282	      296.7851	      -227659.3270	      
41.0000	      4.0000	      0.0000	      0.0000	      3.4262	      296.6430	      -227659.6918	      
41.0000	      5.0000	      0.0000	      0.0000	      3.4380	      296.5676	      -227659.6549	      
41.0000	      6.0000	      0.0000	      0.0000	      3.4267	      296.6419	      -227659.9203	      
41.0000	      7.0000	      0.0000	      0.0000	      3.4262	      296.6417	      -227659.8273	      
41.0000	      8.0000	      0.0000	      0.0000	      3.4292	      295.1293	      -227658.9748	      
41.0000	      9.0000	      0.0000	      0.0000	      3.4208	      296.3930	      -227659.5285	      
41.0000	      10.0000	      0.0000	      0.0000	      3.4141	      296.2463	      -227659.6163	      
41.0000	      11.0000	      0.0000	      0.0000	      3.4303	      296.6385	      -227659.5959	      
41.0000	      12.0000	      0.0000	      0.0000	      3.4241	      296.5138	      -227659.5519	      
41.0000	      13.0000	      0.0000	      0.0000	      3.4254	      296.3832	      -227659.4280	      
41.0000	      14.0000	      0.0000	      0.0000	      3.4235	      296.6443	      -227659.5930	      
41.0000	      15.0000	      0.0000	      0.0000	      3.4272	      296.7585	      -227659.4873	      
42.0000	      1.0000	      0.0000	      0.0000	      3.4317	      296.6815	      -227659.5055	      
42.0000	      2.0000	      0.0000	      0.0000	      3.4152	      296.2898	      -227659.6109	      
42.0000	      3.0000	      0.0000	      0.0000	      3.4285	      296.7781	      -227659.3716	      
42.0000	      4.0000	      0.0000	      0.0000	      3.4261	      296.6413	      -227659.6914	      
42.0000	      5.0000	      0.0000	      0.0000	      3.4386	      296.5788	      -227659.6046	      
42.0000	      6.0000	      0.0000	      0.0000	      3.4265	      296.6422	      -227659.8571	      
42.0000	      7.0000	      0.0000	      0.0000	      3.4272	      296.6407	      -227659.5893	      
42.0000	      8.0000	      0.0000	      0.0000	      3.4280	      295.5229	      -227659.3455	      
42.0000	      9.0000	      0.0000	      0.0000	      3.4210	      296.3290	      -227659.3918	      
42.0000	      10.0000	      0.0000	      0.0000	      3.4154	      296.3081	      -227659.5557	      
42.0000	      11.0000	      0.0000	      0.0000	      3.4314	      296.6451	      -227659.6003	      
42.0000	      12.0000	      0.0000	      0.0000	      3.4252	      296.5017	      -227659.5808	      
42.0000	      13.0000	      0.0000	      0.0000	      3.4257	      296.3984	      -227659.5766	      
42.0000	      14.0000	      0.0000	      0.0000	      3.4246	      296.6370	      -227659.5152	      
42.0000	      15.0000	      0.0000	      0.0000	      3.4276	      296.7288	      -227659.5294	      
43.0000	      1.0000	      0.0000	      0.0000	      3.4317	      296.6849	      -227659.6562	      
43.0000	      2.0000	      0.0000	      0.0000	      3.4209	      296.4045	      -227659.6972	      
43.0000	      3.0000	      0.0000	      0.0000	      3.4283	      296.7866	      -227659.3777	      
43.0000	      4.0000	      0.0000	      0.0000	      3.4261	      296.6403	      -227659.5315	      
43.0000	      5.0000	      0.0000	      0.0000	      3.4366	      296.5988	      -227659.4042	      
43.0000	      6.0000	      0.0000	      0.0000	      3.4265	      296.6424	      -227659.8537	      
43.0000	      7.0000	      0.0000	      0.0000	      3.4274	      296.6406	      -227659.6022	      
43.0000	      8.0000	      0.0000	      0.0000	      3.4277	      295.8908	      -227659.4138	      
43.0000	      9.0000	      0.0000	      0.0000	      3.4208	      296.1079	      -227659.6178	      
43.0000	      10.0000	      0.0000	      0.0000	      3.4169	      296.2865	      -227659.5731	      
43.0000	      11.0000	      0.0000	      0.0000	      3.4326	      296.6490	      -227659.4985	      
43.0000	      12.0000	      0.0000	      0.0000	      3.4259	      296.4928	      -227659.5009	      
43.0000	      13.0000	      0.0000	      0.0000	      3.4257	      296.3796	      -227659.4846	      
43.0000	      14.0000	      0.0000	      0.0000	      3.4260	      296.6352	      -227659.5906	      
43.0000	      15.0000	      0.0000	      0.0000	      3.4282	      296.7385	      -227659.4131	      
44.0000	      1.0000	      0.0000	      0.0000	      3.4317	      296.6745	      -227659.5858	      
44.0000	      2.0000	      0.0000	      0.0000	      3.4240	      296.3994	      -227659.5179	      
44.0000	      3.0000	      0.0000	      0.0000	      3.4276	      296.7581	      -227659.5785	      
44.0000	      4.0000	      0.0000	      0.0000	      3.4261	      296.6402	      -227659.5945	      
44.0000	      5.0000	      0.0000	      0.0000	      3.4337	      296.6127	      -227659.5890	      
44.0000	      6.0000	      0.0000	      0.0000	      3.4266	      296.6424	      -227659.7140	      
44.0000	      7.0000	      0.0000	      0.0000	      3.4272	      296.6411	      -227659.6182	      
44.0000	      8.0000	      0.0000	      0.0000	      3.4277	      296.5155	      -227659.5434	      
44.0000	      9.0000	      0.0000	      0.0000	      3.4211	      295.9988	      -227659.6039	      
44.0000	      10.0000	      0.0000	      0.0000	      3.4171	      296.2606	      -227659.6543	      
44.0000	      11.0000	      0.0000	      0.0000	      3.4327	      296.6507	      -227659.4873	      
44.0000	      12.0000	      0.0000	      0.0000	      3.4243	      296.4998	      -227659.6157	      
44.0000	      13.0000	      0.0000	      0.0000	      3.4254	      296.3816	      -227659.4776	      
44.0000	      14.0000	      0.0000	      0.0000	      3.4269	      296.6386	      -227659.6022	      
44.0000	      15.0000	      0.0000	      0.0000	      3.4286	      296.7540	      -227659.4273	      
