#iter	     #Particle	       tx	       ty	       tz	     twist	     energy	     
1.0000	      1.0000	      0.9378	      0.3801	      3.3039	      -18.5182	      -639611.5168	      
1.0000	      2.0000	      0.5403	      0.9795	      3.4691	      -27.9365	      -641760.4514	      
1.0000	      3.0000	      1.2966	      0.2511	      3.5140	      -30.1138	      -642056.8936	      
1.0000	      4.0000	      1.0773	      0.8976	      3.4435	      -20.0373	      -641428.6818	      
1.0000	      5.0000	      0.5291	      0.9008	      3.4024	      -19.7304	      -641039.6964	      
1.0000	      6.0000	      0.8064	      0.8454	      3.4275	      -17.5540	      -640711.3301	      
1.0000	      7.0000	      1.1595	      0.6435	      3.4892	      -14.1932	      -637284.1245	      
1.0000	      8.0000	      1.5297	      0.2725	      3.5337	      -1.2762	      -637315.7963	      
1.0000	      9.0000	      0.6255	      0.5308	      3.5255	      -6.6913	      -631428.4583	      
1.0000	      10.0000	      0.9865	      0.8568	      3.4531	      -14.6096	      -639035.6113	      
1.0000	      11.0000	      1.1418	      0.4819	      3.3163	      -16.1701	      -635933.9652	      
1.0000	      12.0000	      0.3023	      0.8168	      3.3801	      -33.7853	      -641939.4502	      
1.0000	      13.0000	      0.5047	      0.9756	      3.3585	      -17.3540	      -640531.3495	      
1.0000	      14.0000	      1.0734	      0.4823	      3.3245	      -8.4380	      -633522.4299	      
1.0000	      15.0000	      1.9448	      0.0274	      3.5483	      -29.8287	      -641863.5292	      
2.0000	      1.0000	      1.5218	      0.7725	      3.5432	      -19.7258	      -639471.2451	      
2.0000	      2.0000	      0.9538	      0.0653	      3.4256	      -28.0316	      -641829.8004	      
2.0000	      3.0000	      1.5969	      0.8671	      3.4954	      -29.9310	      -642149.3403	      
2.0000	      4.0000	      1.7967	      0.9850	      3.4193	      -22.4480	      -641860.2046	      
2.0000	      5.0000	      0.7329	      0.9211	      3.4404	      -20.3560	      -641406.4873	      
2.0000	      6.0000	      0.9678	      0.3570	      3.4565	      -20.7279	      -640805.6218	      
2.0000	      7.0000	      1.2274	      0.2524	      3.5158	      -16.2060	      -637032.9481	      
2.0000	      8.0000	      1.8624	      0.8209	      3.5500	      -8.4614	      -634459.8261	      
2.0000	      9.0000	      1.1686	      0.9334	      3.3523	      -12.8199	      -635101.2457	      
2.0000	      10.0000	      1.1899	      0.9782	      3.5495	      -16.4038	      -639812.4603	      
2.0000	      11.0000	      1.2898	      0.7294	      3.5221	      -18.1968	      -639612.5009	      
2.0000	      12.0000	      0.4768	      0.8548	      3.4084	      -32.4532	      -641963.7474	      
2.0000	      13.0000	      0.6472	      0.3869	      3.3469	      -16.6989	      -639292.3411	      
2.0000	      14.0000	      1.8022	      0.5797	      3.3231	      -9.4889	      -632576.5964	      
2.0000	      15.0000	      1.9310	      0.5002	      3.3057	      -29.6771	      -642087.1074	      
3.0000	      1.0000	      1.7041	      0.0399	      3.5421	      -23.4273	      -637354.6131	      
3.0000	      2.0000	      1.4149	      0.2679	      3.5277	      -28.4805	      -641965.4870	      
3.0000	      3.0000	      1.8070	      0.2983	      3.3924	      -29.8031	      -642027.6598	      
3.0000	      4.0000	      0.2899	      0.0381	      3.3254	      -24.9012	      -640834.9929	      
3.0000	      5.0000	      1.1335	      0.9195	      3.3794	      -22.1604	      -641777.9031	      
3.0000	      6.0000	      1.1620	      0.8151	      3.3950	      -24.4193	      -641945.7899	      
3.0000	      7.0000	      1.3337	      0.8214	      3.3446	      -19.3494	      -640831.8167	      
3.0000	      8.0000	      1.9663	      0.9730	      3.3732	      -16.1949	      -639792.9978	      
3.0000	      9.0000	      1.6241	      0.1974	      3.3684	      -18.0188	      -627106.4180	      
3.0000	      10.0000	      1.3371	      0.0581	      3.5251	      -17.8048	      -636193.4340	      
3.0000	      11.0000	      1.4837	      0.9361	      3.5758	      -23.0690	      -641897.1253	      
3.0000	      12.0000	      0.8171	      0.8836	      3.5647	      -30.8311	      -642051.0122	      
3.0000	      13.0000	      0.9522	      0.7947	      3.4878	      -16.6936	      -640262.3943	      
3.0000	      14.0000	      0.2477	      0.6851	      3.4857	      -13.2407	      -637785.0070	      
3.0000	      15.0000	      1.8267	      0.8729	      3.5911	      -29.5951	      -642137.8759	      
4.0000	      1.0000	      1.8123	      0.5454	      3.3347	      -25.8551	      -641879.9808	      
4.0000	      2.0000	      1.7778	      0.5025	      3.5084	      -28.8834	      -642062.3386	      
4.0000	      3.0000	      1.8464	      0.9052	      3.5831	      -29.7559	      -642141.2470	      
4.0000	      4.0000	      1.0869	      0.4715	      3.5238	      -27.5543	      -642002.5752	      
4.0000	      5.0000	      1.4897	      0.9140	      3.5624	      -25.5377	      -642058.0782	      
4.0000	      6.0000	      1.4069	      0.1452	      3.5755	      -27.4595	      -641783.6328	      
4.0000	      7.0000	      1.4125	      0.2280	      3.3484	      -24.4940	      -641242.2231	      
4.0000	      8.0000	      1.9912	      0.0482	      3.4040	      -21.6400	      -638886.2206	      
4.0000	      9.0000	      1.8252	      0.5885	      3.5894	      -22.6183	      -641157.8123	      
4.0000	      10.0000	      1.4855	      0.6147	      3.4201	      -20.1860	      -640144.1279	      
4.0000	      11.0000	      1.6444	      0.0633	      3.5089	      -27.8268	      -641662.1429	      
4.0000	      12.0000	      1.1655	      0.9008	      3.5837	      -29.5175	      -642122.1989	      
4.0000	      13.0000	      1.0232	      0.1479	      3.4426	      -18.0458	      -638804.5587	      
4.0000	      14.0000	      0.6750	      0.8065	      3.5108	      -20.5318	      -641335.3671	      
4.0000	      15.0000	      1.7446	      0.1320	      3.4720	      -29.5627	      -641928.4376	      
5.0000	      1.0000	      1.8674	      0.9534	      3.4411	      -28.5976	      -642142.2872	      
5.0000	      2.0000	      0.0088	      0.7643	      3.4032	      -29.3878	      -641070.6329	      
5.0000	      3.0000	      1.7167	      0.3097	      3.3825	      -29.7697	      -642036.9116	      
5.0000	      4.0000	      1.7935	      0.8337	      3.3557	      -30.0170	      -642151.1058	      
5.0000	      5.0000	      1.7552	      0.9081	      3.3796	      -29.0325	      -642147.7869	      
5.0000	      6.0000	      1.5469	      0.6496	      3.3893	      -28.9092	      -642115.0994	      
5.0000	      7.0000	      1.4713	      0.6563	      3.5821	      -28.6518	      -642103.1282	      
5.0000	      8.0000	      1.9597	      0.3249	      3.3359	      -24.8926	      -641484.3637	      
5.0000	      9.0000	      1.9010	      0.9405	      3.4241	      -27.6588	      -642126.7283	      
5.0000	      10.0000	      1.6228	      0.0580	      3.5613	      -22.9902	      -636465.3705	      
5.0000	      11.0000	      1.6895	      0.7703	      3.3758	      -29.7607	      -642145.1089	      
5.0000	      12.0000	      1.4850	      0.9088	      3.4914	      -28.6409	      -642140.9298	      
5.0000	      13.0000	      0.9954	      0.5400	      3.3044	      -21.6489	      -641314.6335	      
5.0000	      14.0000	      1.1060	      0.9027	      3.4344	      -26.3373	      -642063.1460	      
5.0000	      15.0000	      1.6910	      0.6685	      3.3447	      -29.6279	      -642130.9076	      
6.0000	      1.0000	      1.8973	      0.2175	      3.5090	      -30.9004	      -642045.2620	      
6.0000	      2.0000	      1.1613	      0.8653	      3.5544	      -29.8512	      -642126.4539	      
6.0000	      3.0000	      1.6255	      0.6572	      3.4709	      -29.8491	      -642130.8183	      
6.0000	      4.0000	      0.2881	      0.0872	      3.4481	      -31.7409	      -641571.2513	      
6.0000	      5.0000	      1.9488	      0.9038	      3.4615	      -31.5126	      -642153.2654	      
6.0000	      6.0000	      1.6995	      0.0097	      3.4623	      -30.1352	      -641903.1083	      
6.0000	      7.0000	      1.5191	      0.9992	      3.3788	      -31.6200	      -642163.1984	      
6.0000	      8.0000	      1.8996	      0.5799	      3.5032	      -28.0951	      -642050.8185	      
6.0000	      9.0000	      1.9336	      0.1557	      3.5064	      -31.6682	      -642055.1887	      
6.0000	      10.0000	      1.7216	      0.5797	      3.5879	      -25.9430	      -641916.0844	      
6.0000	      11.0000	      1.7427	      0.2692	      3.4899	      -31.1370	      -642079.7557	      
6.0000	      12.0000	      1.7317	      0.9119	      3.3181	      -28.1462	      -642136.7712	      
6.0000	      13.0000	      1.0756	      0.8487	      3.4252	      -24.6565	      -641962.4871	      
6.0000	      14.0000	      1.5115	      0.9613	      3.5728	      -30.4497	      -642148.9437	      
6.0000	      15.0000	      1.7378	      0.1520	      3.5167	      -29.7124	      -641952.4367	      
7.0000	      1.0000	      1.8318	      0.6542	      3.5174	      -32.4146	      -642146.8761	      
7.0000	      2.0000	      0.0498	      0.9609	      3.3194	      -30.5873	      -641324.3349	      
7.0000	      3.0000	      1.5217	      0.9328	      3.5265	      -30.3022	      -642151.3407	      
7.0000	      4.0000	      1.1107	      0.6626	      3.5009	      -32.3020	      -642142.2729	      
7.0000	      5.0000	      0.0003	      0.9206	      3.5106	      -33.2531	      -641501.5801	      
7.0000	      6.0000	      1.6904	      0.7806	      3.4937	      -30.8662	      -642148.9085	      
7.0000	      7.0000	      1.5525	      0.2393	      3.4465	      -33.6977	      -642136.4247	      
7.0000	      8.0000	      1.7908	      0.8680	      3.3199	      -31.1723	      -642160.9244	      
7.0000	      9.0000	      1.8811	      0.5010	      3.5286	      -33.9111	      -642144.2786	      
7.0000	      10.0000	      1.7653	      0.9654	      3.5580	      -29.4729	      -642145.6691	      
7.0000	      11.0000	      1.7271	      0.8361	      3.5044	      -31.4997	      -642152.9675	      
7.0000	      12.0000	      1.7299	      0.9146	      3.4830	      -28.6465	      -642139.9426	      
7.0000	      13.0000	      1.2143	      0.1085	      3.4963	      -27.0283	      -641759.0879	      
7.0000	      14.0000	      1.7977	      0.0054	      3.3291	      -33.3417	      -642081.1246	      
7.0000	      15.0000	      1.7507	      0.8002	      3.3432	      -29.8184	      -642147.7611	      
8.0000	      1.0000	      1.6928	      0.0176	      3.4909	      -33.3866	      -642088.2290	      
8.0000	      2.0000	      1.0011	      0.9960	      3.4415	      -31.1764	      -642121.4914	      
8.0000	      3.0000	      1.4489	      0.1353	      3.5473	      -30.6416	      -642030.8326	      
8.0000	      4.0000	      1.8090	      0.1626	      3.4773	      -32.4956	      -642091.7950	      
8.0000	      5.0000	      0.7265	      0.9402	      3.4920	      -33.7165	      -642082.0739	      
8.0000	      6.0000	      1.6597	      0.3812	      3.5034	      -31.5556	      -642117.9986	      
8.0000	      7.0000	      1.5599	      0.8102	      3.4439	      -33.9050	      -642157.4147	      
8.0000	      8.0000	      1.6950	      0.0723	      3.4062	      -33.4331	      -642104.2055	      
8.0000	      9.0000	      1.7590	      0.8508	      3.5155	      -35.1344	      -642148.6307	      
8.0000	      10.0000	      1.7510	      0.2356	      3.4957	      -32.3946	      -642106.9375	      
8.0000	      11.0000	      1.6918	      0.2742	      3.4860	      -31.7723	      -642102.4127	      
8.0000	      12.0000	      1.6904	      0.9274	      3.5812	      -29.3107	      -642141.9466	      
8.0000	      13.0000	      1.3767	      0.5913	      3.5151	      -28.7304	      -642097.2216	      
8.0000	      14.0000	      1.9434	      0.5433	      3.4809	      -34.7918	      -642148.9460	      
8.0000	      15.0000	      1.7131	      0.2893	      3.4327	      -30.3830	      -642059.2193	      
9.0000	      1.0000	      1.6440	      0.7526	      3.4575	      -33.7310	      -642156.0780	      
9.0000	      2.0000	      1.8370	      0.9736	      3.5495	      -31.1623	      -642149.9760	      
9.0000	      3.0000	      1.4391	      0.5678	      3.5130	      -30.8900	      -642136.3298	      
9.0000	      4.0000	      0.2535	      0.8369	      3.4445	      -31.4535	      -641694.0082	      
9.0000	      5.0000	      1.7986	      0.9535	      3.4350	      -33.4664	      -642156.4382	      
9.0000	      6.0000	      1.6254	      0.8961	      3.4831	      -31.9181	      -642156.3306	      
9.0000	      7.0000	      1.5432	      0.2824	      3.4073	      -33.1631	      -642137.5127	      
9.0000	      8.0000	      1.6333	      0.5382	      3.4357	      -34.8612	      -642155.0217	      
9.0000	      9.0000	      1.6029	      0.1006	      3.4986	      -35.5521	      -642135.3681	      
9.0000	      10.0000	      1.7209	      0.8992	      3.4597	      -34.2626	      -642154.8031	      
9.0000	      11.0000	      1.6515	      0.6686	      3.4596	      -31.8735	      -642152.0667	      
9.0000	      12.0000	      1.6227	      0.9438	      3.3340	      -30.2728	      -642162.2270	      
9.0000	      13.0000	      1.5068	      0.9901	      3.4962	      -30.5088	      -642155.3276	      
9.0000	      14.0000	      0.0108	      0.0187	      3.5669	      -34.9188	      -641499.0396	      
9.0000	      15.0000	      1.6661	      0.7596	      3.4590	      -30.7213	      -642149.8368	      
10.0000	      1.0000	      1.5865	      0.2943	      3.4163	      -33.7832	      -642143.6964	      
10.0000	      2.0000	      0.4021	      0.9620	      3.5932	      -31.2413	      -641742.4649	      
10.0000	      3.0000	      1.4742	      0.0452	      3.4560	      -31.0000	      -642011.2496	      
10.0000	      4.0000	      1.5007	      0.3401	      3.3838	      -30.1458	      -642081.0758	      
10.0000	      5.0000	      0.4874	      0.9630	      3.3877	      -32.8922	      -641972.6941	      
10.0000	      6.0000	      1.5703	      0.2787	      3.4440	      -32.1453	      -642118.6415	      
10.0000	      7.0000	      1.5127	      0.0658	      3.3730	      -31.9691	      -642065.1893	      
10.0000	      8.0000	      1.5969	      0.9274	      3.3939	      -33.6243	      -642160.6379	      
10.0000	      9.0000	      1.5379	      0.6293	      3.4570	      -35.2445	      -642154.6365	      
10.0000	      10.0000	      1.6615	      0.3923	      3.4290	      -34.8862	      -642151.8927	      
10.0000	      11.0000	      1.5874	      0.0343	      3.4520	      -31.7115	      -642035.3024	      
10.0000	      12.0000	      1.5502	      0.9597	      3.3819	      -30.9615	      -642162.4559	      
10.0000	      13.0000	      1.5990	      0.2710	      3.4698	      -31.9941	      -642111.3398	      
10.0000	      14.0000	      0.9798	      0.5451	      3.5697	      -34.6467	      -642135.3594	      
10.0000	      15.0000	      1.6013	      0.1318	      3.4657	      -31.1738	      -642045.7190	      
11.0000	      1.0000	      1.5569	      0.9401	      3.4055	      -33.1716	      -642160.5226	      
11.0000	      2.0000	      1.5896	      0.9601	      3.5874	      -31.3786	      -642149.1692	      
11.0000	      3.0000	      1.5223	      0.5513	      3.4059	      -31.1800	      -642142.8840	      
11.0000	      4.0000	      0.4799	      0.0037	      3.3292	      -29.5788	      -641616.9218	      
11.0000	      5.0000	      1.5003	      0.9733	      3.3603	      -32.6460	      -642164.5069	      
11.0000	      6.0000	      1.5426	      0.8591	      3.4015	      -32.2652	      -642162.3101	      
11.0000	      7.0000	      1.4936	      0.9404	      3.3508	      -30.9154	      -642163.8721	      
11.0000	      8.0000	      1.5758	      0.1915	      3.3388	      -32.0484	      -642101.0166	      
11.0000	      9.0000	      1.4870	      0.0683	      3.4230	      -34.4978	      -642126.4983	      
11.0000	      10.0000	      1.6055	      0.1605	      3.4024	      -34.5371	      -642138.0015	      
11.0000	      11.0000	      1.5405	      0.5851	      3.4607	      -31.5396	      -642146.5733	      
11.0000	      12.0000	      1.4979	      0.9823	      3.4152	      -31.4663	      -642161.5348	      
11.0000	      13.0000	      1.6244	      0.7352	      3.4290	      -32.8180	      -642158.5664	      
11.0000	      14.0000	      0.1311	      0.9672	      3.5264	      -33.8887	      -641693.0633	      
11.0000	      15.0000	      1.5398	      0.7406	      3.4520	      -31.4431	      -642155.2561	      
12.0000	      1.0000	      1.5348	      0.4020	      3.3976	      -32.6649	      -642144.8496	      
12.0000	      2.0000	      0.4224	      0.9619	      3.5559	      -31.4867	      -641794.5003	      
12.0000	      3.0000	      1.5494	      0.0905	      3.4067	      -31.1192	      -642031.5351	      
12.0000	      4.0000	      1.7338	      0.7345	      3.3052	      -29.2003	      -642131.5106	      
12.0000	      5.0000	      0.2093	      0.9805	      3.3411	      -32.4736	      -641725.5774	      
12.0000	      6.0000	      1.5140	      0.2990	      3.3700	      -32.3989	      -642130.8957	      
12.0000	      7.0000	      1.4814	      0.5617	      3.3359	      -30.6164	      -642139.8338	      
12.0000	      8.0000	      1.6000	      0.5924	      3.5980	      -30.9246	      -642131.0427	      
12.0000	      9.0000	      1.4590	      0.6462	      3.4088	      -34.0348	      -642159.8542	      
12.0000	      10.0000	      1.5787	      0.0222	      3.3837	      -33.8428	      -642108.4875	      
12.0000	      11.0000	      1.5725	      0.0749	      3.4531	      -31.5420	      -642043.9004	      
12.0000	      12.0000	      1.4635	      0.9872	      3.4127	      -31.7396	      -642161.2702	      
12.0000	      13.0000	      1.6087	      0.1105	      3.3944	      -33.3755	      -642114.1981	      
12.0000	      14.0000	      1.5751	      0.1758	      3.4862	      -33.5646	      -642124.8488	      
12.0000	      15.0000	      1.4875	      0.1790	      3.4312	      -31.7836	      -642092.2565	      
13.0000	      1.0000	      1.5180	      0.9917	      3.3896	      -32.5410	      -642162.4217	      
13.0000	      2.0000	      1.5532	      0.9640	      3.5015	      -31.7767	      -642155.5277	      
13.0000	      3.0000	      1.5673	      0.6704	      3.4203	      -31.1665	      -642151.0249	      
13.0000	      4.0000	      0.5663	      0.3595	      3.3269	      -29.4691	      -641883.8372	      
13.0000	      5.0000	      1.4947	      0.9826	      3.3285	      -32.4695	      -642165.6147	      
13.0000	      6.0000	      1.5037	      0.0411	      3.3595	      -32.4592	      -642077.3865	      
13.0000	      7.0000	      1.4804	      0.0814	      3.3350	      -31.0198	      -642028.7966	      
13.0000	      8.0000	      1.6076	      0.9353	      3.4088	      -30.7367	      -642160.0573	      
13.0000	      9.0000	      1.4472	      0.1363	      3.3921	      -33.3344	      -642121.9784	      
13.0000	      10.0000	      1.6005	      0.1729	      3.3897	      -33.1855	      -642122.0188	      
13.0000	      11.0000	      1.6559	      0.6787	      3.4332	      -31.8370	      -642153.4129	      
13.0000	      12.0000	      1.4845	      0.9800	      3.3880	      -31.8825	      -642162.7477	      
13.0000	      13.0000	      1.5839	      0.6472	      3.3800	      -33.6467	      -642159.9965	      
13.0000	      14.0000	      0.6614	      0.6439	      3.4253	      -33.7392	      -642098.5388	      
13.0000	      15.0000	      1.4591	      0.9487	      3.4036	      -31.9815	      -642161.6316	      
14.0000	      1.0000	      1.5001	      0.4028	      3.3765	      -32.4395	      -642144.2038	      
14.0000	      2.0000	      0.3362	      0.9661	      3.4609	      -32.1461	      -641786.6427	      
14.0000	      3.0000	      1.5636	      0.2511	      3.4093	      -31.2784	      -642091.5857	      
14.0000	      4.0000	      1.5061	      0.9227	      3.3470	      -30.0936	      -642160.7477	      
14.0000	      5.0000	      0.3945	      0.9840	      3.3196	      -32.4666	      -641902.8469	      
14.0000	      6.0000	      1.4948	      0.0576	      3.3561	      -32.4104	      -642080.6503	      
14.0000	      7.0000	      1.4870	      0.7648	      3.3408	      -31.6599	      -642162.8170	      
14.0000	      8.0000	      1.6695	      0.1532	      3.5590	      -30.9451	      -642035.7777	      
14.0000	      9.0000	      1.4537	      0.7350	      3.3784	      -32.8164	      -642162.2881	      
14.0000	      10.0000	      1.6375	      0.2904	      3.3963	      -33.0574	      -642134.8339	      
14.0000	      11.0000	      1.7036	      0.1054	      3.4172	      -32.1009	      -642069.8873	      
14.0000	      12.0000	      1.5016	      0.9757	      3.3627	      -32.0943	      -642164.0035	      
14.0000	      13.0000	      1.5598	      0.1028	      3.3627	      -33.6155	      -642120.3054	      
14.0000	      14.0000	      1.8815	      0.0239	      3.3595	      -33.8059	      -642095.8131	      
14.0000	      15.0000	      1.4411	      0.4956	      3.3742	      -32.2383	      -642151.3170	      
15.0000	      1.0000	      1.4869	      0.8360	      3.3686	      -32.3791	      -642163.6382	      
15.0000	      2.0000	      1.2619	      0.9708	      3.4177	      -32.3698	      -642156.2530	      
15.0000	      3.0000	      1.5523	      0.7288	      3.4317	      -31.2604	      -642154.6530	      
15.0000	      4.0000	      0.1627	      0.3249	      3.3600	      -30.7703	      -641522.5596	      
15.0000	      5.0000	      1.6522	      0.9847	      3.3185	      -32.4666	      -642165.1812	      
15.0000	      6.0000	      1.5062	      0.8548	      3.3689	      -32.3648	      -642163.3965	      
15.0000	      7.0000	      1.4933	      0.2878	      3.3470	      -32.0550	      -642124.3934	      
15.0000	      8.0000	      1.7205	      0.7569	      3.3169	      -31.6259	      -642159.6047	      
15.0000	      9.0000	      1.4695	      0.1623	      3.3635	      -32.3548	      -642106.7867	      
15.0000	      10.0000	      1.6642	      0.4076	      3.3974	      -33.1462	      -642146.5582	      
15.0000	      11.0000	      1.7253	      0.8007	      3.3924	      -32.3742	      -642159.5097	      
15.0000	      12.0000	      1.5119	      0.9741	      3.3387	      -32.3094	      -642165.0932	      
15.0000	      13.0000	      1.5387	      0.7022	      3.3585	      -33.3252	      -642162.5899	      
15.0000	      14.0000	      0.6693	      0.4084	      3.3350	      -33.9830	      -642105.1519	      
15.0000	      15.0000	      1.4383	      0.1469	      3.3579	      -32.3588	      -642104.7644	      
16.0000	      1.0000	      1.4792	      0.1465	      3.3626	      -32.3469	      -642102.3760	      
16.0000	      2.0000	      1.9638	      0.9748	      3.3808	      -32.5397	      -642158.2999	      
16.0000	      3.0000	      1.5276	      0.1149	      3.4166	      -31.5083	      -642060.6646	      
16.0000	      4.0000	      1.1085	      0.8501	      3.3594	      -31.5538	      -642150.4196	      
16.0000	      5.0000	      0.4655	      0.9838	      3.3227	      -32.4672	      -641953.5194	      
16.0000	      6.0000	      1.5130	      0.4324	      3.3764	      -32.3393	      -642145.4203	      
16.0000	      7.0000	      1.4979	      0.1420	      3.3470	      -32.0865	      -642093.5795	      
16.0000	      8.0000	      1.7420	      0.2172	      3.4486	      -32.2566	      -642101.7679	      
16.0000	      9.0000	      1.4845	      0.8128	      3.3495	      -32.1686	      -642163.5972	      
16.0000	      10.0000	      1.6871	      0.4707	      3.4089	      -33.2263	      -642150.7103	      
16.0000	      11.0000	      1.7140	      0.3004	      3.3691	      -32.5855	      -642127.5238	      
16.0000	      12.0000	      1.5175	      0.9743	      3.3217	      -32.4746	      -642166.1631	      
16.0000	      13.0000	      1.5153	      0.1340	      3.3550	      -32.9984	      -642114.9031	      
16.0000	      14.0000	      1.4626	      0.8330	      3.3613	      -34.1818	      -642162.2935	      
16.0000	      15.0000	      1.4608	      0.7179	      3.3411	      -32.2996	      -642163.1852	      
17.0000	      1.0000	      1.4756	      0.5597	      3.3540	      -32.3452	      -642156.2457	      
17.0000	      2.0000	      0.3294	      0.9775	      3.3532	      -32.6546	      -641851.7414	      
17.0000	      3.0000	      1.5115	      0.5643	      3.3987	      -31.8591	      -642151.1376	      
17.0000	      4.0000	      1.9552	      0.2661	      3.3505	      -31.8221	      -642094.0595	      
17.0000	      5.0000	      1.4531	      0.9804	      3.3270	      -32.4687	      -642165.3738	      
17.0000	      6.0000	      1.5157	      0.0853	      3.3779	      -32.3348	      -642084.9521	      
17.0000	      7.0000	      1.4997	      0.8794	      3.3441	      -32.0630	      -642165.1271	      
17.0000	      8.0000	      1.7160	      0.8077	      3.5924	      -32.5328	      -642146.7919	      
17.0000	      9.0000	      1.5033	      0.2866	      3.3382	      -32.0433	      -642123.6854	      
17.0000	      10.0000	      1.7122	      0.2547	      3.4115	      -33.5007	      -642133.8032	      
17.0000	      11.0000	      1.6509	      0.9699	      3.3422	      -32.6266	      -642163.8290	      
17.0000	      12.0000	      1.5215	      0.9745	      3.3099	      -32.5902	      -642166.0523	      
17.0000	      13.0000	      1.5074	      0.7375	      3.3504	      -32.7266	      -642163.8132	      
17.0000	      14.0000	      0.0340	      0.1614	      3.3788	      -33.9728	      -641640.0724	      
17.0000	      15.0000	      1.4805	      0.1397	      3.3275	      -32.2998	      -642100.4446	      
18.0000	      1.0000	      1.4819	      0.0714	      3.3441	      -32.3581	      -642084.1799	      
18.0000	      2.0000	      1.0415	      0.9778	      3.3379	      -32.6269	      -642146.1589	      
18.0000	      3.0000	      1.5140	      0.9884	      3.3968	      -31.9529	      -642162.2279	      
18.0000	      4.0000	      0.3886	      0.5948	      3.3387	      -31.4529	      -641903.1028	      
18.0000	      5.0000	      0.1697	      0.9777	      3.3300	      -32.4702	      -641686.1025	      
18.0000	      6.0000	      1.5158	      0.9588	      3.3649	      -32.3425	      -642164.1041	      
18.0000	      7.0000	      1.5029	      0.4210	      3.3411	      -32.0866	      -642143.1882	      
18.0000	      8.0000	      1.6891	      0.2434	      3.3807	      -32.4937	      -642117.0868	      
18.0000	      9.0000	      1.5195	      0.8626	      3.3342	      -31.9752	      -642164.9475	      
18.0000	      10.0000	      1.7044	      0.1986	      3.4057	      -33.6927	      -642130.1448	      
18.0000	      11.0000	      1.5674	      0.4397	      3.3223	      -32.6295	      -642149.7435	      
18.0000	      12.0000	      1.5234	      0.9745	      3.3048	      -32.6550	      -642166.6837	      
18.0000	      13.0000	      1.5042	      0.1684	      3.3429	      -32.5035	      -642110.8938	      
18.0000	      14.0000	      0.7579	      0.6728	      3.3823	      -33.4340	      -642118.5423	      
18.0000	      15.0000	      1.4955	      0.7558	      3.3206	      -32.3253	      -642164.8396	      
19.0000	      1.0000	      1.4983	      0.7899	      3.3371	      -32.4447	      -642164.3636	      
19.0000	      2.0000	      1.9069	      0.9767	      3.3305	      -32.6035	      -642161.0550	      
19.0000	      3.0000	      1.5179	      0.2830	      3.3716	      -32.0330	      -642121.5975	      
19.0000	      4.0000	      1.2478	      0.9178	      3.3293	      -30.8840	      -642159.1094	      
19.0000	      5.0000	      1.5798	      0.9761	      3.3266	      -32.4886	      -642165.4199	      
19.0000	      6.0000	      1.5164	      0.5723	      3.3477	      -32.3638	      -642157.3482	      
19.0000	      7.0000	      1.5099	      0.8659	      3.3391	      -32.2157	      -642165.0970	      
19.0000	      8.0000	      1.6915	      0.9209	      3.4927	      -32.2378	      -642155.3035	      
19.0000	      9.0000	      1.5312	      0.2906	      3.3252	      -32.0339	      -642123.2009	      
19.0000	      10.0000	      1.6641	      0.2390	      3.4011	      -33.7005	      -642136.3240	      
19.0000	      11.0000	      1.5048	      0.8201	      3.3141	      -32.6350	      -642166.0641	      
19.0000	      12.0000	      1.5248	      0.9745	      3.3013	      -32.7004	      -642166.4301	      
19.0000	      13.0000	      1.5043	      0.6711	      3.3275	      -32.3806	      -642162.4401	      
19.0000	      14.0000	      1.3065	      0.1103	      3.3760	      -32.8887	      -642110.0890	      
19.0000	      15.0000	      1.5138	      0.2038	      3.3156	      -32.4159	      -642116.1346	      
20.0000	      1.0000	      1.5173	      0.3171	      3.3264	      -32.5417	      -642136.7527	      
20.0000	      2.0000	      0.3987	      0.9755	      3.3228	      -32.5922	      -641914.2455	      
20.0000	      3.0000	      1.5212	      0.7805	      3.3522	      -32.0778	      -642162.8609	      
20.0000	      4.0000	      1.9965	      0.1472	      3.3228	      -30.8054	      -642003.7396	      
20.0000	      5.0000	      0.5276	      0.9776	      3.3195	      -32.5231	      -641995.4385	      
20.0000	      6.0000	      1.5182	      0.1359	      3.3292	      -32.3855	      -642100.3979	      
20.0000	      7.0000	      1.5133	      0.2032	      3.3391	      -32.3466	      -642114.4690	      
20.0000	      8.0000	      1.6646	      0.3878	      3.5752	      -31.7811	      -642118.7676	      
20.0000	      9.0000	      1.5356	      0.9128	      3.3171	      -32.1299	      -642166.5895	      
20.0000	      10.0000	      1.6470	      0.3664	      3.3969	      -33.7256	      -642147.9156	      
20.0000	      11.0000	      1.4648	      0.0898	      3.3083	      -32.6416	      -642098.9574	      
20.0000	      12.0000	      1.5256	      0.9745	      3.6000	      -32.7113	      -642147.2494	      
20.0000	      13.0000	      1.5076	      0.1084	      3.3239	      -32.4002	      -642094.2772	      
20.0000	      14.0000	      1.7782	      0.6700	      3.3545	      -32.7115	      -642158.3755	      
20.0000	      15.0000	      1.5252	      0.6963	      3.3132	      -32.4798	      -642163.8797	      
21.0000	      1.0000	      1.5287	      0.7298	      3.3148	      -32.5926	      -642164.7667	      
21.0000	      2.0000	      1.6033	      0.9751	      3.3177	      -32.5920	      -642166.1018	      
21.0000	      3.0000	      1.5241	      0.1436	      3.3342	      -32.2287	      -642096.4480	      
21.0000	      4.0000	      0.2779	      0.5352	      3.3204	      -31.1597	      -641789.4557	      
21.0000	      5.0000	      1.4923	      0.9802	      3.3146	      -32.5584	      -642165.9911	      
21.0000	      6.0000	      1.5192	      0.9525	      3.3158	      -32.4021	      -642166.3025	      
21.0000	      7.0000	      1.5124	      0.6975	      3.3345	      -32.4079	      -642162.8263	      
21.0000	      8.0000	      1.6091	      0.0021	      3.3086	      -31.5226	      -642008.3860	      
21.0000	      9.0000	      1.5382	      0.3502	      3.3096	      -32.2964	      -642137.3885	      
21.0000	      10.0000	      1.6413	      0.2103	      3.3871	      -33.6117	      -642133.0077	      
21.0000	      11.0000	      1.4563	      0.8002	      3.3053	      -32.6480	      -642165.8873	      
21.0000	      12.0000	      1.5249	      0.9745	      3.5306	      -32.6916	      -642152.6024	      
21.0000	      13.0000	      1.5107	      0.6028	      3.3241	      -32.5718	      -642160.5168	      
21.0000	      14.0000	      1.9903	      0.1744	      3.3406	      -32.9811	      -642103.1571	      
21.0000	      15.0000	      1.5320	      0.0770	      3.3104	      -32.5033	      -642087.7135	      
22.0000	      1.0000	      1.5354	      0.0544	      3.3062	      -32.6290	      -642085.5476	      
22.0000	      2.0000	      0.4408	      0.9748	      3.3120	      -32.6089	      -641948.0226	      
22.0000	      3.0000	      1.5252	      0.8244	      3.3194	      -32.4164	      -642165.2585	      
22.0000	      4.0000	      1.2373	      0.9548	      3.3266	      -31.5116	      -642159.9141	      
22.0000	      5.0000	      0.1685	      0.9813	      3.3108	      -32.5992	      -641705.6538	      
22.0000	      6.0000	      1.5203	      0.5269	      3.3060	      -32.4770	      -642156.0982	      
22.0000	      7.0000	      1.5092	      0.1190	      3.3355	      -32.4723	      -642099.0583	      
22.0000	      8.0000	      1.6178	      0.7778	      3.4255	      -31.3124	      -642156.0026	      
22.0000	      9.0000	      1.5382	      0.9739	      3.3045	      -32.3887	      -642166.4891	      
22.0000	      10.0000	      1.6345	      0.9332	      3.3958	      -33.5441	      -642159.8758	      
22.0000	      11.0000	      1.4642	      0.3268	      3.3050	      -32.6527	      -642140.9812	      
22.0000	      12.0000	      1.5236	      0.9745	      3.3712	      -32.6542	      -642163.3675	      
22.0000	      13.0000	      1.5126	      0.0232	      3.3270	      -32.7765	      -642082.6387	      
22.0000	      14.0000	      1.8807	      0.5799	      3.3358	      -33.2618	      -642154.7768	      
22.0000	      15.0000	      1.5288	      0.4821	      3.3131	      -32.5347	      -642153.4879	      
23.0000	      1.0000	      1.5396	      0.5981	      3.3036	      -32.6460	      -642160.7429	      
23.0000	      2.0000	      1.6577	      0.9746	      3.3100	      -32.6216	      -642165.1465	      
23.0000	      3.0000	      1.5257	      0.3374	      3.3065	      -32.6115	      -642139.9216	      
23.0000	      4.0000	      1.9884	      0.2381	      3.3288	      -31.2557	      -642064.4532	      
23.0000	      5.0000	      1.3199	      0.9805	      3.3075	      -32.6154	      -642164.0996	      
23.0000	      6.0000	      1.5214	      0.1570	      3.3039	      -32.5342	      -642109.1699	      
23.0000	      7.0000	      1.5078	      0.5955	      3.3333	      -32.3760	      -642158.8510	      
23.0000	      8.0000	      1.6232	      0.3711	      3.5545	      -31.5459	      -642115.1689	      
23.0000	      9.0000	      1.5379	      0.3986	      3.3061	      -32.4718	      -642145.6115	      
23.0000	      10.0000	      1.6192	      0.4490	      3.3937	      -33.2757	      -642151.2490	      
23.0000	      11.0000	      1.4871	      0.8703	      3.3062	      -32.6489	      -642166.1907	      
23.0000	      12.0000	      1.5226	      0.9745	      3.5112	      -32.6283	      -642154.4259	      
23.0000	      13.0000	      1.5164	      0.4867	      3.3344	      -32.8971	      -642155.6007	      
23.0000	      14.0000	      1.5656	      0.0760	      3.3320	      -33.4490	      -642112.0767	      
23.0000	      15.0000	      1.5218	      0.9559	      3.3179	      -32.5283	      -642166.3048	      
24.0000	      1.0000	      1.5401	      0.0912	      3.3058	      -32.6448	      -642095.5591	      
24.0000	      2.0000	      0.4821	      0.9746	      3.3094	      -32.6377	      -641976.3513	      
24.0000	      3.0000	      1.5253	      0.8112	      3.3010	      -32.7418	      -642165.9579	      
24.0000	      4.0000	      0.3288	      0.8789	      3.3332	      -30.7389	      -641758.9098	      
24.0000	      5.0000	      0.1978	      0.9794	      3.3084	      -32.6368	      -641740.9477	      
24.0000	      6.0000	      1.5223	      0.7175	      3.3051	      -32.5508	      -642164.1835	      
24.0000	      7.0000	      1.5042	      0.0936	      3.3298	      -32.3278	      -642087.8803	      
24.0000	      8.0000	      1.6569	      0.0972	      3.3293	      -31.9520	      -642065.1967	      
24.0000	      9.0000	      1.5360	      0.8720	      3.3094	      -32.4620	      -642166.5130	      
24.0000	      10.0000	      1.6096	      0.8619	      3.3750	      -33.0415	      -642162.4053	      
24.0000	      11.0000	      1.5073	      0.2800	      3.3071	      -32.6467	      -642133.5815	      
24.0000	      12.0000	      1.5224	      0.9745	      3.3642	      -32.6175	      -642163.8924	      
24.0000	      13.0000	      1.5194	      0.9635	      3.3434	      -32.9201	      -642164.4818	      
24.0000	      14.0000	      1.3279	      0.8755	      3.3309	      -33.6377	      -642163.8828	      
24.0000	      15.0000	      1.5169	      0.2908	      3.3189	      -32.5284	      -642133.0998	      
25.0000	      1.0000	      1.5386	      0.7179	      3.3114	      -32.6275	      -642164.2052	      
25.0000	      2.0000	      1.3113	      0.9748	      3.3093	      -32.6499	      -642163.9057	      
25.0000	      3.0000	      1.5248	      0.1618	      3.5976	      -32.8277	      -642104.9431	      
25.0000	      4.0000	      0.7448	      0.3705	      3.3325	      -30.3165	      -642026.6239	      
25.0000	      5.0000	      1.4581	      0.9789	      3.3104	      -32.6334	      -642166.1881	      
25.0000	      6.0000	      1.5219	      0.1553	      3.3070	      -32.5731	      -642109.4643	      
25.0000	      7.0000	      1.5042	      0.9675	      3.3293	      -32.3319	      -642165.8801	      
25.0000	      8.0000	      1.7273	      0.7553	      3.4649	      -32.1766	      -642154.5646	      
25.0000	      9.0000	      1.5341	      0.2346	      3.3119	      -32.3864	      -642120.9481	      
25.0000	      10.0000	      1.5822	      0.1585	      3.3441	      -32.7923	      -642112.8565	      
25.0000	      11.0000	      1.5136	      0.6879	      3.3074	      -32.6466	      -642163.9561	      
25.0000	      12.0000	      1.5225	      0.9745	      3.5387	      -32.6314	      -642152.0798	      
25.0000	      13.0000	      1.5219	      0.2974	      3.3459	      -32.8900	      -642138.7049	      
25.0000	      14.0000	      1.2184	      0.4638	      3.3276	      -33.6472	      -642158.1623	      
25.0000	      15.0000	      1.5150	      0.8990	      3.3163	      -32.5604	      -642166.1966	      
26.0000	      1.0000	      1.5329	      0.2285	      3.3154	      -32.6112	      -642124.4540	      
26.0000	      2.0000	      1.9968	      0.9750	      3.3117	      -32.6336	      -642161.1819	      
26.0000	      3.0000	      1.5243	      0.5271	      3.4933	      -32.8254	      -642148.8086	      
26.0000	      4.0000	      1.2801	      0.0577	      3.3302	      -30.5734	      -642009.9958	      
26.0000	      5.0000	      0.3440	      0.9774	      3.3108	      -32.6349	      -641877.6412	      
26.0000	      6.0000	      1.5218	      0.7755	      3.3099	      -32.5258	      -642165.5203	      
26.0000	      7.0000	      1.5094	      0.5794	      3.3230	      -32.4207	      -642158.5287	      
26.0000	      8.0000	      1.7686	      0.2699	      3.5755	      -32.1474	      -642103.5675	      
26.0000	      9.0000	      1.5315	      0.7347	      3.3143	      -32.2476	      -642163.7561	      
26.0000	      10.0000	      1.5487	      0.9018	      3.3147	      -32.6629	      -642166.0125	      
26.0000	      11.0000	      1.5153	      0.0429	      3.3066	      -32.6483	      -642083.8784	      
26.0000	      12.0000	      1.5229	      0.9745	      3.3591	      -32.6537	      -642163.8465	      
26.0000	      13.0000	      1.5232	      0.7794	      3.3435	      -32.8470	      -642164.3589	      
26.0000	      14.0000	      1.2552	      0.1676	      3.3208	      -33.6429	      -642133.2851	      
26.0000	      15.0000	      1.5171	      0.3438	      3.3132	      -32.5744	      -642140.7312	      
27.0000	      1.0000	      1.5273	      0.8930	      3.3177	      -32.6073	      -642166.1579	      
27.0000	      2.0000	      0.3766	      0.9752	      3.3138	      -32.6170	      -641901.1803	      
27.0000	      3.0000	      1.5241	      0.9674	      3.3280	      -32.7961	      -642165.1399	      
27.0000	      4.0000	      1.7137	      0.8876	      3.3335	      -30.6693	      -642160.9226	      
27.0000	      5.0000	      1.5645	      0.9769	      3.3107	      -32.6369	      -642166.3484	      
27.0000	      6.0000	      1.5216	      0.2951	      3.3126	      -32.4993	      -642132.9810	      
27.0000	      7.0000	      1.5160	      0.1095	      3.3166	      -32.5448	      -642098.5217	      
27.0000	      8.0000	      1.7802	      0.9431	      3.3068	      -32.0726	      -642164.4098	      
27.0000	      9.0000	      1.5290	      0.1409	      3.3149	      -32.1724	      -642094.9343	      
27.0000	      10.0000	      1.5221	      0.4340	      3.5921	      -32.5715	      -642135.3142	      
27.0000	      11.0000	      1.5139	      0.7010	      3.3057	      -32.6514	      -642163.9468	      
27.0000	      12.0000	      1.5235	      0.9745	      3.5056	      -32.6698	      -642154.2771	      
27.0000	      13.0000	      1.5235	      0.2140	      3.3417	      -32.8190	      -642125.3797	      
27.0000	      14.0000	      1.3263	      0.9453	      3.3168	      -33.4043	      -642164.2576	      
27.0000	      15.0000	      1.5204	      0.9026	      3.3119	      -32.5894	      -642166.1361	      
28.0000	      1.0000	      1.5229	      0.3730	      3.3165	      -32.6088	      -642144.2961	      
28.0000	      2.0000	      0.8237	      0.9753	      3.3156	      -32.6094	      -642112.5873	      
28.0000	      3.0000	      1.5240	      0.2398	      3.5010	      -32.7392	      -642121.7306	      
28.0000	      4.0000	      0.0033	      0.4855	      3.3278	      -30.9737	      -641396.3123	      
28.0000	      5.0000	      0.4111	      0.9763	      3.3100	      -32.6407	      -641928.8985	      
28.0000	      6.0000	      1.5215	      0.7966	      3.3147	      -32.4494	      -642165.7538	      
28.0000	      7.0000	      1.5164	      0.6273	      3.3104	      -32.5517	      -642161.3850	      
28.0000	      8.0000	      1.7349	      0.4161	      3.4183	      -32.1611	      -642134.2427	      
28.0000	      9.0000	      1.5273	      0.6277	      3.3125	      -32.1229	      -642159.6816	      
28.0000	      10.0000	      1.5125	      0.1214	      3.4475	      -32.5394	      -642097.6641	      
28.0000	      11.0000	      1.5079	      0.2153	      3.3052	      -32.6530	      -642123.8081	      
28.0000	      12.0000	      1.5239	      0.9745	      3.3319	      -32.6778	      -642165.1482	      
28.0000	      13.0000	      1.5235	      0.8105	      3.3346	      -32.7903	      -642164.5606	      
28.0000	      14.0000	      1.4157	      0.4933	      3.3106	      -33.0781	      -642158.7757	      
28.0000	      15.0000	      1.5236	      0.3201	      3.3133	      -32.5910	      -642138.3145	      
29.0000	      1.0000	      1.5215	      0.9057	      3.3126	      -32.6121	      -642166.1888	      
29.0000	      2.0000	      1.4835	      0.9752	      3.3177	      -32.6124	      -642165.9055	      
29.0000	      3.0000	      1.5243	      0.7441	      3.3271	      -32.6832	      -642164.1851	      
29.0000	      4.0000	      0.9177	      0.0841	      3.3211	      -31.1144	      -642019.5946	      
29.0000	      5.0000	      1.2374	      0.9755	      3.3094	      -32.6430	      -642161.8399	      
29.0000	      6.0000	      1.5216	      0.2372	      3.3150	      -32.4099	      -642122.0017	      
29.0000	      7.0000	      1.5119	      0.0468	      3.3054	      -32.5045	      -642080.4694	      
29.0000	      8.0000	      1.6733	      0.1663	      3.5232	      -32.3099	      -642091.9553	      
29.0000	      9.0000	      1.5270	      0.0234	      3.3123	      -32.1590	      -642058.0251	      
29.0000	      10.0000	      1.5159	      0.6994	      3.5947	      -32.6030	      -642146.3048	      
29.0000	      11.0000	      1.5017	      0.8675	      3.3047	      -32.6539	      -642166.3849	      
29.0000	      12.0000	      1.5241	      0.9745	      3.5010	      -32.6703	      -642155.1414	      
29.0000	      13.0000	      1.5234	      0.2708	      3.3255	      -32.7336	      -642133.2581	      
29.0000	      14.0000	      1.4689	      0.1172	      3.3068	      -32.9117	      -642112.5833	      
29.0000	      15.0000	      1.5250	      0.8483	      3.3129	      -32.5682	      -642166.5699	      
30.0000	      1.0000	      1.5210	      0.2873	      3.3088	      -32.6260	      -642134.6694	      
30.0000	      2.0000	      1.9689	      0.9750	      3.3172	      -32.6170	      -642161.6945	      
30.0000	      3.0000	      1.5250	      0.1728	      3.4939	      -32.6450	      -642108.9814	      
30.0000	      4.0000	      1.9669	      0.8512	      3.3211	      -31.5178	      -642158.4694	      
30.0000	      5.0000	      1.9230	      0.9754	      3.3086	      -32.6435	      -642162.2014	      
30.0000	      6.0000	      1.5214	      0.7555	      3.3137	      -32.4282	      -642165.0594	      
30.0000	      7.0000	      1.5095	      0.5823	      3.3100	      -32.4588	      -642159.3193	      
30.0000	      8.0000	      1.6255	      0.8074	      3.5731	      -32.3951	      -642148.8241	      
30.0000	      9.0000	      1.5282	      0.6713	      3.3130	      -32.1952	      -642161.2000	      
30.0000	      10.0000	      1.5225	      0.2292	      3.4570	      -32.6531	      -642120.7457	      
30.0000	      11.0000	      1.5022	      0.3523	      3.3044	      -32.6547	      -642143.2730	      
30.0000	      12.0000	      1.5241	      0.9745	      3.3757	      -32.6573	      -642163.1108	      
30.0000	      13.0000	      1.5234	      0.8359	      3.3192	      -32.6910	      -642165.5161	      
30.0000	      14.0000	      1.4725	      0.0334	      3.3051	      -32.9534	      -642093.2359	      
30.0000	      15.0000	      1.5258	      0.2267	      3.3123	      -32.5536	      -642123.2810	      
31.0000	      1.0000	      1.5214	      0.9256	      3.3065	      -32.6300	      -642166.5001	      
31.0000	      2.0000	      0.1662	      0.9748	      3.3159	      -32.6203	      -641704.1263	      
31.0000	      3.0000	      1.5255	      0.7473	      3.5989	      -32.6576	      -642146.8799	      
31.0000	      4.0000	      0.6735	      0.4275	      3.3217	      -31.6407	      -642056.4525	      
31.0000	      5.0000	      0.2630	      0.9756	      3.3085	      -32.6458	      -641808.8269	      
31.0000	      6.0000	      1.5207	      0.2031	      3.3124	      -32.4917	      -642117.8263	      
31.0000	      7.0000	      1.5100	      0.1661	      3.3180	      -32.4757	      -642109.7383	      
31.0000	      8.0000	      1.6272	      0.2943	      3.5390	      -32.4543	      -642120.1434	      
31.0000	      9.0000	      1.5309	      0.2987	      3.3130	      -32.3115	      -642130.0813	      
31.0000	      10.0000	      1.5396	      0.9613	      3.3472	      -32.6924	      -642164.5266	      
31.0000	      11.0000	      1.5053	      0.9091	      3.3044	      -32.6551	      -642166.7972	      
31.0000	      12.0000	      1.5237	      0.9745	      3.5563	      -32.6465	      -642150.2549	      
31.0000	      13.0000	      1.5234	      0.2696	      3.3140	      -32.6591	      -642131.8591	      
31.0000	      14.0000	      1.4581	      0.8038	      3.3050	      -33.1334	      -642166.0051	      
31.0000	      15.0000	      1.5263	      0.8319	      3.3121	      -32.5529	      -642165.8230	      
32.0000	      1.0000	      1.5170	      0.3675	      3.3049	      -32.6333	      -642144.0650	      
32.0000	      2.0000	      0.9260	      0.9621	      3.3128	      -32.6270	      -642133.6739	      
32.0000	      3.0000	      1.5249	      0.1604	      3.3359	      -32.6703	      -642112.5459	      
32.0000	      4.0000	      1.3839	      0.9813	      3.3204	      -31.5008	      -642164.7775	      
32.0000	      5.0000	      0.7374	      0.9720	      3.3076	      -32.6446	      -642090.9849	      
32.0000	      6.0000	      1.5177	      0.8191	      3.3120	      -32.5406	      -642166.0434	      
32.0000	      7.0000	      1.5085	      0.6551	      3.3229	      -32.4532	      -642162.0097	      
32.0000	      8.0000	      1.6472	      0.0163	      3.4705	      -32.3740	      -642055.0115	      
32.0000	      9.0000	      1.5306	      0.8474	      3.3138	      -32.3367	      -642166.0835	      
32.0000	      10.0000	      1.5487	      0.4474	      3.5644	      -32.7155	      -642138.5046	      
32.0000	      11.0000	      1.5076	      0.2989	      3.3044	      -32.6554	      -642136.6929	      
32.0000	      12.0000	      1.5188	      0.9588	      3.3950	      -32.6421	      -642161.9736	      
32.0000	      13.0000	      1.5185	      0.7507	      3.3108	      -32.6430	      -642165.3255	      
32.0000	      14.0000	      1.4504	      0.3735	      3.3050	      -33.1176	      -642150.9629	      
32.0000	      15.0000	      1.5261	      0.2615	      3.3106	      -32.5670	      -642129.1806	      
33.0000	      1.0000	      1.5112	      0.8370	      3.3044	      -32.6365	      -642166.6704	      
33.0000	      2.0000	      1.9316	      0.9496	      3.3108	      -32.6300	      -642162.2727	      
33.0000	      3.0000	      1.5242	      0.6924	      3.4385	      -32.7116	      -642157.9884	      
33.0000	      4.0000	      1.9161	      0.3671	      3.3185	      -31.5065	      -642109.4547	      
33.0000	      5.0000	      1.4018	      0.9555	      3.3079	      -32.6423	      -642166.2584	      
33.0000	      6.0000	      1.5152	      0.3027	      3.3111	      -32.5631	      -642135.6345	      
33.0000	      7.0000	      1.5065	      0.0644	      3.3260	      -32.4055	      -642082.6136	      
33.0000	      8.0000	      1.6951	      0.6697	      3.4720	      -32.3081	      -642151.8958	      
33.0000	      9.0000	      1.5252	      0.2489	      3.3133	      -32.3349	      -642121.9331	      
33.0000	      10.0000	      1.5491	      0.9383	      3.3497	      -32.7210	      -642164.2042	      
33.0000	      11.0000	      1.5078	      0.8799	      3.3044	      -32.6555	      -642166.2871	      
33.0000	      12.0000	      1.5140	      0.9401	      3.5545	      -32.6433	      -642150.9518	      
33.0000	      13.0000	      1.5139	      0.1575	      3.3117	      -32.6561	      -642112.3714	      
33.0000	      14.0000	      1.4597	      0.8469	      3.3048	      -32.9895	      -642166.4596	      
33.0000	      15.0000	      1.5198	      0.8588	      3.3093	      -32.5987	      -642166.0450	      
34.0000	      1.0000	      1.5064	      0.1660	      3.3040	      -32.6439	      -642114.4413	      
34.0000	      2.0000	      0.4651	      0.9319	      3.3101	      -32.6188	      -641973.4241	      
34.0000	      3.0000	      1.5205	      0.1102	      3.5482	      -32.7402	      -642095.4489	      
34.0000	      4.0000	      0.1157	      0.0253	      3.3163	      -31.5357	      -641295.4637	      
34.0000	      5.0000	      1.9237	      0.9468	      3.3071	      -32.6403	      -642162.1033	      
34.0000	      6.0000	      1.5133	      0.9232	      3.3104	      -32.5461	      -642166.2115	      
34.0000	      7.0000	      1.5050	      0.8922	      3.3251	      -32.3723	      -642165.9087	      
34.0000	      8.0000	      1.7331	      0.2805	      3.5140	      -32.2921	      -642112.7330	      
34.0000	      9.0000	      1.5207	      0.8494	      3.3109	      -32.2653	      -642166.1267	      
34.0000	      10.0000	      1.5415	      0.2671	      3.4802	      -32.6895	      -642125.3552	      
34.0000	      11.0000	      1.5076	      0.2972	      3.3044	      -32.6553	      -642136.4088	      
34.0000	      12.0000	      1.5091	      0.9272	      3.3652	      -32.6493	      -642163.2305	      
34.0000	      13.0000	      1.5125	      0.8811	      3.3129	      -32.6670	      -642166.5315	      
34.0000	      14.0000	      1.4736	      0.1964	      3.3047	      -32.8801	      -642126.2627	      
34.0000	      15.0000	      1.5139	      0.2872	      3.3084	      -32.6135	      -642134.2346	      
35.0000	      1.0000	      1.5043	      0.7783	      3.3038	      -32.6488	      -642166.3668	      
35.0000	      2.0000	      1.2489	      0.9391	      3.3116	      -32.6068	      -642162.8542	      
35.0000	      3.0000	      1.5166	      0.8331	      3.3674	      -32.7580	      -642163.3197	      
35.0000	      4.0000	      1.0308	      0.6255	      3.3131	      -31.8394	      -642146.9666	      
35.0000	      5.0000	      0.2485	      0.9312	      3.3079	      -32.6377	      -641810.8120	      
35.0000	      6.0000	      1.5108	      0.3617	      3.3089	      -32.5107	      -642142.2671	      
35.0000	      7.0000	      1.5040	      0.4723	      3.3202	      -32.3596	      -642151.6598	      
35.0000	      8.0000	      1.7559	      0.9978	      3.5019	      -32.2370	      -642154.3813	      
35.0000	      9.0000	      1.5190	      0.2849	      3.3094	      -32.3154	      -642128.6090	      
35.0000	      10.0000	      1.5285	      0.8915	      3.3208	      -32.6531	      -642165.9646	      
35.0000	      11.0000	      1.5067	      0.6953	      3.3044	      -32.6551	      -642164.2826	      
35.0000	      12.0000	      1.5090	      0.9185	      3.5167	      -32.6555	      -642154.2798	      
35.0000	      13.0000	      1.5113	      0.3941	      3.3132	      -32.6739	      -642147.5659	      
35.0000	      14.0000	      1.4853	      0.8356	      3.3046	      -32.8084	      -642166.0765	      
35.0000	      15.0000	      1.5086	      0.8347	      3.3091	      -32.6180	      -642166.3114	      
36.0000	      1.0000	      1.5038	      0.2382	      3.3039	      -32.6474	      -642127.4698	      
36.0000	      2.0000	      1.8691	      0.9443	      3.3124	      -32.6083	      -642163.0440	      
36.0000	      3.0000	      1.5164	      0.3479	      3.5129	      -32.7401	      -642134.4542	      
36.0000	      4.0000	      1.8585	      0.2757	      3.3132	      -32.0936	      -642107.6407	      
36.0000	      5.0000	      1.0471	      0.9383	      3.3084	      -32.6376	      -642150.5990	      
36.0000	      6.0000	      1.5084	      0.9807	      3.3087	      -32.4912	      -642166.6657	      
36.0000	      7.0000	      1.5036	      0.9495	      3.3144	      -32.3770	      -642166.2031	      
36.0000	      8.0000	      1.7595	      0.4748	      3.5141	      -32.2375	      -642135.8775	      
36.0000	      9.0000	      1.5219	      0.9818	      3.3102	      -32.4041	      -642166.1316	      
36.0000	      10.0000	      1.5241	      0.3367	      3.5061	      -32.6303	      -642131.6339	      
36.0000	      11.0000	      1.5052	      0.0156	      3.3044	      -32.6550	      -642076.5448	      
36.0000	      12.0000	      1.5121	      0.9242	      3.3466	      -32.6595	      -642164.8436	      
36.0000	      13.0000	      1.5095	      0.9118	      3.3108	      -32.6762	      -642166.3162	      
36.0000	      14.0000	      1.4840	      0.2873	      3.3046	      -32.7598	      -642136.7070	      
36.0000	      15.0000	      1.5060	      0.2232	      3.3092	      -32.6040	      -642124.2347	      
37.0000	      1.0000	      1.5063	      0.7848	      3.3042	      -32.6425	      -642166.0243	      
37.0000	      2.0000	      0.1742	      0.9553	      3.3141	      -32.6106	      -641721.8077	      
37.0000	      3.0000	      1.5172	      0.9057	      3.5853	      -32.7113	      -642148.9082	      
37.0000	      4.0000	      0.2352	      0.0440	      3.3135	      -32.1872	      -641564.2577	      
37.0000	      5.0000	      1.6609	      0.9414	      3.3083	      -32.6401	      -642165.3654	      
37.0000	      6.0000	      1.5060	      0.4034	      3.3075	      -32.5118	      -642147.0913	      
37.0000	      7.0000	      1.5034	      0.2776	      3.3078	      -32.4577	      -642130.8136	      
37.0000	      8.0000	      1.7019	      0.1049	      3.5254	      -32.2666	      -642073.4703	      
37.0000	      9.0000	      1.5238	      0.4445	      3.3107	      -32.4338	      -642149.6281	      
37.0000	      10.0000	      1.5295	      0.7694	      3.3419	      -32.6210	      -642164.4062	      
37.0000	      11.0000	      1.5042	      0.4588	      3.3044	      -32.6549	      -642153.1542	      
37.0000	      12.0000	      1.5182	      0.9387	      3.5168	      -32.6613	      -642153.8636	      
37.0000	      13.0000	      1.5084	      0.2616	      3.3086	      -32.6715	      -642131.2481	      
37.0000	      14.0000	      1.4830	      0.8458	      3.3046	      -32.7206	      -642166.3823	      
37.0000	      15.0000	      1.5103	      0.7577	      3.3085	      -32.5862	      -642165.4381	      
38.0000	      1.0000	      1.5097	      0.2062	      3.3045	      -32.6408	      -642121.8880	      
38.0000	      2.0000	      0.8853	      0.9654	      3.3134	      -32.6241	      -642126.6346	      
38.0000	      3.0000	      1.5187	      0.2734	      3.3130	      -32.6915	      -642132.8798	      
38.0000	      4.0000	      1.0471	      0.9393	      3.3158	      -32.1800	      -642148.6408	      
38.0000	      5.0000	      0.0301	      0.9488	      3.3077	      -32.6439	      -641558.6522	      
38.0000	      6.0000	      1.5050	      0.0475	      3.3062	      -32.5364	      -642082.0040	      
38.0000	      7.0000	      1.5037	      0.6802	      3.3053	      -32.5315	      -642163.5658	      
38.0000	      8.0000	      1.6939	      0.9055	      3.5767	      -32.3089	      -642148.5702	      
38.0000	      9.0000	      1.5240	      0.0054	      3.3108	      -32.3324	      -642059.4535	      
38.0000	      10.0000	      1.5316	      0.1273	      3.5205	      -32.6242	      -642097.3494	      
38.0000	      11.0000	      1.5038	      0.9552	      3.3044	      -32.6549	      -642166.5013	      
38.0000	      12.0000	      1.5205	      0.9639	      3.3523	      -32.6609	      -642164.3694	      
38.0000	      13.0000	      1.5088	      0.8139	      3.3064	      -32.6654	      -642166.0202	      
38.0000	      14.0000	      1.4862	      0.2509	      3.3046	      -32.7359	      -642132.3244	      
38.0000	      15.0000	      1.5134	      0.1905	      3.3083	      -32.5794	      -642117.6777	      
39.0000	      1.0000	      1.5113	      0.7154	      3.3047	      -32.6417	      -642164.9840	      
39.0000	      2.0000	      1.4536	      0.9749	      3.3112	      -32.6243	      -642166.4879	      
39.0000	      3.0000	      1.5212	      0.6874	      3.4173	      -32.6772	      -642159.4344	      
39.0000	      4.0000	      1.7478	      0.5622	      3.3188	      -32.2081	      -642151.2589	      
39.0000	      5.0000	      0.8849	      0.9538	      3.3069	      -32.6463	      -642128.1109	      
39.0000	      6.0000	      1.5053	      0.5873	      3.3061	      -32.5779	      -642160.6101	      
39.0000	      7.0000	      1.5040	      0.0203	      3.3072	      -32.5261	      -642073.5893	      
39.0000	      8.0000	      1.6627	      0.4732	      3.5989	      -32.3660	      -642133.9746	      
39.0000	      9.0000	      1.5217	      0.9605	      3.3110	      -32.2281	      -642166.2274	      
39.0000	      10.0000	      1.5319	      0.6225	      3.3718	      -32.6443	      -642158.7116	      
39.0000	      11.0000	      1.5042	      0.2853	      3.3044	      -32.6551	      -642134.8100	      
39.0000	      12.0000	      1.5211	      0.9726	      3.5300	      -32.6573	      -642152.4012	      
39.0000	      13.0000	      1.5104	      0.2277	      3.3055	      -32.6602	      -642125.6878	      
39.0000	      14.0000	      1.4844	      0.9416	      3.3047	      -32.8294	      -642166.4213	      
39.0000	      15.0000	      1.5179	      0.6930	      3.3090	      -32.5807	      -642163.5405	      
40.0000	      1.0000	      1.5110	      0.1611	      3.3047	      -32.6421	      -642113.1563	      
40.0000	      2.0000	      1.8588	      0.9663	      3.3086	      -32.6279	      -642163.2661	      
40.0000	      3.0000	      1.5211	      0.0709	      3.4972	      -32.6808	      -642087.3098	      
40.0000	      4.0000	      0.0669	      0.1580	      3.3183	      -32.0116	      -641429.1226	      
40.0000	      5.0000	      1.6149	      0.9644	      3.3078	      -32.6478	      -642165.7926	      
40.0000	      6.0000	      1.5061	      0.1523	      3.3065	      -32.6243	      -642110.9028	      
40.0000	      7.0000	      1.5043	      0.6635	      3.3088	      -32.5149	      -642163.0495	      
40.0000	      8.0000	      1.6098	      0.9029	      3.4974	      -32.3702	      -642156.0490	      
40.0000	      9.0000	      1.5229	      0.6134	      3.3109	      -32.2135	      -642159.6390	      
40.0000	      10.0000	      1.5337	      0.0526	      3.5379	      -32.6655	      -642079.5851	      
40.0000	      11.0000	      1.5048	      0.6417	      3.3044	      -32.6552	      -642162.7209	      
40.0000	      12.0000	      1.5210	      0.9637	      3.4131	      -32.6534	      -642160.8824	      
40.0000	      13.0000	      1.5122	      0.9945	      3.3079	      -32.6558	      -642166.5250	      
40.0000	      14.0000	      1.4869	      0.3990	      3.3048	      -32.9475	      -642151.1619	      
40.0000	      15.0000	      1.5209	      0.1081	      3.3089	      -32.5817	      -642099.2972	      
41.0000	      1.0000	      1.5106	      0.6633	      3.3045	      -32.6429	      -642163.0995	      
41.0000	      2.0000	      0.0826	      0.9523	      3.3072	      -32.6316	      -641622.1520	      
41.0000	      3.0000	      1.5175	      0.8341	      3.5454	      -32.7090	      -642151.5466	      
41.0000	      4.0000	      0.8689	      0.8964	      3.3162	      -31.9581	      -642120.4036	      
41.0000	      5.0000	      0.0737	      0.9617	      3.3081	      -32.6491	      -641608.2380	      
41.0000	      6.0000	      1.5075	      0.7059	      3.3071	      -32.6427	      -642164.5989	      
41.0000	      7.0000	      1.5045	      0.1995	      3.3092	      -32.4643	      -642116.8571	      
41.0000	      8.0000	      1.5808	      0.2100	      3.4283	      -32.3280	      -642109.6970	      
41.0000	      9.0000	      1.5245	      0.2437	      3.3122	      -32.2732	      -642119.7994	      
41.0000	      10.0000	      1.5341	      0.6296	      3.3791	      -32.6776	      -642158.8839	      
41.0000	      11.0000	      1.5055	      0.9306	      3.3044	      -32.6552	      -642166.4648	      
41.0000	      12.0000	      1.5210	      0.9519	      3.5813	      -32.6514	      -642149.0991	      
41.0000	      13.0000	      1.5124	      0.4883	      3.3091	      -32.6572	      -642155.0540	      
41.0000	      14.0000	      1.4874	      0.8305	      3.3048	      -32.9783	      -642166.1445	      
41.0000	      15.0000	      1.5230	      0.6046	      3.3084	      -32.5959	      -642160.8288	      
42.0000	      1.0000	      1.5100	      0.1310	      3.3044	      -32.6448	      -642106.4877	      
42.0000	      2.0000	      0.6012	      0.9394	      3.3075	      -32.6314	      -642043.9157	      
42.0000	      3.0000	      1.5176	      0.3610	      3.3056	      -32.7259	      -642145.3491	      
42.0000	      4.0000	      1.4682	      0.4341	      3.3128	      -31.7482	      -642142.0176	      
42.0000	      5.0000	      0.7036	      0.9617	      3.3075	      -32.6478	      -642081.5971	      
42.0000	      6.0000	      1.5085	      0.1672	      3.3081	      -32.6208	      -642114.0237	      
42.0000	      7.0000	      1.5048	      0.7620	      3.3114	      -32.4339	      -642164.8568	      
42.0000	      8.0000	      1.6287	      0.6355	      3.4391	      -32.2695	      -642153.5323	      
42.0000	      9.0000	      1.5266	      0.7728	      3.3136	      -32.3123	      -642164.6125	      
42.0000	      10.0000	      1.5313	      0.0856	      3.5473	      -32.6771	      -642088.2315	      
42.0000	      11.0000	      1.5059	      0.1204	      3.3044	      -32.6552	      -642104.8375	      
42.0000	      12.0000	      1.5190	      0.9351	      3.3924	      -32.6514	      -642162.5720	      
42.0000	      13.0000	      1.5117	      0.9424	      3.3100	      -32.6608	      -642165.9835	      
42.0000	      14.0000	      1.4888	      0.1449	      3.3047	      -32.9562	      -642118.1985	      
42.0000	      15.0000	      1.5203	      0.1224	      3.3101	      -32.6056	      -642102.8713	      
43.0000	      1.0000	      1.5097	      0.9010	      3.3043	      -32.6430	      -642166.7538	      
43.0000	      2.0000	      1.1296	      0.9296	      3.3074	      -32.6315	      -642157.2177	      
43.0000	      3.0000	      1.5188	      0.0465	      3.4360	      -32.7291	      -642085.3171	      
43.0000	      4.0000	      1.8927	      0.9565	      3.3108	      -31.5564	      -642162.4164	      
43.0000	      5.0000	      1.3220	      0.9629	      3.3084	      -32.6483	      -642164.5612	      
43.0000	      6.0000	      1.5087	      0.8670	      3.3084	      -32.5981	      -642166.0923	      
43.0000	      7.0000	      1.5050	      0.2074	      3.3129	      -32.4554	      -642118.0273	      
43.0000	      8.0000	      1.6920	      0.0787	      3.4700	      -32.2591	      -642067.6116	      
43.0000	      9.0000	      1.5272	      0.2273	      3.3141	      -32.3532	      -642118.7635	      
43.0000	      10.0000	      1.5314	      0.7831	      3.3586	      -32.6673	      -642163.8561	      
43.0000	      11.0000	      1.5060	      0.3924	      3.3044	      -32.6551	      -642147.4195	      
43.0000	      12.0000	      1.5173	      0.9352	      3.5135	      -32.6540	      -642154.2055	      
43.0000	      13.0000	      1.5106	      0.2391	      3.3103	      -32.6631	      -642127.7864	      
43.0000	      14.0000	      1.4864	      0.7197	      3.3047	      -32.9190	      -642165.1855	      
43.0000	      15.0000	      1.5154	      0.7714	      3.3115	      -32.6147	      -642165.5992	      
44.0000	      1.0000	      1.5095	      0.4419	      3.3042	      -32.6422	      -642151.4545	      
44.0000	      2.0000	      1.6969	      0.9312	      3.3086	      -32.6336	      -642165.5678	      
44.0000	      3.0000	      1.5176	      0.8787	      3.5868	      -32.7301	      -642148.6511	      
44.0000	      4.0000	      0.1349	      0.3238	      3.3094	      -31.4404	      -641593.8732	      
44.0000	      5.0000	      1.8509	      0.9604	      3.3097	      -32.6458	      -642163.3711	      
44.0000	      6.0000	      1.5084	      0.3771	      3.3083	      -32.5382	      -642144.4105	      
44.0000	      7.0000	      1.5050	      0.9872	      3.3124	      -32.4744	      -642166.5654	      
44.0000	      8.0000	      1.7582	      0.5504	      3.5204	      -32.2658	      -642141.7778	      
44.0000	      9.0000	      1.5260	      0.7536	      3.3136	      -32.3210	      -642164.4194	      
44.0000	      10.0000	      1.5323	      0.3066	      3.5068	      -32.6557	      -642129.1072	      
44.0000	      11.0000	      1.5056	      0.7352	      3.3044	      -32.6551	      -642164.8980	      
44.0000	      12.0000	      1.5138	      0.9412	      3.3736	      -32.6563	      -642163.0574	      
44.0000	      13.0000	      1.5095	      0.6961	      3.3099	      -32.6633	      -642164.5360	      
44.0000	      14.0000	      1.4741	      0.1595	      3.3047	      -32.8334	      -642118.2349	      
44.0000	      15.0000	      1.5161	      0.2668	      3.3127	      -32.6073	      -642130.9935	      
45.0000	      1.0000	      1.5087	      0.9223	      3.3042	      -32.6435	      -642166.2769	      
45.0000	      2.0000	      0.0453	      0.9437	      3.3091	      -32.6343	      -641579.6171	      
45.0000	      3.0000	      1.5160	      0.4424	      3.5692	      -32.7204	      -642138.3680	      
45.0000	      4.0000	      0.7074	      0.8252	      3.3116	      -31.5187	      -642070.8935	      
45.0000	      5.0000	      0.1192	      0.9507	      3.3100	      -32.6457	      -641667.5727	      
45.0000	      6.0000	      1.5078	      0.8825	      3.3083	      -32.5078	      -642166.5785	      
45.0000	      7.0000	      1.5051	      0.5246	      3.3114	      -32.4908	      -642156.1794	      
45.0000	      8.0000	      1.7878	      0.0165	      3.3199	      -32.3323	      -642043.3080	      
45.0000	      9.0000	      1.5240	      0.1755	      3.3131	      -32.2903	      -642107.0538	      
45.0000	      10.0000	      1.5306	      0.8867	      3.5727	      -32.6487	      -642149.9923	      
45.0000	      11.0000	      1.5052	      0.0134	      3.3044	      -32.6551	      -642075.7620	      
45.0000	      12.0000	      1.5092	      0.9495	      3.5398	      -32.6576	      -642151.9538	      
45.0000	      13.0000	      1.5096	      0.0691	      3.3096	      -32.6646	      -642091.7597	      
45.0000	      14.0000	      1.4667	      0.7891	      3.3046	      -32.7968	      -642165.7664	      
45.0000	      15.0000	      1.5153	      0.8415	      3.3112	      -32.6099	      -642166.2131	      
46.0000	      1.0000	      1.5083	      0.2473	      3.3043	      -32.6468	      -642128.9805	      
46.0000	      2.0000	      1.3071	      0.9572	      3.3093	      -32.6311	      -642164.7837	      
46.0000	      3.0000	      1.5164	      0.9169	      3.5807	      -32.7105	      -642149.3698	      
46.0000	      4.0000	      1.3495	      0.2559	      3.3161	      -31.8766	      -642119.4975	      
46.0000	      5.0000	      1.1568	      0.9470	      3.3092	      -32.6453	      -642158.6377	      
46.0000	      6.0000	      1.5073	      0.2555	      3.3072	      -32.4997	      -642128.0360	      
46.0000	      7.0000	      1.5052	      0.1613	      3.3102	      -32.5260	      -642110.4080	      
46.0000	      8.0000	      1.8049	      0.7778	      3.4730	      -32.3514	      -642153.1783	      
46.0000	      9.0000	      1.5255	      0.8289	      3.3127	      -32.3132	      -642165.7491	      
46.0000	      10.0000	      1.5266	      0.3046	      3.5965	      -32.6489	      -642123.1452	      
46.0000	      11.0000	      1.5050	      0.5572	      3.3044	      -32.6551	      -642159.1124	      
46.0000	      12.0000	      1.5123	      0.9453	      3.3857	      -32.6581	      -642162.4906	      
46.0000	      13.0000	      1.5091	      0.5051	      3.3084	      -32.6642	      -642155.8935	      
46.0000	      14.0000	      1.4692	      0.2705	      3.3046	      -32.8038	      -642136.3453	      
46.0000	      15.0000	      1.5161	      0.2625	      3.3094	      -32.6167	      -642130.6789	      
47.0000	      1.0000	      1.5080	      0.8294	      3.3043	      -32.6494	      -642166.4222	      
47.0000	      2.0000	      0.2319	      0.9580	      3.3089	      -32.6318	      -641783.9430	      
47.0000	      3.0000	      1.5154	      0.2003	      3.5961	      -32.6944	      -642109.4872	      
47.0000	      4.0000	      1.8427	      0.9354	      3.3175	      -32.0403	      -642163.1834	      
47.0000	      5.0000	      0.0247	      0.9524	      3.3089	      -32.6470	      -641550.1900	      
47.0000	      6.0000	      1.5070	      0.9695	      3.3064	      -32.5203	      -642166.5689	      
47.0000	      7.0000	      1.5052	      0.7881	      3.3091	      -32.5678	      -642166.1278	      
47.0000	      8.0000	      1.7370	      0.3644	      3.5876	      -32.3025	      -642121.2485	      
47.0000	      9.0000	      1.5223	      0.3250	      3.3124	      -32.3511	      -642134.5905	      
47.0000	      10.0000	      1.5224	      0.8015	      3.3322	      -32.6531	      -642164.8025	      
47.0000	      11.0000	      1.5050	      0.0401	      3.3044	      -32.6551	      -642084.0396	      
47.0000	      12.0000	      1.5171	      0.9330	      3.5490	      -32.6577	      -642151.2331	      
47.0000	      13.0000	      1.5085	      0.8620	      3.3086	      -32.6622	      -642166.3213	      
47.0000	      14.0000	      1.4741	      0.8095	      3.3047	      -32.7992	      -642166.5356	      
47.0000	      15.0000	      1.5164	      0.8981	      3.3091	      -32.6114	      -642166.4433	      
48.0000	      1.0000	      1.5076	      0.2503	      3.3043	      -32.6496	      -642129.6005	      
48.0000	      2.0000	      1.2769	      0.9603	      3.3090	      -32.6344	      -642163.9377	      
48.0000	      3.0000	      1.5157	      0.7343	      3.3319	      -32.6890	      -642164.5168	      
48.0000	      4.0000	      1.9990	      0.4124	      3.3179	      -32.2784	      -642129.2947	      
48.0000	      5.0000	      1.1339	      0.9584	      3.3088	      -32.6480	      -642157.0735	      
48.0000	      6.0000	      1.5066	      0.4693	      3.3063	      -32.5572	      -642153.2606	      
48.0000	      7.0000	      1.5053	      0.3404	      3.3086	      -32.5875	      -642141.3188	      
48.0000	      8.0000	      1.6970	      0.9407	      3.3805	      -32.3120	      -642162.4508	      
48.0000	      9.0000	      1.5174	      0.9531	      3.3120	      -32.3557	      -642166.6309	      
48.0000	      10.0000	      1.5152	      0.1738	      3.4390	      -32.6607	      -642111.8611	      
48.0000	      11.0000	      1.5051	      0.4314	      3.3044	      -32.6551	      -642150.9134	      
48.0000	      12.0000	      1.5174	      0.9185	      3.4272	      -32.6570	      -642160.3331	      
48.0000	      13.0000	      1.5097	      0.1255	      3.3096	      -32.6604	      -642105.8180	      
48.0000	      14.0000	      1.4836	      0.2155	      3.3047	      -32.7610	      -642126.4728	      
48.0000	      15.0000	      1.5182	      0.3392	      3.3100	      -32.6141	      -642140.6142	      
49.0000	      1.0000	      1.5075	      0.7459	      3.3044	      -32.6506	      -642165.2259	      
49.0000	      2.0000	      0.1259	      0.9501	      3.3095	      -32.6339	      -641674.4386	      
49.0000	      3.0000	      1.5157	      0.1283	      3.4316	      -32.6845	      -642103.5851	      
49.0000	      4.0000	      1.9810	      0.0390	      3.3192	      -32.1222	      -642029.0650	      
49.0000	      5.0000	      0.1797	      0.9569	      3.3091	      -32.6453	      -641731.8572	      
49.0000	      6.0000	      1.5064	      0.0857	      3.3064	      -32.5882	      -642094.2231	      
49.0000	      7.0000	      1.5053	      0.9381	      3.3092	      -32.5922	      -642165.9189	      
49.0000	      8.0000	      1.6647	      0.3376	      3.4788	      -32.3319	      -642126.1923	      
49.0000	      9.0000	      1.5133	      0.3859	      3.3115	      -32.4257	      -642143.8685	      
49.0000	      10.0000	      1.5237	      0.8238	      3.5645	      -32.6647	      -642150.5099	      
49.0000	      11.0000	      1.5053	      0.8221	      3.3044	      -32.6552	      -642166.3090	      
49.0000	      12.0000	      1.5162	      0.9278	      3.3009	      -32.6555	      -642166.5293	      
49.0000	      13.0000	      1.5109	      0.6589	      3.3114	      -32.6611	      -642162.9326	      
49.0000	      14.0000	      1.4885	      0.8220	      3.3046	      -32.7473	      -642166.0502	      
49.0000	      15.0000	      1.5172	      0.9598	      3.3104	      -32.6184	      -642166.2714	      
50.0000	      1.0000	      1.5079	      0.1771	      3.3044	      -32.6512	      -642116.1308	      
50.0000	      2.0000	      1.2948	      0.9503	      3.3095	      -32.6368	      -642164.1868	      
50.0000	      3.0000	      1.5188	      0.5817	      3.5547	      -32.6817	      -642146.6256	      
50.0000	      4.0000	      1.7693	      0.6065	      3.3200	      -32.0029	      -642153.0224	      
50.0000	      5.0000	      1.5186	      0.9573	      3.3083	      -32.6431	      -642166.0859	      
50.0000	      6.0000	      1.5066	      0.8395	      3.3071	      -32.5950	      -642165.4893	      
50.0000	      7.0000	      1.5053	      0.3654	      3.3095	      -32.5425	      -642143.0330	      
50.0000	      8.0000	      1.6253	      0.0186	      3.5455	      -32.3331	      -642053.3669	      
50.0000	      9.0000	      1.5091	      0.9128	      3.3108	      -32.5185	      -642166.5684	      
50.0000	      10.0000	      1.5345	      0.3236	      3.3640	      -32.6647	      -642137.7950	      
50.0000	      11.0000	      1.5055	      0.1176	      3.3044	      -32.6551	      -642104.2919	      
50.0000	      12.0000	      1.5178	      0.9330	      3.5133	      -32.6543	      -642153.9779	      
50.0000	      13.0000	      1.5117	      0.0580	      3.3127	      -32.6625	      -642089.0863	      
50.0000	      14.0000	      1.4898	      0.2520	      3.3046	      -32.7383	      -642131.8655	      
50.0000	      15.0000	      1.5172	      0.3447	      3.3096	      -32.6247	      -642141.5921	      
51.0000	      1.0000	      1.5086	      0.5938	      3.3044	      -32.6513	      -642161.6322	      
51.0000	      2.0000	      0.1647	      0.9489	      3.3090	      -32.6365	      -641718.7513	      
51.0000	      3.0000	      1.5199	      0.0022	      3.3645	      -32.7001	      -642073.0276	      
51.0000	      4.0000	      1.4147	      0.2352	      3.3183	      -31.9352	      -642114.6567	      
51.0000	      5.0000	      0.4737	      0.9598	      3.3074	      -32.6417	      -641974.7261	      
51.0000	      6.0000	      1.5072	      0.4008	      3.3081	      -32.6007	      -642146.9901	      
51.0000	      7.0000	      1.5052	      0.9047	      3.3098	      -32.5228	      -642166.3903	      
51.0000	      8.0000	      1.5968	      0.6180	      3.3737	      -32.3332	      -642156.8128	      
51.0000	      9.0000	      1.5063	      0.2962	      3.3103	      -32.5355	      -642134.1896	      
51.0000	      10.0000	      1.5443	      0.8962	      3.4866	      -32.6637	      -642155.9561	      
51.0000	      11.0000	      1.5056	      0.5292	      3.3044	      -32.6551	      -642157.7399	      
51.0000	      12.0000	      1.5203	      0.9486	      3.5962	      -32.6535	      -642148.1570	      
51.0000	      13.0000	      1.5119	      0.8591	      3.3122	      -32.6648	      -642166.1984	      
51.0000	      14.0000	      1.4903	      0.7277	      3.3045	      -32.7519	      -642165.1566	      
51.0000	      15.0000	      1.5159	      0.7110	      3.3087	      -32.6242	      -642164.6178	      
52.0000	      1.0000	      1.5094	      0.0559	      3.3043	      -32.6495	      -642087.8343	      
52.0000	      2.0000	      1.1294	      0.9459	      3.3083	      -32.6346	      -642157.0477	      
52.0000	      3.0000	      1.5199	      0.5155	      3.5192	      -32.7064	      -642146.1314	      
52.0000	      4.0000	      1.1741	      0.9165	      3.3170	      -31.7538	      -642158.3286	      
52.0000	      5.0000	      1.9419	      0.9625	      3.3070	      -32.6429	      -642161.8209	      
52.0000	      6.0000	      1.5075	      0.9209	      3.3081	      -32.5802	      -642166.5048	      
52.0000	      7.0000	      1.5052	      0.2894	      3.3087	      -32.5252	      -642133.4180	      
52.0000	      8.0000	      1.6089	      0.2349	      3.5391	      -32.3789	      -642109.8089	      
52.0000	      9.0000	      1.5086	      0.8097	      3.3096	      -32.5382	      -642165.9322	      
52.0000	      10.0000	      1.5503	      0.2985	      3.5468	      -32.6606	      -642125.1654	      
52.0000	      11.0000	      1.5055	      0.0250	      3.3044	      -32.6551	      -642079.6071	      
52.0000	      12.0000	      1.5199	      0.9681	      3.3564	      -32.6533	      -642163.9755	      
52.0000	      13.0000	      1.5113	      0.4331	      3.3105	      -32.6653	      -642150.7747	      
52.0000	      14.0000	      1.4914	      0.1204	      3.3045	      -32.7637	      -642108.0861	      
52.0000	      15.0000	      1.5170	      0.0075	      3.3091	      -32.6125	      -642071.9142	      
53.0000	      1.0000	      1.5090	      0.8898	      3.3043	      -32.6475	      -642166.6503	      
53.0000	      2.0000	      1.8136	      0.9460	      3.3078	      -32.6319	      -642163.5123	      
53.0000	      3.0000	      1.5208	      0.9626	      3.5745	      -32.7138	      -642149.6230	      
53.0000	      4.0000	      1.1369	      0.4120	      3.3140	      -31.8781	      -642140.3058	      
53.0000	      5.0000	      0.8295	      0.9576	      3.3064	      -32.6455	      -642116.1769	      
53.0000	      6.0000	      1.5075	      0.3125	      3.3077	      -32.5546	      -642136.4305	      
53.0000	      7.0000	      1.5052	      0.7634	      3.3094	      -32.5240	      -642164.9882	      
53.0000	      8.0000	      1.6682	      0.0486	      3.3985	      -32.3952	      -642066.1354	      
53.0000	      9.0000	      1.5117	      0.2107	      3.3090	      -32.4921	      -642119.1405	      
53.0000	      10.0000	      1.5534	      0.6505	      3.5324	      -32.6586	      -642150.1989	      
53.0000	      11.0000	      1.5053	      0.5975	      3.3044	      -32.6551	      -642161.3360	      
53.0000	      12.0000	      1.5189	      0.9701	      3.4833	      -32.6534	      -642155.8020	      
53.0000	      13.0000	      1.5101	      0.9372	      3.3088	      -32.6647	      -642166.6021	      
53.0000	      14.0000	      1.4889	      0.6893	      3.3045	      -32.7677	      -642164.7491	      
53.0000	      15.0000	      1.5171	      0.5040	      3.3082	      -32.5958	      -642155.6163	      
54.0000	      1.0000	      1.5086	      0.4760	      3.3043	      -32.6454	      -642154.3216	      
54.0000	      2.0000	      0.2336	      0.9528	      3.3068	      -32.6357	      -641789.4916	      
54.0000	      3.0000	      1.5218	      0.2637	      3.5143	      -32.7143	      -642123.5935	      
54.0000	      4.0000	      1.2269	      0.9081	      3.3131	      -31.9467	      -642161.9777	      
54.0000	      5.0000	      1.5797	      0.9589	      3.3077	      -32.6481	      -642166.6975	      
54.0000	      6.0000	      1.5077	      0.8594	      3.3071	      -32.5449	      -642166.5448	      
54.0000	      7.0000	      1.5052	      0.1931	      3.3103	      -32.5306	      -642117.2052	      
54.0000	      8.0000	      1.7044	      0.8376	      3.5695	      -32.4034	      -642148.9951	      
54.0000	      9.0000	      1.5142	      0.7453	      3.3099	      -32.4513	      -642164.4125	      
54.0000	      10.0000	      1.5413	      0.9226	      3.4710	      -32.6583	      -642156.7872	      
54.0000	      11.0000	      1.5053	      0.1078	      3.3044	      -32.6551	      -642101.7914	      
54.0000	      12.0000	      1.5178	      0.9656	      3.3028	      -32.6545	      -642166.5165	      
54.0000	      13.0000	      1.5083	      0.2850	      3.3072	      -32.6618	      -642135.0604	      
54.0000	      14.0000	      1.4857	      0.1333	      3.3045	      -32.7556	      -642110.9413	      
54.0000	      15.0000	      1.5161	      0.0376	      3.3079	      -32.5814	      -642080.3586	      
55.0000	      1.0000	      1.5078	      0.1103	      3.3043	      -32.6462	      -642101.6287	      
55.0000	      2.0000	      1.1914	      0.9536	      3.3071	      -32.6354	      -642160.6465	      
55.0000	      3.0000	      1.5194	      0.7277	      3.5013	      -32.7174	      -642154.0613	      
55.0000	      4.0000	      1.3273	      0.2870	      3.3140	      -31.9912	      -642127.6395	      
55.0000	      5.0000	      0.0921	      0.9557	      3.3079	      -32.6511	      -641634.7902	      
55.0000	      6.0000	      1.5078	      0.2742	      3.3064	      -32.5395	      -642131.4139	      
55.0000	      7.0000	      1.5051	      0.6286	      3.3103	      -32.5358	      -642161.5761	      
55.0000	      8.0000	      1.6997	      0.4467	      3.4261	      -32.2895	      -642139.8482	      
55.0000	      9.0000	      1.5147	      0.1941	      3.3101	      -32.4278	      -642114.7166	      
55.0000	      10.0000	      1.5321	      0.1081	      3.4887	      -32.6576	      -642095.8067	      
55.0000	      11.0000	      1.5052	      0.9005	      3.3044	      -32.6551	      -642166.1877	      
55.0000	      12.0000	      1.5173	      0.9579	      3.4769	      -32.6555	      -642156.2392	      
55.0000	      13.0000	      1.5076	      0.9142	      3.3056	      -32.6585	      -642166.3745	      
55.0000	      14.0000	      1.4798	      0.5226	      3.3046	      -32.7234	      -642157.9198	      
55.0000	      15.0000	      1.5159	      0.0140	      3.3089	      -32.5802	      -642072.7345	      
56.0000	      1.0000	      1.5071	      0.9520	      3.3043	      -32.6479	      -642166.0911	      
56.0000	      2.0000	      1.9841	      0.9466	      3.3085	      -32.6348	      -642161.4792	      
56.0000	      3.0000	      1.5148	      0.1221	      3.4679	      -32.7103	      -642101.6133	      
56.0000	      4.0000	      1.3995	      0.6535	      3.3159	      -31.9739	      -642161.2390	      
56.0000	      5.0000	      1.4497	      0.9412	      3.3072	      -32.6539	      -642166.4491	      
56.0000	      6.0000	      1.5078	      0.9733	      3.3063	      -32.5537	      -642166.5421	      
56.0000	      7.0000	      1.5051	      0.0853	      3.3094	      -32.5647	      -642093.2509	      
56.0000	      8.0000	      1.6717	      0.1930	      3.5847	      -32.2709	      -642094.5895	      
56.0000	      9.0000	      1.5134	      0.9799	      3.3107	      -32.3960	      -642166.6259	      
56.0000	      10.0000	      1.5296	      0.7746	      3.5021	      -32.6578	      -642154.6250	      
56.0000	      11.0000	      1.5053	      0.4582	      3.3044	      -32.6551	      -642153.2805	      
56.0000	      12.0000	      1.5142	      0.9447	      3.3096	      -32.6560	      -642166.3805	      
56.0000	      13.0000	      1.5067	      0.3560	      3.3049	      -32.6570	      -642143.7985	      
56.0000	      14.0000	      1.4783	      0.0372	      3.3046	      -32.7113	      -642086.2794	      
56.0000	      15.0000	      1.5161	      0.2199	      3.3099	      -32.5882	      -642122.9527	      
57.0000	      1.0000	      1.5069	      0.5116	      3.3044	      -32.6480	      -642156.1468	      
57.0000	      2.0000	      0.4735	      0.9490	      3.3099	      -32.6329	      -641976.1542	      
57.0000	      3.0000	      1.5153	      0.5805	      3.4717	      -32.6978	      -642152.2935	      
57.0000	      4.0000	      1.4512	      0.0442	      3.3184	      -31.9037	      -642060.0412	      
57.0000	      5.0000	      0.4725	      0.9230	      3.3067	      -32.6549	      -641982.5293	      
57.0000	      6.0000	      1.5073	      0.4520	      3.3065	      -32.5568	      -642151.8478	      
57.0000	      7.0000	      1.5050	      0.5325	      3.3091	      -32.5464	      -642157.3665	      
57.0000	      8.0000	      1.6525	      0.0505	      3.4111	      -32.1865	      -642058.7808	      
57.0000	      9.0000	      1.5118	      0.5236	      3.3102	      -32.3799	      -642155.6776	      
57.0000	      10.0000	      1.5284	      0.3357	      3.5561	      -32.6580	      -642128.9330	      
57.0000	      11.0000	      1.5053	      0.9910	      3.3044	      -32.6551	      -642166.2796	      
57.0000	      12.0000	      1.5119	      0.9348	      3.4908	      -32.6562	      -642155.5851	      
57.0000	      13.0000	      1.5061	      0.8425	      3.3057	      -32.6569	      -642166.5069	      
57.0000	      14.0000	      1.4787	      0.8110	      3.3046	      -32.6944	      -642166.6416	      
57.0000	      15.0000	      1.5156	      0.5084	      3.3105	      -32.6000	      -642155.6664	      
58.0000	      1.0000	      1.5078	      0.1082	      3.3044	      -32.6489	      -642101.3011	      
58.0000	      2.0000	      1.1479	      0.9587	      3.3100	      -32.6346	      -642157.5853	      
58.0000	      3.0000	      1.5159	      0.9768	      3.5292	      -32.6985	      -642152.7579	      
58.0000	      4.0000	      1.4654	      0.4807	      3.3182	      -31.9152	      -642149.0156	      
58.0000	      5.0000	      1.4686	      0.9208	      3.3059	      -32.6541	      -642166.6894	      
58.0000	      6.0000	      1.5072	      0.0903	      3.3068	      -32.5670	      -642095.3781	      
58.0000	      7.0000	      1.5051	      0.1181	      3.3099	      -32.5441	      -642100.9887	      
58.0000	      8.0000	      1.6263	      0.0886	      3.5492	      -32.1403	      -642067.5192	      
58.0000	      9.0000	      1.5099	      0.1214	      3.3099	      -32.4038	      -642097.7580	      
58.0000	      10.0000	      1.5356	      0.7940	      3.5458	      -32.6583	      -642151.4278	      
58.0000	      11.0000	      1.5054	      0.3339	      3.3044	      -32.6551	      -642141.1554	      
58.0000	      12.0000	      1.5104	      0.9354	      3.3634	      -32.6557	      -642163.6903	      
58.0000	      13.0000	      1.5058	      0.2160	      3.3069	      -32.6602	      -642124.3417	      
58.0000	      14.0000	      1.4846	      0.3694	      3.3046	      -32.6722	      -642145.7120	      
58.0000	      15.0000	      1.5150	      0.5977	      3.3111	      -32.6069	      -642160.8926	      
59.0000	      1.0000	      1.5090	      0.7426	      3.3043	      -32.6481	      -642165.3829	      
59.0000	      2.0000	      1.6420	      0.9529	      3.3087	      -32.6406	      -642165.9919	      
59.0000	      3.0000	      1.5167	      0.2152	      3.5226	      -32.7089	      -642115.8891	      
59.0000	      4.0000	      1.4485	      0.9169	      3.3163	      -31.8295	      -642166.0341	      
59.0000	      5.0000	      0.1793	      0.9286	      3.3051	      -32.6512	      -641746.1425	      
59.0000	      6.0000	      1.5073	      0.7473	      3.3066	      -32.5808	      -642165.0817	      
59.0000	      7.0000	      1.5052	      0.8913	      3.3103	      -32.5337	      -642166.6358	      
59.0000	      8.0000	      1.6254	      0.1128	      3.3224	      -32.1036	      -642078.4251	      
59.0000	      9.0000	      1.5092	      0.6333	      3.3094	      -32.4326	      -642161.7697	      
59.0000	      10.0000	      1.5392	      0.1668	      3.3036	      -32.6601	      -642113.2472	      
59.0000	      11.0000	      1.5054	      0.7407	      3.3044	      -32.6551	      -642165.4214	      
59.0000	      12.0000	      1.5089	      0.9434	      3.5558	      -32.6552	      -642150.8775	      
59.0000	      13.0000	      1.5075	      0.6058	      3.3081	      -32.6625	      -642161.3624	      
59.0000	      14.0000	      1.4919	      0.0362	      3.3045	      -32.6589	      -642083.5466	      
59.0000	      15.0000	      1.5132	      0.5076	      3.3110	      -32.6069	      -642155.9729	      
60.0000	      1.0000	      1.5089	      0.2811	      3.3043	      -32.6464	      -642133.7580	      
60.0000	      2.0000	      1.9848	      0.9503	      3.3075	      -32.6438	      -642161.0876	      
60.0000	      3.0000	      1.5169	      0.5437	      3.5292	      -32.7110	      -642146.8765	      
60.0000	      4.0000	      1.4444	      0.2208	      3.3143	      -31.9203	      -642110.5941	      
60.0000	      5.0000	      1.2058	      0.9364	      3.3053	      -32.6498	      -642162.3475	      
60.0000	      6.0000	      1.5073	      0.3383	      3.3059	      -32.5714	      -642140.5814	      
60.0000	      7.0000	      1.5052	      0.4361	      3.3096	      -32.5264	      -642150.1693	      
60.0000	      8.0000	      1.6159	      0.1102	      3.4538	      -32.1504	      -642078.2199	      
60.0000	      9.0000	      1.5097	      0.0930	      3.3100	      -32.4540	      -642091.7239	      
60.0000	      10.0000	      1.5376	      0.6908	      3.4366	      -32.6612	      -642157.8183	      
60.0000	      11.0000	      1.5054	      0.0626	      3.3044	      -32.6551	      -642089.9945	      
60.0000	      12.0000	      1.5118	      0.9579	      3.4136	      -32.6547	      -642160.9237	      
60.0000	      13.0000	      1.5092	      0.8822	      3.3088	      -32.6637	      -642166.7874	      
60.0000	      14.0000	      1.4937	      0.9814	      3.3045	      -32.6547	      -642166.2666	      
60.0000	      15.0000	      1.5118	      0.3830	      3.3109	      -32.6097	      -642145.6616	      
61.0000	      1.0000	      1.5085	      0.6620	      3.3043	      -32.6463	      -642163.5378	      
61.0000	      2.0000	      1.9633	      0.9525	      3.3068	      -32.6453	      -642161.4994	      
61.0000	      3.0000	      1.5156	      0.9970	      3.5447	      -32.7110	      -642151.5568	      
61.0000	      4.0000	      1.4608	      0.6885	      3.3127	      -32.1234	      -642162.9210	      
61.0000	      5.0000	      0.0109	      0.9445	      3.3060	      -32.6500	      -641537.0120	      
61.0000	      6.0000	      1.5077	      0.0225	      3.3064	      -32.5641	      -642075.4105	      
61.0000	      7.0000	      1.5053	      0.0879	      3.3081	      -32.5464	      -642093.5459	      
61.0000	      8.0000	      1.6385	      0.0967	      3.5612	      -32.2354	      -642072.5479	      
61.0000	      9.0000	      1.5124	      0.0288	      3.3099	      -32.4465	      -642072.6090	      
61.0000	      10.0000	      1.5359	      0.0728	      3.3080	      -32.6605	      -642091.6667	      
61.0000	      11.0000	      1.5054	      0.5722	      3.3044	      -32.6551	      -642160.0258	      
61.0000	      12.0000	      1.5165	      0.9667	      3.5375	      -32.6545	      -642152.0918	      
61.0000	      13.0000	      1.5094	      0.0822	      3.3087	      -32.6634	      -642095.3821	      
61.0000	      14.0000	      1.4939	      0.5548	      3.3045	      -32.6579	      -642159.1835	      
61.0000	      15.0000	      1.5148	      0.3486	      3.3107	      -32.6130	      -642142.1638	      
