#iter	     #Particle	       tx	       ty	       tz	     twist	     energy	     
1.0000	      1.0000	      1.5409	      0.0167	      3.2065	      -53.0986	      -356818.8812	      
1.0000	      2.0000	      1.8241	      0.6071	      3.2283	      -66.3003	      -357279.3433	      
1.0000	      3.0000	      1.2266	      1.0300	      3.4618	      -54.6771	      -357346.0281	      
1.0000	      4.0000	      0.5565	      0.8656	      3.4314	      -38.0352	      -357202.3018	      
1.0000	      5.0000	      0.4000	      1.8780	      3.3758	      -66.0388	      -357451.3919	      
1.0000	      6.0000	      1.0747	      1.2643	      3.3945	      -48.2261	      -357332.1765	      
1.0000	      7.0000	      1.1536	      1.6805	      3.2601	      -39.4026	      -357403.3055	      
1.0000	      8.0000	      0.5058	      0.1143	      3.5557	      -57.1900	      -357466.4375	      
1.0000	      9.0000	      0.0375	      0.6987	      3.3279	      -49.5681	      -357220.2240	      
1.0000	      10.0000	      0.7638	      0.7284	      3.4913	      -61.5714	      -357471.1602	      
1.0000	      11.0000	      1.6118	      0.4069	      3.3367	      -61.0797	      -357290.7488	      
1.0000	      12.0000	      0.1390	      0.9988	      3.5888	      -52.8384	      -357425.4954	      
1.0000	      13.0000	      1.8809	      1.0192	      3.3990	      -35.6691	      -357354.1020	      
1.0000	      14.0000	      1.4445	      1.7766	      3.5593	      -40.1476	      -357432.7287	      
1.0000	      15.0000	      0.7898	      1.2202	      3.3269	      -63.5383	      -357445.9737	      
2.0000	      1.0000	      1.7384	      0.6018	      3.3496	      -53.3873	      -357139.6311	      
2.0000	      2.0000	      0.2176	      0.8833	      3.2279	      -66.1176	      -357457.7479	      
2.0000	      3.0000	      1.7740	      1.0564	      3.2649	      -54.2675	      -357075.0083	      
2.0000	      4.0000	      0.9425	      1.0100	      3.3566	      -44.7985	      -357241.9116	      
2.0000	      5.0000	      0.4819	      0.2477	      3.2445	      -64.3263	      -357481.5504	      
2.0000	      6.0000	      1.2042	      1.6988	      3.5590	      -48.8266	      -357421.3358	      
2.0000	      7.0000	      1.5386	      1.9530	      3.5171	      -40.0954	      -357427.8450	      
2.0000	      8.0000	      0.7144	      0.2502	      3.4373	      -57.6215	      -357460.8245	      
2.0000	      9.0000	      0.6931	      1.0285	      3.5856	      -51.1219	      -357420.2993	      
2.0000	      10.0000	      1.1809	      1.0932	      3.5086	      -61.4438	      -357413.3163	      
2.0000	      11.0000	      1.8848	      1.1102	      3.4796	      -61.0298	      -357285.1289	      
2.0000	      12.0000	      0.9333	      1.4759	      3.2523	      -54.8191	      -357325.1431	      
2.0000	      13.0000	      1.8994	      1.3898	      3.2086	      -36.0998	      -357368.1280	      
2.0000	      14.0000	      1.4497	      1.8071	      3.2317	      -40.8637	      -357405.9623	      
2.0000	      15.0000	      1.3179	      1.7616	      3.3568	      -63.1714	      -357357.9828	      
3.0000	      1.0000	      1.6841	      0.9898	      3.4419	      -56.0410	      -357271.1917	      
3.0000	      2.0000	      0.5276	      1.0112	      3.5083	      -65.7406	      -357470.5679	      
3.0000	      3.0000	      1.8736	      1.0604	      3.5031	      -55.7312	      -357301.8282	      
3.0000	      4.0000	      1.1440	      1.0452	      3.5784	      -49.5616	      -357388.7567	      
3.0000	      5.0000	      0.5392	      0.5065	      3.3125	      -63.1276	      -357484.5240	      
3.0000	      6.0000	      1.1774	      1.5914	      3.5479	      -53.4544	      -357408.3932	      
3.0000	      7.0000	      1.8079	      0.1101	      3.5670	      -43.8356	      -357257.9776	      
3.0000	      8.0000	      0.7581	      0.3210	      3.2593	      -58.2697	      -357433.1024	      
3.0000	      9.0000	      1.1040	      1.2280	      3.2656	      -55.2625	      -357260.8286	      
3.0000	      10.0000	      1.3982	      1.1979	      3.4907	      -61.4795	      -357371.1540	      
3.0000	      11.0000	      1.8807	      1.2562	      3.5066	      -61.6805	      -357306.4336	      
3.0000	      12.0000	      1.1762	      1.6255	      3.3985	      -58.6118	      -357376.0037	      
3.0000	      13.0000	      1.6999	      1.4274	      3.2383	      -43.3531	      -357347.0884	      
3.0000	      14.0000	      1.2622	      1.6550	      3.2970	      -42.5787	      -357394.6223	      
3.0000	      15.0000	      1.4978	      1.9807	      3.3500	      -63.1089	      -357342.2542	      
4.0000	      1.0000	      1.3785	      1.2156	      3.4878	      -59.2982	      -357359.8603	      
4.0000	      2.0000	      0.7467	      0.9877	      3.2959	      -65.4212	      -357467.9692	      
4.0000	      3.0000	      1.4034	      1.0425	      3.2600	      -56.7473	      -357165.7805	      
4.0000	      4.0000	      1.2163	      0.9772	      3.2691	      -54.1487	      -357194.3064	      
4.0000	      5.0000	      0.5793	      0.6877	      3.2401	      -62.2885	      -357470.0084	      
4.0000	      6.0000	      1.1503	      1.2666	      3.4028	      -55.8725	      -357346.0529	      
4.0000	      7.0000	      1.5874	      1.0990	      3.4476	      -49.0420	      -357325.7128	      
4.0000	      8.0000	      0.7295	      0.2770	      3.4510	      -59.0662	      -357471.9891	      
4.0000	      9.0000	      1.0585	      1.3053	      3.3387	      -58.6803	      -357358.5983	      
4.0000	      10.0000	      1.3016	      0.9000	      3.4430	      -61.6804	      -357391.2260	      
4.0000	      11.0000	      1.6750	      1.1352	      3.5105	      -62.5447	      -357342.4426	      
4.0000	      12.0000	      0.9482	      1.2633	      3.5080	      -60.8739	      -357433.8574	      
4.0000	      13.0000	      1.3166	      1.1864	      3.5461	      -48.1607	      -357383.6556	      
4.0000	      14.0000	      1.0016	      1.4673	      3.4023	      -45.7839	      -357379.8748	      
4.0000	      15.0000	      1.0586	      1.8345	      3.3359	      -63.2236	      -357403.4251	      
5.0000	      1.0000	      1.1167	      1.2501	      3.4780	      -61.5929	      -357412.1240	      
5.0000	      2.0000	      0.8350	      0.8376	      3.4804	      -64.7716	      -357469.4361	      
5.0000	      3.0000	      0.9516	      1.0057	      3.4682	      -58.1020	      -357418.3548	      
5.0000	      4.0000	      1.2120	      0.8952	      3.4740	      -57.8644	      -357380.7211	      
5.0000	      5.0000	      0.5943	      0.7971	      3.4980	      -62.1770	      -357475.1599	      
5.0000	      6.0000	      0.9685	      1.0539	      3.5878	      -57.3207	      -357431.8501	      
5.0000	      7.0000	      1.2547	      1.9791	      3.2238	      -53.4186	      -357359.7892	      
5.0000	      8.0000	      0.6586	      0.2595	      3.5456	      -60.5596	      -357478.8136	      
5.0000	      9.0000	      0.8597	      1.2277	      3.5063	      -58.9572	      -357435.3698	      
5.0000	      10.0000	      1.0807	      0.6812	      3.4004	      -62.1793	      -357441.2102	      
5.0000	      11.0000	      1.2303	      0.9278	      3.5061	      -63.3144	      -357426.7648	      
5.0000	      12.0000	      0.6966	      0.9593	      3.5765	      -62.7326	      -357467.0735	      
5.0000	      13.0000	      0.9055	      0.9924	      3.3554	      -53.1112	      -357324.2078	      
5.0000	      14.0000	      0.7548	      1.1657	      3.5204	      -49.0486	      -357393.6743	      
5.0000	      15.0000	      0.6686	      1.4258	      3.3161	      -63.3894	      -357447.6645	      
6.0000	      1.0000	      0.8574	      1.1498	      3.4226	      -63.5297	      -357451.1562	      
6.0000	      2.0000	      0.8098	      0.7339	      3.2085	      -64.2107	      -357464.2085	      
6.0000	      3.0000	      0.5672	      0.8555	      3.5721	      -60.2521	      -357469.9229	      
6.0000	      4.0000	      1.0362	      0.7788	      3.5936	      -60.0077	      -357447.4450	      
6.0000	      5.0000	      0.5921	      0.7455	      3.5854	      -62.7189	      -357473.6428	      
6.0000	      6.0000	      0.7359	      0.7824	      3.2969	      -58.9114	      -357427.9359	      
6.0000	      7.0000	      0.8813	      0.4973	      3.4518	      -53.6016	      -357393.2641	      
6.0000	      8.0000	      0.5737	      0.2539	      3.5934	      -62.0822	      -357477.0798	      
6.0000	      9.0000	      0.6902	      1.1731	      3.5861	      -59.2657	      -357454.7705	      
6.0000	      10.0000	      0.7973	      0.5233	      3.4035	      -62.5908	      -357477.8268	      
6.0000	      11.0000	      0.8817	      0.7704	      3.4831	      -63.8487	      -357467.8415	      
6.0000	      12.0000	      0.4811	      0.6927	      3.5655	      -64.0951	      -357474.1865	      
6.0000	      13.0000	      0.6514	      0.8323	      3.5862	      -58.2413	      -357464.0768	      
6.0000	      14.0000	      0.5625	      1.1357	      3.2030	      -53.0529	      -357265.2286	      
6.0000	      15.0000	      0.3836	      0.9338	      3.3018	      -63.5008	      -357464.2032	      
7.0000	      1.0000	      0.5918	      0.9614	      3.3645	      -64.8324	      -357474.2712	      
7.0000	      2.0000	      0.6508	      0.6482	      3.4560	      -64.0859	      -357480.2462	      
7.0000	      3.0000	      0.2918	      0.6636	      3.2335	      -62.6143	      -357458.3808	      
7.0000	      4.0000	      0.7839	      0.6663	      3.2168	      -61.7531	      -357451.1617	      
7.0000	      5.0000	      0.5788	      0.6242	      3.4829	      -63.2369	      -357480.7222	      
7.0000	      6.0000	      0.5652	      0.6133	      3.4559	      -60.6072	      -357477.7805	      
7.0000	      7.0000	      0.7980	      1.2724	      3.2333	      -50.4245	      -357247.8339	      
7.0000	      8.0000	      0.5111	      0.2707	      3.5403	      -62.9122	      -357479.0726	      
7.0000	      9.0000	      0.5417	      0.9393	      3.2117	      -60.4733	      -357428.3695	      
7.0000	      10.0000	      0.5852	      0.4122	      3.3824	      -62.8790	      -357485.6630	      
7.0000	      11.0000	      0.5500	      0.5940	      3.4211	      -64.0662	      -357482.9905	      
7.0000	      12.0000	      0.3437	      0.4658	      3.4838	      -64.8405	      -357477.7290	      
7.0000	      13.0000	      0.4515	      0.6396	      3.3022	      -62.2306	      -357475.5474	      
7.0000	      14.0000	      0.5388	      1.2530	      3.3584	      -53.0036	      -357372.7927	      
7.0000	      15.0000	      0.2026	      0.5474	      3.2921	      -63.5558	      -357466.3956	      
8.0000	      1.0000	      0.4052	      0.6707	      3.3272	      -65.4600	      -357480.3138	      
8.0000	      2.0000	      0.5300	      0.5841	      3.2273	      -63.8228	      -357481.0967	      
8.0000	      3.0000	      0.1937	      0.4945	      3.3319	      -63.2404	      -357469.1389	      
8.0000	      4.0000	      0.6028	      0.5352	      3.2587	      -63.2020	      -357482.2563	      
8.0000	      5.0000	      0.5554	      0.5039	      3.3377	      -63.4898	      -357485.3774	      
8.0000	      6.0000	      0.4465	      0.4453	      3.5596	      -62.4392	      -357479.0420	      
8.0000	      7.0000	      0.8687	      1.9502	      3.4941	      -46.1357	      -357434.3769	      
8.0000	      8.0000	      0.4752	      0.3216	      3.4921	      -63.4873	      -357480.7879	      
8.0000	      9.0000	      0.4900	      0.7163	      3.3376	      -61.6117	      -357472.5527	      
8.0000	      10.0000	      0.4368	      0.3344	      3.3676	      -63.0808	      -357483.8507	      
8.0000	      11.0000	      0.3256	      0.4702	      3.3763	      -63.8723	      -357480.1052	      
8.0000	      12.0000	      0.3000	      0.3035	      3.4214	      -65.2524	      -357478.5000	      
8.0000	      13.0000	      0.3513	      0.4768	      3.4044	      -65.1474	      -357480.7718	      
8.0000	      14.0000	      0.9240	      1.1372	      3.4870	      -53.9500	      -357394.9765	      
8.0000	      15.0000	      0.1600	      0.2502	      3.3084	      -63.4799	      -357467.7361	      
9.0000	      1.0000	      0.3162	      0.4415	      3.3032	      -65.1337	      -357480.6132	      
9.0000	      2.0000	      0.4615	      0.5365	      3.3816	      -63.6279	      -357483.5679	      
9.0000	      3.0000	      0.1598	      0.3685	      3.4210	      -62.7949	      -357471.0393	      
9.0000	      4.0000	      0.4746	      0.4228	      3.3128	      -64.2014	      -357485.3854	      
9.0000	      5.0000	      0.5438	      0.4167	      3.2411	      -63.5080	      -357483.9335	      
9.0000	      6.0000	      0.3977	      0.3266	      3.2253	      -63.7338	      -357479.2243	      
9.0000	      7.0000	      0.8911	      0.1108	      3.2537	      -44.6552	      -356847.4321	      
9.0000	      8.0000	      0.4541	      0.3653	      3.4349	      -63.8601	      -357482.7361	      
9.0000	      9.0000	      0.4662	      0.5105	      3.4341	      -62.6594	      -357483.2386	      
9.0000	      10.0000	      0.3593	      0.3262	      3.3638	      -63.0948	      -357480.9704	      
9.0000	      11.0000	      0.2479	      0.3809	      3.3681	      -63.7319	      -357477.0096	      
9.0000	      12.0000	      0.2956	      0.2093	      3.3674	      -64.8549	      -357477.7424	      
9.0000	      13.0000	      0.3252	      0.3439	      3.4750	      -66.8262	      -357474.3643	      
9.0000	      14.0000	      1.3550	      1.1734	      3.5627	      -54.8835	      -357376.2823	      
9.0000	      15.0000	      0.2375	      0.0600	      3.3243	      -63.3346	      -357464.1768	      
10.0000	      1.0000	      0.2553	      0.2783	      3.3056	      -64.6561	      -357476.8304	      
10.0000	      2.0000	      0.4371	      0.4747	      3.4897	      -63.4900	      -357480.8347	      
10.0000	      3.0000	      0.2415	      0.2865	      3.4742	      -62.5063	      -357475.2500	      
10.0000	      4.0000	      0.4090	      0.3415	      3.3681	      -64.7341	      -357483.5670	      
10.0000	      5.0000	      0.5430	      0.3641	      3.2214	      -63.4305	      -357482.3775	      
10.0000	      6.0000	      0.4148	      0.2443	      3.2994	      -64.5543	      -357481.6518	      
10.0000	      7.0000	      0.8461	      0.5943	      3.4057	      -45.8574	      -357214.8368	      
10.0000	      8.0000	      0.4445	      0.4018	      3.3900	      -63.8563	      -357484.2382	      
10.0000	      9.0000	      0.4656	      0.3552	      3.4952	      -63.4465	      -357481.1511	      
10.0000	      10.0000	      0.4014	      0.3543	      3.3647	      -63.0453	      -357483.0145	      
10.0000	      11.0000	      0.3209	      0.4168	      3.3709	      -63.6614	      -357480.5716	      
10.0000	      12.0000	      0.2990	      0.1992	      3.3331	      -64.1658	      -357476.9054	      
10.0000	      13.0000	      0.3549	      0.2979	      3.4795	      -67.2831	      -357473.2002	      
10.0000	      14.0000	      1.6472	      1.4024	      3.5653	      -53.8007	      -357372.4126	      
10.0000	      15.0000	      0.2908	      0.0274	      3.3406	      -63.2599	      -357464.7935	      
11.0000	      1.0000	      0.2734	      0.2512	      3.3108	      -64.1243	      -357476.6277	      
11.0000	      2.0000	      0.4540	      0.4422	      3.5375	      -63.4168	      -357478.9440	      
11.0000	      3.0000	      0.3824	      0.2368	      3.4840	      -62.3710	      -357478.9686	      
11.0000	      4.0000	      0.3976	      0.3226	      3.3895	      -64.5315	      -357482.7224	      
11.0000	      5.0000	      0.5542	      0.3561	      3.2465	      -63.3327	      -357483.4106	      
11.0000	      6.0000	      0.4679	      0.2044	      3.3512	      -65.0044	      -357481.3918	      
11.0000	      7.0000	      0.7498	      1.3457	      3.5328	      -47.3727	      -357408.4069	      
11.0000	      8.0000	      0.4539	      0.4285	      3.3574	      -63.7456	      -357484.9166	      
11.0000	      9.0000	      0.4715	      0.2696	      3.5184	      -63.7591	      -357478.7708	      
11.0000	      10.0000	      0.5067	      0.3997	      3.3749	      -62.9607	      -357485.5165	      
11.0000	      11.0000	      0.5410	      0.4794	      3.3986	      -63.5877	      -357485.2906	      
11.0000	      12.0000	      0.3617	      0.2696	      3.3176	      -63.7924	      -357480.3344	      
11.0000	      13.0000	      0.4296	      0.2845	      3.4523	      -66.7288	      -357476.4727	      
11.0000	      14.0000	      1.7703	      1.5065	      3.5116	      -53.4143	      -357363.1171	      
11.0000	      15.0000	      0.2690	      0.1657	      3.3538	      -63.1826	      -357473.3846	      
12.0000	      1.0000	      0.3272	      0.2705	      3.3144	      -63.6850	      -357479.1770	      
12.0000	      2.0000	      0.4708	      0.4290	      3.4907	      -63.3936	      -357481.6637	      
12.0000	      3.0000	      0.5166	      0.2184	      3.4845	      -62.4207	      -357480.7517	      
12.0000	      4.0000	      0.4448	      0.3690	      3.3865	      -63.9379	      -357484.1702	      
12.0000	      5.0000	      0.5647	      0.3685	      3.3114	      -63.2694	      -357485.4740	      
12.0000	      6.0000	      0.5291	      0.2387	      3.3931	      -65.2253	      -357481.6867	      
12.0000	      7.0000	      0.7124	      1.9608	      3.5766	      -51.9421	      -357437.7305	      
12.0000	      8.0000	      0.4666	      0.4437	      3.3391	      -63.4915	      -357484.9398	      
12.0000	      9.0000	      0.4784	      0.2391	      3.4922	      -63.8332	      -357479.5108	      
12.0000	      10.0000	      0.6049	      0.4345	      3.3850	      -62.8434	      -357485.5746	      
12.0000	      11.0000	      0.6980	      0.5098	      3.4142	      -63.5199	      -357482.8796	      
12.0000	      12.0000	      0.4475	      0.3195	      3.3094	      -63.5077	      -357483.5682	      
12.0000	      13.0000	      0.4872	      0.3502	      3.4152	      -65.5980	      -357481.7143	      
12.0000	      14.0000	      1.5654	      1.4867	      3.4500	      -51.6426	      -357355.7014	      
12.0000	      15.0000	      0.2737	      0.2961	      3.3636	      -63.1094	      -357476.9248	      
13.0000	      1.0000	      0.4366	      0.3205	      3.3345	      -63.5273	      -357483.8019	      
13.0000	      2.0000	      0.5011	      0.4350	      3.4250	      -63.3822	      -357484.4558	      
13.0000	      3.0000	      0.6303	      0.2262	      3.4784	      -62.5085	      -357481.3256	      
13.0000	      4.0000	      0.5055	      0.4278	      3.3666	      -63.3078	      -357485.5340	      
13.0000	      5.0000	      0.5770	      0.3795	      3.3708	      -63.1570	      -357485.7536	      
13.0000	      6.0000	      0.5796	      0.2632	      3.4208	      -65.1022	      -357481.7721	      
13.0000	      7.0000	      0.6859	      0.0756	      3.5525	      -55.2958	      -357448.6729	      
13.0000	      8.0000	      0.5085	      0.4469	      3.3311	      -63.1775	      -357485.2642	      
13.0000	      9.0000	      0.4986	      0.3710	      3.4360	      -63.4855	      -357484.0649	      
13.0000	      10.0000	      0.6639	      0.4516	      3.3911	      -62.7704	      -357484.1924	      
13.0000	      11.0000	      0.7361	      0.5058	      3.4194	      -63.3412	      -357481.8763	      
13.0000	      12.0000	      0.5161	      0.3766	      3.3081	      -63.2890	      -357485.1903	      
13.0000	      13.0000	      0.5302	      0.4146	      3.3860	      -64.1623	      -357485.6281	      
13.0000	      14.0000	      1.3850	      1.4847	      3.4352	      -52.7010	      -357352.8709	      
13.0000	      15.0000	      0.3458	      0.3892	      3.3727	      -63.0191	      -357480.9548	      
14.0000	      1.0000	      0.5442	      0.3660	      3.3546	      -63.3117	      -357485.8670	      
14.0000	      2.0000	      0.5450	      0.4314	      3.3780	      -63.3096	      -357485.9426	      
14.0000	      3.0000	      0.6996	      0.2404	      3.4547	      -62.7242	      -357480.9862	      
14.0000	      4.0000	      0.5584	      0.4561	      3.3534	      -62.8222	      -357485.3664	      
14.0000	      5.0000	      0.5856	      0.3872	      3.4124	      -63.0782	      -357485.1427	      
14.0000	      6.0000	      0.6144	      0.3043	      3.4373	      -64.9530	      -357481.8260	      
14.0000	      7.0000	      0.6456	      0.2212	      3.5023	      -59.2932	      -357476.3221	      
14.0000	      8.0000	      0.5565	      0.4429	      3.3340	      -62.9568	      -357485.4302	      
14.0000	      9.0000	      0.5306	      0.4656	      3.3955	      -63.1969	      -357485.3755	      
14.0000	      10.0000	      0.6484	      0.4489	      3.3912	      -62.8762	      -357484.7561	      
14.0000	      11.0000	      0.6802	      0.4639	      3.4046	      -63.1725	      -357484.0791	      
14.0000	      12.0000	      0.5685	      0.4167	      3.3108	      -63.1015	      -357485.5956	      
14.0000	      13.0000	      0.5656	      0.4592	      3.3617	      -63.1275	      -357485.6499	      
14.0000	      14.0000	      1.1410	      1.3993	      3.4274	      -54.1556	      -357363.0777	      
14.0000	      15.0000	      0.4562	      0.4520	      3.3786	      -62.9746	      -357484.2331	      
15.0000	      1.0000	      0.6197	      0.4168	      3.3741	      -63.1604	      -357485.2416	      
15.0000	      2.0000	      0.5757	      0.4288	      3.3451	      -63.2589	      -357485.8452	      
15.0000	      3.0000	      0.7031	      0.2721	      3.4257	      -62.9696	      -357482.1951	      
15.0000	      4.0000	      0.5911	      0.4568	      3.3516	      -62.7781	      -357485.1398	      
15.0000	      5.0000	      0.5866	      0.4030	      3.4314	      -63.0519	      -357484.8015	      
15.0000	      6.0000	      0.6384	      0.3448	      3.4478	      -64.4750	      -357482.3360	      
15.0000	      7.0000	      0.5987	      0.3744	      3.4666	      -63.2111	      -357483.3968	      
15.0000	      8.0000	      0.5878	      0.4396	      3.3401	      -62.8472	      -357485.2669	      
15.0000	      9.0000	      0.5531	      0.5242	      3.3655	      -63.0221	      -357484.7637	      
15.0000	      10.0000	      0.6009	      0.4329	      3.3876	      -62.9689	      -357485.2308	      
15.0000	      11.0000	      0.5438	      0.4315	      3.3879	      -63.0957	      -357485.5749	      
15.0000	      12.0000	      0.5990	      0.4479	      3.3225	      -62.9798	      -357485.1502	      
15.0000	      13.0000	      0.5857	      0.4868	      3.3494	      -62.4100	      -357484.2775	      
15.0000	      14.0000	      1.0251	      1.2335	      3.4531	      -55.4811	      -357382.8974	      
15.0000	      15.0000	      0.5340	      0.4918	      3.3827	      -63.0045	      -357485.1679	      
16.0000	      1.0000	      0.6548	      0.4386	      3.3870	      -63.1025	      -357484.8262	      
16.0000	      2.0000	      0.5929	      0.4282	      3.3334	      -63.2428	      -357485.9066	      
16.0000	      3.0000	      0.6771	      0.3040	      3.3985	      -63.1466	      -357483.7646	      
16.0000	      4.0000	      0.5948	      0.4428	      3.3543	      -63.0030	      -357485.7697	      
16.0000	      5.0000	      0.5802	      0.4143	      3.4284	      -63.1003	      -357484.8726	      
16.0000	      6.0000	      0.6375	      0.3794	      3.4368	      -64.1001	      -357483.7395	      
16.0000	      7.0000	      0.5619	      0.4835	      3.4343	      -65.9642	      -357480.9820	      
16.0000	      8.0000	      0.5980	      0.4379	      3.3532	      -62.8918	      -357485.5197	      
16.0000	      9.0000	      0.5609	      0.5320	      3.3492	      -63.0511	      -357484.7872	      
16.0000	      10.0000	      0.5544	      0.4201	      3.3837	      -63.0419	      -357485.5956	      
16.0000	      11.0000	      0.4485	      0.4089	      3.3753	      -63.0907	      -357484.2383	      
16.0000	      12.0000	      0.6051	      0.4615	      3.3338	      -62.9718	      -357485.1684	      
16.0000	      13.0000	      0.5931	      0.4912	      3.3479	      -62.4117	      -357483.8711	      
16.0000	      14.0000	      0.9611	      0.9598	      3.4726	      -55.5219	      -357398.1618	      
16.0000	      15.0000	      0.5901	      0.5122	      3.3856	      -63.0699	      -357484.7577	      
17.0000	      1.0000	      0.6591	      0.4251	      3.3851	      -63.1083	      -357485.2168	      
17.0000	      2.0000	      0.5779	      0.4281	      3.3498	      -63.2496	      -357485.9820	      
17.0000	      3.0000	      0.6441	      0.3573	      3.3760	      -63.3190	      -357485.1312	      
17.0000	      4.0000	      0.5924	      0.4330	      3.3569	      -63.2075	      -357485.7213	      
17.0000	      5.0000	      0.5740	      0.4094	      3.4013	      -63.1583	      -357485.6480	      
17.0000	      6.0000	      0.6293	      0.4112	      3.4215	      -63.7163	      -357484.5482	      
17.0000	      7.0000	      0.5468	      0.5015	      3.4153	      -65.9839	      -357481.7379	      
17.0000	      8.0000	      0.5986	      0.4363	      3.3640	      -63.0279	      -357485.5022	      
17.0000	      9.0000	      0.5607	      0.5043	      3.3443	      -63.1505	      -357484.8234	      
17.0000	      10.0000	      0.5316	      0.4087	      3.3805	      -63.1355	      -357485.3784	      
17.0000	      11.0000	      0.4125	      0.4033	      3.3727	      -63.1081	      -357483.6466	      
17.0000	      12.0000	      0.5789	      0.4629	      3.3346	      -62.9863	      -357485.5982	      
17.0000	      13.0000	      0.5837	      0.4741	      3.3501	      -62.7717	      -357484.9563	      
17.0000	      14.0000	      0.9008	      0.7737	      3.4851	      -48.1657	      -357333.0648	      
17.0000	      15.0000	      0.5917	      0.5037	      3.3860	      -63.1519	      -357484.9709	      
18.0000	      1.0000	      0.6290	      0.3940	      3.3633	      -63.1463	      -357485.6258	      
18.0000	      2.0000	      0.5674	      0.4281	      3.3613	      -63.2544	      -357485.9964	      
18.0000	      3.0000	      0.6082	      0.4124	      3.3540	      -63.4357	      -357486.0586	      
18.0000	      4.0000	      0.5885	      0.4263	      3.3581	      -63.2904	      -357485.8705	      
18.0000	      5.0000	      0.5707	      0.4068	      3.3661	      -63.2145	      -357485.7888	      
18.0000	      6.0000	      0.6199	      0.4371	      3.3981	      -63.3867	      -357485.1466	      
18.0000	      7.0000	      0.5637	      0.4904	      3.3870	      -64.3194	      -357485.3585	      
18.0000	      8.0000	      0.5979	      0.4347	      3.3685	      -63.1198	      -357485.7893	      
18.0000	      9.0000	      0.5588	      0.4718	      3.3463	      -63.2315	      -357485.4424	      
18.0000	      10.0000	      0.5390	      0.4038	      3.3755	      -63.0991	      -357485.6126	      
18.0000	      11.0000	      0.4911	      0.4158	      3.3742	      -63.1179	      -357484.9814	      
18.0000	      12.0000	      0.5605	      0.4623	      3.3361	      -63.0644	      -357485.5419	      
18.0000	      13.0000	      0.5720	      0.4586	      3.3561	      -63.3020	      -357485.9053	      
18.0000	      14.0000	      0.8185	      0.7830	      3.4758	      -42.9024	      -357278.7744	      
18.0000	      15.0000	      0.5707	      0.4888	      3.3752	      -63.1518	      -357485.3715	      
19.0000	      1.0000	      0.5658	      0.3660	      3.3443	      -63.3220	      -357486.0002	      
19.0000	      2.0000	      0.5656	      0.4272	      3.3678	      -63.2699	      -357485.8085	      
19.0000	      3.0000	      0.5831	      0.4511	      3.3386	      -63.5173	      -357486.1833	      
19.0000	      4.0000	      0.5893	      0.4213	      3.3583	      -63.3735	      -357486.0928	      
19.0000	      5.0000	      0.5757	      0.4050	      3.3398	      -63.2585	      -357485.9777	      
19.0000	      6.0000	      0.6102	      0.4500	      3.3780	      -63.1591	      -357485.5943	      
19.0000	      7.0000	      0.5833	      0.4780	      3.3580	      -62.9080	      -357485.2321	      
19.0000	      8.0000	      0.5986	      0.4275	      3.3700	      -63.2177	      -357485.5350	      
19.0000	      9.0000	      0.5669	      0.4335	      3.3485	      -63.2925	      -357486.1310	      
19.0000	      10.0000	      0.5503	      0.4019	      3.3699	      -63.1438	      -357485.8272	      
19.0000	      11.0000	      0.5609	      0.4243	      3.3724	      -63.1289	      -357485.8773	      
19.0000	      12.0000	      0.5647	      0.4552	      3.3406	      -63.1929	      -357485.8681	      
19.0000	      13.0000	      0.5642	      0.4366	      3.3598	      -63.7101	      -357486.1165	      
19.0000	      14.0000	      0.8511	      0.7819	      3.4626	      -41.2006	      -357259.4847	      
19.0000	      15.0000	      0.5628	      0.4721	      3.3631	      -63.1853	      -357485.5906	      
20.0000	      1.0000	      0.5227	      0.3482	      3.3293	      -63.4607	      -357485.1689	      
20.0000	      2.0000	      0.5655	      0.4314	      3.3652	      -63.3244	      -357486.1387	      
20.0000	      3.0000	      0.5655	      0.4781	      3.3278	      -63.5744	      -357486.0542	      
20.0000	      4.0000	      0.5881	      0.4186	      3.3552	      -63.4395	      -357485.9920	      
20.0000	      5.0000	      0.5796	      0.4079	      3.3211	      -63.3453	      -357485.8880	      
20.0000	      6.0000	      0.5962	      0.4592	      3.3548	      -63.0749	      -357485.5064	      
20.0000	      7.0000	      0.5898	      0.4642	      3.3364	      -62.0415	      -357482.9452	      
20.0000	      8.0000	      0.5986	      0.4308	      3.3671	      -63.2568	      -357485.6360	      
20.0000	      9.0000	      0.5755	      0.4112	      3.3486	      -63.3400	      -357486.0522	      
20.0000	      10.0000	      0.5630	      0.4131	      3.3636	      -63.2689	      -357486.1569	      
20.0000	      11.0000	      0.6102	      0.4313	      3.3707	      -63.2494	      -357485.5419	      
20.0000	      12.0000	      0.5703	      0.4492	      3.3433	      -63.2870	      -357485.8144	      
20.0000	      13.0000	      0.5604	      0.4214	      3.3593	      -63.9587	      -357486.2594	      
20.0000	      14.0000	      0.9208	      1.1561	      3.4480	      -45.1168	      -357344.6333	      
20.0000	      15.0000	      0.5601	      0.4574	      3.3544	      -63.2432	      -357485.7556	      
21.0000	      1.0000	      0.4972	      0.3571	      3.3252	      -63.5340	      -357485.3070	      
21.0000	      2.0000	      0.5646	      0.4315	      3.3616	      -63.5506	      -357485.9359	      
21.0000	      3.0000	      0.5607	      0.4797	      3.3314	      -63.6593	      -357485.9952	      
21.0000	      4.0000	      0.5821	      0.4181	      3.3538	      -63.6107	      -357486.1089	      
21.0000	      5.0000	      0.5775	      0.4128	      3.3152	      -63.4590	      -357485.8844	      
21.0000	      6.0000	      0.5897	      0.4606	      3.3502	      -63.0792	      -357485.5573	      
21.0000	      7.0000	      0.5786	      0.4561	      3.3350	      -62.3302	      -357484.0303	      
21.0000	      8.0000	      0.5965	      0.4318	      3.3645	      -63.2492	      -357485.8104	      
21.0000	      9.0000	      0.5740	      0.4006	      3.3497	      -63.4526	      -357485.9142	      
21.0000	      10.0000	      0.5718	      0.4220	      3.3587	      -63.4124	      -357485.8777	      
21.0000	      11.0000	      0.6381	      0.4311	      3.3673	      -63.3759	      -357485.6619	      
21.0000	      12.0000	      0.5717	      0.4440	      3.3451	      -63.3934	      -357486.0529	      
21.0000	      13.0000	      0.5577	      0.4108	      3.3589	      -64.1327	      -357486.2525	      
21.0000	      14.0000	      1.1179	      1.4607	      3.4324	      -49.8983	      -357375.7986	      
21.0000	      15.0000	      0.5582	      0.4401	      3.3487	      -63.4308	      -357486.0983	      
22.0000	      1.0000	      0.4986	      0.3783	      3.3259	      -63.6907	      -357485.9871	      
22.0000	      2.0000	      0.5630	      0.4299	      3.3599	      -63.7935	      -357485.9093	      
22.0000	      3.0000	      0.5597	      0.4595	      3.3362	      -63.7541	      -357486.4954	      
22.0000	      4.0000	      0.5736	      0.4179	      3.3543	      -63.7991	      -357486.3971	      
22.0000	      5.0000	      0.5744	      0.4169	      3.3270	      -63.4951	      -357485.9815	      
22.0000	      6.0000	      0.5889	      0.4557	      3.3510	      -63.1071	      -357485.4698	      
22.0000	      7.0000	      0.5617	      0.4601	      3.3407	      -63.5150	      -357486.3779	      
22.0000	      8.0000	      0.5907	      0.4309	      3.3616	      -63.3455	      -357485.9008	      
22.0000	      9.0000	      0.5709	      0.4103	      3.3525	      -63.5793	      -357486.1191	      
22.0000	      10.0000	      0.5725	      0.4260	      3.3571	      -63.6184	      -357486.1172	      
22.0000	      11.0000	      0.6214	      0.4269	      3.3660	      -63.5743	      -357485.8270	      
22.0000	      12.0000	      0.5720	      0.4353	      3.3471	      -63.5912	      -357486.3379	      
22.0000	      13.0000	      0.5575	      0.4070	      3.3588	      -64.2056	      -357485.9952	      
22.0000	      14.0000	      1.3234	      1.7038	      3.4527	      -50.7987	      -357395.3343	      
22.0000	      15.0000	      0.5575	      0.4246	      3.3474	      -63.7084	      -357486.3069	      
23.0000	      1.0000	      0.5107	      0.4098	      3.3297	      -63.7281	      -357486.1216	      
23.0000	      2.0000	      0.5620	      0.4345	      3.3546	      -63.7759	      -357486.2183	      
23.0000	      3.0000	      0.5591	      0.4453	      3.3395	      -63.8205	      -357485.9325	      
23.0000	      4.0000	      0.5640	      0.4213	      3.3528	      -63.9310	      -357486.0972	      
23.0000	      5.0000	      0.5715	      0.4274	      3.3358	      -63.5317	      -357486.4054	      
23.0000	      6.0000	      0.5947	      0.4523	      3.3518	      -63.1331	      -357485.7660	      
23.0000	      7.0000	      0.5495	      0.4628	      3.3444	      -64.3621	      -357486.3101	      
23.0000	      8.0000	      0.5850	      0.4365	      3.3579	      -63.4541	      -357485.7138	      
23.0000	      9.0000	      0.5664	      0.4183	      3.3508	      -63.6780	      -357486.1470	      
23.0000	      10.0000	      0.5687	      0.4308	      3.3568	      -63.7067	      -357486.0854	      
23.0000	      11.0000	      0.5876	      0.4319	      3.3566	      -63.6820	      -357486.1815	      
23.0000	      12.0000	      0.5700	      0.4332	      3.3466	      -63.7695	      -357486.3395	      
23.0000	      13.0000	      0.5586	      0.4210	      3.3573	      -64.1311	      -357486.0798	      
23.0000	      14.0000	      1.4120	      1.6754	      3.4830	      -48.7701	      -357404.0869	      
23.0000	      15.0000	      0.5576	      0.4224	      3.3444	      -63.9107	      -357486.3169	      
24.0000	      1.0000	      0.5290	      0.4389	      3.3340	      -63.7591	      -357485.9011	      
24.0000	      2.0000	      0.5610	      0.4446	      3.3483	      -63.7587	      -357486.3119	      
24.0000	      3.0000	      0.5588	      0.4409	      3.3410	      -63.8526	      -357486.5301	      
24.0000	      4.0000	      0.5571	      0.4238	      3.3481	      -63.9416	      -357486.3498	      
24.0000	      5.0000	      0.5664	      0.4413	      3.3420	      -63.5742	      -357486.4770	      
24.0000	      6.0000	      0.5929	      0.4510	      3.3505	      -63.2467	      -357485.7691	      
24.0000	      7.0000	      0.5438	      0.4638	      3.3439	      -64.8181	      -357485.9830	      
24.0000	      8.0000	      0.5789	      0.4422	      3.3496	      -63.5691	      -357486.2099	      
24.0000	      9.0000	      0.5614	      0.4292	      3.3467	      -63.7612	      -357486.2623	      
24.0000	      10.0000	      0.5645	      0.4402	      3.3541	      -63.7414	      -357486.2299	      
24.0000	      11.0000	      0.5592	      0.4366	      3.3453	      -63.7776	      -357486.1304	      
24.0000	      12.0000	      0.5660	      0.4338	      3.3440	      -63.8905	      -357486.2819	      
24.0000	      13.0000	      0.5595	      0.4364	      3.3519	      -64.0087	      -357486.3578	      
24.0000	      14.0000	      1.3333	      1.5955	      3.5255	      -46.0046	      -357417.1382	      
24.0000	      15.0000	      0.5579	      0.4219	      3.3410	      -64.0217	      -357486.2154	      
25.0000	      1.0000	      0.5442	      0.4503	      3.3372	      -63.7813	      -357486.3615	      
25.0000	      2.0000	      0.5603	      0.4506	      3.3429	      -63.7599	      -357486.2689	      
25.0000	      3.0000	      0.5586	      0.4378	      3.3421	      -63.8750	      -357486.3193	      
25.0000	      4.0000	      0.5590	      0.4253	      3.3467	      -63.8582	      -357486.0086	      
25.0000	      5.0000	      0.5611	      0.4510	      3.3463	      -63.6555	      -357486.2402	      
25.0000	      6.0000	      0.5816	      0.4494	      3.3492	      -63.4643	      -357486.3904	      
25.0000	      7.0000	      0.5486	      0.4585	      3.3419	      -64.5512	      -357485.8119	      
25.0000	      8.0000	      0.5743	      0.4461	      3.3422	      -63.7338	      -357486.0675	      
25.0000	      9.0000	      0.5572	      0.4380	      3.3424	      -63.8331	      -357486.4561	      
25.0000	      10.0000	      0.5612	      0.4469	      3.3509	      -63.7968	      -357486.0352	      
25.0000	      11.0000	      0.5528	      0.4380	      3.3380	      -63.8177	      -357486.1446	      
25.0000	      12.0000	      0.5625	      0.4344	      3.3425	      -63.9410	      -357486.3713	      
25.0000	      13.0000	      0.5600	      0.4478	      3.3470	      -63.9072	      -357486.3063	      
25.0000	      14.0000	      1.2075	      1.4591	      3.5038	      -47.4651	      -357400.6381	      
25.0000	      15.0000	      0.5581	      0.4240	      3.3395	      -64.0292	      -357486.2546	      
26.0000	      1.0000	      0.5590	      0.4575	      3.3401	      -63.7970	      -357486.0415	      
26.0000	      2.0000	      0.5596	      0.4516	      3.3401	      -63.7856	      -357485.9435	      
26.0000	      3.0000	      0.5586	      0.4375	      3.3423	      -63.8856	      -357486.5176	      
26.0000	      4.0000	      0.5628	      0.4230	      3.3479	      -63.7868	      -357486.3670	      
26.0000	      5.0000	      0.5596	      0.4565	      3.3482	      -63.7552	      -357486.0377	      
26.0000	      6.0000	      0.5694	      0.4474	      3.3462	      -63.6434	      -357486.2226	      
26.0000	      7.0000	      0.5540	      0.4532	      3.3402	      -64.1071	      -357486.3542	      
26.0000	      8.0000	      0.5704	      0.4479	      3.3395	      -63.8624	      -357486.4131	      
26.0000	      9.0000	      0.5545	      0.4447	      3.3392	      -63.8885	      -357486.5028	      
26.0000	      10.0000	      0.5586	      0.4487	      3.3468	      -63.8335	      -357486.2387	      
26.0000	      11.0000	      0.5572	      0.4374	      3.3407	      -63.7936	      -357486.0791	      
26.0000	      12.0000	      0.5598	      0.4359	      3.3411	      -63.9574	      -357486.3335	      
26.0000	      13.0000	      0.5603	      0.4497	      3.3441	      -63.8364	      -357486.1456	      
26.0000	      14.0000	      1.1182	      1.3169	      3.4846	      -51.6767	      -357377.5281	      
26.0000	      15.0000	      0.5583	      0.4295	      3.3408	      -63.9787	      -357486.6718	      
27.0000	      1.0000	      0.5656	      0.4550	      3.3411	      -63.8434	      -357485.9468	      
27.0000	      2.0000	      0.5590	      0.4450	      3.3410	      -63.8473	      -357486.2280	      
27.0000	      3.0000	      0.5587	      0.4361	      3.3421	      -63.9112	      -357486.1143	      
27.0000	      4.0000	      0.5679	      0.4212	      3.3506	      -63.7430	      -357486.1471	      
27.0000	      5.0000	      0.5588	      0.4568	      3.3472	      -63.7884	      -357486.1710	      
27.0000	      6.0000	      0.5623	      0.4455	      3.3446	      -63.7885	      -357486.0787	      
27.0000	      7.0000	      0.5602	      0.4493	      3.3392	      -63.5546	      -357486.1660	      
27.0000	      8.0000	      0.5673	      0.4436	      3.3376	      -63.9831	      -357486.3820	      
27.0000	      9.0000	      0.5527	      0.4487	      3.3373	      -63.9521	      -357486.0743	      
27.0000	      10.0000	      0.5568	      0.4452	      3.3431	      -63.8933	      -357486.2779	      
27.0000	      11.0000	      0.5740	      0.4342	      3.3476	      -63.7779	      -357486.3350	      
27.0000	      12.0000	      0.5583	      0.4353	      3.3407	      -63.9680	      -357486.1988	      
27.0000	      13.0000	      0.5604	      0.4430	      3.3449	      -63.8720	      -357486.2700	      
27.0000	      14.0000	      1.1207	      1.3076	      3.4911	      -54.2884	      -357382.5689	      
27.0000	      15.0000	      0.5584	      0.4333	      3.3417	      -63.9432	      -357486.3307	      
28.0000	      1.0000	      0.5605	      0.4477	      3.3401	      -63.8665	      -357486.2814	      
28.0000	      2.0000	      0.5594	      0.4376	      3.3427	      -63.8728	      -357486.4633	      
28.0000	      3.0000	      0.5588	      0.4358	      3.3418	      -63.9278	      -357486.1893	      
28.0000	      4.0000	      0.5709	      0.4198	      3.3529	      -63.7814	      -357486.2970	      
28.0000	      5.0000	      0.5618	      0.4539	      3.3446	      -63.7786	      -357486.3623	      
28.0000	      6.0000	      0.5640	      0.4418	      3.3444	      -63.8730	      -357486.2558	      
28.0000	      7.0000	      0.5647	      0.4463	      3.3393	      -63.2827	      -357485.8116	      
28.0000	      8.0000	      0.5649	      0.4386	      3.3375	      -64.0228	      -357486.1220	      
28.0000	      9.0000	      0.5523	      0.4465	      3.3373	      -63.9929	      -357486.1802	      
28.0000	      10.0000	      0.5557	      0.4425	      3.3399	      -63.9570	      -357486.2457	      
28.0000	      11.0000	      0.5813	      0.4309	      3.3509	      -63.7938	      -357486.2203	      
28.0000	      12.0000	      0.5588	      0.4332	      3.3407	      -63.9734	      -357486.4010	      
28.0000	      13.0000	      0.5596	      0.4327	      3.3459	      -63.9577	      -357486.3636	      
28.0000	      14.0000	      1.1138	      1.2598	      3.4802	      -56.1156	      -357383.7952	      
28.0000	      15.0000	      0.5584	      0.4342	      3.3421	      -63.9275	      -357486.3509	      
29.0000	      1.0000	      0.5487	      0.4386	      3.3389	      -63.8885	      -357486.2603	      
29.0000	      2.0000	      0.5596	      0.4316	      3.3437	      -63.9061	      -357486.1153	      
29.0000	      3.0000	      0.5587	      0.4361	      3.3416	      -63.9304	      -357486.0638	      
29.0000	      4.0000	      0.5725	      0.4208	      3.3536	      -63.8225	      -357486.0915	      
29.0000	      5.0000	      0.5635	      0.4443	      3.3422	      -63.7627	      -357486.3589	      
29.0000	      6.0000	      0.5695	      0.4405	      3.3435	      -63.7713	      -357486.1974	      
29.0000	      7.0000	      0.5661	      0.4484	      3.3399	      -63.2774	      -357486.1457	      
29.0000	      8.0000	      0.5649	      0.4385	      3.3385	      -64.0425	      -357486.2866	      
29.0000	      9.0000	      0.5534	      0.4415	      3.3389	      -63.9861	      -357486.2087	      
29.0000	      10.0000	      0.5555	      0.4404	      3.3378	      -63.9848	      -357486.4228	      
29.0000	      11.0000	      0.5787	      0.4287	      3.3506	      -63.8232	      -357486.2475	      
29.0000	      12.0000	      0.5591	      0.4315	      3.3408	      -63.9786	      -357486.3206	      
29.0000	      13.0000	      0.5588	      0.4254	      3.3462	      -64.0189	      -357486.2443	      
29.0000	      14.0000	      1.0761	      1.4346	      3.4544	      -50.6799	      -357382.2344	      
29.0000	      15.0000	      0.5584	      0.4343	      3.3419	      -63.9308	      -357486.5115	      
30.0000	      1.0000	      0.5414	      0.4338	      3.3377	      -63.9154	      -357486.1588	      
30.0000	      2.0000	      0.5594	      0.4299	      3.3440	      -63.9303	      -357486.4342	      
30.0000	      3.0000	      0.5587	      0.4351	      3.3411	      -63.9209	      -357486.1837	      
30.0000	      4.0000	      0.5711	      0.4214	      3.3510	      -63.8756	      -357486.2423	      
30.0000	      5.0000	      0.5650	      0.4337	      3.3403	      -63.7054	      -357486.3916	      
30.0000	      6.0000	      0.5725	      0.4415	      3.3434	      -63.5890	      -357486.2699	      
30.0000	      7.0000	      0.5654	      0.4480	      3.3405	      -63.4171	      -357485.9409	      
30.0000	      8.0000	      0.5660	      0.4419	      3.3399	      -64.0417	      -357486.3978	      
30.0000	      9.0000	      0.5554	      0.4374	      3.3403	      -63.9579	      -357486.2617	      
30.0000	      10.0000	      0.5561	      0.4379	      3.3370	      -64.0029	      -357486.5360	      
30.0000	      11.0000	      0.5734	      0.4299	      3.3486	      -63.8608	      -357486.4185	      
30.0000	      12.0000	      0.5591	      0.4303	      3.3408	      -63.9798	      -357486.5667	      
30.0000	      13.0000	      0.5584	      0.4236	      3.3449	      -64.0487	      -357486.2502	      
30.0000	      14.0000	      1.0667	      1.5212	      3.4397	      -44.1242	      -357404.1336	      
30.0000	      15.0000	      0.5583	      0.4334	      3.3412	      -63.9575	      -357486.2442	      
31.0000	      1.0000	      0.5366	      0.4354	      3.3377	      -63.9229	      -357486.1447	      
31.0000	      2.0000	      0.5590	      0.4314	      3.3434	      -63.9382	      -357486.4350	      
31.0000	      3.0000	      0.5587	      0.4346	      3.3407	      -63.9109	      -357486.4458	      
31.0000	      4.0000	      0.5680	      0.4211	      3.3503	      -63.8991	      -357486.1365	      
31.0000	      5.0000	      0.5654	      0.4275	      3.3395	      -63.6767	      -357486.3613	      
31.0000	      6.0000	      0.5748	      0.4445	      3.3451	      -63.5200	      -357486.0260	      
31.0000	      7.0000	      0.5635	      0.4437	      3.3411	      -63.7094	      -357486.2974	      
31.0000	      8.0000	      0.5671	      0.4449	      3.3408	      -64.0222	      -357486.5399	      
31.0000	      9.0000	      0.5567	      0.4345	      3.3410	      -63.9255	      -357486.2034	      
31.0000	      10.0000	      0.5570	      0.4355	      3.3365	      -64.0118	      -357486.2894	      
31.0000	      11.0000	      0.5687	      0.4306	      3.3451	      -63.9018	      -357486.3600	      
31.0000	      12.0000	      0.5589	      0.4292	      3.3408	      -63.9806	      -357486.3339	      
31.0000	      13.0000	      0.5583	      0.4267	      3.3440	      -64.0512	      -357486.2193	      
31.0000	      14.0000	      1.1643	      1.4118	      3.4336	      -40.1051	      -357407.3408	      
31.0000	      15.0000	      0.5582	      0.4310	      3.3405	      -63.9842	      -357486.1969	      
32.0000	      1.0000	      0.5362	      0.4384	      3.3376	      -63.8706	      -357486.0862	      
32.0000	      2.0000	      0.5586	      0.4328	      3.3424	      -63.9321	      -357486.2474	      
32.0000	      3.0000	      0.5586	      0.4351	      3.3406	      -63.8846	      -357486.5611	      
32.0000	      4.0000	      0.5643	      0.4219	      3.3490	      -63.9220	      -357486.1830	      
32.0000	      5.0000	      0.5650	      0.4247	      3.3405	      -63.6386	      -357486.3340	      
32.0000	      6.0000	      0.5777	      0.4464	      3.3467	      -63.4838	      -357486.3757	      
32.0000	      7.0000	      0.5605	      0.4406	      3.3414	      -63.8629	      -357486.2621	      
32.0000	      8.0000	      0.5658	      0.4445	      3.3414	      -64.0044	      -357486.3850	      
32.0000	      9.0000	      0.5576	      0.4362	      3.3413	      -63.9031	      -357486.4055	      
32.0000	      10.0000	      0.5578	      0.4341	      3.3365	      -64.0065	      -357486.4194	      
32.0000	      11.0000	      0.5655	      0.4307	      3.3431	      -63.9321	      -357486.6402	      
32.0000	      12.0000	      0.5586	      0.4286	      3.3408	      -63.9810	      -357486.0538	      
32.0000	      13.0000	      0.5585	      0.4290	      3.3427	      -63.9907	      -357486.5861	      
32.0000	      14.0000	      1.1651	      1.2015	      3.4504	      -44.2086	      -357363.1934	      
32.0000	      15.0000	      0.5582	      0.4285	      3.3401	      -64.0005	      -357486.3484	      
33.0000	      1.0000	      0.5408	      0.4392	      3.3383	      -63.8351	      -357486.1443	      
33.0000	      2.0000	      0.5586	      0.4359	      3.3415	      -63.9249	      -357486.1834	      
33.0000	      3.0000	      0.5585	      0.4347	      3.3405	      -63.8859	      -357486.3845	      
33.0000	      4.0000	      0.5617	      0.4231	      3.3477	      -63.9001	      -357486.1529	      
33.0000	      5.0000	      0.5630	      0.4280	      3.3413	      -63.6478	      -357486.4864	      
33.0000	      6.0000	      0.5784	      0.4447	      3.3469	      -63.5494	      -357485.9614	      
33.0000	      7.0000	      0.5587	      0.4447	      3.3414	      -63.8289	      -357486.1671	      
33.0000	      8.0000	      0.5644	      0.4428	      3.3417	      -63.9950	      -357486.2056	      
33.0000	      9.0000	      0.5579	      0.4377	      3.3411	      -63.8934	      -357486.3664	      
33.0000	      10.0000	      0.5581	      0.4337	      3.3367	      -63.9955	      -357486.3279	      
33.0000	      11.0000	      0.5626	      0.4305	      3.3414	      -63.9665	      -357486.4462	      
33.0000	      12.0000	      0.5586	      0.4291	      3.3408	      -63.9801	      -357486.6311	      
33.0000	      13.0000	      0.5586	      0.4307	      3.3417	      -63.9480	      -357486.3165	      
33.0000	      14.0000	      1.2727	      0.9561	      3.4837	      -50.2858	      -357333.5126	      
33.0000	      15.0000	      0.5582	      0.4268	      3.3401	      -64.0105	      -357486.4779	      
34.0000	      1.0000	      0.5503	      0.4429	      3.3392	      -63.7914	      -357486.5178	      
34.0000	      2.0000	      0.5589	      0.4381	      3.3412	      -63.9137	      -357486.5140	      
34.0000	      3.0000	      0.5585	      0.4335	      3.3406	      -63.8869	      -357486.2167	      
34.0000	      4.0000	      0.5645	      0.4252	      3.3476	      -63.8667	      -357486.1777	      
34.0000	      5.0000	      0.5613	      0.4303	      3.3419	      -63.7094	      -357486.2956	      
34.0000	      6.0000	      0.5756	      0.4405	      3.3467	      -63.6835	      -357486.0682	      
34.0000	      7.0000	      0.5585	      0.4489	      3.3411	      -63.7146	      -357486.2782	      
34.0000	      8.0000	      0.5629	      0.4401	      3.3413	      -63.9874	      -357486.5366	      
34.0000	      9.0000	      0.5576	      0.4412	      3.3401	      -63.9064	      -357486.2633	      
34.0000	      10.0000	      0.5575	      0.4343	      3.3380	      -63.9906	      -357486.4073	      
34.0000	      11.0000	      0.5605	      0.4304	      3.3405	      -63.9880	      -357486.3492	      
34.0000	      12.0000	      0.5585	      0.4295	      3.3408	      -63.9793	      -357486.3719	      
34.0000	      13.0000	      0.5585	      0.4315	      3.3413	      -63.9362	      -357486.2784	      
34.0000	      14.0000	      1.3102	      0.8702	      3.4918	      -52.0189	      -357333.1746	      
34.0000	      15.0000	      0.5582	      0.4269	      3.3404	      -63.9936	      -357486.2599	      
35.0000	      1.0000	      0.5592	      0.4423	      3.3402	      -63.8167	      -357486.1501	      
35.0000	      2.0000	      0.5590	      0.4381	      3.3409	      -63.9083	      -357486.4091	      
35.0000	      3.0000	      0.5584	      0.4322	      3.3406	      -63.9121	      -357486.4890	      
35.0000	      4.0000	      0.5681	      0.4236	      3.3480	      -63.8539	      -357486.0805	      
35.0000	      5.0000	      0.5599	      0.4312	      3.3420	      -63.7820	      -357486.3760	      
35.0000	      6.0000	      0.5713	      0.4376	      3.3470	      -63.7824	      -357486.3611	      
35.0000	      7.0000	      0.5594	      0.4497	      3.3407	      -63.6212	      -357485.9579	      
35.0000	      8.0000	      0.5613	      0.4381	      3.3409	      -63.9867	      -357486.5310	      
35.0000	      9.0000	      0.5569	      0.4407	      3.3394	      -63.9185	      -357486.0957	      
35.0000	      10.0000	      0.5569	      0.4333	      3.3396	      -63.9867	      -357486.2806	      
35.0000	      11.0000	      0.5589	      0.4301	      3.3405	      -63.9836	      -357486.2980	      
35.0000	      12.0000	      0.5584	      0.4296	      3.3408	      -63.9788	      -357486.3756	      
35.0000	      13.0000	      0.5584	      0.4308	      3.3415	      -63.9534	      -357486.2254	      
35.0000	      14.0000	      1.1683	      1.2345	      3.4895	      -51.6227	      -357367.9344	      
35.0000	      15.0000	      0.5583	      0.4282	      3.3409	      -63.9750	      -357486.6339	      
36.0000	      1.0000	      0.5631	      0.4416	      3.3407	      -63.8492	      -357486.4489	      
36.0000	      2.0000	      0.5589	      0.4374	      3.3408	      -63.9270	      -357486.2427	      
36.0000	      3.0000	      0.5584	      0.4311	      3.3407	      -63.9450	      -357486.4805	      
36.0000	      4.0000	      0.5716	      0.4218	      3.3493	      -63.8766	      -357486.3112	      
36.0000	      5.0000	      0.5592	      0.4307	      3.3418	      -63.8451	      -357486.2018	      
36.0000	      6.0000	      0.5711	      0.4368	      3.3482	      -63.8804	      -357486.2778	      
36.0000	      7.0000	      0.5605	      0.4515	      3.3405	      -63.6029	      -357486.3704	      
36.0000	      8.0000	      0.5626	      0.4391	      3.3406	      -63.9921	      -357486.1668	      
36.0000	      9.0000	      0.5554	      0.4405	      3.3388	      -63.9353	      -357486.1565	      
36.0000	      10.0000	      0.5566	      0.4334	      3.3407	      -63.9892	      -357486.3053	      
36.0000	      11.0000	      0.5587	      0.4300	      3.3415	      -63.9619	      -357486.3316	      
36.0000	      12.0000	      0.5584	      0.4295	      3.3408	      -63.9788	      -357486.4337	      
36.0000	      13.0000	      0.5584	      0.4294	      3.3420	      -63.9811	      -357486.5461	      
36.0000	      14.0000	      1.1659	      1.4490	      3.4881	      -47.8569	      -357395.4739	      
36.0000	      15.0000	      0.5583	      0.4292	      3.3412	      -63.9639	      -357486.5364	      
37.0000	      1.0000	      0.5630	      0.4409	      3.3407	      -63.8891	      -357486.1590	      
37.0000	      2.0000	      0.5588	      0.4356	      3.3407	      -63.9383	      -357486.2667	      
37.0000	      3.0000	      0.5584	      0.4303	      3.3407	      -63.9612	      -357486.3304	      
37.0000	      4.0000	      0.5719	      0.4212	      3.3502	      -63.8733	      -357486.4092	      
37.0000	      5.0000	      0.5590	      0.4296	      3.3414	      -63.8763	      -357486.5334	      
37.0000	      6.0000	      0.5701	      0.4406	      3.3476	      -63.9211	      -357486.1634	      
37.0000	      7.0000	      0.5611	      0.4499	      3.3405	      -63.6927	      -357486.2334	      
37.0000	      8.0000	      0.5631	      0.4385	      3.3405	      -63.9958	      -357486.2884	      
37.0000	      9.0000	      0.5542	      0.4413	      3.3390	      -63.9357	      -357486.2404	      
37.0000	      10.0000	      0.5566	      0.4339	      3.3409	      -63.9962	      -357486.3709	      
37.0000	      11.0000	      0.5619	      0.4302	      3.3424	      -63.9373	      -357486.4048	      
37.0000	      12.0000	      0.5585	      0.4293	      3.3408	      -63.9789	      -357486.3763	      
37.0000	      13.0000	      0.5584	      0.4284	      3.3423	      -64.0023	      -357486.4277	      
37.0000	      14.0000	      1.1245	      1.5257	      3.4619	      -45.7070	      -357404.4027	      
37.0000	      15.0000	      0.5583	      0.4301	      3.3412	      -63.9609	      -357486.3692	      
38.0000	      1.0000	      0.5561	      0.4384	      3.3405	      -63.8932	      -357486.2436	      
38.0000	      2.0000	      0.5587	      0.4353	      3.3409	      -63.9494	      -357486.5488	      
38.0000	      3.0000	      0.5584	      0.4298	      3.3407	      -63.9733	      -357486.2426	      
38.0000	      4.0000	      0.5683	      0.4218	      3.3483	      -63.8929	      -357486.2654	      
38.0000	      5.0000	      0.5587	      0.4289	      3.3411	      -63.9213	      -357486.0955	      
38.0000	      6.0000	      0.5699	      0.4438	      3.3465	      -63.8988	      -357486.2348	      
38.0000	      7.0000	      0.5611	      0.4456	      3.3406	      -63.7739	      -357486.2393	      
38.0000	      8.0000	      0.5637	      0.4411	      3.3405	      -63.9979	      -357486.3241	      
38.0000	      9.0000	      0.5545	      0.4407	      3.3394	      -63.9469	      -357486.2771	      
38.0000	      10.0000	      0.5569	      0.4361	      3.3397	      -64.0028	      -357486.2544	      
38.0000	      11.0000	      0.5644	      0.4302	      3.3430	      -63.9272	      -357486.2399	      
38.0000	      12.0000	      0.5585	      0.4291	      3.3408	      -63.9790	      -357486.1894	      
38.0000	      13.0000	      0.5584	      0.4280	      3.3422	      -64.0055	      -357486.3141	      
38.0000	      14.0000	      1.0202	      1.3322	      3.4372	      -42.4062	      -357382.0212	      
38.0000	      15.0000	      0.5583	      0.4306	      3.3411	      -63.9625	      -357486.3569	      
39.0000	      1.0000	      0.5510	      0.4386	      3.3400	      -63.8693	      -357486.2998	      
39.0000	      2.0000	      0.5585	      0.4345	      3.3410	      -63.9586	      -357486.2755	      
39.0000	      3.0000	      0.5585	      0.4314	      3.3407	      -63.9571	      -357486.0806	      
39.0000	      4.0000	      0.5669	      0.4230	      3.3459	      -63.9205	      -357486.2716	      
39.0000	      5.0000	      0.5586	      0.4285	      3.3410	      -63.9544	      -357486.2977	      
39.0000	      6.0000	      0.5707	      0.4458	      3.3445	      -63.8571	      -357486.4474	      
39.0000	      7.0000	      0.5611	      0.4441	      3.3407	      -63.8000	      -357486.5317	      
39.0000	      8.0000	      0.5649	      0.4410	      3.3407	      -63.9975	      -357486.5859	      
39.0000	      9.0000	      0.5550	      0.4376	      3.3398	      -63.9458	      -357486.4233	      
39.0000	      10.0000	      0.5569	      0.4378	      3.3382	      -64.0074	      -357486.4210	      
39.0000	      11.0000	      0.5657	      0.4303	      3.3431	      -63.9251	      -357486.3360	      
39.0000	      12.0000	      0.5586	      0.4290	      3.3408	      -63.9791	      -357486.2261	      
39.0000	      13.0000	      0.5584	      0.4285	      3.3419	      -63.9983	      -357486.4376	      
39.0000	      14.0000	      0.8966	      1.1970	      3.4356	      -45.6523	      -357346.0360	      
39.0000	      15.0000	      0.5583	      0.4306	      3.3408	      -63.9706	      -357486.3953	      
40.0000	      1.0000	      0.5489	      0.4406	      3.3394	      -63.8561	      -357486.3406	      
40.0000	      2.0000	      0.5584	      0.4338	      3.3410	      -63.9622	      -357486.4359	      
40.0000	      3.0000	      0.5585	      0.4336	      3.3407	      -63.9425	      -357486.6840	      
40.0000	      4.0000	      0.5670	      0.4239	      3.3459	      -63.9406	      -357486.3599	      
40.0000	      5.0000	      0.5585	      0.4284	      3.3409	      -63.9428	      -357486.3907	      
40.0000	      6.0000	      0.5683	      0.4472	      3.3425	      -63.8631	      -357486.2822	      
40.0000	      7.0000	      0.5606	      0.4395	      3.3408	      -63.8560	      -357486.4214	      
40.0000	      8.0000	      0.5641	      0.4384	      3.3408	      -63.9919	      -357486.1127	      
40.0000	      9.0000	      0.5555	      0.4372	      3.3401	      -63.9200	      -357486.3349	      
40.0000	      10.0000	      0.5570	      0.4389	      3.3377	      -64.0051	      -357486.4710	      
40.0000	      11.0000	      0.5654	      0.4303	      3.3430	      -63.9282	      -357486.5679	      
40.0000	      12.0000	      0.5586	      0.4290	      3.3408	      -63.9794	      -357486.1754	      
40.0000	      13.0000	      0.5585	      0.4293	      3.3418	      -63.9864	      -357486.3033	      
40.0000	      14.0000	      0.7400	      1.2089	      3.4442	      -49.4088	      -357369.4086	      
40.0000	      15.0000	      0.5583	      0.4302	      3.3406	      -63.9797	      -357485.9573	      
41.0000	      1.0000	      0.5476	      0.4407	      3.3393	      -63.8253	      -357486.3720	      
41.0000	      2.0000	      0.5584	      0.4336	      3.3410	      -63.9576	      -357486.2045	      
41.0000	      3.0000	      0.5586	      0.4351	      3.3407	      -63.9324	      -357486.4614	      
41.0000	      4.0000	      0.5655	      0.4252	      3.3468	      -63.9374	      -357486.4076	      
41.0000	      5.0000	      0.5586	      0.4297	      3.3409	      -63.9041	      -357486.1881	      
41.0000	      6.0000	      0.5670	      0.4443	      3.3410	      -63.8724	      -357486.1351	      
41.0000	      7.0000	      0.5599	      0.4366	      3.3409	      -63.8918	      -357486.2505	      
41.0000	      8.0000	      0.5624	      0.4363	      3.3409	      -63.9823	      -357486.7059	      
41.0000	      9.0000	      0.5563	      0.4385	      3.3402	      -63.9024	      -357486.3226	      
41.0000	      10.0000	      0.5572	      0.4389	      3.3375	      -63.9928	      -357486.3246	      
41.0000	      11.0000	      0.5636	      0.4313	      3.3426	      -63.9356	      -357486.3473	      
41.0000	      12.0000	      0.5586	      0.4302	      3.3408	      -63.9781	      -357486.4669	      
41.0000	      13.0000	      0.5585	      0.4300	      3.3419	      -63.9754	      -357486.1877	      
41.0000	      14.0000	      0.8058	      1.2334	      3.4466	      -49.5084	      -357370.3205	      
41.0000	      15.0000	      0.5583	      0.4303	      3.3405	      -63.9788	      -357486.2843	      
42.0000	      1.0000	      0.5489	      0.4408	      3.3394	      -63.8264	      -357486.2187	      
42.0000	      2.0000	      0.5588	      0.4342	      3.3409	      -63.9543	      -357486.1953	      
42.0000	      3.0000	      0.5593	      0.4358	      3.3407	      -63.9436	      -357486.3224	      
42.0000	      4.0000	      0.5666	      0.4292	      3.3485	      -63.9276	      -357486.1331	      
42.0000	      5.0000	      0.5595	      0.4322	      3.3409	      -63.8778	      -357486.3418	      
42.0000	      6.0000	      0.5661	      0.4418	      3.3400	      -63.8912	      -357486.4171	      
42.0000	      7.0000	      0.5601	      0.4349	      3.3409	      -63.9297	      -357486.5304	      
42.0000	      8.0000	      0.5612	      0.4349	      3.3409	      -63.9756	      -357486.4514	      
42.0000	      9.0000	      0.5573	      0.4407	      3.3404	      -63.8905	      -357486.3231	      
42.0000	      10.0000	      0.5580	      0.4379	      3.3382	      -63.9853	      -357486.5804	      
42.0000	      11.0000	      0.5621	      0.4332	      3.3422	      -63.9473	      -357486.0784	      
42.0000	      12.0000	      0.5592	      0.4316	      3.3408	      -63.9775	      -357486.4933	      
42.0000	      13.0000	      0.5596	      0.4309	      3.3420	      -63.9722	      -357486.4189	      
42.0000	      14.0000	      1.0348	      1.1571	      3.4307	      -47.4511	      -357336.0870	      
42.0000	      15.0000	      0.5586	      0.4304	      3.3407	      -63.9792	      -357486.7585	      
43.0000	      1.0000	      0.5512	      0.4407	      3.3395	      -63.8213	      -357486.4009	      
43.0000	      2.0000	      0.5590	      0.4342	      3.3408	      -63.9534	      -357486.4290	      
43.0000	      3.0000	      0.5594	      0.4344	      3.3407	      -63.9566	      -357486.4100	      
43.0000	      4.0000	      0.5672	      0.4289	      3.3489	      -63.9070	      -357486.0357	      
43.0000	      5.0000	      0.5599	      0.4337	      3.3410	      -63.8802	      -357486.3030	      
43.0000	      6.0000	      0.5648	      0.4381	      3.3405	      -63.9070	      -357486.2745	      
43.0000	      7.0000	      0.5601	      0.4365	      3.3408	      -63.9061	      -357486.2437	      
43.0000	      8.0000	      0.5602	      0.4332	      3.3409	      -63.9712	      -357486.2902	      
43.0000	      9.0000	      0.5571	      0.4408	      3.3400	      -63.8911	      -357486.4171	      
43.0000	      10.0000	      0.5587	      0.4369	      3.3390	      -63.9793	      -357486.5087	      
43.0000	      11.0000	      0.5625	      0.4342	      3.3418	      -63.9622	      -357486.5762	      
43.0000	      12.0000	      0.5596	      0.4316	      3.3408	      -63.9778	      -357486.2221	      
43.0000	      13.0000	      0.5597	      0.4310	      3.3419	      -63.9754	      -357486.1723	      
43.0000	      14.0000	      1.1597	      1.0948	      3.4128	      -47.9067	      -357311.5642	      
43.0000	      15.0000	      0.5588	      0.4304	      3.3407	      -63.9794	      -357486.3955	      
44.0000	      1.0000	      0.5540	      0.4399	      3.3396	      -63.8327	      -357486.0723	      
44.0000	      2.0000	      0.5591	      0.4333	      3.3407	      -63.9522	      -357486.3589	      
44.0000	      3.0000	      0.5592	      0.4321	      3.3407	      -63.9665	      -357486.1554	      
44.0000	      4.0000	      0.5680	      0.4281	      3.3496	      -63.8977	      -357486.3553	      
44.0000	      5.0000	      0.5597	      0.4333	      3.3411	      -63.8849	      -357486.3056	      
44.0000	      6.0000	      0.5640	      0.4354	      3.3424	      -63.9271	      -357486.3893	      
44.0000	      7.0000	      0.5602	      0.4373	      3.3407	      -63.8536	      -357486.3255	      
44.0000	      8.0000	      0.5598	      0.4324	      3.3408	      -63.9724	      -357486.1291	      
44.0000	      9.0000	      0.5564	      0.4414	      3.3397	      -63.9068	      -357486.5279	      
44.0000	      10.0000	      0.5590	      0.4352	      3.3397	      -63.9766	      -357486.3606	      
44.0000	      11.0000	      0.5632	      0.4331	      3.3418	      -63.9582	      -357486.5671	      
44.0000	      12.0000	      0.5596	      0.4308	      3.3408	      -63.9785	      -357486.2876	      
44.0000	      13.0000	      0.5592	      0.4306	      3.3422	      -63.9826	      -357486.0971	      
44.0000	      14.0000	      1.2646	      1.1396	      3.4576	      -48.5350	      -357340.8225	      
44.0000	      15.0000	      0.5589	      0.4304	      3.3408	      -63.9796	      -357486.3727	      
45.0000	      1.0000	      0.5563	      0.4405	      3.3397	      -63.8588	      -357486.5288	      
45.0000	      2.0000	      0.5590	      0.4323	      3.3407	      -63.9507	      -357486.2147	      
45.0000	      3.0000	      0.5589	      0.4306	      3.3407	      -63.9679	      -357486.5349	      
45.0000	      4.0000	      0.5676	      0.4251	      3.3498	      -63.8903	      -357486.0085	      
45.0000	      5.0000	      0.5593	      0.4311	      3.3411	      -63.9055	      -357486.2745	      
45.0000	      6.0000	      0.5634	      0.4370	      3.3443	      -63.9438	      -357486.4807	      
45.0000	      7.0000	      0.5601	      0.4408	      3.3407	      -63.8107	      -357486.2545	      
45.0000	      8.0000	      0.5600	      0.4320	      3.3408	      -63.9794	      -357486.2212	      
45.0000	      9.0000	      0.5563	      0.4402	      3.3395	      -63.9299	      -357486.1542	      
45.0000	      10.0000	      0.5590	      0.4328	      3.3403	      -63.9763	      -357486.2829	      
45.0000	      11.0000	      0.5634	      0.4319	      3.3423	      -63.9501	      -357486.5814	      
45.0000	      12.0000	      0.5594	      0.4295	      3.3408	      -63.9797	      -357486.2855	      
45.0000	      13.0000	      0.5585	      0.4296	      3.3422	      -63.9914	      -357486.0941	      
45.0000	      14.0000	      1.2084	      1.1558	      3.5010	      -49.1393	      -357364.1531	      
45.0000	      15.0000	      0.5587	      0.4304	      3.3408	      -63.9794	      -357486.5467	      
46.0000	      1.0000	      0.5582	      0.4399	      3.3400	      -63.8869	      -357486.2800	      
46.0000	      2.0000	      0.5588	      0.4318	      3.3407	      -63.9501	      -357486.2591	      
46.0000	      3.0000	      0.5585	      0.4309	      3.3407	      -63.9711	      -357486.4958	      
46.0000	      4.0000	      0.5668	      0.4219	      3.3487	      -63.9017	      -357486.2241	      
46.0000	      5.0000	      0.5588	      0.4289	      3.3411	      -63.9323	      -357486.3321	      
46.0000	      6.0000	      0.5620	      0.4372	      3.3446	      -63.9597	      -357486.1246	      
46.0000	      7.0000	      0.5604	      0.4429	      3.3406	      -63.8251	      -357486.1336	      
46.0000	      8.0000	      0.5603	      0.4333	      3.3407	      -63.9857	      -357486.3529	      
46.0000	      9.0000	      0.5568	      0.4375	      3.3397	      -63.9539	      -357486.2363	      
46.0000	      10.0000	      0.5589	      0.4329	      3.3404	      -63.9800	      -357486.4777	      
46.0000	      11.0000	      0.5625	      0.4304	      3.3427	      -63.9434	      -357486.3848	      
46.0000	      12.0000	      0.5586	      0.4286	      3.3407	      -63.9806	      -357486.1389	      
46.0000	      13.0000	      0.5580	      0.4288	      3.3423	      -63.9973	      -357486.5439	      
46.0000	      14.0000	      1.1120	      1.3388	      3.5241	      -51.4002	      -357392.2372	      
46.0000	      15.0000	      0.5586	      0.4304	      3.3407	      -63.9792	      -357486.6929	      
47.0000	      1.0000	      0.5587	      0.4370	      3.3402	      -63.9034	      -357486.2943	      
47.0000	      2.0000	      0.5586	      0.4321	      3.3407	      -63.9512	      -357486.7215	      
47.0000	      3.0000	      0.5583	      0.4322	      3.3407	      -63.9664	      -357486.2522	      
47.0000	      4.0000	      0.5643	      0.4216	      3.3483	      -63.9129	      -357486.7457	      
47.0000	      5.0000	      0.5586	      0.4278	      3.3410	      -63.9613	      -357486.1163	      
47.0000	      6.0000	      0.5608	      0.4372	      3.3438	      -63.9657	      -357486.3539	      
47.0000	      7.0000	      0.5605	      0.4422	      3.3407	      -63.8614	      -357486.2793	      
47.0000	      8.0000	      0.5612	      0.4338	      3.3407	      -63.9872	      -357486.3149	      
47.0000	      9.0000	      0.5577	      0.4373	      3.3401	      -63.9576	      -357486.2364	      
47.0000	      10.0000	      0.5585	      0.4330	      3.3404	      -63.9845	      -357486.3959	      
47.0000	      11.0000	      0.5632	      0.4294	      3.3426	      -63.9368	      -357486.3328	      
47.0000	      12.0000	      0.5581	      0.4283	      3.3407	      -63.9809	      -357486.6832	      
47.0000	      13.0000	      0.5578	      0.4287	      3.3425	      -63.9970	      -357486.3673	      
47.0000	      14.0000	      1.1251	      1.4413	      3.5204	      -51.3312	      -357398.2183	      
47.0000	      15.0000	      0.5586	      0.4304	      3.3407	      -63.9790	      -357486.6734	      
48.0000	      1.0000	      0.5589	      0.4339	      3.3404	      -63.9069	      -357486.3163	      
48.0000	      2.0000	      0.5585	      0.4321	      3.3407	      -63.9544	      -357486.2011	      
48.0000	      3.0000	      0.5582	      0.4331	      3.3407	      -63.9663	      -357486.2059	      
48.0000	      4.0000	      0.5610	      0.4214	      3.3460	      -63.9311	      -357486.5618	      
48.0000	      5.0000	      0.5586	      0.4274	      3.3411	      -63.9429	      -357486.2393	      
48.0000	      6.0000	      0.5594	      0.4356	      3.3429	      -63.9611	      -357486.3827	      
48.0000	      7.0000	      0.5605	      0.4392	      3.3407	      -63.9036	      -357486.4069	      
48.0000	      8.0000	      0.5616	      0.4342	      3.3407	      -63.9860	      -357486.4932	      
48.0000	      9.0000	      0.5584	      0.4362	      3.3404	      -63.9612	      -357486.3579	      
48.0000	      10.0000	      0.5580	      0.4333	      3.3400	      -63.9875	      -357486.4696	      
48.0000	      11.0000	      0.5635	      0.4295	      3.3427	      -63.9334	      -357486.6354	      
48.0000	      12.0000	      0.5578	      0.4285	      3.3407	      -63.9811	      -357486.6473	      
48.0000	      13.0000	      0.5577	      0.4288	      3.3425	      -63.9911	      -357486.3720	      
48.0000	      14.0000	      1.1496	      1.5406	      3.4977	      -48.3391	      -357405.3338	      
48.0000	      15.0000	      0.5585	      0.4303	      3.3406	      -63.9789	      -357486.4346	      
49.0000	      1.0000	      0.5580	      0.4317	      3.3404	      -63.9201	      -357486.1830	      
49.0000	      2.0000	      0.5584	      0.4316	      3.3407	      -63.9611	      -357486.3772	      
49.0000	      3.0000	      0.5584	      0.4330	      3.3407	      -63.9590	      -357486.5711	      
49.0000	      4.0000	      0.5592	      0.4226	      3.3446	      -63.9446	      -357486.2383	      
49.0000	      5.0000	      0.5587	      0.4284	      3.3412	      -63.9272	      -357486.3282	      
49.0000	      6.0000	      0.5598	      0.4342	      3.3426	      -63.9624	      -357486.3763	      
49.0000	      7.0000	      0.5600	      0.4393	      3.3407	      -63.9073	      -357486.3311	      
49.0000	      8.0000	      0.5613	      0.4344	      3.3408	      -63.9841	      -357486.2500	      
49.0000	      9.0000	      0.5582	      0.4360	      3.3406	      -63.9642	      -357486.4624	      
49.0000	      10.0000	      0.5579	      0.4330	      3.3391	      -63.9893	      -357486.3066	      
49.0000	      11.0000	      0.5629	      0.4299	      3.3424	      -63.9323	      -357486.5577	      
49.0000	      12.0000	      0.5577	      0.4289	      3.3407	      -63.9809	      -357486.5024	      
49.0000	      13.0000	      0.5582	      0.4291	      3.3422	      -63.9853	      -357486.4118	      
49.0000	      14.0000	      1.3048	      1.4791	      3.4585	      -46.8504	      -357392.1195	      
49.0000	      15.0000	      0.5585	      0.4303	      3.3406	      -63.9790	      -357486.4531	      
50.0000	      1.0000	      0.5575	      0.4311	      3.3403	      -63.9358	      -357486.3882	      
50.0000	      2.0000	      0.5584	      0.4312	      3.3407	      -63.9648	      -357486.3868	      
50.0000	      3.0000	      0.5586	      0.4322	      3.3407	      -63.9522	      -357486.3992	      
50.0000	      4.0000	      0.5600	      0.4238	      3.3442	      -63.9549	      -357486.2113	      
50.0000	      5.0000	      0.5587	      0.4298	      3.3413	      -63.8992	      -357486.7264	      
50.0000	      6.0000	      0.5612	      0.4340	      3.3422	      -63.9629	      -357486.2519	      
50.0000	      7.0000	      0.5601	      0.4373	      3.3407	      -63.9112	      -357486.3407	      
50.0000	      8.0000	      0.5614	      0.4350	      3.3408	      -63.9814	      -357486.3476	      
50.0000	      9.0000	      0.5579	      0.4366	      3.3403	      -63.9651	      -357486.1636	      
50.0000	      10.0000	      0.5579	      0.4333	      3.3388	      -63.9878	      -357486.3055	      
50.0000	      11.0000	      0.5632	      0.4307	      3.3418	      -63.9423	      -357486.1836	      
50.0000	      12.0000	      0.5581	      0.4290	      3.3407	      -63.9804	      -357486.3496	      
50.0000	      13.0000	      0.5587	      0.4293	      3.3419	      -63.9811	      -357486.5310	      
50.0000	      14.0000	      1.3035	      1.2361	      3.4156	      -46.6728	      -357342.6602	      
50.0000	      15.0000	      0.5585	      0.4304	      3.3406	      -63.9791	      -357486.6195	      
51.0000	      1.0000	      0.5568	      0.4337	      3.3401	      -63.9315	      -357486.3490	      
51.0000	      2.0000	      0.5585	      0.4313	      3.3407	      -63.9682	      -357486.2177	      
51.0000	      3.0000	      0.5588	      0.4322	      3.3407	      -63.9485	      -357486.4793	      
51.0000	      4.0000	      0.5608	      0.4251	      3.3447	      -63.9541	      -357486.3958	      
51.0000	      5.0000	      0.5587	      0.4309	      3.3413	      -63.8961	      -357486.5278	      
51.0000	      6.0000	      0.5622	      0.4337	      3.3419	      -63.9611	      -357486.3779	      
51.0000	      7.0000	      0.5603	      0.4372	      3.3407	      -63.9047	      -357486.4303	      
51.0000	      8.0000	      0.5618	      0.4357	      3.3409	      -63.9794	      -357486.3389	      
51.0000	      9.0000	      0.5574	      0.4372	      3.3399	      -63.9532	      -357486.3023	      
51.0000	      10.0000	      0.5581	      0.4327	      3.3386	      -63.9834	      -357486.1802	      
51.0000	      11.0000	      0.5636	      0.4312	      3.3414	      -63.9554	      -357486.2437	      
51.0000	      12.0000	      0.5584	      0.4289	      3.3407	      -63.9801	      -357486.0961	      
51.0000	      13.0000	      0.5591	      0.4297	      3.3419	      -63.9780	      -357486.1863	      
51.0000	      14.0000	      1.1793	      1.2881	      3.3808	      -48.0979	      -357325.6387	      
51.0000	      15.0000	      0.5585	      0.4304	      3.3406	      -63.9792	      -357486.6594	      
52.0000	      1.0000	      0.5565	      0.4380	      3.3400	      -63.9161	      -357486.6802	      
52.0000	      2.0000	      0.5585	      0.4313	      3.3407	      -63.9682	      -357486.1341	      
52.0000	      3.0000	      0.5587	      0.4322	      3.3407	      -63.9494	      -357486.4918	      
52.0000	      4.0000	      0.5611	      0.4259	      3.3457	      -63.9395	      -357486.2192	      
52.0000	      5.0000	      0.5587	      0.4311	      3.3411	      -63.9187	      -357486.1679	      
52.0000	      6.0000	      0.5626	      0.4326	      3.3422	      -63.9615	      -357486.2773	      
52.0000	      7.0000	      0.5603	      0.4383	      3.3407	      -63.9045	      -357486.4286	      
52.0000	      8.0000	      0.5614	      0.4349	      3.3409	      -63.9793	      -357486.2655	      
52.0000	      9.0000	      0.5573	      0.4370	      3.3396	      -63.9339	      -357486.5789	      
52.0000	      10.0000	      0.5583	      0.4329	      3.3386	      -63.9798	      -357486.3546	      
52.0000	      11.0000	      0.5634	      0.4313	      3.3416	      -63.9627	      -357486.1678	      
52.0000	      12.0000	      0.5586	      0.4290	      3.3407	      -63.9799	      -357486.0287	      
52.0000	      13.0000	      0.5590	      0.4300	      3.3420	      -63.9815	      -357486.3711	      
52.0000	      14.0000	      1.1378	      1.2786	      3.3653	      -48.2214	      -357315.6080	      
52.0000	      15.0000	      0.5586	      0.4304	      3.3406	      -63.9793	      -357486.6397	      
53.0000	      1.0000	      0.5563	      0.4402	      3.3399	      -63.9186	      -357486.4835	      
53.0000	      2.0000	      0.5586	      0.4317	      3.3407	      -63.9639	      -357486.4842	      
53.0000	      3.0000	      0.5587	      0.4328	      3.3407	      -63.9530	      -357486.5447	      
53.0000	      4.0000	      0.5615	      0.4266	      3.3464	      -63.9290	      -357486.5001	      
53.0000	      5.0000	      0.5587	      0.4308	      3.3410	      -63.9453	      -357486.2167	      
53.0000	      6.0000	      0.5622	      0.4338	      3.3420	      -63.9577	      -357486.5872	      
53.0000	      7.0000	      0.5603	      0.4378	      3.3407	      -63.9246	      -357486.5122	      
53.0000	      8.0000	      0.5610	      0.4346	      3.3409	      -63.9796	      -357486.5326	      
53.0000	      9.0000	      0.5574	      0.4366	      3.3395	      -63.9231	      -357486.1849	      
53.0000	      10.0000	      0.5584	      0.4338	      3.3388	      -63.9773	      -357486.2596	      
53.0000	      11.0000	      0.5631	      0.4310	      3.3420	      -63.9614	      -357486.3432	      
53.0000	      12.0000	      0.5587	      0.4292	      3.3407	      -63.9800	      -357486.4652	      
53.0000	      13.0000	      0.5587	      0.4302	      3.3420	      -63.9872	      -357486.2561	      
53.0000	      14.0000	      1.1526	      1.0641	      3.4443	      -46.3135	      -357328.9780	      
53.0000	      15.0000	      0.5586	      0.4304	      3.3407	      -63.9793	      -357486.6929	      
54.0000	      1.0000	      0.5564	      0.4389	      3.3399	      -63.9259	      -357486.5148	      
54.0000	      2.0000	      0.5586	      0.4319	      3.3407	      -63.9617	      -357486.4159	      
54.0000	      3.0000	      0.5586	      0.4333	      3.3407	      -63.9626	      -357486.2630	      
54.0000	      4.0000	      0.5625	      0.4264	      3.3475	      -63.9275	      -357486.1770	      
54.0000	      5.0000	      0.5587	      0.4305	      3.3409	      -63.9621	      -357486.3230	      
54.0000	      6.0000	      0.5613	      0.4338	      3.3417	      -63.9601	      -357486.5320	      
54.0000	      7.0000	      0.5604	      0.4376	      3.3407	      -63.8960	      -357486.3780	      
54.0000	      8.0000	      0.5607	      0.4335	      3.3408	      -63.9802	      -357486.1480	      
54.0000	      9.0000	      0.5576	      0.4362	      3.3396	      -63.9331	      -357486.2954	      
54.0000	      10.0000	      0.5585	      0.4340	      3.3388	      -63.9769	      -357486.4344	      
54.0000	      11.0000	      0.5634	      0.4306	      3.3421	      -63.9507	      -357486.3933	      
54.0000	      12.0000	      0.5587	      0.4292	      3.3407	      -63.9804	      -357486.5240	      
54.0000	      13.0000	      0.5585	      0.4303	      3.3419	      -63.9925	      -357486.4616	      
54.0000	      14.0000	      1.1125	      1.0763	      3.5342	      -48.9305	      -357375.2521	      
54.0000	      15.0000	      0.5586	      0.4304	      3.3407	      -63.9793	      -357486.6929	      
55.0000	      1.0000	      0.5565	      0.4358	      3.3401	      -63.9359	      -357486.5264	      
55.0000	      2.0000	      0.5587	      0.4320	      3.3407	      -63.9558	      -357486.2194	      
55.0000	      3.0000	      0.5586	      0.4329	      3.3407	      -63.9698	      -357486.4243	      
55.0000	      4.0000	      0.5633	      0.4249	      3.3481	      -63.9368	      -357486.3281	      
55.0000	      5.0000	      0.5587	      0.4302	      3.3409	      -63.9611	      -357486.2762	      
55.0000	      6.0000	      0.5602	      0.4338	      3.3413	      -63.9658	      -357486.2217	      
55.0000	      7.0000	      0.5602	      0.4381	      3.3407	      -63.8613	      -357486.2178	      
55.0000	      8.0000	      0.5607	      0.4334	      3.3407	      -63.9808	      -357486.0153	      
55.0000	      9.0000	      0.5579	      0.4344	      3.3399	      -63.9534	      -357486.2499	      
55.0000	      10.0000	      0.5584	      0.4355	      3.3391	      -63.9782	      -357486.3480	      
55.0000	      11.0000	      0.5634	      0.4303	      3.3421	      -63.9468	      -357486.3532	      
55.0000	      12.0000	      0.5586	      0.4289	      3.3407	      -63.9806	      -357485.9588	      
55.0000	      13.0000	      0.5583	      0.4297	      3.3420	      -63.9955	      -357486.4857	      
55.0000	      14.0000	      1.0076	      1.1538	      3.5960	      -50.3116	      -357407.0281	      
55.0000	      15.0000	      0.5586	      0.4304	      3.3407	      -63.9792	      -357486.7180	      
56.0000	      1.0000	      0.5568	      0.4334	      3.3401	      -63.9480	      -357486.3735	      
56.0000	      2.0000	      0.5586	      0.4316	      3.3407	      -63.9565	      -357486.3400	      
56.0000	      3.0000	      0.5585	      0.4326	      3.3407	      -63.9681	      -357486.3204	      
56.0000	      4.0000	      0.5640	      0.4245	      3.3474	      -63.9411	      -357486.2256	      
56.0000	      5.0000	      0.5587	      0.4300	      3.3409	      -63.9481	      -357486.4594	      
56.0000	      6.0000	      0.5595	      0.4330	      3.3412	      -63.9706	      -357486.4761	      
56.0000	      7.0000	      0.5596	      0.4383	      3.3407	      -63.8285	      -357486.6884	      
56.0000	      8.0000	      0.5610	      0.4344	      3.3407	      -63.9812	      -357486.1362	      
56.0000	      9.0000	      0.5579	      0.4337	      3.3403	      -63.9630	      -357486.1464	      
56.0000	      10.0000	      0.5582	      0.4368	      3.3394	      -63.9793	      -357486.0112	      
56.0000	      11.0000	      0.5628	      0.4302	      3.3423	      -63.9455	      -357486.2374	      
56.0000	      12.0000	      0.5585	      0.4288	      3.3407	      -63.9807	      -357486.1638	      
56.0000	      13.0000	      0.5583	      0.4291	      3.3420	      -63.9937	      -357486.1608	      
56.0000	      14.0000	      0.8275	      1.3597	      3.5868	      -51.5563	      -357424.5540	      
56.0000	      15.0000	      0.5586	      0.4304	      3.3407	      -63.9792	      -357486.7585	      
