#iter	     tx	     ty	     tz	   twist	   energy	   
1	   0.557	   2.253	   3.401	   -53.347	   -357434.394	  
2	   0.557	   2.253	   3.401	   -53.347	   -357434.394	  
3	   0.557	   2.253	   3.401	   -53.347	   -357434.394	  
4	   0.557	   2.253	   3.401	   -53.347	   -357434.394	  
5	   0.583	   2.230	   3.465	   -50.176	   -357434.738	  
6	   0.587	   2.033	   3.532	   -52.393	   -357438.471	  
7	   0.587	   2.033	   3.532	   -52.393	   -357438.471	  
8	   0.587	   2.033	   3.532	   -52.393	   -357438.471	  
9	   0.587	   2.033	   3.532	   -52.393	   -357438.471	  
10	   0.587	   2.033	   3.532	   -52.393	   -357438.471	  
11	   0.570	   1.811	   3.587	   -52.510	   -357440.190	  
12	   0.570	   1.811	   3.587	   -52.510	   -357440.190	  
13	   0.570	   1.811	   3.587	   -52.510	   -357440.190	  
14	   0.492	   1.803	   3.591	   -54.160	   -357441.593	  
15	   0.492	   1.803	   3.591	   -54.160	   -357441.593	  
16	   0.492	   1.803	   3.591	   -54.160	   -357441.593	  
17	   0.492	   1.803	   3.591	   -54.160	   -357441.593	  
18	   0.492	   1.803	   3.591	   -54.160	   -357441.593	  
19	   0.492	   1.803	   3.591	   -54.160	   -357441.593	  
20	   0.514	   1.832	   3.599	   -54.736	   -357441.918	  
21	   0.515	   1.800	   3.561	   -56.630	   -357443.499	  
22	   0.515	   1.800	   3.561	   -56.630	   -357443.499	  
23	   0.515	   1.800	   3.561	   -56.630	   -357443.499	  
24	   0.515	   1.800	   3.561	   -56.630	   -357443.499	  
25	   0.540	   0.728	   3.562	   -55.956	   -357458.537	  
26	   0.540	   0.728	   3.562	   -55.956	   -357458.537	  
27	   0.537	   0.678	   3.578	   -56.542	   -357464.395	  
28	   0.537	   0.678	   3.578	   -56.542	   -357464.395	  
29	   0.544	   0.507	   3.573	   -56.492	   -357469.111	  
30	   0.545	   0.324	   3.574	   -56.588	   -357470.906	  
31	   0.548	   0.292	   3.574	   -56.905	   -357472.130	  
32	   0.548	   0.292	   3.574	   -56.905	   -357472.130	  
33	   0.548	   0.292	   3.574	   -56.905	   -357472.130	  
34	   0.548	   0.292	   3.574	   -56.905	   -357472.130	  
35	   0.551	   0.311	   3.574	   -56.929	   -357472.194	  
36	   0.549	   0.397	   3.572	   -56.944	   -357472.457	  
37	   0.549	   0.420	   3.571	   -57.053	   -357472.663	  
38	   0.549	   0.437	   3.570	   -57.130	   -357472.696	  
39	   0.549	   0.449	   3.570	   -57.183	   -357472.777	  
40	   0.549	   0.457	   3.570	   -57.221	   -357473.022	  
41	   0.549	   0.457	   3.570	   -57.221	   -357473.022	  
42	   0.549	   0.405	   3.570	   -57.137	   -357473.264	  
43	   0.549	   0.403	   3.570	   -57.191	   -357473.491	  
44	   0.550	   0.402	   3.569	   -57.228	   -357473.509	  
45	   0.551	   0.333	   3.589	   -57.315	   -357474.041	  
46	   0.551	   0.333	   3.589	   -57.315	   -357474.041	  
47	   0.550	   0.404	   3.581	   -57.274	   -357474.050	  
48	   0.553	   0.299	   3.584	   -57.661	   -357475.168	  
49	   0.553	   0.299	   3.584	   -57.661	   -357475.168	  
50	   0.553	   0.299	   3.584	   -57.661	   -357475.168	  
51	   0.553	   0.299	   3.584	   -57.661	   -357475.168	  
52	   0.553	   0.299	   3.584	   -57.661	   -357475.168	  
53	   0.552	   0.319	   3.586	   -57.695	   -357475.234	  
54	   0.552	   0.315	   3.585	   -57.736	   -357475.589	  
55	   0.552	   0.315	   3.585	   -57.736	   -357475.589	  
56	   0.552	   0.315	   3.585	   -57.736	   -357475.589	  
57	   0.552	   0.315	   3.585	   -57.736	   -357475.589	  
58	   0.552	   0.310	   3.587	   -57.812	   -357475.743	  
59	   0.552	   0.310	   3.587	   -57.812	   -357475.743	  
60	   0.552	   0.310	   3.587	   -57.812	   -357475.743	  
61	   0.552	   0.310	   3.587	   -57.812	   -357475.743	  
62	   0.552	   0.310	   3.587	   -57.812	   -357475.743	  
63	   0.552	   0.310	   3.587	   -57.812	   -357475.743	  
64	   0.552	   0.310	   3.587	   -57.812	   -357475.743	  
65	   0.552	   0.310	   3.587	   -57.812	   -357475.743	  
66	   0.552	   0.309	   3.588	   -57.817	   -357475.813	  
67	   0.552	   0.309	   3.588	   -57.817	   -357475.813	  
68	   0.552	   0.309	   3.588	   -57.817	   -357475.813	  
69	   0.552	   0.309	   3.588	   -57.817	   -357475.813	  
70	   0.552	   0.309	   3.588	   -57.817	   -357475.813	  
71	   0.552	   0.309	   3.588	   -57.817	   -357475.813	  
72	   0.552	   0.309	   3.588	   -57.817	   -357475.813	  
73	   0.552	   0.309	   3.588	   -57.817	   -357475.813	  
74	   0.552	   0.309	   3.588	   -57.817	   -357475.813	  
75	   0.552	   0.309	   3.588	   -57.817	   -357475.813	  
76	   0.552	   0.310	   3.588	   -57.817	   -357475.950	  
77	   0.552	   0.310	   3.588	   -57.817	   -357475.950	  
78	   0.552	   0.310	   3.588	   -57.817	   -357475.950	  
79	   0.552	   0.310	   3.588	   -57.817	   -357475.950	  
80	   0.552	   0.310	   3.588	   -57.817	   -357475.950	  
81	   0.552	   0.310	   3.588	   -57.817	   -357475.950	  
82	   0.552	   0.310	   3.588	   -57.817	   -357475.950	  
83	   0.552	   0.310	   3.588	   -57.817	   -357475.950	  
84	   0.552	   0.310	   3.588	   -57.817	   -357475.950	  
85	   0.552	   0.310	   3.588	   -57.817	   -357475.950	  
86	   0.552	   0.310	   3.588	   -57.817	   -357475.950	  
87	   0.552	   0.310	   3.588	   -57.817	   -357475.950	  
88	   0.552	   0.310	   3.588	   -57.817	   -357475.950	  
89	   0.552	   0.310	   3.588	   -57.817	   -357475.950	  
90	   0.552	   0.310	   3.588	   -57.817	   -357475.960	  
91	   0.552	   0.310	   3.588	   -57.817	   -357475.960	  
92	   0.552	   0.310	   3.588	   -57.817	   -357475.960	  
93	   0.552	   0.310	   3.588	   -57.817	   -357475.960	  
94	   0.552	   0.310	   3.588	   -57.817	   -357475.960	  
95	   0.552	   0.310	   3.588	   -57.817	   -357475.978	  
96	   0.552	   0.310	   3.588	   -57.817	   -357475.978	  
97	   0.552	   0.310	   3.588	   -57.817	   -357475.978	  
98	   0.552	   0.310	   3.588	   -57.817	   -357475.978	  
99	   0.552	   0.310	   3.588	   -57.817	   -357475.978	  
100	   0.552	   0.310	   3.588	   -57.817	   -357475.978	  
101	   0.552	   0.310	   3.588	   -57.817	   -357475.978	  
102	   0.552	   0.310	   3.588	   -57.817	   -357475.978	  
103	   0.552	   0.310	   3.588	   -57.817	   -357475.978	  
104	   0.552	   0.310	   3.588	   -57.817	   -357475.978	  
105	   0.552	   0.310	   3.588	   -57.817	   -357475.978	  
106	   0.552	   0.310	   3.588	   -57.817	   -357475.978	  
