#iter	     #Particle	       tx	       ty	       tz	     twist	     energy	     
1.0000	      1.0000	      0.3465	      0.0559	      3.5707	      -7.5885	      -550347.2818	      
1.0000	      2.0000	      1.8372	      0.8767	      3.3150	      -39.5254	      -558370.8295	      
1.0000	      3.0000	      0.3542	      0.5890	      3.5489	      -10.9338	      -551769.0017	      
1.0000	      4.0000	      1.7429	      0.5651	      3.4469	      -30.8705	      -558321.7871	      
1.0000	      5.0000	      0.0709	      0.7187	      3.4573	      -17.5473	      -549647.4654	      
1.0000	      6.0000	      1.5321	      0.6823	      3.4707	      -30.7018	      -558259.8541	      
1.0000	      7.0000	      1.5603	      0.7140	      3.3988	      -14.7760	      -557964.2527	      
1.0000	      8.0000	      0.4236	      0.7501	      3.4067	      -19.4179	      -553402.5974	      
1.0000	      9.0000	      1.1400	      0.6733	      3.5917	      -10.8891	      -557222.6343	      
1.0000	      10.0000	      1.7092	      0.1158	      3.4867	      -10.2497	      -558117.2642	      
1.0000	      11.0000	      0.8791	      0.0314	      3.4738	      -14.6363	      -555789.7093	      
1.0000	      12.0000	      0.1052	      0.9061	      3.4038	      -34.7881	      -557353.6377	      
1.0000	      13.0000	      0.0890	      0.7032	      3.4585	      -18.6136	      -550722.5055	      
1.0000	      14.0000	      0.9272	      0.2480	      3.3503	      -29.6385	      -557479.7590	      
1.0000	      15.0000	      1.3963	      0.2054	      3.5998	      -39.5807	      -558320.5299	      
2.0000	      1.0000	      0.8459	      0.2790	      3.5454	      -11.1289	      -554837.1433	      
2.0000	      2.0000	      0.3669	      0.3500	      3.3448	      -39.3509	      -558069.6491	      
2.0000	      3.0000	      0.5085	      0.1160	      3.4948	      -16.6382	      -553846.4263	      
2.0000	      4.0000	      0.1428	      0.0541	      3.5194	      -30.9199	      -554020.1264	      
2.0000	      5.0000	      0.7753	      0.4001	      3.4653	      -22.1181	      -556656.3435	      
2.0000	      6.0000	      0.1805	      0.9055	      3.3302	      -32.9303	      -556899.1935	      
2.0000	      7.0000	      0.1470	      0.7771	      3.4873	      -16.3420	      -550397.4734	      
2.0000	      8.0000	      0.7895	      0.1498	      3.3080	      -19.4379	      -555447.8278	      
2.0000	      9.0000	      1.4404	      0.4040	      3.3811	      -15.6010	      -557717.6478	      
2.0000	      10.0000	      0.1463	      0.5596	      3.5662	      -16.1002	      -549051.2248	      
2.0000	      11.0000	      1.5179	      0.4042	      3.5255	      -18.1150	      -557981.5724	      
2.0000	      12.0000	      0.8910	      0.9156	      3.4461	      -34.4341	      -558098.4899	      
2.0000	      13.0000	      0.7015	      0.8346	      3.4033	      -20.9635	      -556182.5581	      
2.0000	      14.0000	      1.7557	      0.6640	      3.5157	      -32.0877	      -558340.9527	      
2.0000	      15.0000	      1.8917	      0.5456	      3.4750	      -38.9494	      -558363.0273	      
3.0000	      1.0000	      1.4592	      0.5518	      3.3708	      -21.7872	      -557936.0655	      
3.0000	      2.0000	      1.0810	      0.9472	      3.3500	      -39.3451	      -558337.6016	      
3.0000	      3.0000	      0.9174	      0.5184	      3.3392	      -26.5903	      -556281.6494	      
3.0000	      4.0000	      1.0737	      0.4966	      3.5315	      -32.0504	      -558047.8024	      
3.0000	      5.0000	      1.4544	      0.9666	      3.3462	      -26.3108	      -558129.0019	      
3.0000	      6.0000	      1.6220	      0.9608	      3.4096	      -34.9667	      -558347.5114	      
3.0000	      7.0000	      1.1077	      0.8340	      3.4025	      -18.6014	      -557353.1381	      
3.0000	      8.0000	      1.0546	      0.4430	      3.4490	      -25.0000	      -557580.4518	      
3.0000	      9.0000	      1.7650	      0.9594	      3.4325	      -23.9922	      -558289.4598	      
3.0000	      10.0000	      1.3456	      0.8065	      3.4752	      -22.6519	      -558019.1972	      
3.0000	      11.0000	      1.9815	      0.6735	      3.5248	      -24.0379	      -558335.0912	      
3.0000	      12.0000	      1.6632	      0.9217	      3.5764	      -34.9194	      -558350.1055	      
3.0000	      13.0000	      1.2893	      0.9298	      3.4811	      -27.1257	      -558075.2231	      
3.0000	      14.0000	      0.3476	      0.0090	      3.5037	      -35.7145	      -551584.2992	      
3.0000	      15.0000	      0.2356	      0.7878	      3.4842	      -38.6050	      -558012.8570	      
4.0000	      1.0000	      1.9976	      0.7767	      3.4461	      -31.7337	      -558365.8202	      
4.0000	      2.0000	      1.8078	      0.3466	      3.3443	      -39.3568	      -558361.7264	      
4.0000	      3.0000	      1.4620	      0.8277	      3.4379	      -36.1789	      -558342.7031	      
4.0000	      4.0000	      0.1733	      0.8510	      3.4712	      -32.9222	      -557136.5959	      
4.0000	      5.0000	      0.0362	      0.3606	      3.4706	      -30.1597	      -542432.2719	      
4.0000	      6.0000	      0.6771	      0.9937	      3.3585	      -36.4989	      -558098.6643	      
4.0000	      7.0000	      0.0342	      0.8772	      3.5370	      -24.3394	      -553507.4934	      
4.0000	      8.0000	      1.2915	      0.6486	      3.5420	      -28.9265	      -558103.0500	      
4.0000	      9.0000	      0.0049	      0.3414	      3.4398	      -33.8574	      -553214.8741	      
4.0000	      10.0000	      0.3018	      0.9409	      3.5791	      -24.7479	      -555655.9135	      
4.0000	      11.0000	      0.2793	      0.8624	      3.5126	      -31.6195	      -556968.1163	      
4.0000	      12.0000	      0.2170	      0.9182	      3.5546	      -36.1103	      -557866.1636	      
4.0000	      13.0000	      1.7570	      0.9869	      3.4260	      -34.9112	      -558359.2700	      
4.0000	      14.0000	      1.2513	      0.7394	      3.4061	      -37.3412	      -558327.3505	      
4.0000	      15.0000	      0.9727	      0.8995	      3.3859	      -38.5960	      -558308.9554	      
5.0000	      1.0000	      0.3687	      0.9447	      3.4916	      -0.8284	      -548499.1564	      
5.0000	      2.0000	      0.3245	      0.8720	      3.3352	      -39.4491	      -558091.2815	      
5.0000	      3.0000	      1.9494	      0.0573	      3.4974	      -2.8970	      -558335.8749	      
5.0000	      4.0000	      1.9427	      0.1001	      3.3921	      -34.1958	      -558351.7268	      
5.0000	      5.0000	      1.5499	      0.9010	      3.4872	      -32.7313	      -558310.0501	      
5.0000	      6.0000	      1.8682	      0.9892	      3.5482	      -37.7833	      -558361.4480	      
5.0000	      7.0000	      1.2336	      0.8428	      3.5118	      -29.6063	      -558084.4604	      
5.0000	      8.0000	      1.4907	      0.8432	      3.5622	      -34.0581	      -558322.1682	      
5.0000	      9.0000	      0.6187	      0.7890	      3.4073	      -0.3572	      -551588.4554	      
5.0000	      10.0000	      1.3387	      0.9177	      3.3066	      -27.7453	      -558032.5513	      
5.0000	      11.0000	      1.5205	      0.9174	      3.4863	      -36.8233	      -558353.5609	      
5.0000	      12.0000	      1.7997	      0.9127	      3.4465	      -36.8446	      -558367.0790	      
5.0000	      13.0000	      0.0991	      0.0196	      3.5673	      -0.5250	      -545425.3443	      
5.0000	      14.0000	      0.0524	      0.2422	      3.5606	      -38.2338	      -557720.6928	      
5.0000	      15.0000	      1.7327	      0.9735	      3.5265	      -39.0190	      -558361.5048	      
6.0000	      1.0000	      1.0812	      0.0055	      3.4981	      -33.0443	      -557999.3644	      
6.0000	      2.0000	      1.7066	      0.2432	      3.3241	      -39.5358	      -558352.3679	      
6.0000	      3.0000	      0.0403	      0.3978	      3.4785	      -30.4339	      -526442.4276	      
6.0000	      4.0000	      1.1709	      0.2838	      3.3330	      -35.3473	      -558166.3588	      
6.0000	      5.0000	      0.6556	      0.2722	      3.4929	      -35.2268	      -557711.0777	      
6.0000	      6.0000	      0.6970	      0.9728	      3.3460	      -38.7670	      -558234.4429	      
6.0000	      7.0000	      0.1162	      0.8205	      3.4541	      -33.9074	      -557232.0011	      
6.0000	      8.0000	      1.6796	      0.9849	      3.5262	      -39.2229	      -558361.1772	      
6.0000	      9.0000	      1.4815	      0.1306	      3.3768	      -22.6138	      -557786.3880	      
6.0000	      10.0000	      0.1047	      0.8505	      3.3708	      -23.6225	      -551596.0109	      
6.0000	      11.0000	      0.4102	      0.9461	      3.4306	      -0.8292	      -548469.2009	      
6.0000	      12.0000	      0.9189	      0.9060	      3.5732	      -38.0752	      -558297.0488	      
6.0000	      13.0000	      1.1597	      0.4928	      3.5508	      -25.8812	      -557900.9556	      
6.0000	      14.0000	      0.9368	      0.8677	      3.3546	      -37.1521	      -558249.9269	      
6.0000	      15.0000	      0.3645	      0.9194	      3.3062	      -39.4337	      -558106.5155	      
7.0000	      1.0000	      1.8762	      0.3091	      3.4763	      -15.5530	      -558244.5406	      
7.0000	      2.0000	      0.7347	      0.7470	      3.3123	      -39.5932	      -558273.8084	      
7.0000	      3.0000	      0.9580	      0.8489	      3.4158	      -14.5707	      -556434.8008	      
7.0000	      4.0000	      0.2862	      0.4195	      3.3041	      -36.1311	      -557516.6214	      
7.0000	      5.0000	      1.9601	      0.8598	      3.4579	      -36.0273	      -558369.2532	      
7.0000	      6.0000	      1.8777	      0.9555	      3.4261	      -39.3367	      -558366.5607	      
7.0000	      7.0000	      1.2404	      0.8120	      3.3985	      -35.8052	      -558294.3511	      
7.0000	      8.0000	      1.8237	      0.0629	      3.4563	      -2.9079	      -558258.7713	      
7.0000	      9.0000	      0.2518	      0.9418	      3.3647	      -0.9094	      -543543.5829	      
7.0000	      10.0000	      1.6700	      0.4427	      3.4442	      -19.2355	      -558098.4024	      
7.0000	      11.0000	      1.2932	      0.9546	      3.4044	      -11.7326	      -557484.5328	      
7.0000	      12.0000	      1.9465	      0.9013	      3.3452	      -38.9306	      -558370.7473	      
7.0000	      13.0000	      0.2870	      0.8996	      3.4821	      -10.3829	      -550568.1106	      
7.0000	      14.0000	      1.7243	      0.2313	      3.4545	      -35.9542	      -558341.5580	      
7.0000	      15.0000	      1.3636	      0.8068	      3.3882	      -39.6986	      -558360.3446	      
8.0000	      1.0000	      0.4492	      0.6956	      3.4398	      -39.4977	      -558182.7969	      
8.0000	      2.0000	      1.6527	      0.1533	      3.3050	      -39.6184	      -558341.7137	      
8.0000	      3.0000	      1.7527	      0.1623	      3.3785	      -7.8942	      -558129.8227	      
8.0000	      4.0000	      1.9024	      0.5328	      3.3077	      -37.2320	      -558371.3342	      
8.0000	      5.0000	      0.8690	      0.2735	      3.4242	      -36.8275	      -558086.8761	      
8.0000	      6.0000	      0.6977	      0.9395	      3.4601	      -39.7549	      -558283.2664	      
8.0000	      7.0000	      0.0915	      0.8135	      3.3410	      -37.8467	      -557718.0704	      
8.0000	      8.0000	      1.9020	      0.4106	      3.3806	      -12.9033	      -558248.7156	      
8.0000	      9.0000	      1.3736	      0.4938	      3.3534	      -30.0016	      -558106.0993	      
8.0000	      10.0000	      0.8127	      0.1916	      3.4803	      -16.9329	      -555883.1910	      
8.0000	      11.0000	      0.0262	      0.9208	      3.4036	      -27.0825	      -532432.6782	      
8.0000	      12.0000	      0.6628	      0.8929	      3.3909	      -39.5549	      -558261.9374	      
8.0000	      13.0000	      1.2882	      0.1998	      3.3982	      -34.9821	      -558203.0179	      
8.0000	      14.0000	      0.2980	      0.4874	      3.4954	      -35.6402	      -557603.6486	      
8.0000	      15.0000	      0.1323	      0.6520	      3.4828	      -39.6422	      -558004.3702	      
9.0000	      1.0000	      1.8484	      0.9593	      3.3908	      -12.8512	      -558255.2691	      
9.0000	      2.0000	      0.3577	      0.8620	      3.3020	      -39.4150	      -558101.3356	      
9.0000	      3.0000	      0.2173	      0.6665	      3.3674	      -8.0477	      -547996.5798	      
9.0000	      4.0000	      1.0337	      0.6122	      3.3102	      -38.0026	      -558284.0747	      
9.0000	      5.0000	      1.8794	      0.8069	      3.3850	      -37.0591	      -558371.3559	      
9.0000	      6.0000	      1.5950	      0.8340	      3.4537	      -39.5557	      -558364.1457	      
9.0000	      7.0000	      0.9300	      0.7804	      3.3053	      -39.0171	      -558302.3870	      
9.0000	      8.0000	      1.9328	      0.7890	      3.3561	      -26.0051	      -558321.1004	      
9.0000	      9.0000	      0.1756	      0.1064	      3.3603	      -9.8681	      -544346.0102	      
9.0000	      10.0000	      0.1573	      0.0649	      3.4925	      -14.3655	      -548711.5450	      
9.0000	      11.0000	      1.6192	      0.7844	      3.4017	      -3.2274	      -557965.2064	      
9.0000	      12.0000	      1.6259	      0.8781	      3.3850	      -39.2959	      -558367.5405	      
9.0000	      13.0000	      0.1575	      0.6900	      3.3269	      -12.2094	      -547224.7892	      
9.0000	      14.0000	      1.4979	      0.5581	      3.4649	      -35.5977	      -558331.7925	      
9.0000	      15.0000	      1.8497	      0.4611	      3.4974	      -39.3126	      -558359.7142	      
10.0000	      1.0000	      0.9018	      0.0384	      3.3633	      -36.5957	      -557953.3479	      
10.0000	      2.0000	      1.8444	      0.3573	      3.3078	      -39.2556	      -558363.7984	      
10.0000	      3.0000	      1.3741	      0.1046	      3.3674	      -4.9596	      -557461.2799	      
10.0000	      4.0000	      0.0210	      0.6806	      3.3166	      -38.2526	      -557598.7860	      
10.0000	      5.0000	      0.5866	      0.1802	      3.3576	      -37.2213	      -557824.7026	      
10.0000	      6.0000	      0.2610	      0.7924	      3.4319	      -39.1258	      -558051.9919	      
10.0000	      7.0000	      1.6724	      0.7579	      3.5990	      -39.7057	      -558355.7111	      
10.0000	      8.0000	      1.8779	      0.0746	      3.4214	      -1.0274	      -558295.2818	      
10.0000	      9.0000	      1.2696	      0.1279	      3.4006	      -29.1775	      -557975.6112	      
10.0000	      10.0000	      0.1990	      0.9852	      3.4858	      -12.4763	      -549558.4961	      
10.0000	      11.0000	      0.7071	      0.7469	      3.4320	      -28.7465	      -557227.0179	      
10.0000	      12.0000	      0.4331	      0.8684	      3.3690	      -39.0829	      -558139.7312	      
10.0000	      13.0000	      1.3106	      0.1524	      3.5813	      -38.2473	      -558284.8306	      
10.0000	      14.0000	      0.4671	      0.5825	      3.4348	      -35.7106	      -557838.8610	      
10.0000	      15.0000	      1.0686	      0.3470	      3.4941	      -38.7996	      -558282.5663	      
11.0000	      1.0000	      0.1002	      0.4892	      3.3722	      -11.5621	      -546232.8338	      
11.0000	      2.0000	      0.8834	      0.8767	      3.3176	      -39.0602	      -558297.0081	      
11.0000	      3.0000	      0.2558	      0.5595	      3.3952	      -5.9167	      -546951.2371	      
11.0000	      4.0000	      1.5167	      0.7256	      3.3241	      -38.2433	      -558360.7368	      
11.0000	      5.0000	      1.5807	      0.7181	      3.3513	      -37.3149	      -558360.4265	      
11.0000	      6.0000	      0.8667	      0.8314	      3.4074	      -38.6635	      -558288.9685	      
11.0000	      7.0000	      0.2043	      0.7559	      3.5621	      -39.4391	      -558068.4509	      
11.0000	      8.0000	      1.7603	      0.7685	      3.4723	      -33.1612	      -558350.1983	      
11.0000	      9.0000	      0.3041	      0.3167	      3.4391	      -2.4904	      -547396.0868	      
11.0000	      10.0000	      0.2938	      0.6584	      3.4728	      -13.9974	      -550899.8199	      
11.0000	      11.0000	      1.9270	      0.7425	      3.4626	      -11.0425	      -558303.6851	      
11.0000	      12.0000	      1.2555	      0.8611	      3.3482	      -38.8356	      -558349.0559	      
11.0000	      13.0000	      0.2328	      0.5289	      3.5127	      -15.2391	      -550038.6963	      
11.0000	      14.0000	      1.5091	      0.4885	      3.4067	      -36.1898	      -558334.4885	      
11.0000	      15.0000	      0.1472	      0.3436	      3.4667	      -37.9784	      -557755.9800	      
12.0000	      1.0000	      0.1130	      0.9141	      3.4056	      -34.6132	      -557335.8951	      
12.0000	      2.0000	      1.9238	      0.2292	      3.3333	      -38.8883	      -558362.1130	      
12.0000	      3.0000	      1.4424	      0.9587	      3.4266	      -3.9575	      -557655.8762	      
12.0000	      4.0000	      0.6713	      0.7016	      3.3375	      -37.8770	      -558169.0317	      
12.0000	      5.0000	      0.4453	      0.1578	      3.3599	      -37.3462	      -557664.6319	      
12.0000	      6.0000	      1.6080	      0.9023	      3.3880	      -38.0757	      -558365.7276	      
12.0000	      7.0000	      0.9156	      0.7573	      3.5482	      -38.6349	      -558303.0736	      
12.0000	      8.0000	      1.6545	      0.2692	      3.5242	      -16.3868	      -558096.1926	      
12.0000	      9.0000	      1.4356	      0.4901	      3.4514	      -22.1629	      -557965.1848	      
12.0000	      10.0000	      1.8608	      0.3276	      3.4522	      -16.0029	      -558226.6220	      
12.0000	      11.0000	      0.7095	      0.8202	      3.4737	      -31.7375	      -557665.4446	      
12.0000	      12.0000	      0.2703	      0.8703	      3.3443	      -38.2265	      -557969.5827	      
12.0000	      13.0000	      1.5889	      0.8493	      3.4386	      -35.3687	      -558348.8946	      
12.0000	      14.0000	      0.2800	      0.4101	      3.4005	      -36.6356	      -557656.6010	      
12.0000	      15.0000	      1.9584	      0.3608	      3.4477	      -37.4796	      -558364.1785	      
13.0000	      1.0000	      0.0541	      0.1828	      3.4451	      -11.0298	      -543948.5675	      
13.0000	      2.0000	      0.6449	      0.6151	      3.3431	      -38.7204	      -558199.0149	      
13.0000	      3.0000	      0.3508	      0.1759	      3.4525	      -6.9662	      -549604.9638	      
13.0000	      4.0000	      1.6497	      0.6421	      3.3442	      -37.3428	      -558362.9376	      
13.0000	      5.0000	      0.0181	      0.6639	      3.3837	      -37.2110	      -557448.0971	      
13.0000	      6.0000	      0.3009	      0.9531	      3.3917	      -37.9467	      -557996.2292	      
13.0000	      7.0000	      1.6759	      0.7624	      3.5250	      -38.2134	      -558361.1184	      
13.0000	      8.0000	      1.6501	      0.9212	      3.5498	      -5.6184	      -558118.8123	      
13.0000	      9.0000	      0.3369	      0.4509	      3.4396	      -37.5270	      -557894.5215	      
13.0000	      10.0000	      0.9587	      0.1963	      3.4370	      -21.5645	      -555888.7827	      
13.0000	      11.0000	      1.7999	      0.9079	      3.4767	      -6.4513	      -558235.0062	      
13.0000	      12.0000	      1.1921	      0.8804	      3.3503	      -37.7530	      -558326.7709	      
13.0000	      13.0000	      0.6008	      0.0951	      3.3704	      -9.7331	      -552379.8251	      
13.0000	      14.0000	      1.8231	      0.4143	      3.3958	      -37.0017	      -558363.1249	      
13.0000	      15.0000	      1.2210	      0.4983	      3.4249	      -37.0631	      -558295.9444	      
14.0000	      1.0000	      0.2613	      0.5535	      3.4615	      -31.3259	      -550946.2092	      
14.0000	      2.0000	      1.7283	      0.9607	      3.3561	      -38.4496	      -558369.8135	      
14.0000	      3.0000	      1.4658	      0.6792	      3.4652	      -1.9186	      -557737.8915	      
14.0000	      4.0000	      0.4993	      0.5815	      3.3421	      -36.9002	      -557960.3045	      
14.0000	      5.0000	      1.5487	      0.0955	      3.4010	      -37.0049	      -558303.5872	      
14.0000	      6.0000	      1.2445	      0.9671	      3.4028	      -37.8299	      -558337.1621	      
14.0000	      7.0000	      0.2124	      0.7668	      3.5072	      -37.7841	      -557936.7142	      
14.0000	      8.0000	      1.6984	      0.3755	      3.5607	      -30.0047	      -558301.7420	      
14.0000	      9.0000	      1.6871	      0.2466	      3.4162	      -2.3213	      -558111.5470	      
14.0000	      10.0000	      1.7829	      0.1810	      3.4167	      -27.3780	      -558238.5922	      
14.0000	      11.0000	      0.4552	      0.9536	      3.4806	      -25.6133	      -556249.7103	      
14.0000	      12.0000	      0.3823	      0.8875	      3.3571	      -37.6114	      -558011.3007	      
14.0000	      13.0000	      1.7489	      0.4730	      3.3432	      -22.3525	      -558145.7882	      
14.0000	      14.0000	      0.9128	      0.5224	      3.3924	      -37.2711	      -558213.7569	      
14.0000	      15.0000	      0.5705	      0.6207	      3.4143	      -36.8365	      -558038.7699	      
15.0000	      1.0000	      0.8306	      0.9336	      3.4571	      -5.6473	      -555046.9020	      
15.0000	      2.0000	      0.5518	      0.1460	      3.3515	      -38.1480	      -557917.0173	      
15.0000	      3.0000	      0.2933	      0.0766	      3.4500	      -36.2426	      -555448.6390	      
15.0000	      4.0000	      1.1546	      0.5737	      3.3437	      -36.6823	      -558273.8976	      
15.0000	      5.0000	      0.6707	      0.7929	      3.4063	      -36.8815	      -558129.6413	      
15.0000	      6.0000	      0.1895	      0.9297	      3.4148	      -38.4576	      -557951.0631	      
15.0000	      7.0000	      1.2994	      0.7715	      3.4683	      -37.4219	      -558337.2830	      
15.0000	      8.0000	      1.7664	      0.9508	      3.5496	      -9.0851	      -558249.1229	      
15.0000	      9.0000	      0.6958	      0.2096	      3.3990	      -18.7714	      -555430.2668	      
15.0000	      10.0000	      0.3691	      0.3333	      3.3954	      -31.8321	      -553864.6649	      
15.0000	      11.0000	      1.0843	      0.9618	      3.4566	      -4.9149	      -556537.4513	      
15.0000	      12.0000	      1.7610	      0.8885	      3.3667	      -37.7762	      -558369.9756	      
15.0000	      13.0000	      0.5648	      0.9403	      3.3592	      -38.0529	      -558145.0079	      
15.0000	      14.0000	      0.1069	      0.6436	      3.3894	      -37.4137	      -557662.7475	      
15.0000	      15.0000	      0.2196	      0.6792	      3.4074	      -36.8615	      -557774.2091	      
16.0000	      1.0000	      1.0199	      0.1670	      3.4348	      -24.2160	      -557289.4062	      
16.0000	      2.0000	      1.3400	      0.4258	      3.3479	      -38.1217	      -558323.4417	      
16.0000	      3.0000	      1.1105	      0.7608	      3.4206	      -20.3554	      -557510.2633	      
16.0000	      4.0000	      1.8001	      0.5846	      3.3399	      -36.7595	      -558368.1489	      
16.0000	      5.0000	      1.8971	      0.2873	      3.3993	      -36.9098	      -558361.9266	      
16.0000	      6.0000	      1.4944	      0.8795	      3.4179	      -38.8740	      -558362.9304	      
16.0000	      7.0000	      0.1475	      0.7778	      3.4525	      -37.1076	      -557775.4094	      
16.0000	      8.0000	      1.8095	      0.3479	      3.5003	      -38.1958	      -558356.4009	      
16.0000	      9.0000	      1.4943	      0.2223	      3.3960	      -32.7210	      -558244.7312	      
16.0000	      10.0000	      1.1966	      0.5625	      3.3864	      -35.2871	      -558243.9998	      
16.0000	      11.0000	      1.6855	      0.9062	      3.4484	      -0.8983	      -558051.5936	      
16.0000	      12.0000	      0.8160	      0.8723	      3.3754	      -37.9370	      -558246.3466	      
16.0000	      13.0000	      1.6555	      0.2501	      3.4028	      -7.9826	      -558030.1711	      
16.0000	      14.0000	      0.0756	      0.6954	      3.3872	      -37.2295	      -557597.3063	      
16.0000	      15.0000	      0.4280	      0.6550	      3.4053	      -37.2040	      -557985.7612	      
17.0000	      1.0000	      0.6213	      0.7800	      3.4144	      -1.4360	      -551661.2393	      
17.0000	      2.0000	      0.0343	      0.9102	      3.3486	      -38.3364	      -557703.3381	      
17.0000	      3.0000	      1.8375	      0.2785	      3.3928	      -4.0177	      -558239.2179	      
17.0000	      4.0000	      0.3061	      0.6329	      3.3364	      -36.9986	      -557831.1420	      
17.0000	      5.0000	      0.7473	      0.8299	      3.3886	      -36.9953	      -558172.4059	      
17.0000	      6.0000	      0.5069	      0.8278	      3.4104	      -39.2709	      -558193.8044	      
17.0000	      7.0000	      1.2809	      0.7817	      3.4608	      -37.4238	      -558335.3749	      
17.0000	      8.0000	      1.8434	      0.8533	      3.4347	      -18.7678	      -558275.1748	      
17.0000	      9.0000	      0.1108	      0.0833	      3.4040	      -0.1509	      -542941.9007	      
17.0000	      10.0000	      1.8244	      0.7310	      3.3798	      -38.2057	      -558369.7830	      
17.0000	      11.0000	      0.1050	      0.8455	      3.4485	      -35.0801	      -556595.4529	      
17.0000	      12.0000	      0.1109	      0.8709	      3.3777	      -38.2410	      -557822.8080	      
17.0000	      13.0000	      0.4989	      0.6421	      3.4344	      -22.5207	      -554632.3521	      
17.0000	      14.0000	      0.4074	      0.6637	      3.3857	      -37.0259	      -557949.5127	      
17.0000	      15.0000	      0.6501	      0.5603	      3.4137	      -37.4742	      -558121.2473	      
18.0000	      1.0000	      0.2009	      0.2127	      3.3956	      -26.2351	      -550688.8710	      
18.0000	      2.0000	      1.3513	      0.2236	      3.3590	      -38.8366	      -558306.4976	      
18.0000	      3.0000	      0.3059	      0.9144	      3.3900	      -29.1056	      -555194.9208	      
18.0000	      4.0000	      1.8348	      0.6856	      3.3392	      -37.2413	      -558371.2099	      
18.0000	      5.0000	      1.5784	      0.2010	      3.3794	      -37.0713	      -558323.6814	      
18.0000	      6.0000	      1.4477	      0.8264	      3.4105	      -39.5444	      -558362.7201	      
18.0000	      7.0000	      0.3073	      0.7843	      3.4903	      -37.6926	      -558002.1102	      
18.0000	      8.0000	      1.8077	      0.2141	      3.3868	      -2.9928	      -558219.9594	      
18.0000	      9.0000	      1.1954	      0.9658	      3.4190	      -8.3092	      -557135.8722	      
18.0000	      10.0000	      0.2794	      0.8574	      3.3766	      -39.9416	      -558103.6424	      
18.0000	      11.0000	      1.2821	      0.8030	      3.4646	      -20.1310	      -557840.6879	      
18.0000	      12.0000	      0.1800	      0.8766	      3.3658	      -38.4360	      -557916.0407	      
18.0000	      13.0000	      1.4569	      0.9495	      3.4503	      -36.5768	      -558346.3698	      
18.0000	      14.0000	      0.7172	      0.5475	      3.3895	      -36.8863	      -558103.0681	      
18.0000	      15.0000	      0.5509	      0.5048	      3.4160	      -37.6237	      -558062.7091	      
19.0000	      1.0000	      0.0847	      0.7936	      3.3924	      -6.5925	      -543966.0740	      
19.0000	      2.0000	      0.4453	      0.6959	      3.3664	      -39.2354	      -558151.2059	      
19.0000	      3.0000	      1.2954	      0.2996	      3.3914	      -9.0802	      -557270.0765	      
19.0000	      4.0000	      0.9315	      0.6799	      3.3346	      -37.3964	      -558244.0427	      
19.0000	      5.0000	      0.3177	      0.7116	      3.3748	      -37.1161	      -557895.5287	      
19.0000	      6.0000	      0.3554	      0.8806	      3.4141	      -39.1682	      -558112.0119	      
19.0000	      7.0000	      1.6250	      0.7851	      3.4934	      -37.8148	      -558361.3650	      
19.0000	      8.0000	      1.7809	      0.5548	      3.3662	      -3.2060	      -558167.4753	      
19.0000	      9.0000	      0.2154	      0.5794	      3.4290	      -21.4303	      -552452.2177	      
19.0000	      10.0000	      0.9975	      0.9166	      3.3762	      -0.4654	      -555379.0814	      
19.0000	      11.0000	      0.2360	      0.8234	      3.4764	      -3.4522	      -544328.4566	      
19.0000	      12.0000	      1.8722	      0.8723	      3.3620	      -38.5018	      -558370.9481	      
19.0000	      13.0000	      0.2661	      0.1467	      3.4372	      -6.0783	      -548048.6265	      
19.0000	      14.0000	      0.5249	      0.4701	      3.3923	      -36.8407	      -557943.8267	      
19.0000	      15.0000	      1.9190	      0.4536	      3.4139	      -37.6360	      -558366.6289	      
20.0000	      1.0000	      1.8761	      0.2025	      3.4074	      -32.3679	      -558342.3746	      
20.0000	      2.0000	      1.7425	      0.0785	      3.3532	      -39.0868	      -558342.1761	      
20.0000	      3.0000	      0.1377	      0.7504	      3.4061	      -34.3272	      -557243.3082	      
20.0000	      4.0000	      0.3527	      0.6295	      3.3375	      -37.3506	      -557911.0207	      
20.0000	      5.0000	      1.2184	      0.1300	      3.3766	      -37.1377	      -558211.2436	      
20.0000	      6.0000	      1.5165	      0.9362	      3.4137	      -38.5058	      -558362.9596	      
20.0000	      7.0000	      0.5616	      0.7867	      3.4781	      -37.8651	      -558153.6472	      
20.0000	      8.0000	      1.7528	      0.8509	      3.3739	      -16.0531	      -558181.4580	      
20.0000	      9.0000	      1.8376	      0.0356	      3.4341	      -34.4402	      -558334.3340	      
20.0000	      10.0000	      1.8585	      0.9073	      3.3783	      -15.5206	      -558257.3404	      
20.0000	      11.0000	      1.1129	      0.8366	      3.4781	      -38.9119	      -558336.9190	      
20.0000	      12.0000	      1.0582	      0.8663	      3.3615	      -38.1453	      -558312.7094	      
20.0000	      13.0000	      1.0504	      0.4725	      3.4100	      -31.2808	      -557920.8487	      
20.0000	      14.0000	      0.4324	      0.5061	      3.3948	      -36.9089	      -557900.5189	      
20.0000	      15.0000	      0.8755	      0.4414	      3.4052	      -37.5866	      -558197.0345	      
21.0000	      1.0000	      1.1523	      0.7410	      3.4335	      -10.4116	      -557019.6551	      
21.0000	      2.0000	      0.6716	      0.7801	      3.3330	      -38.8845	      -558229.3823	      
21.0000	      3.0000	      1.2668	      0.1089	      3.4234	      -12.7593	      -557250.6447	      
21.0000	      4.0000	      0.1068	      0.5954	      3.3393	      -37.1957	      -557581.2336	      
21.0000	      5.0000	      0.0568	      0.7137	      3.3801	      -37.1290	      -557546.1162	      
21.0000	      6.0000	      0.4618	      0.9467	      3.4074	      -37.7934	      -558091.6849	      
21.0000	      7.0000	      1.5833	      0.7913	      3.4619	      -37.7623	      -558361.1197	      
21.0000	      8.0000	      1.7201	      0.0630	      3.4250	      -20.7583	      -558045.8530	      
21.0000	      9.0000	      0.9752	      0.4933	      3.4325	      -3.7707	      -555019.1413	      
21.0000	      10.0000	      0.4568	      0.8396	      3.3807	      -31.8248	      -557106.3950	      
21.0000	      11.0000	      1.8391	      0.8707	      3.4581	      -22.7004	      -558303.3140	      
21.0000	      12.0000	      0.1594	      0.8556	      3.3660	      -37.9052	      -557840.5705	      
21.0000	      13.0000	      1.9283	      0.8303	      3.3928	      -8.9981	      -558294.9507	      
21.0000	      14.0000	      0.0362	      0.5548	      3.3948	      -37.0103	      -557391.1319	      
21.0000	      15.0000	      1.7222	      0.4628	      3.3986	      -37.4918	      -558360.0986	      
22.0000	      1.0000	      0.0760	      0.1312	      3.4477	      -30.8186	      -552328.2799	      
22.0000	      2.0000	      0.1095	      0.3146	      3.3226	      -38.6875	      -557792.8272	      
22.0000	      3.0000	      0.2104	      0.5089	      3.4307	      -38.2938	      -557898.1659	      
22.0000	      4.0000	      1.9632	      0.5785	      3.3424	      -37.0830	      -558372.6679	      
22.0000	      5.0000	      1.7420	      0.1523	      3.3832	      -37.0908	      -558341.8255	      
22.0000	      6.0000	      1.8846	      0.9456	      3.4079	      -37.3375	      -558369.9448	      
22.0000	      7.0000	      0.3560	      0.7973	      3.4330	      -37.5892	      -558009.2569	      
22.0000	      8.0000	      1.7325	      0.4929	      3.4755	      -15.7240	      -558162.6933	      
22.0000	      9.0000	      0.1203	      0.8293	      3.4238	      -26.3991	      -552036.0387	      
22.0000	      10.0000	      1.0719	      0.7409	      3.3823	      -6.3461	      -556394.7042	      
22.0000	      11.0000	      0.2856	      0.8937	      3.4320	      -5.5398	      -547813.7906	      
22.0000	      12.0000	      1.6092	      0.8431	      3.3716	      -37.6304	      -558364.6978	      
22.0000	      13.0000	      0.5258	      0.1426	      3.3894	      -29.4729	      -556098.7792	      
22.0000	      14.0000	      1.7126	      0.5626	      3.3952	      -37.0908	      -558362.6118	      
22.0000	      15.0000	      0.3618	      0.4821	      3.3995	      -37.3195	      -557886.5933	      
23.0000	      1.0000	      0.9960	      0.5756	      3.4564	      -7.0834	      -556164.4303	      
23.0000	      2.0000	      1.5568	      0.7907	      3.3193	      -38.2897	      -558364.2986	      
23.0000	      3.0000	      1.6615	      0.9347	      3.4297	      -15.5800	      -558139.8937	      
23.0000	      4.0000	      1.2627	      0.5666	      3.3446	      -37.0040	      -558307.6175	      
23.0000	      5.0000	      1.0141	      0.8362	      3.3740	      -37.0545	      -558271.5932	      
23.0000	      6.0000	      0.8878	      0.8880	      3.4046	      -37.0001	      -558235.0309	      
23.0000	      7.0000	      1.2508	      0.7955	      3.4145	      -37.5086	      -558332.2253	      
23.0000	      8.0000	      1.7841	      0.0092	      3.4982	      -11.6860	      -558183.3040	      
23.0000	      9.0000	      1.7638	      0.8395	      3.4077	      -6.7020	      -558183.2011	      
23.0000	      10.0000	      1.6657	      0.6274	      3.3803	      -35.4348	      -558354.6652	      
23.0000	      11.0000	      1.5397	      0.8884	      3.4348	      -0.6041	      -557820.6765	      
23.0000	      12.0000	      0.7549	      0.8323	      3.3650	      -37.5384	      -558201.7200	      
23.0000	      13.0000	      1.7437	      0.5335	      3.3963	      -7.1667	      -558151.9839	      
23.0000	      14.0000	      0.9558	      0.5422	      3.3859	      -37.1407	      -558226.5912	      
23.0000	      15.0000	      1.6424	      0.5114	      3.3996	      -37.2886	      -558356.7205	      
24.0000	      1.0000	      0.1613	      0.8996	      3.4558	      -23.6849	      -553492.2512	      
24.0000	      2.0000	      0.6034	      0.1280	      3.3186	      -37.7447	      -557866.3415	      
24.0000	      3.0000	      0.6562	      0.1878	      3.4263	      -32.6449	      -557203.1799	      
24.0000	      4.0000	      0.5285	      0.5607	      3.3449	      -36.9965	      -557984.7186	      
24.0000	      5.0000	      0.4391	      0.2559	      3.3621	      -37.0384	      -557726.0739	      
24.0000	      6.0000	      1.9027	      0.8409	      3.3870	      -36.8366	      -558371.6580	      
24.0000	      7.0000	      0.0947	      0.7744	      3.4310	      -37.4363	      -557720.5073	      
24.0000	      8.0000	      1.8442	      0.5368	      3.5183	      -5.9832	      -558271.8688	      
24.0000	      9.0000	      0.9568	      0.4850	      3.3950	      -30.2758	      -557709.5972	      
24.0000	      10.0000	      0.1386	      0.5470	      3.3719	      -16.9470	      -548670.1890	      
24.0000	      11.0000	      0.4873	      0.8630	      3.4387	      -39.7046	      -558210.5244	      
24.0000	      12.0000	      0.2045	      0.8075	      3.3555	      -37.9295	      -557881.8896	      
24.0000	      13.0000	      0.6058	      0.0104	      3.4015	      -28.7527	      -556179.6916	      
24.0000	      14.0000	      1.8998	      0.5260	      3.3772	      -37.1261	      -558369.4204	      
24.0000	      15.0000	      0.5769	      0.5311	      3.3897	      -37.3168	      -558051.1580	      
25.0000	      1.0000	      0.1526	      0.0355	      3.4351	      -37.1669	      -556659.7555	      
25.0000	      2.0000	      1.7057	      0.4018	      3.3232	      -38.0866	      -558358.4299	      
25.0000	      3.0000	      1.8740	      0.6269	      3.4091	      -6.4472	      -558264.0523	      
25.0000	      4.0000	      1.7748	      0.5647	      3.3440	      -37.0424	      -558366.7431	      
25.0000	      5.0000	      0.0482	      0.7744	      3.3605	      -37.0390	      -557528.3089	      
25.0000	      6.0000	      0.6277	      0.7925	      3.3689	      -36.7738	      -558089.1857	      
25.0000	      7.0000	      1.5496	      0.7180	      3.4656	      -37.4417	      -558357.0166	      
25.0000	      8.0000	      1.8607	      0.9803	      3.5257	      -8.8868	      -558294.8625	      
25.0000	      9.0000	      0.4225	      0.0868	      3.3937	      -8.8215	      -550167.4309	      
25.0000	      10.0000	      0.8590	      0.5269	      3.3618	      -1.8957	      -554415.9529	      
25.0000	      11.0000	      1.9937	      0.8102	      3.4256	      -25.8783	      -558342.7314	      
25.0000	      12.0000	      0.1426	      0.7537	      3.3453	      -38.3324	      -557841.6220	      
25.0000	      13.0000	      1.9026	      0.6835	      3.4036	      -7.6363	      -558281.1215	      
25.0000	      14.0000	      0.5765	      0.5288	      3.3609	      -37.1081	      -558021.9397	      
25.0000	      15.0000	      1.7275	      0.5378	      3.3790	      -37.3904	      -558363.4594	      
26.0000	      1.0000	      0.0480	      0.5177	      3.4240	      -6.3811	      -542356.0551	      
26.0000	      2.0000	      0.5279	      0.8005	      3.3270	      -38.3821	      -558135.6546	      
26.0000	      3.0000	      0.5518	      0.9621	      3.3958	      -27.5151	      -556706.9358	      
26.0000	      4.0000	      0.6788	      0.5731	      3.3428	      -37.0919	      -558092.9263	      
26.0000	      5.0000	      1.6829	      0.1031	      3.3604	      -37.0446	      -558328.3862	      
26.0000	      6.0000	      1.2453	      0.7375	      3.3613	      -36.7915	      -558313.8249	      
26.0000	      7.0000	      0.6351	      0.6753	      3.4693	      -37.4646	      -558148.5808	      
26.0000	      8.0000	      1.8655	      0.1955	      3.5240	      -5.7759	      -558282.2504	      
26.0000	      9.0000	      0.0219	      0.9144	      3.3972	      -35.2547	      -557264.6104	      
26.0000	      10.0000	      1.8052	      0.6076	      3.3608	      -29.5780	      -558313.9898	      
26.0000	      11.0000	      1.0270	      0.7693	      3.4116	      -7.2276	      -555267.5050	      
26.0000	      12.0000	      1.9549	      0.7570	      3.3408	      -38.3866	      -558371.8486	      
26.0000	      13.0000	      0.8051	      0.1916	      3.4072	      -2.3307	      -554245.9831	      
26.0000	      14.0000	      1.8051	      0.5326	      3.3520	      -37.0974	      -558367.1341	      
26.0000	      15.0000	      0.5831	      0.5194	      3.3784	      -37.4261	      -558058.2116	      
27.0000	      1.0000	      0.1199	      0.9234	      3.4165	      -31.1717	      -556282.5658	      
27.0000	      2.0000	      1.8874	      0.0199	      3.3304	      -38.8062	      -558349.7638	      
27.0000	      3.0000	      1.3282	      0.1616	      3.3902	      -5.2387	      -557352.0306	      
27.0000	      4.0000	      1.6978	      0.5818	      3.3418	      -37.1220	      -558363.3640	      
27.0000	      5.0000	      0.8900	      0.6160	      3.3662	      -37.0527	      -558208.3899	      
27.0000	      6.0000	      1.9173	      0.6959	      3.3617	      -36.8316	      -558372.5474	      
27.0000	      7.0000	      1.7459	      0.6449	      3.4470	      -37.5861	      -558364.6609	      
27.0000	      8.0000	      1.8056	      0.7429	      3.4883	      -38.3217	      -558364.4747	      
27.0000	      9.0000	      0.1154	      0.4859	      3.3965	      -13.4253	      -545931.1526	      
27.0000	      10.0000	      0.4836	      0.6724	      3.3609	      -9.9261	      -552031.7229	      
27.0000	      11.0000	      0.0800	      0.7441	      3.4276	      -35.9064	      -557469.4262	      
27.0000	      12.0000	      1.2258	      0.7484	      3.3378	      -38.4178	      -558338.0195	      
27.0000	      13.0000	      1.9310	      0.8017	      3.4116	      -0.7455	      -558279.4556	      
27.0000	      14.0000	      0.7104	      0.5422	      3.3553	      -37.0928	      -558105.7188	      
27.0000	      15.0000	      1.8219	      0.4981	      3.3849	      -37.3741	      -558366.0843	      
28.0000	      1.0000	      1.9268	      0.1697	      3.4009	      -9.4868	      -558272.0143	      
28.0000	      2.0000	      0.8404	      0.6823	      3.3313	      -38.9677	      -558277.5750	      
28.0000	      3.0000	      1.9338	      0.4741	      3.4088	      -32.2235	      -558361.1478	      
28.0000	      4.0000	      0.5226	      0.5871	      3.3413	      -37.1122	      -557999.5346	      
28.0000	      5.0000	      0.2892	      0.0508	      3.3736	      -37.0639	      -556773.9081	      
28.0000	      6.0000	      0.3947	      0.6636	      3.3583	      -36.8755	      -557912.9152	      
28.0000	      7.0000	      0.5764	      0.6209	      3.4165	      -37.6222	      -558107.1571	      
28.0000	      8.0000	      1.8028	      0.1110	      3.4547	      -20.8581	      -558142.4859	      
28.0000	      9.0000	      0.6698	      0.0293	      3.3986	      -37.1289	      -557703.3790	      
28.0000	      10.0000	      1.7965	      0.7146	      3.3569	      -26.7724	      -558279.2712	      
28.0000	      11.0000	      1.1237	      0.7300	      3.4372	      -16.2867	      -557166.5460	      
28.0000	      12.0000	      0.3788	      0.7371	      3.3372	      -38.2301	      -558034.5488	      
28.0000	      13.0000	      0.7141	      0.2270	      3.4171	      -39.1525	      -558160.5013	      
28.0000	      14.0000	      1.7566	      0.5434	      3.3651	      -37.0960	      -558364.9518	      
28.0000	      15.0000	      0.7765	      0.4938	      3.3866	      -37.3089	      -558149.3899	      
29.0000	      1.0000	      1.2187	      0.7241	      3.3934	      -35.1592	      -558264.1993	      
29.0000	      2.0000	      0.0753	      0.1427	      3.3320	      -38.7073	      -557724.4776	      
29.0000	      3.0000	      0.3588	      0.7101	      3.4081	      -12.5421	      -551464.3342	      
29.0000	      4.0000	      1.7177	      0.5862	      3.3413	      -37.0854	      -558364.5707	      
29.0000	      5.0000	      1.5814	      0.6697	      3.3788	      -37.0745	      -558357.8972	      
29.0000	      6.0000	      0.9635	      0.6267	      3.3526	      -36.9421	      -558230.7424	      
29.0000	      7.0000	      1.6775	      0.6043	      3.3901	      -37.4719	      -558362.9055	      
29.0000	      8.0000	      1.8200	      0.5553	      3.4403	      -38.9239	      -558364.3124	      
29.0000	      9.0000	      0.6862	      0.7496	      3.4059	      -13.0986	      -554630.1634	      
29.0000	      10.0000	      0.7430	      0.7202	      3.3525	      -5.2074	      -553678.8663	      
29.0000	      11.0000	      0.0656	      0.7637	      3.4406	      -1.6222	      -524743.1686	      
29.0000	      12.0000	      1.9667	      0.6976	      3.3389	      -37.9554	      -558372.4548	      
29.0000	      13.0000	      1.5589	      0.7931	      3.4016	      -24.2317	      -558159.3004	      
29.0000	      14.0000	      0.5370	      0.5462	      3.3737	      -37.1016	      -558005.1896	      
29.0000	      15.0000	      1.5473	      0.4987	      3.3870	      -37.3899	      -558348.9532	      
30.0000	      1.0000	      0.4426	      0.1116	      3.4086	      -12.3220	      -550987.2577	      
30.0000	      2.0000	      1.7923	      0.8387	      3.3285	      -38.2788	      -558371.4485	      
30.0000	      3.0000	      1.1624	      0.7555	      3.3956	      -35.3194	      -558253.2013	      
30.0000	      4.0000	      0.7296	      0.5847	      3.3420	      -37.0655	      -558122.3655	      
30.0000	      5.0000	      0.6603	      0.1209	      3.3777	      -37.0785	      -557814.1924	      
30.0000	      6.0000	      1.6339	      0.6072	      3.3487	      -36.9851	      -558359.5680	      
30.0000	      7.0000	      0.5259	      0.5913	      3.3684	      -37.3150	      -558030.9196	      
30.0000	      8.0000	      1.8609	      0.8921	      3.4102	      -11.2438	      -558264.6555	      
30.0000	      9.0000	      0.6491	      0.3426	      3.3987	      -36.4191	      -557916.8997	      
30.0000	      10.0000	      1.8677	      0.6974	      3.3518	      -22.5666	      -558263.8935	      
30.0000	      11.0000	      1.7642	      0.7823	      3.4360	      -32.9993	      -558349.3195	      
30.0000	      12.0000	      1.0778	      0.6587	      3.3405	      -37.7314	      -558294.3123	      
30.0000	      13.0000	      0.2147	      0.2077	      3.3950	      -8.7610	      -546468.4312	      
30.0000	      14.0000	      1.3929	      0.5530	      3.3734	      -37.1105	      -558332.0459	      
30.0000	      15.0000	      0.3100	      0.4876	      3.3902	      -37.3792	      -557849.7143	      
31.0000	      1.0000	      0.0823	      0.5024	      3.4154	      -33.0285	      -554367.9380	      
31.0000	      2.0000	      1.0271	      0.3173	      3.3287	      -37.9776	      -558223.8596	      
31.0000	      3.0000	      1.8396	      0.6759	      3.3849	      -9.7559	      -558234.7154	      
31.0000	      4.0000	      0.0362	      0.5821	      3.3426	      -37.0638	      -557392.6612	      
31.0000	      5.0000	      0.2275	      0.5537	      3.3770	      -37.0747	      -557746.9981	      
31.0000	      6.0000	      0.1682	      0.5971	      3.3501	      -36.9929	      -557659.1370	      
31.0000	      7.0000	      1.3899	      0.5962	      3.3785	      -37.2462	      -558336.5310	      
31.0000	      8.0000	      1.9020	      0.0277	      3.3825	      -26.6758	      -558236.2109	      
31.0000	      9.0000	      0.4486	      0.0203	      3.4067	      -12.5956	      -550984.3661	      
31.0000	      10.0000	      0.6747	      0.6508	      3.3548	      -1.4033	      -551955.0713	      
31.0000	      11.0000	      0.9000	      0.7912	      3.4289	      -17.6001	      -556558.0581	      
31.0000	      12.0000	      1.9400	      0.6287	      3.3411	      -37.4772	      -558372.3995	      
31.0000	      13.0000	      1.3070	      0.7772	      3.3912	      -39.6013	      -558356.6525	      
31.0000	      14.0000	      0.1087	      0.5503	      3.3720	      -37.1201	      -557569.4628	      
31.0000	      15.0000	      1.7277	      0.4906	      3.3912	      -37.2997	      -558361.3599	      
32.0000	      1.0000	      1.6713	      0.7931	      3.4060	      -8.5076	      -558103.6882	      
32.0000	      2.0000	      0.2791	      0.9302	      3.3310	      -37.6380	      -557924.9057	      
32.0000	      3.0000	      0.3475	      0.5802	      3.3818	      -33.8195	      -557203.8854	      
32.0000	      4.0000	      1.9684	      0.5802	      3.3429	      -37.0688	      -558372.7491	      
32.0000	      5.0000	      1.8796	      0.9158	      3.3750	      -37.0683	      -558371.4844	      
32.0000	      6.0000	      0.8174	      0.6235	      3.3536	      -36.9600	      -558170.6996	      
32.0000	      7.0000	      0.1550	      0.6158	      3.3997	      -37.1787	      -557701.1343	      
32.0000	      8.0000	      1.9202	      0.4885	      3.3814	      -5.2231	      -558285.9892	      
32.0000	      9.0000	      1.8951	      0.9239	      3.4115	      -35.9543	      -558369.8416	      
32.0000	      10.0000	      1.6983	      0.6330	      3.3586	      -21.8527	      -558153.6144	      
32.0000	      11.0000	      1.8333	      0.8066	      3.4099	      -4.7384	      -558227.9835	      
32.0000	      12.0000	      0.5512	      0.6039	      3.3410	      -37.2397	      -558035.6861	      
32.0000	      13.0000	      0.3108	      0.1626	      3.3786	      -18.8879	      -552135.3148	      
32.0000	      14.0000	      1.4269	      0.5519	      3.3631	      -37.1247	      -558336.6658	      
32.0000	      15.0000	      0.8066	      0.4934	      3.4023	      -37.2036	      -558159.4481	      
33.0000	      1.0000	      0.9237	      0.9692	      3.4144	      -29.6369	      -557732.0475	      
33.0000	      2.0000	      0.1426	      0.2847	      3.3353	      -37.5674	      -557579.5513	      
33.0000	      3.0000	      1.3131	      0.5094	      3.3808	      -10.5559	      -557378.4140	      
33.0000	      4.0000	      1.3209	      0.5788	      3.3431	      -37.0723	      -558321.1180	      
33.0000	      5.0000	      1.0401	      0.1164	      3.3643	      -37.0640	      -558117.4983	      
33.0000	      6.0000	      1.7642	      0.6545	      3.3541	      -36.9361	      -558367.8958	      
33.0000	      7.0000	      1.0240	      0.6370	      3.4115	      -37.1176	      -558265.5683	      
33.0000	      8.0000	      1.9320	      0.9246	      3.4110	      -38.5767	      -558368.5354	      
33.0000	      9.0000	      0.9149	      0.8447	      3.4020	      -12.4519	      -556021.7526	      
33.0000	      10.0000	      0.4721	      0.6262	      3.3619	      -0.6597	      -548662.0655	      
33.0000	      11.0000	      0.4503	      0.7809	      3.4194	      -33.9006	      -557654.9287	      
33.0000	      12.0000	      1.2624	      0.6163	      3.3401	      -37.1901	      -558315.7337	      
33.0000	      13.0000	      1.5929	      0.8237	      3.3792	      -39.3317	      -558366.8122	      
33.0000	      14.0000	      0.4671	      0.5489	      3.3540	      -37.1163	      -557952.4001	      
33.0000	      15.0000	      1.9970	      0.4924	      3.4129	      -37.3059	      -558369.0164	      
34.0000	      1.0000	      0.3528	      0.9548	      3.4192	      -6.7798	      -549710.3867	      
34.0000	      2.0000	      1.9624	      0.6465	      3.3390	      -37.7271	      -558372.5084	      
34.0000	      3.0000	      0.4341	      0.4552	      3.3808	      -26.8179	      -555299.0185	      
34.0000	      4.0000	      0.4551	      0.5786	      3.3432	      -37.0733	      -557945.7063	      
34.0000	      5.0000	      0.3325	      0.4891	      3.3601	      -37.0635	      -557816.8366	      
34.0000	      6.0000	      0.4741	      0.6721	      3.3535	      -36.8799	      -557973.8864	      
34.0000	      7.0000	      1.9212	      0.6383	      3.4219	      -37.1012	      -558369.4905	      
34.0000	      8.0000	      1.9464	      0.1404	      3.4165	      -21.8724	      -558219.5979	      
34.0000	      9.0000	      0.0388	      0.8169	      3.3792	      -39.5829	      -557856.8020	      
34.0000	      10.0000	      1.5746	      0.6255	      3.3632	      -36.6723	      -558353.6029	      
34.0000	      11.0000	      1.3620	      0.8215	      3.4396	      -15.9101	      -557740.9800	      
34.0000	      12.0000	      0.0801	      0.6535	      3.3400	      -37.5125	      -557604.1346	      
34.0000	      13.0000	      0.4928	      0.2824	      3.3720	      -13.5395	      -551587.5111	      
34.0000	      14.0000	      1.7562	      0.5552	      3.3487	      -37.1076	      -558365.6030	      
34.0000	      15.0000	      0.8270	      0.5069	      3.4040	      -37.3737	      -558182.8273	      
35.0000	      1.0000	      1.5105	      0.7555	      3.4231	      -23.3584	      -558118.3620	      
35.0000	      2.0000	      1.2363	      0.8857	      3.3422	      -37.6972	      -558331.9981	      
35.0000	      3.0000	      0.0107	      0.4317	      3.3811	      -39.4200	      -557826.9144	      
35.0000	      4.0000	      0.2248	      0.5795	      3.3432	      -37.0720	      -557737.1839	      
35.0000	      5.0000	      1.5705	      0.9326	      3.3595	      -37.0661	      -558359.9738	      
35.0000	      6.0000	      1.1842	      0.6748	      3.3521	      -36.8607	      -558297.8434	      
35.0000	      7.0000	      0.5536	      0.6358	      3.4241	      -37.0810	      -558056.5140	      
35.0000	      8.0000	      1.9555	      0.7270	      3.4171	      -4.8188	      -558308.6945	      
35.0000	      9.0000	      1.2958	      0.8029	      3.3580	      -16.8767	      -557553.8545	      
35.0000	      10.0000	      0.4024	      0.6721	      3.3668	      -22.3674	      -553788.7810	      
35.0000	      11.0000	      0.1797	      0.7947	      3.4436	      -33.3678	      -557162.3187	      
35.0000	      12.0000	      1.2460	      0.6868	      3.3401	      -37.8553	      -558329.5966	      
35.0000	      13.0000	      1.7315	      0.8105	      3.3643	      -34.7977	      -558358.8597	      
35.0000	      14.0000	      0.7203	      0.5532	      3.3448	      -37.1098	      -558113.2603	      
35.0000	      15.0000	      1.9595	      0.5319	      3.3844	      -37.3851	      -558370.1531	      
36.0000	      1.0000	      0.3378	      0.6172	      3.4241	      -39.4533	      -558116.3684	      
36.0000	      2.0000	      0.6833	      0.8643	      3.3442	      -37.6178	      -558171.0772	      
36.0000	      3.0000	      0.1360	      0.4407	      3.3851	      -7.7105	      -544864.0066	      
36.0000	      4.0000	      0.1150	      0.5805	      3.3430	      -37.0696	      -557570.4345	      
36.0000	      5.0000	      0.6469	      0.1885	      3.3612	      -37.0689	      -557870.0447	      
36.0000	      6.0000	      1.7911	      0.6631	      3.3544	      -36.8895	      -558369.0555	      
36.0000	      7.0000	      1.5045	      0.6324	      3.4091	      -37.0663	      -558349.8939	      
36.0000	      8.0000	      1.9597	      0.1456	      3.4138	      -0.8842	      -558333.2856	      
36.0000	      9.0000	      0.2532	      0.8434	      3.3540	      -35.7923	      -557681.4632	      
36.0000	      10.0000	      1.6971	      0.7150	      3.3677	      -10.4737	      -558109.9970	      
36.0000	      11.0000	      1.3474	      0.7649	      3.4617	      -7.0875	      -557560.7016	      
36.0000	      12.0000	      0.1140	      0.6816	      3.3404	      -38.0517	      -557752.1933	      
36.0000	      13.0000	      0.6127	      0.1478	      3.3607	      -10.7533	      -552512.5248	      
36.0000	      14.0000	      0.2672	      0.5395	      3.3533	      -37.1103	      -557779.4080	      
36.0000	      15.0000	      0.7535	      0.5589	      3.3594	      -37.3302	      -558151.5056	      
37.0000	      1.0000	      1.2180	      0.5683	      3.4038	      -7.0717	      -557068.5398	      
37.0000	      2.0000	      0.3938	      0.6691	      3.3442	      -37.4357	      -557964.6318	      
37.0000	      3.0000	      1.0027	      0.4868	      3.3877	      -24.8003	      -557388.6216	      
37.0000	      4.0000	      0.6713	      0.5810	      3.3429	      -37.0679	      -558088.8103	      
37.0000	      5.0000	      1.7212	      0.4436	      3.3676	      -37.0707	      -558359.0376	      
37.0000	      6.0000	      0.2596	      0.6483	      3.3580	      -36.8982	      -557786.7869	      
37.0000	      7.0000	      0.3352	      0.6175	      3.3902	      -37.0681	      -557882.8916	      
37.0000	      8.0000	      1.9636	      0.6961	      3.3925	      -2.8406	      -558305.1364	      
37.0000	      9.0000	      1.0340	      0.8561	      3.3536	      -9.3742	      -556371.2201	      
37.0000	      10.0000	      0.7084	      0.7160	      3.3652	      -0.2034	      -552352.8720	      
37.0000	      11.0000	      0.2271	      0.7587	      3.4507	      -27.0152	      -553970.9306	      
37.0000	      12.0000	      1.6641	      0.6573	      3.3411	      -37.9487	      -558365.4923	      
37.0000	      13.0000	      1.6681	      0.5530	      3.3591	      -27.3977	      -558214.7040	      
37.0000	      14.0000	      1.9118	      0.5345	      3.3676	      -37.1020	      -558370.1974	      
37.0000	      15.0000	      1.9348	      0.5704	      3.3504	      -37.3087	      -558371.6043	      
38.0000	      1.0000	      0.1108	      0.5494	      3.3873	      -20.3402	      -551091.3475	      
38.0000	      2.0000	      0.2608	      0.5106	      3.3429	      -37.3545	      -557791.4613	      
38.0000	      3.0000	      1.1181	      0.5151	      3.3822	      -0.9404	      -556392.5790	      
38.0000	      4.0000	      1.0517	      0.5810	      3.3427	      -37.0672	      -558257.0860	      
38.0000	      5.0000	      0.6095	      0.6479	      3.3680	      -37.0708	      -558075.9241	      
38.0000	      6.0000	      0.8295	      0.6502	      3.3596	      -36.9514	      -558181.8103	      
38.0000	      7.0000	      1.4684	      0.6035	      3.3875	      -37.0710	      -558344.8573	      
38.0000	      8.0000	      1.9597	      0.1004	      3.3767	      -10.8015	      -558275.8965	      
38.0000	      9.0000	      0.0324	      0.8481	      3.3674	      -30.3905	      -553668.5500	      
38.0000	      10.0000	      1.7137	      0.7169	      3.3676	      -4.2165	      -558089.7118	      
38.0000	      11.0000	      1.6845	      0.7500	      3.4339	      -6.0626	      -558107.7086	      
38.0000	      12.0000	      0.9178	      0.6342	      3.3410	      -37.6856	      -558247.1001	      
38.0000	      13.0000	      0.4610	      0.9228	      3.3641	      -1.5474	      -548411.6665	      
38.0000	      14.0000	      1.0795	      0.5361	      3.3706	      -37.0949	      -558262.3687	      
38.0000	      15.0000	      0.7659	      0.5798	      3.3421	      -37.2889	      -558156.3581	      
39.0000	      1.0000	      1.3733	      0.5658	      3.3940	      -34.9531	      -558292.8507	      
39.0000	      2.0000	      0.6126	      0.4219	      3.3420	      -37.3530	      -558024.5122	      
39.0000	      3.0000	      1.2219	      0.5351	      3.3796	      -16.9865	      -557264.2229	      
39.0000	      4.0000	      1.1024	      0.5805	      3.3428	      -37.0674	      -558272.0479	      
39.0000	      5.0000	      1.4425	      0.8372	      3.3624	      -37.0704	      -558349.2519	      
39.0000	      6.0000	      1.6650	      0.6497	      3.3574	      -36.9794	      -558362.7778	      
39.0000	      7.0000	      0.4829	      0.6012	      3.3925	      -37.0863	      -557991.5428	      
39.0000	      8.0000	      1.9576	      0.6166	      3.3637	      -13.0907	      -558283.1926	      
39.0000	      9.0000	      1.5710	      0.8284	      3.3949	      -6.2838	      -557934.8248	      
39.0000	      10.0000	      0.4300	      0.6867	      3.3688	      -13.3837	      -552203.9348	      
39.0000	      11.0000	      0.7157	      0.7473	      3.4347	      -27.6846	      -557167.1428	      
39.0000	      12.0000	      0.5033	      0.6201	      3.3407	      -37.4869	      -558031.2963	      
39.0000	      13.0000	      1.6138	      0.1060	      3.3674	      -29.3593	      -558188.9006	      
39.0000	      14.0000	      0.3439	      0.5481	      3.3654	      -37.0911	      -557857.7194	      
39.0000	      15.0000	      1.3910	      0.5855	      3.3384	      -37.2401	      -558334.8235	      
40.0000	      1.0000	      0.4520	      0.5887	      3.4070	      -5.4244	      -549529.5368	      
40.0000	      2.0000	      0.5175	      0.4265	      3.3407	      -37.4756	      -557976.2658	      
40.0000	      3.0000	      0.7728	      0.5528	      3.3761	      -34.5418	      -557923.2670	      
40.0000	      4.0000	      0.8982	      0.5800	      3.3428	      -37.0682	      -558202.0232	      
40.0000	      5.0000	      0.3377	      0.9547	      3.3529	      -37.0690	      -557935.9421	      
40.0000	      6.0000	      0.3619	      0.6319	      3.3546	      -36.9587	      -557883.2200	      
40.0000	      7.0000	      1.6088	      0.6121	      3.4071	      -37.1030	      -558357.7132	      
40.0000	      8.0000	      1.9541	      0.1109	      3.3729	      -10.3271	      -558274.7514	      
40.0000	      9.0000	      0.8021	      0.8241	      3.4066	      -32.1509	      -557744.0564	      
40.0000	      10.0000	      1.4740	      0.6638	      3.3664	      -25.2820	      -558075.5628	      
40.0000	      11.0000	      1.8911	      0.7527	      3.4426	      -6.6537	      -558284.0606	      
40.0000	      12.0000	      0.4870	      0.6176	      3.3398	      -37.4668	      -558018.0640	      
40.0000	      13.0000	      0.4954	      0.5335	      3.3652	      -10.4702	      -552074.0688	      
40.0000	      14.0000	      1.4544	      0.5548	      3.3601	      -37.0900	      -558339.9975	      
40.0000	      15.0000	      0.0370	      0.5829	      3.3421	      -37.2167	      -557423.9625	      
41.0000	      1.0000	      1.6856	      0.6219	      3.4138	      -28.7031	      -558268.5887	      
41.0000	      2.0000	      0.4938	      0.4617	      3.3401	      -37.5229	      -557979.2828	      
41.0000	      3.0000	      0.1648	      0.5486	      3.3811	      -6.4509	      -544812.0561	      
41.0000	      4.0000	      0.3995	      0.5798	      3.3429	      -37.0691	      -557903.5484	      
41.0000	      5.0000	      1.2502	      0.9877	      3.3459	      -37.0677	      -558321.5425	      
41.0000	      6.0000	      1.3109	      0.6255	      3.3537	      -36.9237	      -558321.1748	      
41.0000	      7.0000	      0.5091	      0.6228	      3.4150	      -37.1054	      -558024.6388	      
41.0000	      8.0000	      1.9449	      0.5853	      3.3898	      -7.6029	      -558298.5782	      
41.0000	      9.0000	      0.0175	      0.8047	      3.3973	      -11.4379	      -542969.7936	      
41.0000	      10.0000	      0.4292	      0.6577	      3.3624	      -28.4414	      -555713.6966	      
41.0000	      11.0000	      0.5862	      0.7423	      3.4395	      -29.3282	      -556953.1217	      
41.0000	      12.0000	      0.4949	      0.6312	      3.3397	      -37.5258	      -558031.8549	      
41.0000	      13.0000	      1.7460	      0.9728	      3.3668	      -31.7039	      -558329.4065	      
41.0000	      14.0000	      0.2620	      0.5588	      3.3535	      -37.0899	      -557778.9630	      
41.0000	      15.0000	      0.8958	      0.5783	      3.3487	      -37.1903	      -558208.1867	      
42.0000	      1.0000	      0.5992	      0.6442	      3.4063	      -7.2238	      -552595.2225	      
42.0000	      2.0000	      0.1173	      0.5044	      3.3402	      -37.5847	      -557636.4683	      
42.0000	      3.0000	      0.1541	      0.5303	      3.3901	      -30.4371	      -540374.1346	      
42.0000	      4.0000	      1.8702	      0.5797	      3.3430	      -37.0696	      -558370.6442	      
42.0000	      5.0000	      0.1033	      0.9547	      3.3525	      -37.0674	      -557516.6510	      
42.0000	      6.0000	      0.0963	      0.6241	      3.3550	      -36.9194	      -556505.6761	      
42.0000	      7.0000	      1.3611	      0.6229	      3.4101	      -37.1069	      -558333.2744	      
42.0000	      8.0000	      1.9399	      0.0411	      3.4061	      -35.2601	      -558349.8257	      
42.0000	      9.0000	      1.4955	      0.8076	      3.3904	      -0.8187	      -557712.9518	      
42.0000	      10.0000	      1.5921	      0.6497	      3.3561	      -24.4384	      -558131.2376	      
42.0000	      11.0000	      1.3756	      0.7433	      3.4466	      -10.0388	      -557664.1806	      
42.0000	      12.0000	      0.3118	      0.6465	      3.3401	      -37.5500	      -557904.3254	      
42.0000	      13.0000	      0.5749	      0.1916	      3.3675	      -9.4344	      -552197.7400	      
42.0000	      14.0000	      1.4501	      0.5621	      3.3481	      -37.0862	      -558339.7376	      
42.0000	      15.0000	      1.8012	      0.5715	      3.3539	      -37.1673	      -558367.9273	      
43.0000	      1.0000	      0.0427	      0.6558	      3.3927	      -28.4143	      -541472.4254	      
43.0000	      2.0000	      1.6567	      0.5972	      3.3406	      -37.5257	      -558362.5177	      
43.0000	      3.0000	      0.2434	      0.5137	      3.3954	      -9.2353	      -548838.0646	      
43.0000	      4.0000	      0.9582	      0.5799	      3.3430	      -37.0695	      -558225.5227	      
43.0000	      5.0000	      1.8122	      0.9060	      3.3589	      -37.0678	      -558370.7666	      
43.0000	      6.0000	      1.3533	      0.6263	      3.3581	      -36.9207	      -558328.4911	      
43.0000	      7.0000	      0.1619	      0.6166	      3.4010	      -37.0981	      -557700.8881	      
43.0000	      8.0000	      1.9440	      0.7555	      3.4171	      -16.5773	      -558295.0311	      
43.0000	      9.0000	      0.6913	      0.8357	      3.3834	      -3.5453	      -552738.1387	      
43.0000	      10.0000	      0.5079	      0.6599	      3.3565	      -13.3624	      -552850.9355	      
43.0000	      11.0000	      0.0187	      0.7549	      3.4511	      -29.4282	      -526081.0310	      
43.0000	      12.0000	      1.8857	      0.6699	      3.3405	      -37.5392	      -558371.9509	      
43.0000	      13.0000	      1.4503	      0.5675	      3.3683	      -39.1185	      -558354.3756	      
43.0000	      14.0000	      0.3881	      0.5586	      3.3482	      -37.0855	      -557890.4755	      
43.0000	      15.0000	      0.4994	      0.5681	      3.3534	      -37.1362	      -557984.1624	      
44.0000	      1.0000	      1.7853	      0.6884	      3.3869	      -4.6909	      -558180.9652	      
44.0000	      2.0000	      0.8618	      0.6601	      3.3408	      -37.4894	      -558222.2671	      
44.0000	      3.0000	      1.8794	      0.4955	      3.3973	      -29.3848	      -558329.6140	      
44.0000	      4.0000	      0.3558	      0.5802	      3.3430	      -37.0691	      -557867.9026	      
44.0000	      5.0000	      1.0143	      0.8423	      3.3667	      -37.0683	      -558271.3767	      
44.0000	      6.0000	      0.5225	      0.6231	      3.3605	      -36.9000	      -557996.8311	      
44.0000	      7.0000	      1.2724	      0.6069	      3.3927	      -37.0873	      -558317.3486	      
44.0000	      8.0000	      1.9450	      0.2941	      3.4138	      -39.4938	      -558361.6271	      
44.0000	      9.0000	      1.7042	      0.8239	      3.3771	      -39.9251	      -558367.8768	      
44.0000	      10.0000	      0.0531	      0.6672	      3.3636	      -38.1334	      -557665.4436	      
44.0000	      11.0000	      1.4772	      0.7153	      3.4368	      -4.2249	      -557761.8398	      
44.0000	      12.0000	      1.0439	      0.6831	      3.3406	      -37.4854	      -558281.2440	      
44.0000	      13.0000	      0.1629	      0.8665	      3.3681	      -19.5832	      -549063.8148	      
44.0000	      14.0000	      1.4744	      0.5584	      3.3508	      -37.0906	      -558342.5555	      
44.0000	      15.0000	      1.2625	      0.5690	      3.3510	      -37.1435	      -558311.0145	      
45.0000	      1.0000	      1.0642	      0.7125	      3.3746	      -26.5647	      -557687.3311	      
45.0000	      2.0000	      0.4361	      0.6828	      3.3405	      -37.5163	      -558004.3158	      
45.0000	      3.0000	      1.0597	      0.5031	      3.3995	      -5.3648	      -556252.8337	      
45.0000	      4.0000	      0.0456	      0.5803	      3.3430	      -37.0687	      -557417.4128	      
45.0000	      5.0000	      0.1550	      0.7922	      3.3688	      -37.0686	      -557727.4137	      
45.0000	      6.0000	      1.4825	      0.6253	      3.3616	      -36.9090	      -558345.8428	      
45.0000	      7.0000	      0.4078	      0.6093	      3.3887	      -37.0791	      -557938.4547	      
45.0000	      8.0000	      1.9443	      0.7964	      3.3968	      -14.9692	      -558293.4213	      
45.0000	      9.0000	      0.5708	      0.8074	      3.3744	      -24.1699	      -556044.9242	      
45.0000	      10.0000	      1.6388	      0.6952	      3.3697	      -15.1954	      -558039.9991	      
45.0000	      11.0000	      0.5756	      0.7177	      3.4303	      -26.9739	      -556640.2044	      
45.0000	      12.0000	      0.3337	      0.6749	      3.3405	      -37.6404	      -557939.0421	      
45.0000	      13.0000	      1.0462	      0.0672	      3.3639	      -37.4200	      -558117.0018	      
45.0000	      14.0000	      0.3672	      0.5576	      3.3575	      -37.0933	      -557877.9078	      
45.0000	      15.0000	      0.2301	      0.5730	      3.3469	      -37.1463	      -557754.0323	      
46.0000	      1.0000	      0.3474	      0.7170	      3.3921	      -5.5551	      -548311.6646	      
46.0000	      2.0000	      0.5812	      0.6599	      3.3400	      -37.4629	      -558085.8945	      
46.0000	      3.0000	      0.2644	      0.5286	      3.4000	      -25.5664	      -553840.1225	      
46.0000	      4.0000	      1.7497	      0.5803	      3.3429	      -37.0684	      -558366.0053	      
46.0000	      5.0000	      1.8242	      0.7577	      3.3676	      -37.0689	      -558370.7434	      
46.0000	      6.0000	      0.2654	      0.6274	      3.3570	      -36.9286	      -557789.0110	      
46.0000	      7.0000	      1.6466	      0.6138	      3.3864	      -37.0827	      -558360.5248	      
46.0000	      8.0000	      1.9409	      0.1176	      3.3788	      -1.5000	      -558318.1465	      
46.0000	      9.0000	      1.8155	      0.7833	      3.3770	      -4.8053	      -558202.8361	      
46.0000	      10.0000	      0.8820	      0.6870	      3.3772	      -29.6087	      -557509.8323	      
46.0000	      11.0000	      1.7715	      0.7450	      3.4142	      -3.9700	      -558171.7176	      
46.0000	      12.0000	      1.4565	      0.6472	      3.3403	      -37.7783	      -558351.0077	      
46.0000	      13.0000	      0.0557	      0.3777	      3.3640	      -10.3152	      -544063.4204	      
46.0000	      14.0000	      1.6175	      0.5540	      3.3651	      -37.0909	      -558356.5844	      
46.0000	      15.0000	      1.8692	      0.5775	      3.3443	      -37.2045	      -558370.4572	      
47.0000	      1.0000	      1.5247	      0.7356	      3.4250	      -32.6205	      -558294.5620	      
47.0000	      2.0000	      0.1886	      0.6264	      3.3400	      -37.4509	      -557759.3809	      
47.0000	      3.0000	      1.3231	      0.5306	      3.3921	      -3.6636	      -557332.4924	      
47.0000	      4.0000	      1.0058	      0.5803	      3.3429	      -37.0684	      -558242.1814	      
47.0000	      5.0000	      1.0032	      0.7314	      3.3647	      -37.0690	      -558262.2643	      
47.0000	      6.0000	      1.4560	      0.6422	      3.3520	      -36.9168	      -558343.5352	      
47.0000	      7.0000	      0.6406	      0.6179	      3.3862	      -37.0897	      -558093.1550	      
47.0000	      8.0000	      1.9374	      0.5375	      3.3673	      -32.0132	      -558361.7126	      
47.0000	      9.0000	      0.7097	      0.7705	      3.3725	      -24.8159	      -556684.9152	      
47.0000	      10.0000	      0.1703	      0.6864	      3.3811	      -3.4683	      -542379.3629	      
47.0000	      11.0000	      0.5279	      0.7904	      3.4063	      -30.8651	      -557017.0533	      
47.0000	      12.0000	      0.5318	      0.6179	      3.3404	      -37.7893	      -558074.7775	      
47.0000	      13.0000	      1.7020	      0.7861	      3.3615	      -30.5953	      -558303.2336	      
47.0000	      14.0000	      0.6173	      0.5562	      3.3708	      -37.0878	      -558058.0959	      
47.0000	      15.0000	      1.0346	      0.5778	      3.3432	      -37.2498	      -558258.1422	      
48.0000	      1.0000	      0.4101	      0.7569	      3.4388	      -12.6641	      -552398.3199	      
48.0000	      2.0000	      1.9695	      0.5939	      3.3401	      -37.4632	      -558372.4849	      
48.0000	      3.0000	      0.2900	      0.5198	      3.3809	      -25.6977	      -553897.2103	      
48.0000	      4.0000	      0.3088	      0.5802	      3.3429	      -37.0685	      -557826.1186	      
48.0000	      5.0000	      0.2823	      0.7226	      3.3635	      -37.0690	      -557856.0044	      
48.0000	      6.0000	      0.4941	      0.6535	      3.3510	      -36.9173	      -557985.0235	      
48.0000	      7.0000	      1.9569	      0.6146	      3.3965	      -37.0952	      -558370.9061	      
48.0000	      8.0000	      1.9397	      0.0086	      3.3581	      -16.3072	      -558212.2382	      
48.0000	      9.0000	      1.8201	      0.7682	      3.3801	      -6.8834	      -558219.4305	      
48.0000	      10.0000	      1.8766	      0.7033	      3.3788	      -19.2758	      -558255.7822	      
48.0000	      11.0000	      1.5066	      0.8377	      3.4040	      -12.2888	      -557897.2775	      
48.0000	      12.0000	      1.7489	      0.6347	      3.3407	      -37.7158	      -558367.9677	      
48.0000	      13.0000	      0.8463	      0.0330	      3.3605	      -9.5840	      -554600.9106	      
48.0000	      14.0000	      1.8174	      0.5573	      3.3671	      -37.0883	      -558367.8425	      
48.0000	      15.0000	      0.0759	      0.5765	      3.3441	      -37.2724	      -557524.8023	      
49.0000	      1.0000	      1.3847	      0.7325	      3.4446	      -2.0601	      -557528.0306	      
49.0000	      2.0000	      1.2138	      0.5879	      3.3401	      -37.5534	      -558311.0376	      
49.0000	      3.0000	      0.1323	      0.5189	      3.3794	      -4.3775	      -543041.3251	      
49.0000	      4.0000	      1.3304	      0.5801	      3.3429	      -37.0687	      -558322.7804	      
49.0000	      5.0000	      0.3646	      0.7825	      3.3651	      -37.0688	      -557942.1221	      
49.0000	      6.0000	      1.5537	      0.6522	      3.3535	      -36.9458	      -558354.4032	      
49.0000	      7.0000	      0.8801	      0.6041	      3.3894	      -37.0981	      -558208.3589	      
49.0000	      8.0000	      1.9416	      0.8891	      3.3582	      -35.3085	      -558372.5466	      
49.0000	      9.0000	      0.6333	      0.7382	      3.3872	      -30.8722	      -557193.1448	      
49.0000	      10.0000	      1.0653	      0.6877	      3.3724	      -34.9933	      -558188.4217	      
49.0000	      11.0000	      0.2057	      0.8772	      3.4096	      -0.5375	      -543478.7995	      
49.0000	      12.0000	      0.7404	      0.6386	      3.3409	      -37.7224	      -558182.9138	      
49.0000	      13.0000	      1.9316	      0.7092	      3.3586	      -25.8629	      -558314.6484	      
49.0000	      14.0000	      0.7161	      0.5548	      3.3601	      -37.0923	      -558113.5190	      
49.0000	      15.0000	      1.4850	      0.5741	      3.3462	      -37.2445	      -558345.9924	      
50.0000	      1.0000	      0.4597	      0.7284	      3.4373	      -1.7718	      -549375.2752	      
50.0000	      2.0000	      0.3464	      0.6018	      3.3404	      -37.6302	      -557929.1486	      
50.0000	      3.0000	      1.8776	      0.5325	      3.3786	      -29.2606	      -558327.6274	      
50.0000	      4.0000	      0.4468	      0.5801	      3.3429	      -37.0688	      -557939.6076	      
50.0000	      5.0000	      0.0787	      0.7689	      3.3683	      -37.0687	      -557594.3766	      
50.0000	      6.0000	      0.3483	      0.6476	      3.3536	      -36.9531	      -557876.3016	      
50.0000	      7.0000	      1.8302	      0.5920	      3.3757	      -37.0939	      -558368.7259	      
50.0000	      8.0000	      1.9432	      0.5047	      3.3546	      -8.7322	      -558283.9583	      
50.0000	      9.0000	      1.8471	      0.7663	      3.3921	      -9.2103	      -558246.9096	      
50.0000	      10.0000	      0.1899	      0.6722	      3.3602	      -7.5142	      -546843.7000	      
50.0000	      11.0000	      1.3279	      0.8497	      3.4137	      -38.1485	      -558349.4052	      
50.0000	      12.0000	      1.8894	      0.6444	      3.3405	      -37.7067	      -558371.6045	      
50.0000	      13.0000	      0.5897	      0.1794	      3.3634	      -1.7954	      -550706.5432	      
50.0000	      14.0000	      1.5463	      0.5512	      3.3539	      -37.0947	      -558350.1127	      
50.0000	      15.0000	      0.6132	      0.5711	      3.3485	      -37.2419	      -558067.3064	      
51.0000	      1.0000	      1.4622	      0.7194	      3.4197	      -1.6645	      -557685.2064	      
51.0000	      2.0000	      1.7310	      0.6188	      3.3409	      -37.5998	      -558366.8422	      
51.0000	      3.0000	      1.1235	      0.5209	      3.3843	      -9.5302	      -556699.5905	      
51.0000	      4.0000	      1.8653	      0.5801	      3.3429	      -37.0689	      -558370.4883	      
51.0000	      5.0000	      1.8869	      0.8054	      3.3720	      -37.0684	      -558371.9482	      
51.0000	      6.0000	      1.3102	      0.6311	      3.3535	      -36.9227	      -558321.4918	      
51.0000	      7.0000	      0.5653	      0.5887	      3.3721	      -37.0906	      -558035.6540	      
51.0000	      8.0000	      1.9455	      0.0228	      3.3489	      -26.0908	      -558230.4421	      
51.0000	      9.0000	      0.7429	      0.8029	      3.3979	      -1.1744	      -553133.5494	      
51.0000	      10.0000	      1.5818	      0.6837	      3.3568	      -25.6542	      -558151.3775	      
51.0000	      11.0000	      0.1935	      0.8162	      3.4165	      -23.8020	      -553197.5035	      
51.0000	      12.0000	      0.7295	      0.6532	      3.3400	      -37.6011	      -558172.8234	      
51.0000	      13.0000	      1.2750	      0.6114	      3.3675	      -24.5894	      -557867.4458	      
51.0000	      14.0000	      0.2669	      0.5507	      3.3508	      -37.0906	      -557780.0732	      
51.0000	      15.0000	      1.7688	      0.5703	      3.3492	      -37.2439	      -558366.7223	      
52.0000	      1.0000	      0.2373	      0.7109	      3.4120	      -9.3390	      -549486.7488	      
52.0000	      2.0000	      0.7999	      0.6267	      3.3409	      -37.5088	      -558193.8662	      
52.0000	      3.0000	      0.4044	      0.5075	      3.3927	      -2.2438	      -548240.1209	      
52.0000	      4.0000	      0.8859	      0.5801	      3.3429	      -37.0689	      -558197.2314	      
52.0000	      5.0000	      1.1573	      0.7708	      3.3703	      -37.0683	      -558304.3778	      
52.0000	      6.0000	      0.1474	      0.6108	      3.3513	      -36.8867	      -557615.8617	      
52.0000	      7.0000	      1.5702	      0.5962	      3.3710	      -37.0831	      -558354.4397	      
52.0000	      8.0000	      1.9528	      0.5309	      3.3451	      -3.0098	      -558296.6605	      
52.0000	      9.0000	      0.0194	      0.8155	      3.4064	      -29.7701	      -547213.7490	      
52.0000	      10.0000	      0.6620	      0.7118	      3.3580	      -1.4443	      -551746.9256	      
52.0000	      11.0000	      1.2827	      0.7413	      3.4231	      -5.3285	      -557276.4523	      
52.0000	      12.0000	      1.4942	      0.6445	      3.3394	      -37.4749	      -558352.1550	      
52.0000	      13.0000	      0.0064	      0.9567	      3.3672	      -7.4467	      -543334.3988	      
52.0000	      14.0000	      1.6141	      0.5477	      3.3503	      -37.0885	      -558356.0299	      
52.0000	      15.0000	      0.6713	      0.5699	      3.3489	      -37.2345	      -558100.8815	      
