#iter	     #Particle	       tx	       ty	       tz	     twist	     energy	     
1.0000	      1.0000	      1.8062	      0.8505	      3.4113	      -50.5102	      -232201.0476	      
1.0000	      2.0000	      1.8760	      0.9068	      3.4529	      -48.4810	      -232221.8837	      
1.0000	      3.0000	      1.4119	      0.4194	      3.4668	      -65.9257	      -232187.2698	      
1.0000	      4.0000	      0.0623	      0.9422	      3.3792	      -54.6260	      -232337.2419	      
1.0000	      5.0000	      0.7543	      1.3798	      3.2462	      -34.9704	      -232271.9096	      
1.0000	      6.0000	      0.4591	      1.8716	      3.4335	      -43.9663	      -232336.8701	      
1.0000	      7.0000	      0.2007	      0.5683	      3.2343	      -53.9915	      -232219.7290	      
1.0000	      8.0000	      1.3944	      1.5731	      3.3158	      -65.8915	      -232213.0435	      
1.0000	      9.0000	      0.4639	      1.4929	      3.2995	      -66.2958	      -232317.5328	      
1.0000	      10.0000	      1.3269	      0.2116	      3.2278	      -49.3067	      -231994.1275	      
1.0000	      11.0000	      1.0575	      1.3453	      3.5392	      -62.2269	      -232297.7122	      
1.0000	      12.0000	      1.6757	      0.2118	      3.4765	      -38.0104	      -232233.8869	      
1.0000	      13.0000	      1.0789	      0.4328	      3.4877	      -42.4285	      -232252.0753	      
1.0000	      14.0000	      1.4468	      0.3274	      3.5718	      -55.8754	      -232244.4848	      
1.0000	      15.0000	      0.2690	      1.9959	      3.5005	      -39.2561	      -232336.3167	      
2.0000	      1.0000	      0.1608	      1.5574	      3.5627	      -51.4524	      -232342.2196	      
2.0000	      2.0000	      1.7260	      1.4825	      3.3519	      -49.0477	      -232226.4783	      
2.0000	      3.0000	      1.1709	      0.5187	      3.5128	      -64.6356	      -232243.7058	      
2.0000	      4.0000	      0.5630	      1.1827	      3.5200	      -54.4457	      -232331.5381	      
2.0000	      5.0000	      1.0439	      1.9327	      3.5073	      -38.9332	      -232321.4461	      
2.0000	      6.0000	      0.5303	      1.7458	      3.5465	      -45.9041	      -232334.6686	      
2.0000	      7.0000	      0.3808	      0.6960	      3.3067	      -53.7387	      -232260.6963	      
2.0000	      8.0000	      1.3478	      0.0168	      3.3305	      -64.2120	      -232082.3477	      
2.0000	      9.0000	      1.0616	      1.5710	      3.4382	      -63.3655	      -232289.3339	      
2.0000	      10.0000	      1.7228	      0.4796	      3.2125	      -49.6996	      -232014.5982	      
2.0000	      11.0000	      1.1805	      1.3472	      3.3880	      -60.0551	      -232258.4176	      
2.0000	      12.0000	      1.9861	      0.7307	      3.3201	      -42.1321	      -232148.0098	      
2.0000	      13.0000	      1.1358	      1.0446	      3.3458	      -43.5497	      -232272.8035	      
2.0000	      14.0000	      1.9951	      0.4557	      3.3184	      -55.5113	      -232063.9053	      
2.0000	      15.0000	      0.9157	      0.6553	      3.4902	      -42.0377	      -232275.8230	      
3.0000	      1.0000	      0.4091	      0.0523	      3.5487	      -52.1120	      -232268.9896	      
3.0000	      2.0000	      1.5286	      1.9054	      3.5890	      -49.6664	      -232297.9533	      
3.0000	      3.0000	      0.7948	      0.7144	      3.5564	      -61.7308	      -232301.8316	      
3.0000	      4.0000	      0.7676	      1.2797	      3.5741	      -54.1711	      -232324.9932	      
3.0000	      5.0000	      1.1984	      0.2582	      3.5750	      -44.8683	      -232266.6372	      
3.0000	      6.0000	      0.4744	      1.7052	      3.2062	      -47.4420	      -232331.4330	      
3.0000	      7.0000	      0.4685	      0.7997	      3.3665	      -53.4686	      -232289.2190	      
3.0000	      8.0000	      0.9955	      1.3336	      3.3570	      -60.1265	      -232268.6225	      
3.0000	      9.0000	      1.2033	      1.6209	      3.3755	      -59.4688	      -232273.3565	      
3.0000	      10.0000	      1.7733	      0.9660	      3.5293	      -50.1459	      -232253.9668	      
3.0000	      11.0000	      0.9831	      1.4010	      3.2385	      -58.4566	      -232240.9659	      
3.0000	      12.0000	      0.0503	      1.2307	      3.2102	      -45.1909	      -232299.2217	      
3.0000	      13.0000	      1.1270	      1.6067	      3.5537	      -45.3865	      -232316.2378	      
3.0000	      14.0000	      1.6883	      0.6466	      3.4024	      -54.6578	      -232171.6002	      
3.0000	      15.0000	      1.1307	      1.6836	      3.3705	      -44.8849	      -232302.8205	      
4.0000	      1.0000	      0.4894	      0.8965	      3.4265	      -52.3732	      -232311.8315	      
4.0000	      2.0000	      1.2704	      0.1722	      3.3476	      -50.5707	      -232117.0226	      
4.0000	      3.0000	      0.4784	      0.9106	      3.5874	      -58.9100	      -232332.8641	      
4.0000	      4.0000	      0.7408	      1.4120	      3.5208	      -54.1097	      -232325.3479	      
4.0000	      5.0000	      1.2088	      1.2998	      3.4810	      -47.2812	      -232301.8282	      
4.0000	      6.0000	      0.4034	      1.6825	      3.2603	      -47.6022	      -232338.2802	      
4.0000	      7.0000	      0.4410	      0.8797	      3.4409	      -52.7146	      -232316.4459	      
4.0000	      8.0000	      0.6169	      0.2731	      3.3878	      -56.3474	      -232221.4146	      
4.0000	      9.0000	      0.9878	      1.6224	      3.2260	      -54.9455	      -232268.3544	      
4.0000	      10.0000	      1.4901	      1.4574	      3.3528	      -50.8013	      -232247.5123	      
4.0000	      11.0000	      0.8543	      1.4609	      3.4899	      -57.7747	      -232313.5198	      
4.0000	      12.0000	      0.1116	      1.6648	      3.4455	      -47.5987	      -232344.8115	      
4.0000	      13.0000	      0.8656	      1.9960	      3.2996	      -48.3974	      -232313.0285	      
4.0000	      14.0000	      1.3005	      0.7037	      3.3867	      -54.0448	      -232202.5118	      
4.0000	      15.0000	      0.9391	      0.4881	      3.2054	      -47.5720	      -232046.6367	      
5.0000	      1.0000	      0.4674	      1.6181	      3.2629	      -51.8306	      -232332.4158	      
5.0000	      2.0000	      1.0119	      0.7097	      3.5382	      -50.8060	      -232288.2922	      
5.0000	      3.0000	      0.1792	      1.2471	      3.5756	      -54.7484	      -232346.0066	      
5.0000	      4.0000	      0.4445	      1.4530	      3.4691	      -53.9635	      -232337.9587	      
5.0000	      5.0000	      1.0819	      0.1963	      3.2952	      -45.3925	      -232075.3765	      
5.0000	      6.0000	      0.2875	      1.6655	      3.3076	      -47.7135	      -232343.0010	      
5.0000	      7.0000	      0.3352	      1.1343	      3.4936	      -51.8493	      -232340.3647	      
5.0000	      8.0000	      0.2660	      1.5850	      3.4075	      -52.7750	      -232343.4714	      
5.0000	      9.0000	      0.7132	      1.5839	      3.4775	      -51.3914	      -232328.8168	      
5.0000	      10.0000	      1.0839	      1.7230	      3.5738	      -50.8712	      -232314.2904	      
5.0000	      11.0000	      0.6050	      1.5335	      3.2572	      -54.4303	      -232315.9633	      
5.0000	      12.0000	      0.1545	      1.9687	      3.2102	      -49.2842	      -232339.9484	      
5.0000	      13.0000	      0.5131	      0.0647	      3.5238	      -50.2858	      -232240.6512	      
5.0000	      14.0000	      0.8323	      0.8948	      3.2990	      -53.0720	      -232238.9637	      
5.0000	      15.0000	      0.4941	      1.9296	      3.4030	      -47.4379	      -232334.1738	      
6.0000	      1.0000	      0.3309	      0.0769	      3.5373	      -51.9277	      -232270.8159	      
6.0000	      2.0000	      0.7612	      1.6659	      3.2915	      -50.7784	      -232315.8013	      
6.0000	      3.0000	      1.9698	      1.4827	      3.5673	      -51.8352	      -232265.8297	      
6.0000	      4.0000	      0.1817	      1.4385	      3.4370	      -53.8768	      -232346.8012	      
6.0000	      5.0000	      0.7700	      1.7135	      3.5837	      -44.2308	      -232329.4340	      
6.0000	      6.0000	      0.1941	      1.5791	      3.3924	      -49.6357	      -232346.0654	      
6.0000	      7.0000	      0.2511	      1.3129	      3.5463	      -51.9161	      -232345.2823	      
6.0000	      8.0000	      1.9972	      0.4397	      3.4408	      -50.5789	      -232179.8922	      
6.0000	      9.0000	      0.4125	      1.4962	      3.2758	      -49.2374	      -232335.3970	      
6.0000	      10.0000	      0.7794	      1.8739	      3.3288	      -51.6692	      -232317.8266	      
6.0000	      11.0000	      0.4141	      1.5518	      3.4242	      -52.1121	      -232339.9035	      
6.0000	      12.0000	      0.1743	      1.9235	      3.5273	      -50.7299	      -232333.6281	      
6.0000	      13.0000	      0.2457	      1.0998	      3.3005	      -50.3661	      -232317.8405	      
6.0000	      14.0000	      0.5361	      0.9935	      3.2508	      -53.0889	      -232271.4354	      
6.0000	      15.0000	      0.0882	      0.8474	      3.5540	      -46.5130	      -232326.1262	      
7.0000	      1.0000	      0.2105	      0.9641	      3.3331	      -51.9905	      -232315.7294	      
7.0000	      2.0000	      0.5457	      0.3134	      3.4002	      -51.0951	      -232203.2455	      
7.0000	      3.0000	      1.0143	      1.5381	      3.5624	      -50.0781	      -232317.9474	      
7.0000	      4.0000	      1.9977	      1.4284	      3.4146	      -53.8160	      -232217.3059	      
7.0000	      5.0000	      0.4847	      0.7181	      3.3688	      -45.8990	      -232242.3903	      
7.0000	      6.0000	      0.1265	      1.4857	      3.4525	      -51.1241	      -232347.2574	      
7.0000	      7.0000	      0.1887	      1.4512	      3.5819	      -52.2652	      -232343.1707	      
7.0000	      8.0000	      1.5707	      1.2359	      3.4617	      -50.3893	      -232262.5038	      
7.0000	      9.0000	      0.1440	      1.4178	      3.4294	      -47.7654	      -232346.1883	      
7.0000	      10.0000	      0.4560	      1.9195	      3.4595	      -52.4810	      -232331.3204	      
7.0000	      11.0000	      0.2743	      1.5513	      3.5429	      -50.9986	      -232341.7914	      
7.0000	      12.0000	      0.1665	      1.7028	      3.3235	      -51.1104	      -232345.0446	      
7.0000	      13.0000	      0.0489	      1.9179	      3.4601	      -50.6612	      -232337.0994	      
7.0000	      14.0000	      0.2793	      1.1381	      3.5231	      -53.2220	      -232344.0119	      
7.0000	      15.0000	      1.8365	      0.1193	      3.2426	      -46.3636	      -232036.1056	      
8.0000	      1.0000	      0.1150	      1.6607	      3.2117	      -51.8656	      -232345.0894	      
8.0000	      2.0000	      0.4421	      1.3035	      3.4423	      -51.1653	      -232338.4134	      
8.0000	      3.0000	      0.0585	      1.4190	      3.5507	      -50.1300	      -232346.4041	      
8.0000	      4.0000	      0.7436	      1.4298	      3.4082	      -53.3562	      -232319.8751	      
8.0000	      5.0000	      0.3639	      1.9174	      3.5078	      -47.5657	      -232334.1564	      
8.0000	      6.0000	      0.0791	      1.4203	      3.4945	      -52.1660	      -232348.0762	      
8.0000	      7.0000	      0.1603	      1.4936	      3.5657	      -52.1696	      -232343.0056	      
8.0000	      8.0000	      0.7571	      1.8155	      3.4639	      -51.5411	      -232324.2197	      
8.0000	      9.0000	      1.9531	      1.3691	      3.5382	      -47.3860	      -232261.2906	      
8.0000	      10.0000	      0.1843	      1.8879	      3.5490	      -52.6974	      -232332.8657	      
8.0000	      11.0000	      0.1511	      1.5330	      3.2209	      -50.2300	      -232342.4992	      
8.0000	      12.0000	      0.1576	      1.4890	      3.4653	      -51.3783	      -232346.7280	      
8.0000	      13.0000	      1.9281	      0.3664	      3.5718	      -50.9640	      -232236.2921	      
8.0000	      14.0000	      0.0675	      1.2566	      3.3103	      -52.7443	      -232343.2954	      
8.0000	      15.0000	      1.2302	      1.6869	      3.4304	      -43.9517	      -232303.6385	      
9.0000	      1.0000	      0.0432	      0.1053	      3.4904	      -51.8509	      -232273.4299	      
9.0000	      2.0000	      0.3321	      0.0234	      3.4817	      -51.5079	      -232234.9621	      
9.0000	      3.0000	      1.3908	      1.3360	      3.5287	      -50.2480	      -232291.8800	      
9.0000	      4.0000	      1.6500	      1.4315	      3.4107	      -52.9905	      -232244.7020	      
9.0000	      5.0000	      0.2304	      0.7147	      3.2033	      -49.7664	      -232177.4730	      
9.0000	      6.0000	      0.0460	      1.3745	      3.5239	      -52.8953	      -232348.4671	      
9.0000	      7.0000	      0.1741	      1.4688	      3.5469	      -52.0631	      -232344.5600	      
9.0000	      8.0000	      1.9205	      0.0529	      3.4539	      -52.8733	      -232172.8071	      
9.0000	      9.0000	      0.8435	      1.3396	      3.5653	      -48.0245	      -232327.0847	      
9.0000	      10.0000	      1.9684	      1.8459	      3.5983	      -52.7771	      -232279.5678	      
9.0000	      11.0000	      0.0593	      1.4899	      3.2916	      -49.8413	      -232346.5494	      
9.0000	      12.0000	      0.1365	      1.3189	      3.5674	      -51.7033	      -232346.4105	      
9.0000	      13.0000	      0.6296	      1.6178	      3.2126	      -51.4172	      -232315.2941	      
9.0000	      14.0000	      1.9501	      1.3355	      3.5859	      -52.2550	      -232265.8663	      
9.0000	      15.0000	      0.2845	      0.8658	      3.5870	      -42.5248	      -232318.0341	      
10.0000	      1.0000	      0.0230	      1.1815	      3.5536	      -51.9737	      -232349.1568	      
10.0000	      2.0000	      0.2816	      0.9540	      3.5020	      -51.7835	      -232336.0387	      
10.0000	      3.0000	      0.5756	      1.2969	      3.5218	      -50.3211	      -232335.4114	      
10.0000	      4.0000	      0.2739	      1.4272	      3.4327	      -52.7661	      -232344.6803	      
10.0000	      5.0000	      0.1373	      1.7674	      3.4697	      -52.1772	      -232340.5552	      
10.0000	      6.0000	      0.0228	      1.3424	      3.5445	      -53.4058	      -232348.4116	      
10.0000	      7.0000	      0.2053	      1.4119	      3.5301	      -52.1577	      -232345.4335	      
10.0000	      8.0000	      0.7599	      0.5520	      3.4495	      -53.8026	      -232260.3849	      
10.0000	      9.0000	      1.6138	      1.3419	      3.5374	      -48.9535	      -232280.9833	      
10.0000	      10.0000	      1.0641	      1.8107	      3.2204	      -52.8186	      -232272.4361	      
10.0000	      11.0000	      1.9935	      1.4344	      3.3995	      -50.3092	      -232217.0197	      
10.0000	      12.0000	      0.1182	      1.2585	      3.5987	      -51.9149	      -232346.8251	      
10.0000	      13.0000	      1.4158	      0.4823	      3.3530	      -51.6675	      -232156.2194	      
10.0000	      14.0000	      1.1565	      1.3370	      3.3619	      -52.1196	      -232276.3416	      
10.0000	      15.0000	      1.5940	      0.0390	      3.2618	      -42.2535	      -232077.9406	      
11.0000	      1.0000	      0.0089	      1.9349	      3.5978	      -52.0597	      -232330.3751	      
11.0000	      2.0000	      0.2491	      1.7901	      3.5170	      -51.9766	      -232336.7024	      
11.0000	      3.0000	      1.9039	      1.2879	      3.5280	      -50.4507	      -232256.6662	      
11.0000	      4.0000	      1.2241	      1.3607	      3.4669	      -52.4933	      -232291.1941	      
11.0000	      5.0000	      0.0673	      0.4199	      3.2649	      -53.8267	      -232219.5897	      
11.0000	      6.0000	      0.0118	      1.2948	      3.5600	      -53.2866	      -232348.4398	      
11.0000	      7.0000	      0.1909	      1.3517	      3.5235	      -52.2158	      -232346.6009	      
11.0000	      8.0000	      1.8238	      1.4256	      3.4549	      -53.9458	      -232243.1959	      
11.0000	      9.0000	      1.9342	      1.3448	      3.4743	      -49.6737	      -232243.7408	      
11.0000	      10.0000	      0.1654	      1.7564	      3.4017	      -52.7169	      -232342.3849	      
11.0000	      11.0000	      0.9494	      1.3877	      3.4960	      -50.8664	      -232316.0274	      
11.0000	      12.0000	      0.1012	      1.1989	      3.2110	      -52.0712	      -232323.7845	      
11.0000	      13.0000	      0.1175	      1.3842	      3.5343	      -51.7978	      -232347.2485	      
11.0000	      14.0000	      0.2346	      1.2255	      3.5160	      -52.0737	      -232345.6667	      
11.0000	      15.0000	      0.8773	      1.9431	      3.4249	      -43.1643	      -232323.3671	      
12.0000	      1.0000	      0.0057	      0.2585	      3.2184	      -52.0878	      -232107.8801	      
12.0000	      2.0000	      0.2398	      0.1817	      3.5251	      -51.8171	      -232280.0413	      
12.0000	      3.0000	      0.3049	      1.3129	      3.5455	      -50.5214	      -232343.7871	      
12.0000	      4.0000	      1.9315	      1.2997	      3.5045	      -52.3658	      -232247.0891	      
12.0000	      5.0000	      0.0211	      1.5037	      3.5601	      -54.2068	      -232344.0241	      
12.0000	      6.0000	      0.0222	      1.2386	      3.5611	      -52.9585	      -232348.9066	      
12.0000	      7.0000	      0.1772	      1.2938	      3.5264	      -52.2102	      -232346.9480	      
12.0000	      8.0000	      0.3428	      0.0364	      3.4794	      -53.0790	      -232249.0286	      
12.0000	      9.0000	      0.2665	      1.3209	      3.4480	      -49.7649	      -232344.2881	      
12.0000	      10.0000	      1.5145	      1.5528	      3.5567	      -52.4912	      -232289.6609	      
12.0000	      11.0000	      1.9577	      1.3493	      3.4692	      -51.3006	      -232238.9570	      
12.0000	      12.0000	      0.0688	      1.1588	      3.3296	      -52.1187	      -232338.5797	      
12.0000	      13.0000	      1.1953	      1.9813	      3.2633	      -51.9228	      -232275.7690	      
12.0000	      14.0000	      1.5801	      1.1418	      3.2347	      -52.0308	      -232144.8244	      
12.0000	      15.0000	      0.0479	      1.1357	      3.5791	      -44.1334	      -232338.9617	      
13.0000	      1.0000	      0.0062	      0.5159	      3.3529	      -52.0551	      -232264.6185	      
13.0000	      2.0000	      0.2059	      0.5159	      3.5103	      -51.5619	      -232306.9057	      
13.0000	      3.0000	      1.0581	      1.3022	      3.5601	      -50.5211	      -232313.7877	      
13.0000	      4.0000	      0.4600	      1.2633	      3.5292	      -52.3044	      -232338.6524	      
13.0000	      5.0000	      1.9892	      0.1906	      3.3655	      -54.0375	      -232104.9110	      
13.0000	      6.0000	      0.0296	      1.1942	      3.5609	      -52.5583	      -232348.7180	      
13.0000	      7.0000	      0.1529	      1.2509	      3.5304	      -52.1683	      -232347.3319	      
13.0000	      8.0000	      1.2415	      1.1932	      3.4771	      -52.1693	      -232286.5437	      
13.0000	      9.0000	      1.0357	      1.3047	      3.4242	      -49.4059	      -232303.5773	      
13.0000	      10.0000	      1.9848	      1.4440	      3.2358	      -52.2583	      -232124.2608	      
13.0000	      11.0000	      0.6606	      1.3393	      3.4344	      -51.5221	      -232327.2820	      
13.0000	      12.0000	      0.0407	      1.1687	      3.5027	      -52.0675	      -232348.7157	      
13.0000	      13.0000	      1.8331	      0.2184	      3.4552	      -51.9778	      -232182.8549	      
13.0000	      14.0000	      0.6316	      1.0966	      3.4042	      -52.0058	      -232314.4729	      
13.0000	      15.0000	      1.4648	      1.9731	      3.2867	      -46.1862	      -232257.1611	      
14.0000	      1.0000	      0.0126	      0.9009	      3.5767	      -52.0139	      -232345.4656	      
14.0000	      2.0000	      0.2567	      1.0301	      3.5021	      -51.3873	      -232339.7385	      
14.0000	      3.0000	      1.9100	      1.2934	      3.5667	      -50.5511	      -232264.7130	      
14.0000	      4.0000	      1.2787	      1.2863	      3.5483	      -52.6995	      -232296.9762	      
14.0000	      5.0000	      1.0940	      1.2057	      3.5633	      -53.3996	      -232306.5291	      
14.0000	      6.0000	      0.0308	      1.1814	      3.5605	      -52.3491	      -232348.7700	      
14.0000	      7.0000	      0.1062	      1.2162	      3.5349	      -52.1275	      -232347.8232	      
14.0000	      8.0000	      0.4219	      0.1327	      3.4848	      -51.6915	      -232242.6791	      
14.0000	      9.0000	      1.8059	      1.2911	      3.4386	      -49.1334	      -232240.7621	      
14.0000	      10.0000	      0.2223	      1.4939	      3.3563	      -52.2741	      -232345.6972	      
14.0000	      11.0000	      1.5258	      1.3601	      3.3994	      -50.9445	      -232253.7832	      
14.0000	      12.0000	      0.0174	      1.1787	      3.2260	      -52.0172	      -232326.3598	      
14.0000	      13.0000	      1.5493	      0.8162	      3.2150	      -51.9597	      -232078.0534	      
14.0000	      14.0000	      1.6644	      1.0745	      3.5867	      -51.9926	      -232274.4225	      
14.0000	      15.0000	      0.1006	      0.1946	      3.4217	      -46.9762	      -232176.1642	      
15.0000	      1.0000	      0.0199	      1.2367	      3.3255	      -51.9750	      -232343.2247	      
15.0000	      2.0000	      0.2419	      1.4294	      3.5113	      -51.3788	      -232345.0835	      
15.0000	      3.0000	      0.7008	      1.3206	      3.5630	      -50.7082	      -232330.6916	      
15.0000	      4.0000	      0.2326	      1.3226	      3.5391	      -53.2075	      -232345.5875	      
15.0000	      5.0000	      0.0432	      0.0295	      3.2994	      -52.9988	      -232160.2324	      
15.0000	      6.0000	      0.0312	      1.1955	      3.5602	      -52.1198	      -232348.7437	      
15.0000	      7.0000	      0.0725	      1.1840	      3.5387	      -52.0629	      -232348.4510	      
15.0000	      8.0000	      1.7297	      1.1899	      3.4992	      -51.9219	      -232255.3436	      
15.0000	      9.0000	      0.3454	      1.3301	      3.4481	      -49.3216	      -232342.0857	      
15.0000	      10.0000	      0.9849	      1.5078	      3.4495	      -52.2770	      -232310.2297	      
15.0000	      11.0000	      0.3534	      1.3670	      3.3653	      -50.4510	      -232339.8841	      
15.0000	      12.0000	      0.0105	      1.1835	      3.4173	      -51.9897	      -232346.8919	      
15.0000	      13.0000	      1.1662	      1.2686	      3.3860	      -51.9105	      -232277.8814	      
15.0000	      14.0000	      0.1259	      1.1108	      3.2854	      -52.0022	      -232326.5709	      
15.0000	      15.0000	      1.1182	      0.6190	      3.5834	      -46.8997	      -232291.7057	      
16.0000	      1.0000	      0.0259	      1.4495	      3.5711	      -51.9471	      -232345.6548	      
16.0000	      2.0000	      0.2234	      1.6798	      3.5260	      -51.5039	      -232340.1790	      
16.0000	      3.0000	      1.5437	      1.3208	      3.5550	      -50.7698	      -232284.5355	      
16.0000	      4.0000	      1.4957	      1.3305	      3.4926	      -53.6388	      -232273.3494	      
16.0000	      5.0000	      1.3025	      1.1214	      3.4805	      -52.8835	      -232277.6859	      
16.0000	      6.0000	      0.0281	      1.2082	      3.5602	      -52.0942	      -232348.5983	      
16.0000	      7.0000	      0.0368	      1.1612	      3.5422	      -52.0003	      -232348.5920	      
16.0000	      8.0000	      0.4016	      0.0357	      3.5140	      -52.4469	      -232255.2857	      
16.0000	      9.0000	      1.2319	      1.3495	      3.4666	      -49.1505	      -232297.0029	      
16.0000	      10.0000	      0.0246	      1.4886	      3.5267	      -52.2144	      -232346.1024	      
16.0000	      11.0000	      1.4321	      1.3499	      3.3478	      -50.0697	      -232249.1928	      
16.0000	      12.0000	      0.0109	      1.1861	      3.5962	      -51.9760	      -232348.1911	      
16.0000	      13.0000	      1.3252	      1.5884	      3.5837	      -51.8794	      -232302.7791	      
16.0000	      14.0000	      1.0364	      1.1843	      3.4996	      -52.0412	      -232304.4015	      
16.0000	      15.0000	      0.2690	      1.2072	      3.2912	      -46.4245	      -232317.2978	      
17.0000	      1.0000	      0.0285	      1.4759	      3.3355	      -51.9353	      -232349.1972	      
17.0000	      2.0000	      0.2120	      1.7299	      3.5397	      -51.5742	      -232338.1195	      
17.0000	      3.0000	      0.4637	      1.3540	      3.5478	      -50.7856	      -232339.5884	      
17.0000	      4.0000	      0.8865	      1.3437	      3.4688	      -53.6926	      -232312.9972	      
17.0000	      5.0000	      0.0030	      1.9734	      3.2383	      -52.9857	      -232340.2543	      
17.0000	      6.0000	      0.0244	      1.2229	      3.5600	      -52.1498	      -232348.4394	      
17.0000	      7.0000	      0.0080	      1.1491	      3.5456	      -51.9531	      -232348.5856	      
17.0000	      8.0000	      1.3722	      1.2961	      3.4852	      -52.7018	      -232280.8116	      
17.0000	      9.0000	      0.0159	      1.3678	      3.4778	      -49.5941	      -232348.0488	      
17.0000	      10.0000	      1.3520	      1.3984	      3.5823	      -52.1019	      -232299.0706	      
17.0000	      11.0000	      0.3623	      1.3464	      3.3681	      -50.2581	      -232338.8211	      
17.0000	      12.0000	      0.0193	      1.1846	      3.2745	      -52.0117	      -232334.4964	      
17.0000	      13.0000	      1.2149	      1.6821	      3.3015	      -51.8360	      -232271.6529	      
17.0000	      14.0000	      1.6866	      1.2413	      3.2686	      -52.0593	      -232163.8027	      
17.0000	      15.0000	      1.5817	      1.6061	      3.5559	      -46.7391	      -232291.4622	      
18.0000	      1.0000	      0.0304	      1.4945	      3.4505	      -51.9271	      -232348.5097	      
18.0000	      2.0000	      0.1631	      1.5685	      3.5202	      -51.6675	      -232343.7193	      
18.0000	      3.0000	      1.5056	      1.4150	      3.5042	      -50.6552	      -232281.7378	      
18.0000	      4.0000	      0.0777	      1.3798	      3.4347	      -53.6263	      -232349.5925	      
18.0000	      5.0000	      1.1079	      0.3137	      3.4569	      -53.3174	      -232211.9691	      
18.0000	      6.0000	      0.0222	      1.2391	      3.5393	      -52.4253	      -232349.0122	      
18.0000	      7.0000	      0.0045	      1.2147	      3.5068	      -51.9264	      -232349.0062	      
18.0000	      8.0000	      0.1669	      0.2905	      3.4189	      -52.7788	      -232260.2042	      
18.0000	      9.0000	      1.1660	      1.4000	      3.4430	      -50.0606	      -232298.2769	      
18.0000	      10.0000	      0.1947	      1.3723	      3.5945	      -51.9935	      -232344.0690	      
18.0000	      11.0000	      1.4593	      1.4087	      3.3644	      -50.5900	      -232253.0750	      
18.0000	      12.0000	      0.0318	      1.2516	      3.3776	      -52.0344	      -232347.0268	      
18.0000	      13.0000	      1.2931	      1.6375	      3.4270	      -51.8168	      -232288.6418	      
18.0000	      14.0000	      0.1624	      1.2877	      3.4749	      -52.0388	      -232347.3366	      
18.0000	      15.0000	      0.8000	      1.8509	      3.3451	      -46.1474	      -232322.7161	      
19.0000	      1.0000	      0.0439	      1.4801	      3.4840	      -52.3097	      -232347.3820	      
19.0000	      2.0000	      0.1485	      1.3895	      3.4801	      -52.2114	      -232347.7693	      
19.0000	      3.0000	      0.3725	      1.4544	      3.4633	      -51.1765	      -232341.8905	      
19.0000	      4.0000	      1.5115	      1.4050	      3.4109	      -53.5799	      -232254.7345	      
19.0000	      5.0000	      0.0787	      0.8715	      3.2172	      -53.8964	      -232287.4633	      
19.0000	      6.0000	      0.0316	      1.2744	      3.5232	      -52.6937	      -232349.1015	      
19.0000	      7.0000	      0.0142	      1.2964	      3.4631	      -52.2995	      -232349.6960	      
19.0000	      8.0000	      1.3303	      1.2732	      3.3739	      -52.9372	      -232255.3568	      
19.0000	      9.0000	      1.9237	      1.4128	      3.4216	      -51.0082	      -232228.3313	      
19.0000	      10.0000	      1.2787	      1.3667	      3.5700	      -52.4583	      -232300.8712	      
19.0000	      11.0000	      0.4693	      1.4705	      3.3640	      -51.1735	      -232336.5397	      
19.0000	      12.0000	      0.0538	      1.2815	      3.5063	      -52.0684	      -232348.9794	      
19.0000	      13.0000	      1.7159	      1.5224	      3.5561	      -52.3157	      -232277.9051	      
19.0000	      14.0000	      1.0926	      1.3399	      3.2142	      -52.4112	      -232234.5653	      
19.0000	      15.0000	      0.0033	      1.6282	      3.5261	      -46.0239	      -232343.3354	      
20.0000	      1.0000	      0.0441	      1.4216	      3.4930	      -52.5701	      -232348.4123	      
20.0000	      2.0000	      0.1245	      1.2541	      3.4479	      -52.6118	      -232348.0340	      
20.0000	      3.0000	      1.4555	      1.4492	      3.4644	      -51.3657	      -232278.5431	      
20.0000	      4.0000	      0.4621	      1.4009	      3.4123	      -53.4282	      -232336.1755	      
20.0000	      5.0000	      1.3298	      1.5322	      3.3645	      -54.0338	      -232264.6775	      
20.0000	      6.0000	      0.0363	      1.3036	      3.5084	      -52.7685	      -232349.4004	      
20.0000	      7.0000	      0.0211	      1.3537	      3.4326	      -52.5607	      -232349.7944	      
20.0000	      8.0000	      1.9187	      0.0816	      3.3678	      -52.9048	      -232111.9723	      
20.0000	      9.0000	      0.0144	      1.3965	      3.4220	      -51.5990	      -232349.2118	      
20.0000	      10.0000	      0.0202	      1.3762	      3.5399	      -52.7234	      -232348.0310	      
20.0000	      11.0000	      1.6070	      1.5104	      3.3702	      -51.0805	      -232243.4539	      
20.0000	      12.0000	      0.0635	      1.3064	      3.5843	      -52.0999	      -232347.2579	      
20.0000	      13.0000	      0.2564	      1.3474	      3.2263	      -52.4422	      -232332.1501	      
20.0000	      14.0000	      0.1473	      1.3606	      3.4434	      -52.6511	      -232347.8400	      
20.0000	      15.0000	      1.4467	      1.3805	      3.2510	      -46.0100	      -232222.5410	      
21.0000	      1.0000	      0.0386	      1.3660	      3.4668	      -52.5478	      -232349.5260	      
21.0000	      2.0000	      0.0856	      1.1864	      3.4243	      -52.8781	      -232347.4579	      
21.0000	      3.0000	      0.3900	      1.4235	      3.4989	      -51.5095	      -232341.5399	      
21.0000	      4.0000	      1.5424	      1.3855	      3.4238	      -53.1223	      -232255.5927	      
21.0000	      5.0000	      0.3925	      1.9698	      3.5163	      -53.9467	      -232328.8817	      
21.0000	      6.0000	      0.0362	      1.3325	      3.4966	      -52.7766	      -232349.4576	      
21.0000	      7.0000	      0.0259	      1.3937	      3.4112	      -52.7435	      -232349.9739	      
21.0000	      8.0000	      1.8247	      1.0679	      3.3867	      -52.8514	      -232196.5420	      
21.0000	      9.0000	      0.6797	      1.3772	      3.4245	      -52.0161	      -232325.8409	      
21.0000	      10.0000	      1.1395	      1.3825	      3.4931	      -52.8704	      -232301.2799	      
21.0000	      11.0000	      0.3123	      1.4902	      3.3499	      -51.1179	      -232342.8134	      
21.0000	      12.0000	      0.0659	      1.3221	      3.5699	      -52.2109	      -232347.5153	      
21.0000	      13.0000	      1.2200	      1.2309	      3.3728	      -52.4811	      -232264.8814	      
21.0000	      14.0000	      1.4705	      1.3730	      3.2010	      -52.8073	      -232164.9923	      
21.0000	      15.0000	      0.8647	      1.2542	      3.3894	      -47.0663	      -232312.4098	      
22.0000	      1.0000	      0.0341	      1.3324	      3.4368	      -52.5598	      -232349.7779	      
22.0000	      2.0000	      0.0645	      1.2056	      3.4129	      -52.9624	      -232347.9100	      
22.0000	      3.0000	      1.5242	      1.3983	      3.5021	      -51.4951	      -232278.8683	      
22.0000	      4.0000	      0.5140	      1.3760	      3.4308	      -52.8695	      -232334.2795	      
22.0000	      5.0000	      1.5760	      0.0560	      3.2127	      -53.8959	      -231901.4023	      
22.0000	      6.0000	      0.0330	      1.3695	      3.4862	      -52.7787	      -232349.3472	      
22.0000	      7.0000	      0.0292	      1.4218	      3.3962	      -52.8715	      -232349.8403	      
22.0000	      8.0000	      1.4662	      1.9033	      3.4134	      -52.7842	      -232279.5598	      
22.0000	      9.0000	      1.3765	      1.3743	      3.4254	      -52.3023	      -232271.9720	      
22.0000	      10.0000	      0.1932	      1.3871	      3.4606	      -52.8888	      -232347.1283	      
22.0000	      11.0000	      1.2990	      1.4591	      3.3188	      -50.7642	      -232259.4147	      
22.0000	      12.0000	      0.0569	      1.3360	      3.5071	      -52.3388	      -232348.8654	      
22.0000	      13.0000	      1.8888	      1.1822	      3.5406	      -52.4061	      -232254.6808	      
22.0000	      14.0000	      0.2642	      1.3805	      3.4375	      -52.8915	      -232344.8740	      
22.0000	      15.0000	      0.1607	      1.3279	      3.5298	      -49.3031	      -232346.3121	      
23.0000	      1.0000	      0.0297	      1.3196	      3.4152	      -52.5693	      -232349.6936	      
23.0000	      2.0000	      0.0562	      1.2373	      3.4197	      -52.9248	      -232348.6747	      
23.0000	      3.0000	      0.2461	      1.3826	      3.5013	      -51.3121	      -232345.5382	      
23.0000	      4.0000	      1.5466	      1.3742	      3.4312	      -52.9748	      -232257.4684	      
23.0000	      5.0000	      0.3660	      0.5128	      3.3118	      -53.6634	      -232228.1144	      
23.0000	      6.0000	      0.0305	      1.3994	      3.4659	      -52.7794	      -232349.6342	      
23.0000	      7.0000	      0.0305	      1.4333	      3.3916	      -52.8821	      -232349.2913	      
23.0000	      8.0000	      1.5112	      0.3058	      3.4306	      -52.7222	      -232180.8355	      
23.0000	      9.0000	      1.6763	      1.3819	      3.4236	      -52.3489	      -232245.6464	      
23.0000	      10.0000	      1.4582	      1.3884	      3.4680	      -52.8753	      -232274.1250	      
23.0000	      11.0000	      0.4863	      1.4383	      3.3138	      -50.6180	      -232332.4097	      
23.0000	      12.0000	      0.0425	      1.3341	      3.4465	      -52.4546	      -232349.5693	      
23.0000	      13.0000	      0.5277	      1.2732	      3.2476	      -52.2847	      -232309.5563	      
23.0000	      14.0000	      1.3805	      1.3800	      3.2018	      -52.8955	      -232181.3331	      
23.0000	      15.0000	      1.6488	      1.3921	      3.2130	      -51.3001	      -232151.8195	      
24.0000	      1.0000	      0.0265	      1.3252	      3.4058	      -52.6095	      -232349.7472	      
24.0000	      2.0000	      0.0480	      1.2968	      3.4228	      -52.8624	      -232349.8608	      
24.0000	      3.0000	      1.2792	      1.3845	      3.4886	      -51.0332	      -232294.5850	      
24.0000	      4.0000	      0.6255	      1.3777	      3.4261	      -53.1246	      -232328.1068	      
24.0000	      5.0000	      1.3371	      1.2120	      3.4550	      -53.4688	      -232272.1828	      
24.0000	      6.0000	      0.0280	      1.4194	      3.4480	      -52.7696	      -232349.3834	      
24.0000	      7.0000	      0.0285	      1.4207	      3.3913	      -52.8113	      -232349.8598	      
24.0000	      8.0000	      1.3350	      1.2085	      3.4328	      -52.6815	      -232268.1666	      
24.0000	      9.0000	      1.5810	      1.3906	      3.4190	      -52.3809	      -232253.0024	      
24.0000	      10.0000	      0.3186	      1.3881	      3.4796	      -52.8227	      -232343.6669	      
24.0000	      11.0000	      1.5973	      1.4169	      3.3217	      -50.8192	      -232221.6459	      
24.0000	      12.0000	      0.0278	      1.3448	      3.3995	      -52.6144	      -232349.6777	      
24.0000	      13.0000	      1.3968	      1.4011	      3.4753	      -52.0102	      -232282.1923	      
24.0000	      14.0000	      0.3641	      1.3764	      3.4186	      -52.8025	      -232340.6829	      
24.0000	      15.0000	      0.7645	      1.4250	      3.3833	      -52.3621	      -232317.4756	      
25.0000	      1.0000	      0.0260	      1.3498	      3.4003	      -52.6452	      -232350.0620	      
25.0000	      2.0000	      0.0371	      1.3386	      3.4243	      -52.8129	      -232349.6384	      
25.0000	      3.0000	      1.9974	      1.4007	      3.4783	      -51.2473	      -232241.4238	      
25.0000	      4.0000	      1.7207	      1.3824	      3.4191	      -53.2985	      -232238.8325	      
25.0000	      5.0000	      0.4071	      1.8269	      3.5795	      -53.4553	      -232330.3833	      
25.0000	      6.0000	      0.0268	      1.4223	      3.4290	      -52.7626	      -232349.4946	      
25.0000	      7.0000	      0.0259	      1.3973	      3.3947	      -52.7355	      -232350.1006	      
25.0000	      8.0000	      1.2300	      1.9618	      3.4282	      -52.6857	      -232297.9483	      
25.0000	      9.0000	      1.7509	      1.4005	      3.4150	      -52.2240	      -232237.4667	      
25.0000	      10.0000	      1.3319	      1.3886	      3.4874	      -52.7385	      -232287.2058	      
25.0000	      11.0000	      0.0391	      1.4128	      3.3477	      -50.8193	      -232347.9031	      
25.0000	      12.0000	      0.0174	      1.3605	      3.3674	      -52.7407	      -232349.5967	      
25.0000	      13.0000	      1.9993	      1.4833	      3.2420	      -51.8942	      -232132.1555	      
25.0000	      14.0000	      1.5525	      1.3735	      3.5794	      -52.7016	      -232286.8459	      
25.0000	      15.0000	      1.8063	      1.4110	      3.5385	      -52.2972	      -232266.6256	      
26.0000	      1.0000	      0.0256	      1.3797	      3.3960	      -52.6755	      -232349.7181	      
26.0000	      2.0000	      0.0297	      1.3512	      3.4200	      -52.7675	      -232349.8448	      
26.0000	      3.0000	      0.2373	      1.4178	      3.4925	      -51.2259	      -232345.7047	      
26.0000	      4.0000	      0.1362	      1.3866	      3.4137	      -53.2893	      -232348.2489	      
26.0000	      5.0000	      1.4840	      0.0815	      3.2599	      -53.6410	      -231983.1116	      
26.0000	      6.0000	      0.0265	      1.4136	      3.4149	      -52.7586	      -232349.9157	      
26.0000	      7.0000	      0.0241	      1.3809	      3.3970	      -52.6824	      -232349.7334	      
26.0000	      8.0000	      1.2000	      0.3183	      3.4095	      -52.7089	      -232180.1340	      
26.0000	      9.0000	      1.5727	      1.4055	      3.4104	      -52.1144	      -232252.2394	      
26.0000	      10.0000	      0.2915	      1.3849	      3.4898	      -52.6765	      -232344.2520	      
26.0000	      11.0000	      0.9449	      1.4065	      3.3732	      -51.2875	      -232303.6070	      
26.0000	      12.0000	      0.0165	      1.3714	      3.3519	      -52.8160	      -232349.5245	      
26.0000	      13.0000	      0.2982	      1.5093	      3.5084	      -52.0247	      -232342.6816	      
26.0000	      14.0000	      0.5087	      1.3757	      3.2742	      -52.6276	      -232322.4689	      
26.0000	      15.0000	      0.9764	      1.3634	      3.2411	      -52.2955	      -232264.4784	      
27.0000	      1.0000	      0.0254	      1.4038	      3.3944	      -52.6953	      -232349.8927	      
27.0000	      2.0000	      0.0273	      1.3362	      3.4153	      -52.7470	      -232349.7436	      
27.0000	      3.0000	      0.9054	      1.4274	      3.4907	      -51.0739	      -232318.8601	      
27.0000	      4.0000	      1.0186	      1.3912	      3.4085	      -53.2729	      -232297.9495	      
27.0000	      5.0000	      0.1825	      0.5287	      3.4753	      -53.6149	      -232312.2741	      
27.0000	      6.0000	      0.0262	      1.4065	      3.3996	      -52.7494	      -232349.9636	      
27.0000	      7.0000	      0.0237	      1.3758	      3.3981	      -52.6690	      -232350.0637	      
27.0000	      8.0000	      1.3060	      1.2960	      3.3933	      -52.7607	      -232265.1994	      
27.0000	      9.0000	      1.5951	      1.4046	      3.4104	      -52.1088	      -232250.4496	      
27.0000	      10.0000	      1.4785	      1.3802	      3.4909	      -52.6557	      -232277.3446	      
27.0000	      11.0000	      1.8060	      1.4013	      3.3847	      -51.6066	      -232222.2634	      
27.0000	      12.0000	      0.0192	      1.3796	      3.3555	      -52.7627	      -232349.5807	      
27.0000	      13.0000	      1.0267	      1.4463	      3.3033	      -52.1372	      -232282.2589	      
27.0000	      14.0000	      1.6289	      1.3752	      3.4204	      -52.5829	      -232248.0764	      
27.0000	      15.0000	      0.2066	      1.3273	      3.3502	      -52.2773	      -232343.9583	      
28.0000	      1.0000	      0.0255	      1.4191	      3.3962	      -52.6963	      -232349.7347	      
28.0000	      2.0000	      0.0328	      1.3190	      3.4088	      -52.7822	      -232349.5679	      
28.0000	      3.0000	      1.8353	      1.4283	      3.4756	      -51.0550	      -232252.4470	      
28.0000	      4.0000	      1.6912	      1.3942	      3.4074	      -53.3609	      -232237.7492	      
28.0000	      5.0000	      1.1976	      0.9882	      3.2473	      -53.4948	      -232177.1657	      
28.0000	      6.0000	      0.0260	      1.4002	      3.3884	      -52.7410	      -232349.9152	      
28.0000	      7.0000	      0.0240	      1.3775	      3.3983	      -52.6924	      -232349.8328	      
28.0000	      8.0000	      1.1842	      0.1348	      3.3873	      -52.7994	      -232140.5426	      
28.0000	      9.0000	      1.8112	      1.4034	      3.4136	      -51.9367	      -232232.6703	      
28.0000	      10.0000	      0.5350	      1.3792	      3.5136	      -52.6599	      -232336.0417	      
28.0000	      11.0000	      0.1076	      1.4021	      3.3936	      -51.7073	      -232348.1417	      
28.0000	      12.0000	      0.0264	      1.3682	      3.3686	      -52.6752	      -232349.6329	      
28.0000	      13.0000	      1.8029	      1.3987	      3.5072	      -52.1976	      -232259.8938	      
28.0000	      14.0000	      0.3418	      1.3781	      3.5207	      -52.5739	      -232342.5226	      
28.0000	      15.0000	      1.6580	      1.3144	      3.4726	      -50.9674	      -232260.1608	      
29.0000	      1.0000	      0.0258	      1.3977	      3.3986	      -52.6902	      -232350.1333	      
29.0000	      2.0000	      0.0428	      1.3116	      3.4048	      -52.8117	      -232349.0406	      
29.0000	      3.0000	      0.0333	      1.4208	      3.4790	      -51.0248	      -232348.3659	      
29.0000	      4.0000	      1.6754	      1.3938	      3.4125	      -53.4120	      -232240.7719	      
29.0000	      5.0000	      1.8327	      1.4817	      3.3867	      -53.4564	      -232222.6384	      
29.0000	      6.0000	      0.0258	      1.3981	      3.3868	      -52.7349	      -232349.9726	      
29.0000	      7.0000	      0.0244	      1.3896	      3.3964	      -52.7218	      -232349.8933	      
29.0000	      8.0000	      1.3368	      1.2141	      3.3897	      -52.8136	      -232256.0233	      
29.0000	      9.0000	      1.7761	      1.4003	      3.4114	      -51.7094	      -232235.2515	      
29.0000	      10.0000	      1.8147	      1.3840	      3.5199	      -52.6742	      -232260.9985	      
29.0000	      11.0000	      0.9171	      1.4017	      3.3998	      -52.0356	      -232307.8635	      
29.0000	      12.0000	      0.0314	      1.3568	      3.3910	      -52.6133	      -232349.7313	      
29.0000	      13.0000	      0.5310	      1.3615	      3.2529	      -52.1837	      -232316.8938	      
29.0000	      14.0000	      1.3551	      1.3764	      3.5409	      -52.5951	      -232293.4746	      
29.0000	      15.0000	      0.9728	      1.3146	      3.5491	      -49.7241	      -232318.7918	      
30.0000	      1.0000	      0.0260	      1.3827	      3.4003	      -52.6860	      -232349.9896	      
30.0000	      2.0000	      0.0492	      1.3086	      3.4045	      -52.8492	      -232349.2345	      
30.0000	      3.0000	      0.7706	      1.4143	      3.4727	      -51.4015	      -232324.9836	      
30.0000	      4.0000	      1.8406	      1.3876	      3.4181	      -53.3381	      -232228.7574	      
30.0000	      5.0000	      0.3147	      1.8293	      3.5172	      -53.4240	      -232334.1026	      
30.0000	      6.0000	      0.0257	      1.3965	      3.3859	      -52.7175	      -232350.2593	      
30.0000	      7.0000	      0.0255	      1.4012	      3.3950	      -52.7413	      -232349.9745	      
30.0000	      8.0000	      1.5413	      0.1648	      3.3979	      -52.7848	      -232146.7572	      
30.0000	      9.0000	      1.3751	      1.3962	      3.4139	      -51.6314	      -232272.0012	      
30.0000	      10.0000	      0.2653	      1.3870	      3.5017	      -52.6978	      -232344.8724	      
30.0000	      11.0000	      1.8689	      1.4013	      3.4015	      -52.4122	      -232222.6611	      
30.0000	      12.0000	      0.0344	      1.3512	      3.4075	      -52.5758	      -232349.8816	      
30.0000	      13.0000	      1.5832	      1.3499	      3.4780	      -52.1532	      -232266.7585	      
30.0000	      14.0000	      0.4302	      1.3751	      3.5288	      -52.6399	      -232339.7456	      
30.0000	      15.0000	      0.2310	      1.3324	      3.5699	      -49.3611	      -232344.4776	      
31.0000	      1.0000	      0.0261	      1.3746	      3.3973	      -52.6899	      -232350.0307	      
31.0000	      2.0000	      0.0469	      1.3047	      3.4116	      -52.8500	      -232349.4363	      
31.0000	      3.0000	      1.5990	      1.4096	      3.4474	      -51.8325	      -232260.9160	      
31.0000	      4.0000	      1.1824	      1.3831	      3.4170	      -53.4213	      -232284.8293	      
31.0000	      5.0000	      1.1024	      1.9814	      3.5979	      -53.2964	      -232311.4208	      
31.0000	      6.0000	      0.0257	      1.3954	      3.3853	      -52.7053	      -232349.7608	      
31.0000	      7.0000	      0.0265	      1.4086	      3.3916	      -52.7468	      -232349.8392	      
31.0000	      8.0000	      0.1432	      1.3039	      3.4071	      -52.7431	      -232347.4442	      
31.0000	      9.0000	      1.1459	      1.3935	      3.4111	      -51.6673	      -232291.3694	      
31.0000	      10.0000	      1.1574	      1.3862	      3.4747	      -52.7207	      -232297.9267	      
31.0000	      11.0000	      0.9942	      1.4005	      3.3977	      -52.6683	      -232299.6188	      
31.0000	      12.0000	      0.0356	      1.3502	      3.4178	      -52.5874	      -232349.4777	      
31.0000	      13.0000	      0.5338	      1.3592	      3.2350	      -52.1081	      -232313.6541	      
31.0000	      14.0000	      1.6320	      1.3674	      3.4844	      -52.6834	      -232264.2811	      
31.0000	      15.0000	      1.6509	      1.3479	      3.5438	      -50.0797	      -232277.8143	      
32.0000	      1.0000	      0.0261	      1.3788	      3.3955	      -52.6993	      -232349.6973	      
32.0000	      2.0000	      0.0417	      1.3179	      3.4138	      -52.8406	      -232349.4300	      
32.0000	      3.0000	      0.6145	      1.4061	      3.4328	      -51.9491	      -232330.4268	      
32.0000	      4.0000	      0.5977	      1.3821	      3.4172	      -53.4327	      -232329.3166	      
32.0000	      5.0000	      1.8329	      1.9534	      3.2325	      -53.4068	      -232188.8119	      
32.0000	      6.0000	      0.0256	      1.3951	      3.3849	      -52.7001	      -232349.7277	      
32.0000	      7.0000	      0.0268	      1.4071	      3.3889	      -52.7403	      -232349.5761	      
32.0000	      8.0000	      1.1333	      0.1102	      3.4119	      -52.7112	      -232158.7236	      
32.0000	      9.0000	      1.2365	      1.3923	      3.4042	      -51.8075	      -232281.6520	      
32.0000	      10.0000	      1.9444	      1.3866	      3.4546	      -52.7369	      -232234.7918	      
32.0000	      11.0000	      0.0863	      1.3995	      3.3912	      -52.8037	      -232349.4149	      
32.0000	      12.0000	      0.0335	      1.3634	      3.4155	      -52.5922	      -232349.7950	      
32.0000	      13.0000	      1.6583	      1.3754	      3.4202	      -52.1000	      -232246.4872	      
32.0000	      14.0000	      0.3317	      1.3696	      3.4168	      -52.7166	      -232342.5099	      
32.0000	      15.0000	      0.7758	      1.3659	      3.4880	      -50.8385	      -232325.2886	      
33.0000	      1.0000	      0.0259	      1.3916	      3.3929	      -52.7069	      -232349.9266	      
33.0000	      2.0000	      0.0372	      1.3277	      3.4089	      -52.8139	      -232349.6748	      
33.0000	      3.0000	      1.6362	      1.4035	      3.4217	      -51.7597	      -232250.3247	      
33.0000	      4.0000	      0.5952	      1.3856	      3.4091	      -53.4423	      -232328.8575	      
33.0000	      5.0000	      0.4772	      1.7376	      3.4478	      -53.6826	      -232334.1245	      
33.0000	      6.0000	      0.0257	      1.3952	      3.3851	      -52.7078	      -232349.9495	      
33.0000	      7.0000	      0.0265	      1.4005	      3.3874	      -52.7308	      -232349.8814	      
33.0000	      8.0000	      1.8619	      1.2323	      3.4117	      -52.6937	      -232216.3701	      
33.0000	      9.0000	      1.4882	      1.3944	      3.3954	      -52.1061	      -232255.1428	      
33.0000	      10.0000	      1.8268	      1.3842	      3.4274	      -52.7418	      -232234.0199	      
33.0000	      11.0000	      1.4341	      1.3986	      3.3862	      -52.8956	      -232256.5861	      
33.0000	      12.0000	      0.0315	      1.3798	      3.4052	      -52.5967	      -232349.7738	      
33.0000	      13.0000	      0.3818	      1.3931	      3.5938	      -52.0822	      -232340.2010	      
33.0000	      14.0000	      1.3136	      1.3782	      3.3688	      -52.7082	      -232262.5117	      
33.0000	      15.0000	      0.0672	      1.3799	      3.4512	      -50.6931	      -232348.6845	      
34.0000	      1.0000	      0.0258	      1.4016	      3.3920	      -52.7125	      -232350.0223	      
34.0000	      2.0000	      0.0334	      1.3347	      3.4069	      -52.7726	      -232349.4837	      
34.0000	      3.0000	      0.4897	      1.4013	      3.4247	      -51.6566	      -232336.6595	      
34.0000	      4.0000	      1.0724	      1.3862	      3.4070	      -53.3583	      -232292.8370	      
34.0000	      5.0000	      1.3814	      1.4279	      3.2092	      -53.8483	      -232186.3708	      
34.0000	      6.0000	      0.0257	      1.3959	      3.3856	      -52.7182	      -232349.4361	      
34.0000	      7.0000	      0.0261	      1.3934	      3.3873	      -52.7207	      -232349.6736	      
34.0000	      8.0000	      0.8225	      0.0844	      3.4028	      -52.7046	      -232158.1678	      
34.0000	      9.0000	      1.2813	      1.3964	      3.3968	      -52.2991	      -232274.9986	      
34.0000	      10.0000	      1.6070	      1.3820	      3.4192	      -52.7355	      -232249.5104	      
34.0000	      11.0000	      0.3891	      1.3974	      3.3829	      -52.8878	      -232339.3372	      
34.0000	      12.0000	      0.0302	      1.3941	      3.3986	      -52.6262	      -232349.9738	      
34.0000	      13.0000	      1.4690	      1.4041	      3.2422	      -51.9847	      -232196.2518	      
34.0000	      14.0000	      1.8754	      1.3825	      3.3531	      -52.6777	      -232199.5476	      
34.0000	      15.0000	      1.5652	      1.3901	      3.4143	      -51.1107	      -232255.6763	      
35.0000	      1.0000	      0.0257	      1.4061	      3.3919	      -52.7108	      -232349.8176	      
35.0000	      2.0000	      0.0343	      1.3335	      3.4125	      -52.7589	      -232349.5551	      
35.0000	      3.0000	      1.3942	      1.4001	      3.4403	      -51.5949	      -232276.2056	      
35.0000	      4.0000	      1.4761	      1.3863	      3.4122	      -53.2774	      -232258.0818	      
35.0000	      5.0000	      0.0075	      1.2358	      3.5034	      -53.8040	      -232350.1458	      
35.0000	      6.0000	      0.0258	      1.3966	      3.3861	      -52.7254	      -232350.0257	      
35.0000	      7.0000	      0.0257	      1.3895	      3.3903	      -52.7152	      -232349.8193	      
35.0000	      8.0000	      1.7600	      1.0599	      3.3948	      -52.7279	      -232205.7076	      
35.0000	      9.0000	      0.8598	      1.3978	      3.4038	      -52.2199	      -232312.3426	      
35.0000	      10.0000	      1.4343	      1.3813	      3.4234	      -52.7259	      -232265.8777	      
35.0000	      11.0000	      1.5003	      1.3964	      3.3825	      -52.8599	      -232247.9614	      
35.0000	      12.0000	      0.0291	      1.4047	      3.3925	      -52.6634	      -232349.5622	      
35.0000	      13.0000	      0.3336	      1.4032	      3.3938	      -51.8926	      -232342.0564	      
35.0000	      14.0000	      0.2312	      1.3797	      3.3820	      -52.6552	      -232345.2671	      
35.0000	      15.0000	      0.5737	      1.3966	      3.3846	      -51.2854	      -232330.7951	      
36.0000	      1.0000	      0.0256	      1.4072	      3.3917	      -52.7027	      -232349.8231	      
36.0000	      2.0000	      0.0355	      1.3196	      3.4163	      -52.7632	      -232349.8592	      
36.0000	      3.0000	      1.9146	      1.4081	      3.4630	      -51.6664	      -232241.8383	      
36.0000	      4.0000	      1.8206	      1.3846	      3.4178	      -53.2906	      -232229.5164	      
36.0000	      5.0000	      1.0496	      1.1368	      3.2942	      -53.5795	      -232244.4270	      
36.0000	      6.0000	      0.0258	      1.3971	      3.3864	      -52.7268	      -232349.9028	      
36.0000	      7.0000	      0.0254	      1.3897	      3.3939	      -52.7130	      -232349.8263	      
36.0000	      8.0000	      0.0101	      1.8037	      3.3941	      -52.7472	      -232342.5927	      
36.0000	      9.0000	      0.6374	      1.3980	      3.4138	      -52.1865	      -232327.8201	      
36.0000	      10.0000	      1.0306	      1.3850	      3.4729	      -52.7156	      -232306.2773	      
36.0000	      11.0000	      0.4083	      1.3969	      3.3870	      -52.8240	      -232338.5841	      
36.0000	      12.0000	      0.0281	      1.4048	      3.3895	      -52.6941	      -232349.7163	      
36.0000	      13.0000	      1.4675	      1.3986	      3.5028	      -51.9096	      -232281.9417	      
36.0000	      14.0000	      1.0162	      1.3733	      3.4139	      -52.6473	      -232299.5789	      
36.0000	      15.0000	      1.7769	      1.3979	      3.3970	      -51.4355	      -232230.2977	      
37.0000	      1.0000	      0.0256	      1.4030	      3.3934	      -52.6991	      -232349.8069	      
37.0000	      2.0000	      0.0349	      1.3194	      3.4199	      -52.7718	      -232350.0362	      
37.0000	      3.0000	      0.5919	      1.4179	      3.4773	      -51.9019	      -232333.6660	      
37.0000	      4.0000	      0.3300	      1.3849	      3.4186	      -53.3966	      -232342.3086	      
37.0000	      5.0000	      1.8284	      1.1059	      3.5224	      -53.2927	      -232249.2180	      
37.0000	      6.0000	      0.0258	      1.3973	      3.3865	      -52.7230	      -232349.9004	      
37.0000	      7.0000	      0.0255	      1.3928	      3.3951	      -52.7199	      -232349.7833	      
37.0000	      8.0000	      0.8196	      0.1797	      3.3958	      -52.7580	      -232167.1851	      
37.0000	      9.0000	      0.8439	      1.3973	      3.4149	      -52.1159	      -232315.0192	      
37.0000	      10.0000	      0.9582	      1.3874	      3.5159	      -52.7103	      -232314.6825	      
37.0000	      11.0000	      1.4834	      1.3977	      3.3903	      -52.7838	      -232253.1087	      
37.0000	      12.0000	      0.0279	      1.4016	      3.3886	      -52.7015	      -232349.7630	      
37.0000	      13.0000	      0.0030	      1.3882	      3.5648	      -52.0352	      -232346.9496	      
37.0000	      14.0000	      1.7273	      1.3723	      3.4415	      -52.6586	      -232246.0719	      
37.0000	      15.0000	      0.7504	      1.3928	      3.4083	      -51.6831	      -232321.1125	      
38.0000	      1.0000	      0.0257	      1.3972	      3.3966	      -52.6945	      -232350.0791	      
38.0000	      2.0000	      0.0323	      1.3334	      3.4212	      -52.7763	      -232349.8428	      
38.0000	      3.0000	      1.4452	      1.4232	      3.4788	      -52.0437	      -232279.7306	      
38.0000	      4.0000	      1.2139	      1.3849	      3.4150	      -53.3825	      -232282.0281	      
38.0000	      5.0000	      0.5668	      1.1294	      3.2687	      -53.0279	      -232294.0277	      
38.0000	      6.0000	      0.0258	      1.3972	      3.3864	      -52.7189	      -232349.7320	      
38.0000	      7.0000	      0.0257	      1.3961	      3.3936	      -52.7276	      -232349.6641	      
38.0000	      8.0000	      1.8331	      0.7583	      3.3996	      -52.7570	      -232177.5433	      
38.0000	      9.0000	      1.1830	      1.3965	      3.4156	      -51.9345	      -232288.7156	      
38.0000	      10.0000	      1.1676	      1.3883	      3.5354	      -52.7092	      -232304.0690	      
38.0000	      11.0000	      1.8609	      1.3983	      3.3927	      -52.7603	      -232218.9215	      
38.0000	      12.0000	      0.0278	      1.3956	      3.3908	      -52.6864	      -232349.5136	      
38.0000	      13.0000	      1.0002	      1.3813	      3.5644	      -52.1210	      -232316.2001	      
38.0000	      14.0000	      0.4045	      1.3707	      3.4609	      -52.6647	      -232340.4448	      
38.0000	      15.0000	      1.8356	      1.3876	      3.4170	      -51.8978	      -232231.0831	      
39.0000	      1.0000	      0.0258	      1.3930	      3.3964	      -52.6926	      -232349.6602	      
39.0000	      2.0000	      0.0289	      1.3422	      3.4167	      -52.7717	      -232349.8559	      
39.0000	      3.0000	      1.6998	      1.4212	      3.4557	      -51.8014	      -232255.4586	      
39.0000	      4.0000	      1.7117	      1.3859	      3.4171	      -53.3838	      -232238.7913	      
39.0000	      5.0000	      1.3588	      1.2012	      3.4346	      -53.0534	      -232264.9771	      
39.0000	      6.0000	      0.0258	      1.3968	      3.3860	      -52.7156	      -232350.2329	      
39.0000	      7.0000	      0.0259	      1.3984	      3.3919	      -52.7332	      -232349.8881	      
39.0000	      8.0000	      0.2171	      1.4550	      3.3987	      -52.7411	      -232346.4367	      
39.0000	      9.0000	      1.6872	      1.3960	      3.4160	      -51.8173	      -232243.6922	      
39.0000	      10.0000	      1.4499	      1.3845	      3.5478	      -52.7176	      -232288.3372	      
39.0000	      11.0000	      1.8032	      1.3990	      3.3933	      -52.7393	      -232224.3522	      
39.0000	      12.0000	      0.0285	      1.3911	      3.3946	      -52.6690	      -232349.4936	      
39.0000	      13.0000	      1.9685	      1.3815	      3.5160	      -52.1548	      -232251.5909	      
39.0000	      14.0000	      1.3803	      1.3709	      3.4574	      -52.6777	      -232278.0717	      
39.0000	      15.0000	      0.3483	      1.3827	      3.4381	      -51.7876	      -232342.5860	      
40.0000	      1.0000	      0.0259	      1.3921	      3.3944	      -52.6934	      -232349.7144	      
40.0000	      2.0000	      0.0271	      1.3511	      3.4138	      -52.7604	      -232350.2221	      
40.0000	      3.0000	      0.0030	      1.4184	      3.4490	      -51.3917	      -232349.0838	      
40.0000	      4.0000	      0.3443	      1.3867	      3.4212	      -53.4276	      -232341.7258	      
40.0000	      5.0000	      1.8980	      1.2805	      3.5520	      -53.3176	      -232259.2047	      
40.0000	      6.0000	      0.0257	      1.3963	      3.3857	      -52.7142	      -232349.8297	      
40.0000	      7.0000	      0.0261	      1.3992	      3.3905	      -52.7376	      -232349.8772	      
40.0000	      8.0000	      1.0102	      1.9174	      3.3997	      -52.7285	      -232308.0932	      
40.0000	      9.0000	      0.4556	      1.3958	      3.4164	      -51.7566	      -232337.7693	      
40.0000	      10.0000	      1.4776	      1.3835	      3.5391	      -52.7251	      -232285.4137	      
40.0000	      11.0000	      1.4996	      1.3992	      3.3923	      -52.7438	      -232251.9092	      
40.0000	      12.0000	      0.0295	      1.3889	      3.3966	      -52.6603	      -232349.7462	      
40.0000	      13.0000	      0.8881	      1.3860	      3.4575	      -52.1364	      -232315.3283	      
40.0000	      14.0000	      0.4198	      1.3725	      3.4328	      -52.6780	      -232339.4406	      
40.0000	      15.0000	      1.1790	      1.3791	      3.4441	      -51.9243	      -232293.3153	      
41.0000	      1.0000	      0.0259	      1.3924	      3.3912	      -52.6927	      -232349.6989	      
41.0000	      2.0000	      0.0255	      1.3651	      3.4048	      -52.7420	      -232349.8407	      
41.0000	      3.0000	      0.8218	      1.4114	      3.4348	      -51.4873	      -232319.5911	      
41.0000	      4.0000	      1.2268	      1.3864	      3.4176	      -53.4072	      -232281.5398	      
41.0000	      5.0000	      0.4375	      1.3527	      3.5968	      -53.6250	      -232338.6069	      
41.0000	      6.0000	      0.0257	      1.3961	      3.3856	      -52.7138	      -232349.5562	      
41.0000	      7.0000	      0.0260	      1.3990	      3.3889	      -52.7403	      -232349.9855	      
41.0000	      8.0000	      1.8487	      0.0398	      3.3996	      -52.7232	      -232138.0932	      
41.0000	      9.0000	      1.4286	      1.3958	      3.4111	      -51.7747	      -232266.0690	      
41.0000	      10.0000	      0.0478	      1.3829	      3.4980	      -52.7287	      -232348.7691	      
41.0000	      11.0000	      1.0642	      1.3989	      3.3905	      -52.7531	      -232292.4839	      
41.0000	      12.0000	      0.0293	      1.3911	      3.3955	      -52.6430	      -232349.9084	      
41.0000	      13.0000	      1.7191	      1.3888	      3.4407	      -52.0761	      -232248.2006	      
41.0000	      14.0000	      1.6591	      1.3772	      3.4168	      -52.6828	      -232243.9444	      
41.0000	      15.0000	      1.8914	      1.3801	      3.4465	      -51.7801	      -232237.0886	      
42.0000	      1.0000	      0.0259	      1.3937	      3.3899	      -52.6940	      -232349.7648	      
42.0000	      2.0000	      0.0250	      1.3736	      3.3957	      -52.7287	      -232349.8878	      
42.0000	      3.0000	      1.6829	      1.4058	      3.4203	      -51.8455	      -232246.1564	      
42.0000	      4.0000	      1.5591	      1.3838	      3.4217	      -53.4513	      -232252.4308	      
42.0000	      5.0000	      1.2979	      1.4092	      3.5624	      -53.7487	      -232298.5963	      
42.0000	      6.0000	      0.0257	      1.3962	      3.3858	      -52.7143	      -232349.6241	      
42.0000	      7.0000	      0.0260	      1.3981	      3.3891	      -52.7394	      -232349.8069	      
42.0000	      8.0000	      0.5514	      0.6091	      3.3970	      -52.7226	      -232262.6705	      
42.0000	      9.0000	      0.3295	      1.3962	      3.4052	      -51.8239	      -232342.5431	      
42.0000	      10.0000	      1.0411	      1.3832	      3.4604	      -52.7300	      -232304.6497	      
42.0000	      11.0000	      1.2416	      1.3983	      3.3886	      -52.7680	      -232275.6655	      
42.0000	      12.0000	      0.0289	      1.3943	      3.3935	      -52.6470	      -232349.4108	      
42.0000	      13.0000	      0.4163	      1.3922	      3.4508	      -52.1385	      -232340.3219	      
42.0000	      14.0000	      0.1815	      1.3780	      3.4073	      -52.6789	      -232347.2273	      
42.0000	      15.0000	      0.2266	      1.3825	      3.4314	      -51.5212	      -232345.9934	      
43.0000	      1.0000	      0.0258	      1.3958	      3.3885	      -52.7008	      -232349.8254	      
43.0000	      2.0000	      0.0247	      1.3793	      3.3920	      -52.7184	      -232349.9445	      
43.0000	      3.0000	      0.1554	      1.4005	      3.4218	      -52.1140	      -232347.8612	      
43.0000	      4.0000	      1.6115	      1.3851	      3.4147	      -53.3555	      -232246.4223	      
43.0000	      5.0000	      0.0940	      1.4112	      3.5273	      -53.8303	      -232346.8295	      
43.0000	      6.0000	      0.0257	      1.3965	      3.3859	      -52.7166	      -232350.3058	      
43.0000	      7.0000	      0.0259	      1.3969	      3.3913	      -52.7316	      -232349.8859	      
43.0000	      8.0000	      1.4475	      1.3231	      3.3977	      -52.7238	      -232254.7978	      
43.0000	      9.0000	      1.4614	      1.3966	      3.4020	      -51.9266	      -232260.6205	      
43.0000	      10.0000	      1.7734	      1.3858	      3.4379	      -52.7300	      -232241.3929	      
43.0000	      11.0000	      1.7415	      1.3982	      3.3878	      -52.7866	      -232227.1340	      
43.0000	      12.0000	      0.0281	      1.3970	      3.3940	      -52.6635	      -232349.5811	      
43.0000	      13.0000	      1.3391	      1.3926	      3.4943	      -52.2373	      -232289.0377	      
43.0000	      14.0000	      1.1025	      1.3752	      3.4157	      -52.6680	      -232293.3777	      
43.0000	      15.0000	      1.0350	      1.3854	      3.4196	      -51.2363	      -232302.2210	      
44.0000	      1.0000	      0.0257	      1.3980	      3.3906	      -52.7029	      -232350.0312	      
44.0000	      2.0000	      0.0248	      1.3834	      3.3986	      -52.7259	      -232349.6345	      
44.0000	      3.0000	      1.0235	      1.4046	      3.4196	      -52.2925	      -232302.0052	      
44.0000	      4.0000	      1.5086	      1.3843	      3.4068	      -53.1557	      -232253.3582	      
44.0000	      5.0000	      1.2191	      1.3516	      3.4747	      -53.7985	      -232290.5398	      
44.0000	      6.0000	      0.0257	      1.3967	      3.3860	      -52.7183	      -232350.3025	      
44.0000	      7.0000	      0.0258	      1.3962	      3.3930	      -52.7263	      -232349.5598	      
44.0000	      8.0000	      0.1065	      1.8243	      3.3962	      -52.7320	      -232341.1963	      
44.0000	      9.0000	      0.3847	      1.3969	      3.3974	      -52.1364	      -232340.1264	      
44.0000	      10.0000	      0.0393	      1.3877	      3.4351	      -52.7290	      -232349.8897	      
44.0000	      11.0000	      0.3216	      1.3986	      3.3878	      -52.8032	      -232342.1212	      
44.0000	      12.0000	      0.0277	      1.3974	      3.3944	      -52.6724	      -232350.0753	      
44.0000	      13.0000	      0.0695	      1.3893	      3.5231	      -52.3114	      -232348.1738	      
44.0000	      14.0000	      0.1041	      1.3734	      3.4264	      -52.6582	      -232348.8191	      
44.0000	      15.0000	      1.8941	      1.3880	      3.4058	      -51.2138	      -232223.2454	      
45.0000	      1.0000	      0.0257	      1.3995	      3.3933	      -52.7045	      -232349.7613	      
45.0000	      2.0000	      0.0255	      1.3886	      3.4059	      -52.7448	      -232349.8932	      
45.0000	      3.0000	      0.1263	      1.4098	      3.4196	      -52.3720	      -232348.2956	      
45.0000	      4.0000	      1.3276	      1.3871	      3.3993	      -53.0879	      -232268.9330	      
45.0000	      5.0000	      0.2226	      1.2881	      3.4188	      -53.5325	      -232345.2559	      
45.0000	      6.0000	      0.0257	      1.3967	      3.3861	      -52.7187	      -232350.2012	      
45.0000	      7.0000	      0.0258	      1.3959	      3.3944	      -52.7224	      -232349.5864	      
45.0000	      8.0000	      1.1806	      1.9364	      3.3956	      -52.7364	      -232297.2290	      
45.0000	      9.0000	      1.5511	      1.3969	      3.3951	      -52.3718	      -232248.7634	      
45.0000	      10.0000	      0.8231	      1.3898	      3.4304	      -52.7268	      -232316.5293	      
45.0000	      11.0000	      1.2659	      1.3988	      3.3883	      -52.8021	      -232273.7803	      
45.0000	      12.0000	      0.0270	      1.3974	      3.3930	      -52.6857	      -232349.8285	      
45.0000	      13.0000	      1.1807	      1.3874	      3.5223	      -52.4739	      -232302.8169	      
45.0000	      14.0000	      1.3929	      1.3740	      3.4338	      -52.6562	      -232271.6304	      
45.0000	      15.0000	      0.5951	      1.3907	      3.4079	      -51.0978	      -232330.5550	      
46.0000	      1.0000	      0.0257	      1.4000	      3.3957	      -52.7065	      -232349.8988	      
46.0000	      2.0000	      0.0261	      1.3799	      3.4082	      -52.7607	      -232350.1140	      
46.0000	      3.0000	      1.4363	      1.4151	      3.4183	      -52.2649	      -232266.8764	      
46.0000	      4.0000	      1.1848	      1.3886	      3.3977	      -53.1299	      -232281.7800	      
46.0000	      5.0000	      1.3935	      1.2653	      3.3942	      -53.3372	      -232253.9545	      
46.0000	      6.0000	      0.0257	      1.3966	      3.3861	      -52.7181	      -232350.3605	      
46.0000	      7.0000	      0.0258	      1.3961	      3.3940	      -52.7235	      -232349.7439	      
46.0000	      8.0000	      0.1449	      1.8222	      3.3986	      -52.7365	      -232340.5212	      
46.0000	      9.0000	      0.1613	      1.3968	      3.3954	      -52.5377	      -232347.3469	      
46.0000	      10.0000	      1.4743	      1.3926	      3.4243	      -52.7253	      -232263.3985	      
46.0000	      11.0000	      0.2648	      1.3991	      3.3892	      -52.7856	      -232344.6774	      
46.0000	      12.0000	      0.0266	      1.3973	      3.3912	      -52.7029	      -232350.1332	      
46.0000	      13.0000	      1.9368	      1.3864	      3.4839	      -52.6272	      -232244.0157	      
46.0000	      14.0000	      0.1888	      1.3785	      3.4318	      -52.6729	      -232346.9884	      
46.0000	      15.0000	      1.4487	      1.3906	      3.4127	      -50.9921	      -232266.0398	      
47.0000	      1.0000	      0.0257	      1.3994	      3.3959	      -52.7054	      -232349.9140	      
47.0000	      2.0000	      0.0265	      1.3732	      3.4109	      -52.7603	      -232350.2288	      
47.0000	      3.0000	      0.3598	      1.4196	      3.4229	      -52.2136	      -232341.7909	      
47.0000	      4.0000	      1.3067	      1.3905	      3.3988	      -53.2495	      -232271.0845	      
47.0000	      5.0000	      1.9869	      1.2768	      3.4082	      -53.1405	      -232208.0110	      
47.0000	      6.0000	      0.0257	      1.3966	      3.3860	      -52.7176	      -232350.3385	      
47.0000	      7.0000	      0.0258	      1.3967	      3.3937	      -52.7256	      -232350.1719	      
47.0000	      8.0000	      1.4003	      1.4595	      3.4034	      -52.7379	      -232267.7300	      
47.0000	      9.0000	      1.1456	      1.3966	      3.4047	      -52.5712	      -232288.3056	      
47.0000	      10.0000	      1.7212	      1.3938	      3.4120	      -52.7231	      -232238.1157	      
47.0000	      11.0000	      1.4457	      1.3990	      3.3904	      -52.7632	      -232256.3092	      
47.0000	      12.0000	      0.0262	      1.3972	      3.3887	      -52.7165	      -232350.0170	      
47.0000	      13.0000	      1.8882	      1.3885	      3.4463	      -52.5954	      -232236.0704	      
47.0000	      14.0000	      1.3303	      1.3827	      3.4278	      -52.6922	      -232276.2231	      
47.0000	      15.0000	      1.8313	      1.3885	      3.4255	      -51.2145	      -232235.4741	      
48.0000	      1.0000	      0.0257	      1.3979	      3.3939	      -52.7024	      -232350.1239	      
48.0000	      2.0000	      0.0267	      1.3719	      3.4097	      -52.7529	      -232349.8809	      
48.0000	      3.0000	      1.4050	      1.4200	      3.4281	      -52.1409	      -232272.4348	      
48.0000	      4.0000	      1.8028	      1.3922	      3.3979	      -53.3761	      -232224.5550	      
48.0000	      5.0000	      0.2377	      1.2920	      3.4419	      -53.2014	      -232345.8404	      
48.0000	      6.0000	      0.0257	      1.3966	      3.3860	      -52.7176	      -232350.3348	      
48.0000	      7.0000	      0.0258	      1.3972	      3.3920	      -52.7249	      -232349.9022	      
48.0000	      8.0000	      0.4825	      1.1283	      3.4034	      -52.7366	      -232326.1473	      
48.0000	      9.0000	      1.7616	      1.3964	      3.4097	      -52.4320	      -232234.1980	      
48.0000	      10.0000	      1.7227	      1.3929	      3.4126	      -52.7223	      -232237.5555	      
48.0000	      11.0000	      0.1235	      1.3989	      3.3903	      -52.7618	      -232348.6021	      
48.0000	      12.0000	      0.0260	      1.3970	      3.3870	      -52.7216	      -232350.1044	      
48.0000	      13.0000	      0.0423	      1.3905	      3.4301	      -52.5553	      -232349.8085	      
48.0000	      14.0000	      0.0174	      1.3854	      3.4139	      -52.7034	      -232350.2274	      
48.0000	      15.0000	      0.3485	      1.3843	      3.4366	      -51.2741	      -232342.3585	      
49.0000	      1.0000	      0.0258	      1.3965	      3.3918	      -52.7002	      -232349.6218	      
49.0000	      2.0000	      0.0265	      1.3718	      3.4083	      -52.7397	      -232349.9768	      
49.0000	      3.0000	      0.1348	      1.4143	      3.4302	      -52.2306	      -232348.2511	      
49.0000	      4.0000	      1.6199	      1.3881	      3.4006	      -53.4246	      -232241.3453	      
49.0000	      5.0000	      0.9293	      1.2930	      3.4778	      -53.3557	      -232310.3919	      
49.0000	      6.0000	      0.0257	      1.3966	      3.3860	      -52.7177	      -232350.3385	      
49.0000	      7.0000	      0.0258	      1.3975	      3.3898	      -52.7230	      -232349.8409	      
49.0000	      8.0000	      1.6747	      0.9144	      3.4017	      -52.7334	      -232205.0269	      
49.0000	      9.0000	      0.4001	      1.3964	      3.4136	      -52.2146	      -232339.6848	      
49.0000	      10.0000	      0.1084	      1.3926	      3.4133	      -52.7214	      -232348.5316	      
49.0000	      11.0000	      1.1705	      1.3986	      3.3896	      -52.7689	      -232282.6804	      
49.0000	      12.0000	      0.0261	      1.3970	      3.3874	      -52.7229	      -232350.0757	      
49.0000	      13.0000	      0.7495	      1.3925	      3.4132	      -52.5658	      -232320.4016	      
49.0000	      14.0000	      1.0999	      1.3900	      3.4013	      -52.7132	      -232291.1061	      
49.0000	      15.0000	      1.0922	      1.3832	      3.4433	      -51.3515	      -232301.0687	      
50.0000	      1.0000	      0.0258	      1.3962	      3.3915	      -52.6991	      -232350.0956	      
50.0000	      2.0000	      0.0261	      1.3738	      3.4055	      -52.7393	      -232350.0443	      
50.0000	      3.0000	      1.1801	      1.4084	      3.4286	      -52.1379	      -232290.8331	      
50.0000	      4.0000	      1.8485	      1.3830	      3.4049	      -53.2882	      -232223.0829	      
50.0000	      5.0000	      1.4866	      1.3016	      3.5057	      -53.4800	      -232275.1284	      
50.0000	      6.0000	      0.0257	      1.3966	      3.3860	      -52.7180	      -232350.3385	      
50.0000	      7.0000	      0.0258	      1.3972	      3.3883	      -52.7211	      -232349.8683	      
50.0000	      8.0000	      0.5245	      1.0050	      3.3969	      -52.7314	      -232313.5318	      
50.0000	      9.0000	      1.2509	      1.3964	      3.4134	      -52.0453	      -232282.2233	      
50.0000	      10.0000	      0.9457	      1.3932	      3.4160	      -52.7203	      -232306.4583	      
50.0000	      11.0000	      0.1004	      1.3981	      3.3893	      -52.7863	      -232348.6900	      
50.0000	      12.0000	      0.0264	      1.3970	      3.3882	      -52.7210	      -232349.6815	      
50.0000	      13.0000	      1.6962	      1.3940	      3.4059	      -52.6049	      -232237.8195	      
50.0000	      14.0000	      1.9327	      1.3938	      3.3938	      -52.7169	      -232213.8543	      
50.0000	      15.0000	      1.8791	      1.3831	      3.4375	      -51.2131	      -232235.8177	      
51.0000	      1.0000	      0.0258	      1.3965	      3.3923	      -52.6955	      -232349.7008	      
51.0000	      2.0000	      0.0259	      1.3795	      3.3991	      -52.7414	      -232349.7057	      
51.0000	      3.0000	      0.1077	      1.4033	      3.4205	      -51.8325	      -232348.6201	      
51.0000	      4.0000	      0.0550	      1.3816	      3.4142	      -53.0488	      -232350.2558	      
51.0000	      5.0000	      0.0776	      1.3108	      3.5047	      -53.5549	      -232348.9846	      
51.0000	      6.0000	      0.0257	      1.3967	      3.3861	      -52.7183	      -232350.4195	      
51.0000	      7.0000	      0.0258	      1.3969	      3.3876	      -52.7205	      -232350.0808	      
51.0000	      8.0000	      1.6028	      1.2624	      3.3948	      -52.7301	      -232235.0151	      
51.0000	      9.0000	      1.9713	      1.3965	      3.4120	      -51.8968	      -232219.0849	      
51.0000	      10.0000	      1.6632	      1.3939	      3.4149	      -52.7215	      -232243.5661	      
51.0000	      11.0000	      1.3365	      1.3980	      3.3892	      -52.7834	      -232267.1892	      
51.0000	      12.0000	      0.0264	      1.3971	      3.3893	      -52.7163	      -232349.8156	      
51.0000	      13.0000	      0.1664	      1.3940	      3.4080	      -52.6363	      -232347.8506	      
51.0000	      14.0000	      0.5088	      1.3961	      3.3904	      -52.7157	      -232333.5064	      
51.0000	      15.0000	      0.5372	      1.3854	      3.4251	      -51.4340	      -232334.2974	      
52.0000	      1.0000	      0.0258	      1.3970	      3.3924	      -52.6927	      -232349.9445	      
52.0000	      2.0000	      0.0258	      1.3861	      3.3965	      -52.7440	      -232349.8639	      
52.0000	      3.0000	      1.3308	      1.4060	      3.4218	      -51.7416	      -232277.7209	      
52.0000	      4.0000	      0.7970	      1.3850	      3.4207	      -52.7861	      -232317.3745	      
52.0000	      5.0000	      1.0766	      1.2979	      3.5011	      -53.5072	      -232303.3085	      
52.0000	      6.0000	      0.0257	      1.3967	      3.3861	      -52.7184	      -232350.2921	      
52.0000	      7.0000	      0.0258	      1.3966	      3.3876	      -52.7209	      -232350.2465	      
52.0000	      8.0000	      0.3475	      1.4559	      3.3941	      -52.7317	      -232341.6597	      
52.0000	      9.0000	      0.4606	      1.3966	      3.4083	      -51.8296	      -232337.4274	      
52.0000	      10.0000	      1.8842	      1.3922	      3.4216	      -52.7251	      -232227.9429	      
52.0000	      11.0000	      0.5292	      1.3982	      3.3887	      -52.7681	      -232332.2555	      
52.0000	      12.0000	      0.0263	      1.3971	      3.3903	      -52.7071	      -232350.0500	      
52.0000	      13.0000	      1.0619	      1.3934	      3.4117	      -52.6390	      -232296.4771	      
52.0000	      14.0000	      1.1583	      1.3949	      3.3929	      -52.7125	      -232284.6809	      
52.0000	      15.0000	      1.4833	      1.3889	      3.4160	      -51.5577	      -232262.5884	      
53.0000	      1.0000	      0.0258	      1.3975	      3.3913	      -52.6960	      -232350.1396	      
53.0000	      2.0000	      0.0257	      1.3889	      3.3977	      -52.7514	      -232349.8811	      
53.0000	      3.0000	      0.6758	      1.4099	      3.4204	      -51.8534	      -232326.6981	      
53.0000	      4.0000	      1.6544	      1.3881	      3.4199	      -52.6206	      -232246.0748	      
53.0000	      5.0000	      1.8221	      1.2637	      3.4850	      -53.2482	      -232245.8187	      
53.0000	      6.0000	      0.0257	      1.3967	      3.3861	      -52.7185	      -232350.2921	      
53.0000	      7.0000	      0.0258	      1.3964	      3.3875	      -52.7210	      -232349.9251	      
53.0000	      8.0000	      1.3618	      1.5493	      3.3988	      -52.7311	      -232273.4407	      
53.0000	      9.0000	      1.1670	      1.3967	      3.4091	      -52.0204	      -232288.7364	      
53.0000	      10.0000	      1.6491	      1.3916	      3.4294	      -52.7284	      -232249.6522	      
53.0000	      11.0000	      1.7360	      1.3987	      3.3886	      -52.7634	      -232228.3768	      
53.0000	      12.0000	      0.0263	      1.3972	      3.3901	      -52.7023	      -232349.8621	      
53.0000	      13.0000	      1.9525	      1.3921	      3.4155	      -52.6453	      -232220.8378	      
53.0000	      14.0000	      0.1263	      1.3926	      3.3954	      -52.7108	      -232348.3583	      
53.0000	      15.0000	      1.8685	      1.3915	      3.4108	      -51.6323	      -232226.6877	      
54.0000	      1.0000	      0.0258	      1.3976	      3.3895	      -52.7042	      -232350.0151	      
54.0000	      2.0000	      0.0258	      1.3917	      3.4017	      -52.7560	      -232349.6620	      
54.0000	      3.0000	      0.0601	      1.4092	      3.4321	      -51.7653	      -232348.9485	      
54.0000	      4.0000	      0.1159	      1.3898	      3.4108	      -52.6902	      -232348.3010	      
54.0000	      5.0000	      0.6534	      1.2480	      3.4472	      -53.2623	      -232324.5585	      
54.0000	      6.0000	      0.0257	      1.3967	      3.3861	      -52.7185	      -232350.2921	      
54.0000	      7.0000	      0.0257	      1.3965	      3.3872	      -52.7209	      -232350.0550	      
54.0000	      8.0000	      0.1359	      1.5816	      3.4003	      -52.7329	      -232346.7238	      
54.0000	      9.0000	      1.8830	      1.3967	      3.4077	      -52.2667	      -232223.5407	      
54.0000	      10.0000	      1.6240	      1.3918	      3.4258	      -52.7283	      -232250.6951	      
54.0000	      11.0000	      0.2759	      1.3993	      3.3892	      -52.7692	      -232344.0736	      
54.0000	      12.0000	      0.0262	      1.3973	      3.3893	      -52.7027	      -232349.6769	      
54.0000	      13.0000	      0.9396	      1.3911	      3.4147	      -52.6300	      -232306.7680	      
54.0000	      14.0000	      1.3712	      1.3903	      3.3983	      -52.7092	      -232265.8265	      
54.0000	      15.0000	      1.9350	      1.3930	      3.4123	      -51.5060	      -232222.5986	      
55.0000	      1.0000	      0.0257	      1.3976	      3.3879	      -52.7135	      -232349.8009	      
55.0000	      2.0000	      0.0259	      1.3915	      3.4056	      -52.7524	      -232349.7428	      
55.0000	      3.0000	      1.6178	      1.4091	      3.4354	      -51.7420	      -232256.2672	      
55.0000	      4.0000	      1.0158	      1.3919	      3.4034	      -52.7793	      -232298.7310	      
55.0000	      5.0000	      1.5996	      1.2577	      3.4358	      -53.2987	      -232247.2449	      
55.0000	      6.0000	      0.0257	      1.3967	      3.3861	      -52.7183	      -232350.4195	      
55.0000	      7.0000	      0.0257	      1.3965	      3.3870	      -52.7205	      -232350.2632	      
55.0000	      8.0000	      1.2646	      1.4771	      3.3998	      -52.7317	      -232279.4570	      
55.0000	      9.0000	      0.8001	      1.3966	      3.4035	      -52.3532	      -232316.1408	      
55.0000	      10.0000	      1.2768	      1.3916	      3.4225	      -52.7280	      -232279.8809	      
55.0000	      11.0000	      1.1184	      1.3992	      3.3898	      -52.7732	      -232287.3998	      
55.0000	      12.0000	      0.0260	      1.3973	      3.3887	      -52.7037	      -232349.9254	      
55.0000	      13.0000	      1.8205	      1.3910	      3.4144	      -52.5937	      -232230.5952	      
55.0000	      14.0000	      0.2763	      1.3879	      3.4026	      -52.7087	      -232344.4914	      
55.0000	      15.0000	      0.4781	      1.3888	      3.4075	      -51.4350	      -232336.4115	      
56.0000	      1.0000	      0.0257	      1.3975	      3.3870	      -52.7142	      -232349.4478	      
56.0000	      2.0000	      0.0262	      1.3908	      3.4055	      -52.7456	      -232349.8548	      
56.0000	      3.0000	      0.9583	      1.4105	      3.4244	      -51.8590	      -232308.7358	      
56.0000	      4.0000	      1.7797	      1.3910	      3.3975	      -52.8374	      -232227.0036	      
56.0000	      5.0000	      0.3535	      1.3007	      3.4261	      -53.4537	      -232340.7459	      
56.0000	      6.0000	      0.0257	      1.3967	      3.3861	      -52.7182	      -232350.4195	      
56.0000	      7.0000	      0.0257	      1.3966	      3.3868	      -52.7202	      -232350.2471	      
56.0000	      8.0000	      0.3431	      1.3517	      3.4012	      -52.7319	      -232341.4766	      
56.0000	      9.0000	      1.8956	      1.3966	      3.3984	      -52.3436	      -232218.9855	      
56.0000	      10.0000	      1.3174	      1.3897	      3.4182	      -52.7263	      -232275.5027	      
56.0000	      11.0000	      1.9767	      1.3989	      3.3900	      -52.7762	      -232208.8902	      
56.0000	      12.0000	      0.0261	      1.3973	      3.3888	      -52.7083	      -232350.0567	      
56.0000	      13.0000	      1.7206	      1.3916	      3.4152	      -52.5647	      -232239.0541	      
56.0000	      14.0000	      1.4067	      1.3877	      3.4030	      -52.7078	      -232263.3923	      
56.0000	      15.0000	      1.2117	      1.3841	      3.4120	      -51.3122	      -232286.1836	      
57.0000	      1.0000	      0.0257	      1.3973	      3.3867	      -52.7125	      -232349.7822	      
57.0000	      2.0000	      0.0263	      1.3878	      3.4024	      -52.7434	      -232349.8416	      
57.0000	      3.0000	      0.0864	      1.4115	      3.4162	      -51.9944	      -232349.0951	      
57.0000	      4.0000	      0.6690	      1.3879	      3.3974	      -52.9362	      -232323.7989	      
57.0000	      5.0000	      1.3730	      1.3191	      3.4271	      -53.5229	      -232267.2810	      
57.0000	      6.0000	      0.0257	      1.3967	      3.3861	      -52.7182	      -232350.4388	      
57.0000	      7.0000	      0.0257	      1.3966	      3.3868	      -52.7198	      -232350.2595	      
57.0000	      8.0000	      1.5609	      1.2527	      3.4013	      -52.7317	      -232240.6127	      
57.0000	      9.0000	      0.1161	      1.3966	      3.3972	      -52.2054	      -232348.0878	      
57.0000	      10.0000	      1.5042	      1.3889	      3.4197	      -52.7256	      -232259.1869	      
57.0000	      11.0000	      0.3456	      1.3984	      3.3906	      -52.7832	      -232341.2722	      
57.0000	      12.0000	      0.0263	      1.3971	      3.3898	      -52.7129	      -232349.8485	      
57.0000	      13.0000	      0.1070	      1.3929	      3.4143	      -52.5581	      -232348.7423	      
57.0000	      14.0000	      0.6508	      1.3867	      3.4034	      -52.7067	      -232325.8825	      
57.0000	      15.0000	      1.6596	      1.3807	      3.4156	      -51.2448	      -232246.9739	      
58.0000	      1.0000	      0.0257	      1.3971	      3.3876	      -52.7108	      -232349.6921	      
58.0000	      2.0000	      0.0264	      1.3847	      3.3981	      -52.7435	      -232350.0015	      
58.0000	      3.0000	      1.4636	      1.4121	      3.4088	      -52.2456	      -232261.7568	      
58.0000	      4.0000	      1.5699	      1.3873	      3.4001	      -53.0148	      -232246.7951	      
58.0000	      5.0000	      0.3693	      1.3044	      3.4413	      -53.4303	      -232340.2677	      
58.0000	      6.0000	      0.0257	      1.3966	      3.3861	      -52.7182	      -232350.3605	      
58.0000	      7.0000	      0.0257	      1.3966	      3.3867	      -52.7195	      -232350.2477	      
58.0000	      8.0000	      0.3863	      1.2287	      3.3993	      -52.7332	      -232336.1525	      
58.0000	      9.0000	      0.8113	      1.3966	      3.4013	      -51.9500	      -232315.7482	      
58.0000	      10.0000	      1.6807	      1.3900	      3.4232	      -52.7264	      -232245.0142	      
58.0000	      11.0000	      1.0742	      1.3980	      3.3905	      -52.7867	      -232291.5401	      
58.0000	      12.0000	      0.0263	      1.3970	      3.3902	      -52.7144	      -232349.6083	      
58.0000	      13.0000	      0.9497	      1.3941	      3.4138	      -52.5646	      -232305.8913	      
58.0000	      14.0000	      1.8580	      1.3882	      3.4052	      -52.7079	      -232223.6426	      
58.0000	      15.0000	      1.6386	      1.3816	      3.4244	      -50.9870	      -232251.1931	      
59.0000	      1.0000	      0.0257	      1.3971	      3.3886	      -52.7041	      -232349.7109	      
59.0000	      2.0000	      0.0263	      1.3847	      3.3988	      -52.7415	      -232349.8596	      
59.0000	      3.0000	      0.3649	      1.4079	      3.3978	      -52.4468	      -232341.0902	      
59.0000	      4.0000	      0.5250	      1.3874	      3.4003	      -53.0514	      -232333.2377	      
59.0000	      5.0000	      1.5477	      1.3187	      3.4751	      -53.2238	      -232265.8072	      
59.0000	      6.0000	      0.0257	      1.3966	      3.3861	      -52.7182	      -232350.3605	      
59.0000	      7.0000	      0.0257	      1.3966	      3.3866	      -52.7197	      -232350.2477	      
59.0000	      8.0000	      1.4529	      1.2358	      3.4015	      -52.7318	      -232250.0019	      
59.0000	      9.0000	      1.5170	      1.3966	      3.4051	      -51.8503	      -232256.0021	      
59.0000	      10.0000	      1.7134	      1.3912	      3.4268	      -52.7260	      -232243.2272	      
59.0000	      11.0000	      1.7195	      1.3980	      3.3901	      -52.7884	      -232230.4464	      
59.0000	      12.0000	      0.0262	      1.3969	      3.3907	      -52.7105	      -232349.8082	      
59.0000	      13.0000	      1.8640	      1.3951	      3.4204	      -52.5747	      -232229.3433	      
59.0000	      14.0000	      1.9970	      1.3884	      3.4049	      -52.7108	      -232212.6714	      
59.0000	      15.0000	      1.7481	      1.3832	      3.4376	      -50.9074	      -232246.4728	      
60.0000	      1.0000	      0.0258	      1.3971	      3.3889	      -52.6986	      -232349.9627	      
60.0000	      2.0000	      0.0262	      1.3839	      3.4031	      -52.7413	      -232350.0213	      
60.0000	      3.0000	      1.4278	      1.4031	      3.3961	      -52.5412	      -232260.8823	      
60.0000	      4.0000	      1.4799	      1.3879	      3.3979	      -52.9838	      -232254.2621	      
60.0000	      5.0000	      0.5309	      1.3451	      3.4929	      -53.0441	      -232335.8310	      
60.0000	      6.0000	      0.0257	      1.3966	      3.3861	      -52.7182	      -232350.3605	      
60.0000	      7.0000	      0.0257	      1.3966	      3.3867	      -52.7199	      -232350.2491	      
60.0000	      8.0000	      0.2882	      1.2760	      3.4017	      -52.7314	      -232342.0461	      
60.0000	      9.0000	      1.8535	      1.3966	      3.4130	      -51.8984	      -232228.7087	      
60.0000	      10.0000	      1.8872	      1.3917	      3.4299	      -52.7246	      -232230.4984	      
60.0000	      11.0000	      0.5012	      1.3979	      3.3900	      -52.7797	      -232333.7911	      
60.0000	      12.0000	      0.0261	      1.3969	      3.3903	      -52.7096	      -232349.7443	      
60.0000	      13.0000	      0.2899	      1.3957	      3.4246	      -52.5916	      -232344.3156	      
60.0000	      14.0000	      1.4536	      1.3891	      3.4062	      -52.7097	      -232260.1115	      
60.0000	      15.0000	      1.6109	      1.3853	      3.4428	      -50.9587	      -232259.2921	      
