#iter	     #Particle	       tx	       ty	       tz	     twist	     energy	     
1.0000	      1.0000	      0.1448	      0.7799	      3.3883	      -10.7474	      -534222.7728	      
1.0000	      2.0000	      1.8953	      0.0134	      3.3958	      -28.5980	      -563508.5803	      
1.0000	      3.0000	      0.8090	      0.5770	      3.3615	      -33.3713	      -564315.2338	      
1.0000	      4.0000	      0.3409	      0.4127	      3.4916	      -4.9622	      -504496.9413	      
1.0000	      5.0000	      0.1717	      0.8369	      3.4735	      -23.5146	      -561555.6851	      
1.0000	      6.0000	      1.0760	      0.9579	      3.4708	      -2.3106	      -520450.2464	      
1.0000	      7.0000	      0.2707	      0.5960	      3.5482	      -25.3543	      -562517.9319	      
1.0000	      8.0000	      0.1504	      0.3998	      3.5725	      -26.1816	      -562339.1642	      
1.0000	      9.0000	      1.8431	      0.7264	      3.3867	      -39.5230	      -564415.7302	      
1.0000	      10.0000	      1.9703	      0.2264	      3.4054	      -4.2240	      -512007.0066	      
1.0000	      11.0000	      0.5620	      0.4072	      3.3397	      -23.6792	      -562340.9351	      
1.0000	      12.0000	      0.8528	      0.2596	      3.5897	      -21.1049	      -561733.9038	      
1.0000	      13.0000	      0.7470	      0.5750	      3.5703	      -3.3800	      -492220.3559	      
1.0000	      14.0000	      1.6876	      0.6515	      3.3891	      -18.6252	      -560513.9190	      
1.0000	      15.0000	      0.7291	      0.5455	      3.3236	      -23.9859	      -562901.9121	      
2.0000	      1.0000	      0.3322	      0.9466	      3.3769	      -16.3789	      -552111.1427	      
2.0000	      2.0000	      0.5373	      0.2412	      3.3480	      -31.5309	      -563913.0738	      
2.0000	      3.0000	      1.3880	      0.1343	      3.5551	      -34.2125	      -564382.2210	      
2.0000	      4.0000	      0.7676	      0.0947	      3.3848	      -13.6539	      -543869.0682	      
2.0000	      5.0000	      0.6720	      0.2133	      3.4301	      -26.3247	      -563187.7329	      
2.0000	      6.0000	      1.2724	      0.2114	      3.5306	      -5.3903	      -521818.5261	      
2.0000	      7.0000	      0.6070	      0.7565	      3.5016	      -28.2963	      -563791.2220	      
2.0000	      8.0000	      0.6643	      0.6439	      3.5040	      -29.3783	      -563984.2425	      
2.0000	      9.0000	      0.2405	      0.9601	      3.4943	      -39.0776	      -564226.1896	      
2.0000	      10.0000	      0.0143	      0.6658	      3.4387	      -14.2699	      -537895.3564	      
2.0000	      11.0000	      1.1491	      0.7934	      3.3413	      -26.7203	      -563940.6142	      
2.0000	      12.0000	      0.9950	      0.6877	      3.5695	      -25.7246	      -563914.3743	      
2.0000	      13.0000	      1.3234	      0.7577	      3.4663	      -6.6005	      -530610.0487	      
2.0000	      14.0000	      1.7426	      0.8733	      3.4579	      -19.8026	      -561570.9645	      
2.0000	      15.0000	      1.3031	      0.0951	      3.5238	      -26.9758	      -563830.3449	      
3.0000	      1.0000	      0.6554	      0.0476	      3.4916	      -24.9378	      -562172.4701	      
3.0000	      2.0000	      1.1561	      0.5340	      3.5347	      -34.0237	      -564447.0268	      
3.0000	      3.0000	      1.8557	      0.6322	      3.5537	      -35.5218	      -564404.2568	      
3.0000	      4.0000	      1.1264	      0.6377	      3.5202	      -23.2311	      -563461.6782	      
3.0000	      5.0000	      1.3666	      0.5835	      3.5088	      -29.7595	      -564348.2783	      
3.0000	      6.0000	      1.4536	      0.3955	      3.4768	      -16.9712	      -558877.9775	      
3.0000	      7.0000	      0.9719	      0.8637	      3.3721	      -33.3825	      -564356.6572	      
3.0000	      8.0000	      1.1259	      0.8349	      3.3436	      -31.8274	      -564348.9876	      
3.0000	      9.0000	      0.9147	      0.0914	      3.5339	      -38.8865	      -564445.9230	      
3.0000	      10.0000	      0.1665	      0.9758	      3.3609	      -24.8093	      -561999.9325	      
3.0000	      11.0000	      1.6626	      0.0611	      3.4625	      -28.9043	      -563882.4276	      
3.0000	      12.0000	      1.2786	      0.9945	      3.3408	      -31.8922	      -564372.3996	      
3.0000	      13.0000	      1.7367	      0.8808	      3.4994	      -12.5062	      -553606.7832	      
3.0000	      14.0000	      1.8048	      0.0159	      3.4000	      -21.6680	      -561796.4274	      
3.0000	      15.0000	      1.8490	      0.5497	      3.5705	      -30.6919	      -564224.4802	      
4.0000	      1.0000	      0.9478	      0.2232	      3.4831	      -30.9705	      -564191.6832	      
4.0000	      2.0000	      1.5893	      0.7390	      3.3654	      -35.7686	      -564430.9892	      
4.0000	      3.0000	      0.0379	      0.9737	      3.4626	      -36.1325	      -563682.5814	      
4.0000	      4.0000	      1.3850	      0.0094	      3.3191	      -33.1308	      -564188.6024	      
4.0000	      5.0000	      1.8197	      0.8350	      3.4760	      -33.0471	      -564374.5465	      
4.0000	      6.0000	      1.5633	      0.5288	      3.3568	      -25.7559	      -563834.9627	      
4.0000	      7.0000	      1.2496	      0.9154	      3.5378	      -37.1332	      -564464.6837	      
4.0000	      8.0000	      1.4575	      0.9544	      3.4518	      -33.5713	      -564442.8782	      
4.0000	      9.0000	      1.4502	      0.2412	      3.5618	      -37.9375	      -564454.6343	      
4.0000	      10.0000	      0.3511	      0.1077	      3.5330	      -33.7277	      -564108.3207	      
4.0000	      11.0000	      1.7830	      0.3074	      3.4689	      -30.4964	      -564104.0984	      
4.0000	      12.0000	      1.4461	      0.1958	      3.3183	      -36.5713	      -564401.5582	      
4.0000	      13.0000	      1.8876	      0.8729	      3.4350	      -19.2652	      -561270.5728	      
4.0000	      14.0000	      1.8038	      0.1463	      3.5801	      -25.2964	      -563480.9270	      
4.0000	      15.0000	      0.2106	      0.8679	      3.5049	      -34.2695	      -563832.7351	      
5.0000	      1.0000	      1.1608	      0.3772	      3.4001	      -35.7201	      -564443.4566	      
5.0000	      2.0000	      1.8336	      0.8849	      3.5438	      -36.2558	      -564423.3645	      
5.0000	      3.0000	      0.4826	      0.0351	      3.3598	      -36.5428	      -564298.2871	      
5.0000	      4.0000	      1.5387	      0.3206	      3.3985	      -1.1906	      -505096.1210	      
5.0000	      5.0000	      1.9855	      0.0122	      3.3803	      -35.4443	      -564087.1234	      
5.0000	      6.0000	      1.5767	      0.6891	      3.5177	      -33.2282	      -564432.4584	      
5.0000	      7.0000	      1.4439	      0.9517	      3.3538	      -39.7586	      -564445.3816	      
5.0000	      8.0000	      1.6654	      0.0328	      3.5284	      -35.5545	      -564342.4335	      
5.0000	      9.0000	      1.7703	      0.4378	      3.5754	      -37.1756	      -564430.5797	      
5.0000	      10.0000	      0.6317	      0.3230	      3.3544	      -0.4635	      -514201.2802	      
5.0000	      11.0000	      1.8078	      0.6021	      3.3878	      -33.2276	      -564322.7952	      
5.0000	      12.0000	      1.5486	      0.3581	      3.5413	      -39.8984	      -564459.8449	      
5.0000	      13.0000	      1.8471	      0.8778	      3.3011	      -28.2601	      -563991.0627	      
5.0000	      14.0000	      1.6865	      0.4506	      3.3965	      -28.1347	      -564036.2413	      
5.0000	      15.0000	      0.7739	      0.9822	      3.4033	      -36.1545	      -564351.4176	      
6.0000	      1.0000	      1.3136	      0.5813	      3.5875	      -39.1418	      -564469.7996	      
6.0000	      2.0000	      1.9213	      0.9004	      3.3648	      -36.4551	      -564362.6897	      
6.0000	      3.0000	      1.4141	      0.2536	      3.5731	      -36.9869	      -564451.5133	      
6.0000	      4.0000	      1.5654	      0.4919	      3.4475	      -24.2685	      -563647.6182	      
6.0000	      5.0000	      1.8417	      0.2614	      3.5621	      -36.2872	      -564374.4668	      
6.0000	      6.0000	      1.5549	      0.8616	      3.3361	      -39.2480	      -564437.1844	      
6.0000	      7.0000	      1.5065	      0.9636	      3.5158	      -1.3491	      -482168.0097	      
6.0000	      8.0000	      1.7534	      0.4521	      3.5583	      -36.4542	      -564425.0903	      
6.0000	      9.0000	      1.7953	      0.6572	      3.5733	      -36.7297	      -564432.7593	      
6.0000	      10.0000	      0.9446	      0.5236	      3.4549	      -26.6700	      -563869.7911	      
6.0000	      11.0000	      1.7318	      0.9004	      3.5754	      -35.9505	      -564440.4237	      
6.0000	      12.0000	      1.6109	      0.5630	      3.3973	      -1.7919	      -496228.9965	      
6.0000	      13.0000	      1.6861	      0.8878	      3.4230	      -37.0619	      -564428.7428	      
6.0000	      14.0000	      1.5192	      0.7813	      3.5120	      -32.3069	      -564432.7485	      
6.0000	      15.0000	      1.2217	      0.0600	      3.5768	      -37.5053	      -564432.7665	      
7.0000	      1.0000	      1.4206	      0.7241	      3.4188	      -1.5369	      -505348.4469	      
7.0000	      2.0000	      1.6538	      0.6848	      3.5363	      -36.7337	      -564448.3193	      
7.0000	      3.0000	      0.0399	      0.4240	      3.4256	      -37.8042	      -564220.7836	      
7.0000	      4.0000	      1.5492	      0.5019	      3.4324	      -8.8085	      -533421.9024	      
7.0000	      5.0000	      1.6255	      0.8029	      3.3651	      -36.5454	      -564428.3437	      
7.0000	      6.0000	      1.4775	      0.9330	      3.4369	      -3.4304	      -515364.7094	      
7.0000	      7.0000	      1.4645	      0.9004	      3.3422	      -11.6417	      -549256.4481	      
7.0000	      8.0000	      1.5910	      0.8500	      3.5698	      -36.7795	      -564455.2845	      
7.0000	      9.0000	      1.7415	      0.7961	      3.5715	      -37.4081	      -564443.0415	      
7.0000	      10.0000	      1.1529	      0.6603	      3.5808	      -7.5010	      -533710.5363	      
7.0000	      11.0000	      1.6320	      0.0958	      3.4091	      -38.1120	      -564408.1933	      
7.0000	      12.0000	      1.5779	      0.6291	      3.5275	      -26.4995	      -564093.0489	      
7.0000	      13.0000	      1.4907	      0.8854	      3.5526	      -3.7052	      -511361.0303	      
7.0000	      14.0000	      1.3821	      0.9722	      3.5960	      -35.5585	      -564463.6608	      
7.0000	      15.0000	      1.5453	      0.1227	      3.3983	      -38.5088	      -564427.0509	      
8.0000	      1.0000	      1.4586	      0.7663	      3.5722	      -7.9357	      -511746.0994	      
8.0000	      2.0000	      1.3936	      0.5273	      3.3701	      -37.2738	      -564458.6176	      
8.0000	      3.0000	      1.1907	      0.5096	      3.5916	      -38.4012	      -564472.0634	      
8.0000	      4.0000	      1.4872	      0.3558	      3.3845	      -29.2326	      -564165.2152	      
8.0000	      5.0000	      1.4665	      0.1765	      3.4828	      -36.7691	      -564428.8056	      
8.0000	      6.0000	      1.4448	      0.9461	      3.5251	      -11.2770	      -549255.8107	      
8.0000	      7.0000	      1.3768	      0.8029	      3.5367	      -35.4346	      -564465.1899	      
8.0000	      8.0000	      1.4115	      0.0904	      3.5813	      -37.4996	      -564436.2928	      
8.0000	      9.0000	      1.5574	      0.6966	      3.5707	      -38.4927	      -564459.7386	      
8.0000	      10.0000	      1.0886	      0.6034	      3.3476	      -34.1258	      -564417.7604	      
8.0000	      11.0000	      1.5107	      0.3911	      3.5448	      -39.7822	      -564462.2735	      
8.0000	      12.0000	      1.5163	      0.5968	      3.3371	      -9.0031	      -538191.0024	      
8.0000	      13.0000	      1.3352	      0.8156	      3.3022	      -22.9162	      -562712.5103	      
8.0000	      14.0000	      1.2793	      0.0662	      3.3537	      -38.2026	      -564418.6015	      
8.0000	      15.0000	      1.7419	      0.1551	      3.5395	      -39.0129	      -564428.2494	      
9.0000	      1.0000	      1.4771	      0.6445	      3.3829	      -32.1855	      -564396.7113	      
9.0000	      2.0000	      1.1875	      0.4135	      3.4914	      -37.8718	      -564470.2973	      
9.0000	      3.0000	      1.9963	      0.5696	      3.4078	      -38.8191	      -564385.6155	      
9.0000	      4.0000	      1.4052	      0.1541	      3.3700	      -4.5796	      -521120.8104	      
9.0000	      5.0000	      1.3539	      0.5311	      3.5691	      -37.0693	      -564469.1302	      
9.0000	      6.0000	      1.3852	      0.8668	      3.5525	      -25.3527	      -563966.5749	      
9.0000	      7.0000	      1.2999	      0.6615	      3.3763	      -12.1022	      -547627.6814	      
9.0000	      8.0000	      1.3636	      0.6377	      3.5871	      -38.1164	      -564469.2996	      
9.0000	      9.0000	      1.3285	      0.6102	      3.5722	      -39.2294	      -564469.4367	      
9.0000	      10.0000	      1.0536	      0.5585	      3.4256	      -12.8964	      -551198.3527	      
9.0000	      11.0000	      1.3450	      0.6162	      3.3533	      -0.5633	      -516451.7794	      
9.0000	      12.0000	      1.3834	      0.5215	      3.5211	      -39.3205	      -564468.6079	      
9.0000	      13.0000	      1.3067	      0.7009	      3.4172	      -4.6123	      -529040.0052	      
9.0000	      14.0000	      1.2153	      0.3785	      3.5179	      -39.7992	      -564471.6189	      
9.0000	      15.0000	      1.7581	      0.2490	      3.3556	      -39.1308	      -564413.4283	      
10.0000	      1.0000	      1.4268	      0.5106	      3.5181	      -11.6862	      -539449.6617	      
10.0000	      2.0000	      1.0433	      0.3543	      3.3058	      -38.4250	      -564463.2604	      
10.0000	      3.0000	      0.1461	      0.6071	      3.5501	      -38.9357	      -564305.9420	      
10.0000	      4.0000	      1.2956	      0.0319	      3.3657	      -28.5042	      -563844.0505	      
10.0000	      5.0000	      1.2593	      0.7763	      3.3298	      -37.2964	      -564459.2579	      
10.0000	      6.0000	      1.3533	      0.7316	      3.5394	      -39.2775	      -564467.1629	      
10.0000	      7.0000	      1.2362	      0.5781	      3.5975	      -31.9042	      -564426.9617	      
10.0000	      8.0000	      1.3173	      0.9864	      3.5918	      -38.5815	      -564462.0060	      
10.0000	      9.0000	      1.1430	      0.5209	      3.5751	      -39.7045	      -564472.0372	      
10.0000	      10.0000	      1.0385	      0.5344	      3.4838	      -39.0418	      -564474.5368	      
10.0000	      11.0000	      1.2538	      0.7412	      3.5530	      -20.8719	      -562796.8964	      
10.0000	      12.0000	      1.2462	      0.4684	      3.3528	      -20.4536	      -562207.8048	      
10.0000	      13.0000	      1.3403	      0.6176	      3.5189	      -26.5238	      -564123.2555	      
10.0000	      14.0000	      1.1668	      0.6103	      3.3372	      -0.5896	      -522995.8806	      
10.0000	      15.0000	      1.4471	      0.3305	      3.4761	      -39.1973	      -564462.1381	      
11.0000	      1.0000	      1.2568	      0.4457	      3.3139	      -39.3640	      -564467.8898	      
11.0000	      2.0000	      0.9607	      0.3385	      3.4120	      -38.7522	      -564468.6682	      
11.0000	      3.0000	      0.7749	      0.5791	      3.3488	      -38.8258	      -564461.0648	      
11.0000	      4.0000	      1.2122	      0.0478	      3.3545	      -7.3617	      -535259.6096	      
11.0000	      5.0000	      1.1899	      0.8861	      3.4661	      -37.6479	      -564463.8468	      
11.0000	      6.0000	      1.2481	      0.5988	      3.5222	      -9.0025	      -536426.0156	      
11.0000	      7.0000	      1.1873	      0.5542	      3.4272	      -8.5978	      -539738.5070	      
11.0000	      8.0000	      1.2476	      0.0878	      3.5865	      -38.8038	      -564450.2030	      
11.0000	      9.0000	      0.9867	      0.4611	      3.5592	      -39.9803	      -564472.3478	      
11.0000	      10.0000	      1.0279	      0.5175	      3.5245	      -17.3435	      -559939.7950	      
11.0000	      11.0000	      1.2245	      0.7140	      3.3864	      -39.4707	      -564469.7163	      
11.0000	      12.0000	      1.1147	      0.4505	      3.5346	      -3.9138	      -521732.6419	      
11.0000	      13.0000	      1.3197	      0.5527	      3.5725	      -3.0266	      -509260.2141	      
11.0000	      14.0000	      1.1469	      0.6669	      3.4937	      -17.7947	      -560798.6251	      
11.0000	      15.0000	      1.1433	      0.4482	      3.5628	      -39.2191	      -564472.4747	      
12.0000	      1.0000	      1.1026	      0.4786	      3.4166	      -18.6768	      -561193.2021	      
12.0000	      2.0000	      0.9265	      0.3826	      3.5145	      -38.6246	      -564469.3979	      
12.0000	      3.0000	      1.3708	      0.5439	      3.5328	      -38.7152	      -564469.3517	      
12.0000	      4.0000	      1.1528	      0.1566	      3.3640	      -28.6697	      -563938.8352	      
12.0000	      5.0000	      1.1860	      0.8574	      3.5860	      -37.6903	      -564466.7048	      
12.0000	      6.0000	      1.1545	      0.5029	      3.5144	      -32.5135	      -564411.5263	      
12.0000	      7.0000	      1.2043	      0.5775	      3.5615	      -28.4430	      -564274.2480	      
12.0000	      8.0000	      1.1796	      0.3075	      3.5788	      -38.9666	      -564468.0578	      
12.0000	      9.0000	      0.8901	      0.4203	      3.5376	      -0.0629	      -505953.2908	      
12.0000	      10.0000	      1.0217	      0.5114	      3.5378	      -37.8913	      -564470.9889	      
12.0000	      11.0000	      1.2008	      0.6853	      3.4893	      -12.4888	      -550763.5597	      
12.0000	      12.0000	      1.0505	      0.4640	      3.3534	      -3.2700	      -522759.6934	      
12.0000	      13.0000	      1.2509	      0.5128	      3.5172	      -19.2442	      -561883.1733	      
12.0000	      14.0000	      1.1392	      0.5967	      3.3017	      -31.9441	      -564337.5729	      
12.0000	      15.0000	      0.9298	      0.5389	      3.3105	      -39.1958	      -564472.2053	      
13.0000	      1.0000	      1.0629	      0.5454	      3.4962	      -36.4278	      -564464.8835	      
13.0000	      2.0000	      0.9787	      0.4311	      3.5839	      -38.3482	      -564469.3728	      
13.0000	      3.0000	      1.6918	      0.5136	      3.3867	      -38.5585	      -564435.0197	      
13.0000	      4.0000	      1.1245	      0.3053	      3.3684	      -6.5270	      -531073.1592	      
13.0000	      5.0000	      1.1928	      0.7571	      3.3448	      -37.9452	      -564464.6143	      
13.0000	      6.0000	      1.1173	      0.4743	      3.5157	      -13.0857	      -550827.8321	      
13.0000	      7.0000	      1.2419	      0.6105	      3.3343	      -4.9935	      -526872.8212	      
13.0000	      8.0000	      1.1396	      0.5943	      3.5631	      -38.7662	      -564472.7460	      
13.0000	      9.0000	      0.8467	      0.4207	      3.5183	      -14.7701	      -551661.9243	      
13.0000	      10.0000	      1.0178	      0.5122	      3.5368	      -12.6761	      -549495.7065	      
13.0000	      11.0000	      1.1628	      0.6433	      3.5250	      -0.1482	      -509155.1901	      
13.0000	      12.0000	      1.1356	      0.5122	      3.5300	      -7.0091	      -534919.8236	      
13.0000	      13.0000	      1.2614	      0.6413	      3.4574	      -38.4462	      -564471.6556	      
13.0000	      14.0000	      1.1551	      0.4599	      3.4876	      -6.2458	      -531329.4662	      
13.0000	      15.0000	      0.8197	      0.5638	      3.4903	      -39.1871	      -564468.0190	      
14.0000	      1.0000	      1.0785	      0.6070	      3.5633	      -10.0549	      -540506.9632	      
14.0000	      2.0000	      1.0578	      0.4662	      3.5749	      -37.9956	      -564470.9491	      
14.0000	      3.0000	      1.8601	      0.4919	      3.5654	      -38.4862	      -564429.7805	      
14.0000	      4.0000	      1.1848	      0.4195	      3.3904	      -23.3582	      -563328.4521	      
14.0000	      5.0000	      1.2271	      0.5584	      3.4301	      -38.0196	      -564471.8925	      
14.0000	      6.0000	      1.1840	      0.5126	      3.5179	      -34.4617	      -564451.6195	      
14.0000	      7.0000	      1.2728	      0.7097	      3.5146	      -22.0861	      -563162.3324	      
14.0000	      8.0000	      1.0982	      0.7941	      3.5302	      -38.6801	      -564468.3976	      
14.0000	      9.0000	      0.8791	      0.4637	      3.5132	      -30.2396	      -564210.8790	      
14.0000	      10.0000	      1.0266	      0.5243	      3.5206	      -1.9326	      -513465.4532	      
14.0000	      11.0000	      1.1505	      0.6429	      3.5311	      -37.7740	      -564472.2979	      
14.0000	      12.0000	      1.2024	      0.5464	      3.3476	      -5.4731	      -527341.0460	      
14.0000	      13.0000	      1.2109	      0.7298	      3.4222	      -11.9537	      -549595.1600	      
14.0000	      14.0000	      1.1533	      0.3770	      3.3304	      -25.9098	      -563712.7763	      
14.0000	      15.0000	      0.8164	      0.5453	      3.3379	      -39.1385	      -564467.9083	      
15.0000	      1.0000	      1.1855	      0.6457	      3.3117	      -31.1550	      -564321.2802	      
15.0000	      2.0000	      1.1084	      0.5029	      3.5446	      -37.9339	      -564472.4655	      
15.0000	      3.0000	      1.7313	      0.4789	      3.3853	      -38.4384	      -564427.8096	      
15.0000	      4.0000	      1.2641	      0.4454	      3.4138	      -0.6320	      -520809.5332	      
15.0000	      5.0000	      1.2328	      0.4145	      3.4981	      -38.2387	      -564470.7770	      
15.0000	      6.0000	      1.2448	      0.5477	      3.5139	      -12.8465	      -549214.3327	      
15.0000	      7.0000	      1.2837	      0.7841	      3.3489	      -39.9612	      -564463.5488	      
15.0000	      8.0000	      1.0767	      0.9090	      3.5107	      -38.6367	      -564462.7093	      
15.0000	      9.0000	      0.9296	      0.5139	      3.5263	      -6.9777	      -533096.9175	      
15.0000	      10.0000	      1.0350	      0.5361	      3.5060	      -35.9631	      -564459.5035	      
15.0000	      11.0000	      1.1360	      0.6305	      3.5222	      -24.4213	      -563739.4792	      
15.0000	      12.0000	      1.3065	      0.5571	      3.5185	      -4.4976	      -524295.0742	      
15.0000	      13.0000	      1.1804	      0.7634	      3.4190	      -30.6823	      -564348.9680	      
15.0000	      14.0000	      1.1525	      0.3596	      3.4931	      -6.8063	      -532795.8178	      
15.0000	      15.0000	      0.9941	      0.4871	      3.5026	      -39.0806	      -564473.7727	      
16.0000	      1.0000	      1.2647	      0.6373	      3.3827	      -9.1006	      -540279.0428	      
16.0000	      2.0000	      1.1394	      0.5357	      3.5230	      -37.8960	      -564473.0562	      
16.0000	      3.0000	      1.2924	      0.4834	      3.5705	      -38.4534	      -564470.9487	      
16.0000	      4.0000	      1.3055	      0.4192	      3.4082	      -27.5413	      -564078.4104	      
16.0000	      5.0000	      1.2229	      0.3686	      3.5329	      -38.5817	      -564470.0451	      
16.0000	      6.0000	      1.2807	      0.5882	      3.5066	      -31.3000	      -564400.6841	      
16.0000	      7.0000	      1.3082	      0.8014	      3.4952	      -11.3219	      -547398.8594	      
16.0000	      8.0000	      1.0708	      0.8055	      3.4961	      -38.7195	      -564467.5652	      
16.0000	      9.0000	      0.9999	      0.5384	      3.5378	      -3.0082	      -514484.1233	      
16.0000	      10.0000	      1.0429	      0.5437	      3.4864	      -21.1834	      -562719.7882	      
16.0000	      11.0000	      1.1056	      0.6130	      3.5105	      -8.2831	      -537365.6051	      
16.0000	      12.0000	      1.3503	      0.5532	      3.3288	      -2.5707	      -522167.6185	      
16.0000	      13.0000	      1.1907	      0.6746	      3.4489	      -7.9113	      -535360.7300	      
16.0000	      14.0000	      1.1289	      0.3762	      3.3161	      -31.2864	      -564253.5491	      
16.0000	      15.0000	      1.1256	      0.4491	      3.3151	      -39.0368	      -564471.2728	      
17.0000	      1.0000	      1.2908	      0.6119	      3.4604	      -26.9533	      -564122.7454	      
17.0000	      2.0000	      1.1553	      0.5584	      3.4992	      -38.0176	      -564473.4360	      
17.0000	      3.0000	      0.9645	      0.5068	      3.4040	      -38.5434	      -564472.1271	      
17.0000	      4.0000	      1.2648	      0.3486	      3.4036	      -7.5311	      -537220.7086	      
17.0000	      5.0000	      1.2134	      0.4068	      3.5056	      -38.6542	      -564471.6597	      
17.0000	      6.0000	      1.2663	      0.6731	      3.5057	      -8.7282	      -535042.0654	      
17.0000	      7.0000	      1.3162	      0.7435	      3.3022	      -31.9067	      -564375.8294	      
17.0000	      8.0000	      1.0814	      0.6289	      3.5127	      -38.8463	      -564473.1480	      
17.0000	      9.0000	      1.0469	      0.5249	      3.5421	      -10.7964	      -543752.2777	      
17.0000	      10.0000	      1.0476	      0.5445	      3.4722	      -7.4816	      -536179.1076	      
17.0000	      11.0000	      1.0652	      0.5963	      3.5036	      -30.1252	      -564309.0737	      
17.0000	      12.0000	      1.3446	      0.5446	      3.4628	      -3.5406	      -519360.1147	      
17.0000	      13.0000	      1.1753	      0.5658	      3.4772	      -35.9674	      -564465.1047	      
17.0000	      14.0000	      1.0993	      0.4289	      3.5216	      -12.1730	      -547543.7466	      
17.0000	      15.0000	      1.1889	      0.4372	      3.5273	      -39.0077	      -564472.7549	      
18.0000	      1.0000	      1.2575	      0.5875	      3.5220	      -6.3775	      -532995.7516	      
18.0000	      2.0000	      1.1379	      0.5716	      3.4787	      -38.3259	      -564473.9234	      
18.0000	      3.0000	      0.7559	      0.5249	      3.4996	      -38.6570	      -564461.9669	      
18.0000	      4.0000	      1.2226	      0.2392	      3.3868	      -31.5148	      -564260.8448	      
18.0000	      5.0000	      1.1869	      0.4814	      3.4674	      -38.4952	      -564473.3483	      
18.0000	      6.0000	      1.2091	      0.7323	      3.5124	      -31.4727	      -564408.6774	      
18.0000	      7.0000	      1.3272	      0.6825	      3.4479	      -6.3898	      -529790.5776	      
18.0000	      8.0000	      1.0887	      0.4884	      3.5207	      -38.9429	      -564473.9633	      
18.0000	      9.0000	      1.0652	      0.4924	      3.5341	      -22.9600	      -563326.2231	      
18.0000	      10.0000	      1.0466	      0.5407	      3.4672	      -38.2487	      -564473.1408	      
18.0000	      11.0000	      1.0449	      0.5721	      3.5053	      -9.0384	      -540015.3976	      
18.0000	      12.0000	      1.2675	      0.5338	      3.5615	      -5.1347	      -527121.4858	      
18.0000	      13.0000	      1.1719	      0.4841	      3.4956	      -17.2781	      -559506.4436	      
18.0000	      14.0000	      1.0691	      0.4679	      3.3637	      -38.6830	      -564472.8302	      
18.0000	      15.0000	      1.2003	      0.4673	      3.3617	      -39.0023	      -564471.7802	      
19.0000	      1.0000	      1.2083	      0.5565	      3.5858	      -37.5450	      -564472.0955	      
19.0000	      2.0000	      1.1152	      0.5801	      3.4646	      -38.7180	      -564474.3948	      
19.0000	      3.0000	      0.7656	      0.5311	      3.5187	      -38.7306	      -564462.7280	      
19.0000	      4.0000	      1.1534	      0.2261	      3.3919	      -9.6666	      -543414.8962	      
19.0000	      5.0000	      1.1271	      0.5377	      3.4438	      -38.4047	      -564474.0008	      
19.0000	      6.0000	      1.1779	      0.7197	      3.5155	      -11.0634	      -545626.5563	      
19.0000	      7.0000	      1.3301	      0.6300	      3.5650	      -35.5492	      -564467.6615	      
19.0000	      8.0000	      1.0810	      0.3985	      3.5233	      -39.0388	      -564472.6139	      
19.0000	      9.0000	      1.0740	      0.4782	      3.5259	      -30.1105	      -564297.5792	      
19.0000	      10.0000	      1.0437	      0.5340	      3.4679	      -20.0724	      -562206.1079	      
19.0000	      11.0000	      1.0345	      0.5668	      3.5076	      -30.7572	      -564327.6311	      
19.0000	      12.0000	      1.2547	      0.5260	      3.3089	      -12.1727	      -545762.3386	      
19.0000	      13.0000	      1.1314	      0.5135	      3.5031	      -0.5420	      -516040.2865	      
19.0000	      14.0000	      1.0398	      0.5103	      3.4792	      -17.2848	      -559635.3173	      
19.0000	      15.0000	      1.1940	      0.5120	      3.5028	      -39.0245	      -564473.7588	      
20.0000	      1.0000	      1.1515	      0.5297	      3.3237	      -19.7460	      -561756.5156	      
20.0000	      2.0000	      1.0959	      0.5801	      3.4574	      -39.0435	      -564474.7718	      
20.0000	      3.0000	      0.9345	      0.5272	      3.4759	      -38.7993	      -564472.2035	      
20.0000	      4.0000	      1.0984	      0.2674	      3.3990	      -30.3407	      -564177.5822	      
20.0000	      5.0000	      1.0835	      0.5765	      3.4293	      -38.3996	      -564473.6202	      
20.0000	      6.0000	      1.1827	      0.6853	      3.5251	      -2.1099	      -515663.0812	      
20.0000	      7.0000	      1.2626	      0.5704	      3.3467	      -16.4838	      -559007.7362	      
20.0000	      8.0000	      1.0728	      0.4105	      3.5144	      -39.0707	      -564473.1176	      
20.0000	      9.0000	      1.0464	      0.4687	      3.5261	      -28.1386	      -564138.8801	      
20.0000	      10.0000	      1.0385	      0.5293	      3.4731	      -4.2337	      -523619.6800	      
20.0000	      11.0000	      1.0636	      0.5756	      3.5098	      -8.3662	      -538358.0011	      
20.0000	      12.0000	      1.1913	      0.5195	      3.3743	      -16.7211	      -559318.0624	      
20.0000	      13.0000	      1.1622	      0.5695	      3.4829	      -38.1954	      -564473.7031	      
20.0000	      14.0000	      1.0229	      0.5406	      3.5326	      -3.0250	      -516255.9149	      
20.0000	      15.0000	      1.0765	      0.5377	      3.3001	      -39.0625	      -564472.3553	      
21.0000	      1.0000	      1.1182	      0.5130	      3.4123	      -9.7638	      -543892.8726	      
21.0000	      2.0000	      1.0823	      0.5801	      3.4523	      -39.2713	      -564474.9828	      
21.0000	      3.0000	      1.0965	      0.5310	      3.4438	      -38.8919	      -564474.9171	      
21.0000	      4.0000	      1.1114	      0.3339	      3.4123	      -7.1228	      -534113.6745	      
21.0000	      5.0000	      1.0573	      0.5910	      3.4295	      -38.5890	      -564473.7001	      
21.0000	      6.0000	      1.2121	      0.6372	      3.5208	      -36.2447	      -564469.2592	      
21.0000	      7.0000	      1.2365	      0.5379	      3.5083	      -2.5291	      -517231.0899	      
21.0000	      8.0000	      1.0811	      0.4689	      3.4957	      -39.0360	      -564474.3458	      
21.0000	      9.0000	      1.0213	      0.4843	      3.5209	      -20.0892	      -562185.2401	      
21.0000	      10.0000	      1.0455	      0.5303	      3.4758	      -34.4239	      -564436.6133	      
21.0000	      11.0000	      1.1050	      0.5981	      3.5059	      -27.7990	      -564165.8827	      
21.0000	      12.0000	      1.1742	      0.5204	      3.4916	      -13.5448	      -552351.2262	      
21.0000	      13.0000	      1.1798	      0.6110	      3.4650	      -24.5877	      -563736.2337	      
21.0000	      14.0000	      1.0352	      0.5574	      3.4859	      -32.9446	      -564403.2514	      
21.0000	      15.0000	      0.9924	      0.5478	      3.4788	      -39.0929	      -564474.0185	      
22.0000	      1.0000	      1.1315	      0.5216	      3.5596	      -2.3731	      -513950.6105	      
22.0000	      2.0000	      1.0729	      0.5801	      3.4488	      -39.4308	      -564475.0898	      
22.0000	      3.0000	      1.2064	      0.5360	      3.4221	      -39.0449	      -564473.6541	      
22.0000	      4.0000	      1.1693	      0.3498	      3.4271	      -31.6262	      -564322.9961	      
22.0000	      5.0000	      1.0719	      0.5810	      3.4387	      -38.7533	      -564474.3363	      
22.0000	      6.0000	      1.2071	      0.5992	      3.5146	      -20.5023	      -562602.2687	      
22.0000	      7.0000	      1.1879	      0.5191	      3.3183	      -1.8891	      -524466.6972	      
22.0000	      8.0000	      1.0873	      0.5298	      3.4701	      -39.0715	      -564474.9337	      
22.0000	      9.0000	      1.0069	      0.5179	      3.5101	      -5.8742	      -529303.7659	      
22.0000	      10.0000	      1.0519	      0.5431	      3.4766	      -17.0945	      -559771.9890	      
22.0000	      11.0000	      1.1530	      0.6321	      3.4963	      -5.2249	      -530617.5425	      
22.0000	      12.0000	      1.1992	      0.5376	      3.5811	      -11.7931	      -543921.7766	      
22.0000	      13.0000	      1.1720	      0.6344	      3.4593	      -9.2783	      -540523.4129	      
22.0000	      14.0000	      1.0513	      0.5753	      3.3988	      -16.1140	      -558370.1350	      
22.0000	      15.0000	      0.9537	      0.5592	      3.5990	      -39.1676	      -564469.6796	      
23.0000	      1.0000	      1.1705	      0.5403	      3.3548	      -1.8366	      -523690.2902	      
23.0000	      2.0000	      1.0662	      0.5801	      3.4463	      -39.5424	      -564475.1617	      
23.0000	      3.0000	      1.2138	      0.5515	      3.4211	      -39.1936	      -564473.5057	      
23.0000	      4.0000	      1.2061	      0.4023	      3.4383	      -10.3187	      -544151.7528	      
23.0000	      5.0000	      1.0824	      0.5738	      3.4480	      -38.9149	      -564474.7040	      
23.0000	      6.0000	      1.1962	      0.5763	      3.5013	      -4.9906	      -528848.7291	      
23.0000	      7.0000	      1.2186	      0.5288	      3.5470	      -7.6429	      -536585.5535	      
23.0000	      8.0000	      1.0902	      0.5750	      3.4518	      -39.1722	      -564474.9380	      
23.0000	      9.0000	      1.0018	      0.5272	      3.5161	      -31.2469	      -564336.8875	      
23.0000	      10.0000	      1.0587	      0.5532	      3.4794	      -6.3563	      -532400.3589	      
23.0000	      11.0000	      1.1799	      0.6422	      3.4877	      -26.7489	      -564090.2761	      
23.0000	      12.0000	      1.2553	      0.5488	      3.3308	      -11.3101	      -545512.3051	      
23.0000	      13.0000	      1.1560	      0.6171	      3.4614	      -33.5756	      -564435.1913	      
23.0000	      14.0000	      1.0735	      0.5496	      3.3435	      -4.1420	      -525309.1096	      
23.0000	      15.0000	      0.9543	      0.5645	      3.3335	      -39.2114	      -564473.0905	      
24.0000	      1.0000	      1.2130	      0.5642	      3.5109	      -13.1249	      -550970.5623	      
24.0000	      2.0000	      1.0616	      0.5801	      3.4445	      -39.6206	      -564475.2360	      
24.0000	      3.0000	      1.1443	      0.5607	      3.4329	      -39.3305	      -564474.8951	      
24.0000	      4.0000	      1.2045	      0.4590	      3.4418	      -32.1122	      -564381.5601	      
24.0000	      5.0000	      1.0894	      0.5697	      3.4540	      -39.0789	      -564474.8772	      
24.0000	      6.0000	      1.1772	      0.5891	      3.4787	      -35.4816	      -564462.0278	      
24.0000	      7.0000	      1.2187	      0.5787	      3.4005	      -8.4299	      -538696.4850	      
24.0000	      8.0000	      1.0888	      0.6070	      3.4376	      -39.2437	      -564474.6484	      
24.0000	      9.0000	      1.0146	      0.5076	      3.5039	      -14.3283	      -554242.1168	      
24.0000	      10.0000	      1.0647	      0.5604	      3.4777	      -2.0711	      -517404.5822	      
24.0000	      11.0000	      1.1704	      0.6472	      3.4816	      -2.9916	      -522764.4680	      
24.0000	      12.0000	      1.2464	      0.5513	      3.3998	      -0.4970	      -519261.4569	      
24.0000	      13.0000	      1.1284	      0.5887	      3.4626	      -12.2046	      -549647.2804	      
24.0000	      14.0000	      1.0875	      0.5248	      3.3280	      -0.6494	      -523287.4212	      
24.0000	      15.0000	      0.9851	      0.5643	      3.4004	      -39.3294	      -564474.8132	      
25.0000	      1.0000	      1.2368	      0.5805	      3.3550	      -12.0521	      -547341.1413	      
25.0000	      2.0000	      1.0584	      0.5801	      3.4433	      -39.6753	      -564475.2681	      
25.0000	      3.0000	      1.0554	      0.5602	      3.4415	      -39.4266	      -564475.3746	      
25.0000	      4.0000	      1.1610	      0.5262	      3.4447	      -9.0483	      -541358.0962	      
25.0000	      5.0000	      1.0886	      0.5694	      3.4582	      -39.2239	      -564474.9870	      
25.0000	      6.0000	      1.1716	      0.6106	      3.4692	      -17.4212	      -560374.3381	      
25.0000	      7.0000	      1.1880	      0.6295	      3.5421	      -4.6155	      -528181.1965	      
25.0000	      8.0000	      1.0866	      0.6281	      3.4307	      -39.3994	      -564474.4174	      
25.0000	      9.0000	      1.0123	      0.4851	      3.5082	      -1.2601	      -513558.6130	      
25.0000	      10.0000	      1.0641	      0.5638	      3.4760	      -35.6271	      -564456.9148	      
25.0000	      11.0000	      1.1512	      0.6474	      3.4800	      -25.4798	      -563899.8389	      
25.0000	      12.0000	      1.2259	      0.5554	      3.4869	      -5.3040	      -529350.8188	      
25.0000	      13.0000	      1.1048	      0.5631	      3.4655	      -3.0898	      -522114.9757	      
25.0000	      14.0000	      1.0864	      0.5123	      3.3513	      -36.8747	      -564461.2538	      
25.0000	      15.0000	      1.0243	      0.5686	      3.4542	      -39.4724	      -564475.0136	      
26.0000	      1.0000	      1.2398	      0.5812	      3.5831	      -14.8796	      -556477.8222	      
26.0000	      2.0000	      1.0556	      0.5790	      3.4419	      -39.6459	      -564475.3152	      
26.0000	      3.0000	      0.9932	      0.5599	      3.4474	      -39.4939	      -564474.9679	      
26.0000	      4.0000	      1.1106	      0.5784	      3.4461	      -31.8657	      -564377.0487	      
26.0000	      5.0000	      1.0797	      0.5672	      3.4583	      -39.3820	      -564475.1274	      
26.0000	      6.0000	      1.1788	      0.6378	      3.4792	      -38.5007	      -564473.2056	      
26.0000	      7.0000	      1.1728	      0.6600	      3.3226	      -7.9621	      -534648.1255	      
26.0000	      8.0000	      1.0793	      0.6042	      3.4381	      -39.4302	      -564474.8335	      
26.0000	      9.0000	      1.0156	      0.4763	      3.5273	      -29.7980	      -564256.9059	      
26.0000	      10.0000	      1.0613	      0.5588	      3.4732	      -21.8701	      -562960.0276	      
26.0000	      11.0000	      1.1224	      0.6352	      3.4845	      -8.0111	      -536824.9253	      
26.0000	      12.0000	      1.1841	      0.5475	      3.5460	      -3.7038	      -522272.5331	      
26.0000	      13.0000	      1.1036	      0.5453	      3.4683	      -35.6514	      -564458.8818	      
26.0000	      14.0000	      1.0817	      0.4864	      3.3865	      -23.4107	      -563286.6036	      
26.0000	      15.0000	      1.0580	      0.5715	      3.4887	      -39.5687	      -564474.5777	      
27.0000	      1.0000	      1.1912	      0.5721	      3.4062	      -18.4292	      -560957.9566	      
27.0000	      2.0000	      1.0536	      0.5767	      3.4409	      -39.6120	      -564475.3454	      
27.0000	      3.0000	      0.9806	      0.5599	      3.4477	      -39.4900	      -564474.8245	      
27.0000	      4.0000	      1.1042	      0.5769	      3.4450	      -9.4187	      -542114.5118	      
27.0000	      5.0000	      1.0708	      0.5650	      3.4535	      -39.4988	      -564475.2518	      
27.0000	      6.0000	      1.1609	      0.6491	      3.4834	      -13.5197	      -553434.6241	      
27.0000	      7.0000	      1.2165	      0.6646	      3.4733	      -4.3563	      -528501.2942	      
27.0000	      8.0000	      1.0734	      0.5822	      3.4459	      -39.4205	      -564475.1035	      
27.0000	      9.0000	      1.0163	      0.4704	      3.5480	      -13.0262	      -549808.5559	      
27.0000	      10.0000	      1.0564	      0.5477	      3.4705	      -10.4947	      -544817.8453	      
27.0000	      11.0000	      1.0941	      0.6273	      3.5000	      -32.0513	      -564396.4727	      
27.0000	      12.0000	      1.1713	      0.5344	      3.5650	      -39.1392	      -564472.6876	      
27.0000	      13.0000	      1.1045	      0.5400	      3.4634	      -19.8332	      -562117.4365	      
27.0000	      14.0000	      1.0736	      0.4842	      3.4101	      -10.7773	      -546258.4431	      
27.0000	      15.0000	      1.0683	      0.5713	      3.4915	      -39.5865	      -564474.5511	      
28.0000	      1.0000	      1.1626	      0.5644	      3.5709	      -17.5079	      -560586.5383	      
28.0000	      2.0000	      1.0527	      0.5723	      3.4402	      -39.5548	      -564475.3425	      
28.0000	      3.0000	      1.0003	      0.5600	      3.4463	      -39.4607	      -564475.0265	      
28.0000	      4.0000	      1.1019	      0.5403	      3.4437	      -34.7409	      -564444.6076	      
28.0000	      5.0000	      1.0606	      0.5633	      3.4494	      -39.5754	      -564475.3721	      
28.0000	      6.0000	      1.1441	      0.6260	      3.4851	      -38.9562	      -564473.7417	      
28.0000	      7.0000	      1.2451	      0.6371	      3.5948	      -39.3246	      -564470.1005	      
28.0000	      8.0000	      1.0672	      0.5647	      3.4512	      -39.4154	      -564475.2237	      
28.0000	      9.0000	      1.0113	      0.4744	      3.5655	      -32.5272	      -564393.6432	      
28.0000	      10.0000	      1.0440	      0.5387	      3.4621	      -3.0752	      -520187.9064	      
28.0000	      11.0000	      1.0778	      0.6204	      3.5089	      -10.3447	      -543774.8317	      
28.0000	      12.0000	      1.1609	      0.5258	      3.5612	      -24.0102	      -563677.4230	      
28.0000	      13.0000	      1.0997	      0.5521	      3.4612	      -38.2655	      -564473.7499	      
28.0000	      14.0000	      1.0616	      0.4974	      3.4119	      -7.2179	      -534741.2784	      
28.0000	      15.0000	      1.0656	      0.5700	      3.4722	      -39.5608	      -564474.9316	      
29.0000	      1.0000	      1.1367	      0.5566	      3.3659	      -15.4384	      -557147.5166	      
29.0000	      2.0000	      1.0523	      0.5691	      3.4397	      -39.5072	      -564475.3379	      
29.0000	      3.0000	      1.0320	      0.5602	      3.4428	      -39.4238	      -564475.2857	      
29.0000	      4.0000	      1.0886	      0.5185	      3.4427	      -13.6014	      -552821.2600	      
29.0000	      5.0000	      1.0527	      0.5619	      3.4444	      -39.5882	      -564475.4332	      
29.0000	      6.0000	      1.1198	      0.5971	      3.4765	      -16.7715	      -559580.3771	      
29.0000	      7.0000	      1.2505	      0.6104	      3.3383	      -23.8153	      -563433.7446	      
29.0000	      8.0000	      1.0616	      0.5523	      3.4533	      -39.4146	      -564475.3261	      
29.0000	      9.0000	      1.0134	      0.4797	      3.5530	      -9.7398	      -541156.9532	      
29.0000	      10.0000	      1.0339	      0.5325	      3.4558	      -3.0517	      -519834.2528	      
29.0000	      11.0000	      1.0917	      0.6147	      3.5061	      -34.2298	      -564444.1083	      
29.0000	      12.0000	      1.1453	      0.5277	      3.5241	      -7.9697	      -537807.6778	      
29.0000	      13.0000	      1.0880	      0.5610	      3.4579	      -11.3724	      -547529.8370	      
29.0000	      14.0000	      1.0566	      0.5041	      3.3987	      -5.1725	      -527194.2466	      
29.0000	      15.0000	      1.0505	      0.5676	      3.4552	      -39.4663	      -564475.1286	      
30.0000	      1.0000	      1.1332	      0.5513	      3.5179	      -14.2976	      -554893.2314	      
30.0000	      2.0000	      1.0524	      0.5701	      3.4408	      -39.5116	      -564475.3459	      
30.0000	      3.0000	      1.0616	      0.5608	      3.4404	      -39.4022	      -564475.3516	      
30.0000	      4.0000	      1.0690	      0.5196	      3.4429	      -36.2661	      -564461.0781	      
30.0000	      5.0000	      1.0472	      0.5610	      3.4408	      -39.5971	      -564475.4768	      
30.0000	      6.0000	      1.1074	      0.5848	      3.4652	      -34.0215	      -564437.2806	      
30.0000	      7.0000	      1.1963	      0.5848	      3.4257	      -12.6935	      -550126.4221	      
30.0000	      8.0000	      1.0558	      0.5441	      3.4531	      -39.4623	      -564475.3883	      
30.0000	      9.0000	      1.0098	      0.4923	      3.5181	      -31.1718	      -564331.4083	      
30.0000	      10.0000	      1.0315	      0.5349	      3.4609	      -14.6398	      -555398.0140	      
30.0000	      11.0000	      1.1182	      0.6052	      3.4943	      -13.0916	      -552105.1201	      
30.0000	      12.0000	      1.1383	      0.5400	      3.4848	      -0.4468	      -516179.3474	      
30.0000	      13.0000	      1.0735	      0.5670	      3.4561	      -33.6733	      -564423.6979	      
30.0000	      14.0000	      1.0565	      0.5141	      3.3966	      -13.8625	      -553412.1935	      
30.0000	      15.0000	      1.0403	      0.5656	      3.4416	      -39.4072	      -564475.2645	      
31.0000	      1.0000	      1.1387	      0.5483	      3.3396	      -18.9319	      -561293.0546	      
31.0000	      2.0000	      1.0523	      0.5685	      3.4416	      -39.5314	      -564475.3708	      
31.0000	      3.0000	      1.0811	      0.5612	      3.4390	      -39.4464	      -564475.3686	      
31.0000	      4.0000	      1.0499	      0.5309	      3.4428	      -12.1316	      -549184.6137	      
31.0000	      5.0000	      1.0433	      0.5604	      3.4384	      -39.6033	      -564475.5264	      
31.0000	      6.0000	      1.1035	      0.5895	      3.4570	      -9.0518	      -540671.0317	      
31.0000	      7.0000	      1.1741	      0.5811	      3.5223	      -6.2340	      -533017.7460	      
31.0000	      8.0000	      1.0497	      0.5394	      3.4509	      -39.5240	      -564475.5058	      
31.0000	      9.0000	      1.0050	      0.4927	      3.4918	      -9.1442	      -541314.0509	      
31.0000	      10.0000	      1.0346	      0.5421	      3.4658	      -26.8069	      -563975.1959	      
31.0000	      11.0000	      1.1394	      0.6122	      3.4852	      -38.5426	      -564473.7576	      
31.0000	      12.0000	      1.1318	      0.5500	      3.4627	      -2.6200	      -521158.4617	      
31.0000	      13.0000	      1.0713	      0.5692	      3.4515	      -10.8955	      -546322.3148	      
31.0000	      14.0000	      1.0552	      0.5285	      3.3950	      -19.4386	      -561733.2708	      
31.0000	      15.0000	      1.0345	      0.5641	      3.4320	      -39.4111	      -564475.3427	      
32.0000	      1.0000	      1.1263	      0.5497	      3.5013	      -19.5745	      -562059.1680	      
32.0000	      2.0000	      1.0500	      0.5668	      3.4414	      -39.5550	      -564475.3873	      
32.0000	      3.0000	      1.0819	      0.5609	      3.4386	      -39.4748	      -564475.4069	      
32.0000	      4.0000	      1.0393	      0.5396	      3.4419	      -29.0171	      -564184.1188	      
32.0000	      5.0000	      1.0405	      0.5599	      3.4366	      -39.6077	      -564475.5483	      
32.0000	      6.0000	      1.1040	      0.6027	      3.4613	      -32.6356	      -564405.6371	      
32.0000	      7.0000	      1.1307	      0.5869	      3.3012	      -7.4083	      -532875.1058	      
32.0000	      8.0000	      1.0440	      0.5370	      3.4463	      -39.5851	      -564475.6288	      
32.0000	      9.0000	      1.0104	      0.4884	      3.4790	      -34.0297	      -564421.5291	      
32.0000	      10.0000	      1.0379	      0.5492	      3.4716	      -29.9309	      -564266.4709	      
32.0000	      11.0000	      1.1459	      0.6026	      3.4716	      -16.4882	      -559243.7338	      
32.0000	      12.0000	      1.1191	      0.5547	      3.4460	      -1.0738	      -518634.6345	      
32.0000	      13.0000	      1.0823	      0.5624	      3.4463	      -31.8245	      -564367.4763	      
32.0000	      14.0000	      1.0570	      0.5203	      3.3962	      -21.9704	      -562869.3924	      
32.0000	      15.0000	      1.0306	      0.5627	      3.4259	      -39.4365	      -564475.4088	      
33.0000	      1.0000	      1.1124	      0.5504	      3.3163	      -10.8151	      -546299.4849	      
33.0000	      2.0000	      1.0482	      0.5582	      3.4424	      -39.5729	      -564475.4913	      
33.0000	      3.0000	      1.0798	      0.5583	      3.4402	      -39.5033	      -564475.4472	      
33.0000	      4.0000	      1.0330	      0.5430	      3.4423	      -6.4438	      -532330.6712	      
33.0000	      5.0000	      1.0396	      0.5555	      3.4363	      -39.6062	      -564475.5931	      
33.0000	      6.0000	      1.1066	      0.6031	      3.4724	      -10.0714	      -543516.6163	      
33.0000	      7.0000	      1.1217	      0.5830	      3.4301	      -7.3461	      -535455.8893	      
33.0000	      8.0000	      1.0401	      0.5352	      3.4430	      -39.6278	      -564475.6830	      
33.0000	      9.0000	      1.0112	      0.4921	      3.5004	      -13.5481	      -551629.9020	      
33.0000	      10.0000	      1.0418	      0.5523	      3.4758	      -25.7688	      -563846.0300	      
33.0000	      11.0000	      1.1345	      0.5911	      3.4618	      -34.9432	      -564453.3194	      
33.0000	      12.0000	      1.0959	      0.5519	      3.4837	      -12.2073	      -549434.7130	      
33.0000	      13.0000	      1.0867	      0.5487	      3.4431	      -9.8490	      -543568.2168	      
33.0000	      14.0000	      1.0613	      0.5053	      3.3944	      -15.3229	      -556815.1094	      
33.0000	      15.0000	      1.0290	      0.5572	      3.4253	      -39.4595	      -564475.5304	      
34.0000	      1.0000	      1.0989	      0.5511	      3.4494	      -38.2629	      -564473.6944	      
34.0000	      2.0000	      1.0467	      0.5482	      3.4432	      -39.5874	      -564475.5683	      
34.0000	      3.0000	      1.0696	      0.5527	      3.4417	      -39.5278	      -564475.5171	      
34.0000	      4.0000	      1.0364	      0.5398	      3.4426	      -31.0645	      -564316.0076	      
34.0000	      5.0000	      1.0389	      0.5504	      3.4376	      -39.6064	      -564475.6340	      
34.0000	      6.0000	      1.1161	      0.5919	      3.4783	      -2.1173	      -518634.3188	      
34.0000	      7.0000	      1.1426	      0.5829	      3.5998	      -12.9959	      -551038.1891	      
34.0000	      8.0000	      1.0373	      0.5340	      3.4407	      -39.6578	      -564475.7682	      
34.0000	      9.0000	      1.0035	      0.4902	      3.5284	      -39.3733	      -564473.5356	      
34.0000	      10.0000	      1.0434	      0.5474	      3.4741	      -17.8507	      -560494.3466	      
34.0000	      11.0000	      1.1082	      0.5763	      3.4615	      -9.6877	      -542613.0415	      
34.0000	      12.0000	      1.0692	      0.5449	      3.5093	      -21.3303	      -562829.5339	      
34.0000	      13.0000	      1.0855	      0.5388	      3.4417	      -29.9810	      -564272.0615	      
34.0000	      14.0000	      1.0630	      0.4910	      3.4017	      -9.0416	      -541945.9902	      
34.0000	      15.0000	      1.0306	      0.5470	      3.4301	      -39.5256	      -564475.6048	      
35.0000	      1.0000	      1.0718	      0.5506	      3.5424	      -17.5000	      -560355.8777	      
35.0000	      2.0000	      1.0444	      0.5405	      3.4437	      -39.6030	      -564475.6364	      
35.0000	      3.0000	      1.0612	      0.5460	      3.4428	      -39.5797	      -564475.5739	      
35.0000	      4.0000	      1.0508	      0.5322	      3.4427	      -10.7158	      -545770.8776	      
35.0000	      5.0000	      1.0384	      0.5423	      3.4386	      -39.6204	      -564475.7081	      
35.0000	      6.0000	      1.1124	      0.5922	      3.4763	      -36.4125	      -564466.4104	      
35.0000	      7.0000	      1.1464	      0.5936	      3.4117	      -10.9997	      -546938.9886	      
35.0000	      8.0000	      1.0354	      0.5331	      3.4391	      -39.6787	      -564475.7732	      
35.0000	      9.0000	      1.0010	      0.4921	      3.5465	      -17.4648	      -559965.5321	      
35.0000	      10.0000	      1.0418	      0.5398	      3.4679	      -5.0770	      -527200.2323	      
35.0000	      11.0000	      1.0948	      0.5584	      3.4673	      -31.7162	      -564372.0775	      
35.0000	      12.0000	      1.0455	      0.5356	      3.5472	      -21.7567	      -562992.6810	      
35.0000	      13.0000	      1.0838	      0.5336	      3.4491	      -8.3224	      -539182.8862	      
35.0000	      14.0000	      1.0571	      0.4755	      3.4047	      -4.1493	      -523723.6883	      
35.0000	      15.0000	      1.0330	      0.5392	      3.4338	      -39.5961	      -564475.7222	      
36.0000	      1.0000	      1.0626	      0.5495	      3.5848	      -38.0790	      -564471.4156	      
36.0000	      2.0000	      1.0413	      0.5349	      3.4430	      -39.6260	      -564475.7102	      
36.0000	      3.0000	      1.0537	      0.5391	      3.4431	      -39.6362	      -564475.6707	      
36.0000	      4.0000	      1.0608	      0.5248	      3.4424	      -28.1444	      -564115.5937	      
36.0000	      5.0000	      1.0373	      0.5343	      3.4394	      -39.6428	      -564475.7513	      
36.0000	      6.0000	      1.0994	      0.5781	      3.4752	      -20.6127	      -562534.2637	      
36.0000	      7.0000	      1.1505	      0.5997	      3.5703	      -6.2161	      -533060.4189	      
36.0000	      8.0000	      1.0340	      0.5325	      3.4380	      -39.6934	      -564475.7949	      
36.0000	      9.0000	      1.0005	      0.5047	      3.5362	      -33.8050	      -564423.5711	      
36.0000	      10.0000	      1.0381	      0.5322	      3.4617	      -36.0658	      -564458.6435	      
36.0000	      11.0000	      1.0849	      0.5481	      3.4734	      -10.1088	      -543682.6576	      
36.0000	      12.0000	      1.0416	      0.5286	      3.5531	      -11.1772	      -544847.5066	      
36.0000	      13.0000	      1.0879	      0.5361	      3.4526	      -27.9567	      -564122.3433	      
36.0000	      14.0000	      1.0525	      0.4682	      3.4042	      -6.5092	      -531431.2833	      
36.0000	      15.0000	      1.0353	      0.5338	      3.4366	      -39.6534	      -564475.8135	      
37.0000	      1.0000	      1.0616	      0.5457	      3.5844	      -12.9716	      -550909.7626	      
37.0000	      2.0000	      1.0374	      0.5307	      3.4415	      -39.6437	      -564475.7516	      
37.0000	      3.0000	      1.0465	      0.5337	      3.4424	      -39.6775	      -564475.7283	      
37.0000	      4.0000	      1.0610	      0.5214	      3.4412	      -2.9711	      -521085.8419	      
37.0000	      5.0000	      1.0363	      0.5288	      3.4395	      -39.6602	      -564475.8257	      
37.0000	      6.0000	      1.0954	      0.5577	      3.4779	      -9.3894	      -541557.1518	      
37.0000	      7.0000	      1.1293	      0.5976	      3.3468	      -7.6968	      -535224.2358	      
37.0000	      8.0000	      1.0333	      0.5323	      3.4371	      -39.6955	      -564475.8404	      
37.0000	      9.0000	      1.0071	      0.5170	      3.5222	      -7.4637	      -535870.5645	      
37.0000	      10.0000	      1.0353	      0.5277	      3.4600	      -19.5831	      -561908.7472	      
37.0000	      11.0000	      1.0772	      0.5466	      3.4763	      -28.1533	      -564153.6334	      
37.0000	      12.0000	      1.0603	      0.5275	      3.5567	      -1.2264	      -511179.3771	      
37.0000	      13.0000	      1.0843	      0.5448	      3.4540	      -8.2661	      -538858.2541	      
37.0000	      14.0000	      1.0472	      0.4792	      3.4008	      -1.9843	      -520977.1853	      
37.0000	      15.0000	      1.0368	      0.5300	      3.4386	      -39.6936	      -564475.8228	      
38.0000	      1.0000	      1.0632	      0.5409	      3.5488	      -36.3518	      -564465.4801	      
38.0000	      2.0000	      1.0344	      0.5278	      3.4401	      -39.6622	      -564475.7641	      
38.0000	      3.0000	      1.0384	      0.5294	      3.4417	      -39.7076	      -564475.7929	      
38.0000	      4.0000	      1.0554	      0.5197	      3.4396	      -28.1974	      -564114.0489	      
38.0000	      5.0000	      1.0347	      0.5253	      3.4391	      -39.6793	      -564475.8237	      
38.0000	      6.0000	      1.0827	      0.5450	      3.4793	      -2.8016	      -519937.1748	      
38.0000	      7.0000	      1.1435	      0.6053	      3.5070	      -39.1918	      -564473.7263	      
38.0000	      8.0000	      1.0329	      0.5321	      3.4364	      -39.6971	      -564475.8081	      
38.0000	      9.0000	      1.0187	      0.5237	      3.5073	      -27.9877	      -564118.1906	      
38.0000	      10.0000	      1.0335	      0.5256	      3.4597	      -6.1332	      -531112.3966	      
38.0000	      11.0000	      1.0862	      0.5628	      3.4722	      -5.4597	      -529813.7903	      
38.0000	      12.0000	      1.1073	      0.5296	      3.5395	      -38.5297	      -564473.4753	      
38.0000	      13.0000	      1.0844	      0.5475	      3.4533	      -31.6707	      -564362.4388	      
38.0000	      14.0000	      1.0510	      0.4874	      3.4001	      -31.2299	      -564302.4598	      
38.0000	      15.0000	      1.0374	      0.5278	      3.4396	      -39.7219	      -564475.8504	      
39.0000	      1.0000	      1.0764	      0.5364	      3.4690	      -13.3188	      -552176.6666	      
39.0000	      2.0000	      1.0331	      0.5258	      3.4391	      -39.6902	      -564475.8330	      
39.0000	      3.0000	      1.0327	      0.5263	      3.4408	      -39.7297	      -564475.8424	      
39.0000	      4.0000	      1.0469	      0.5191	      3.4395	      -9.1777	      -541918.9310	      
39.0000	      5.0000	      1.0346	      0.5234	      3.4389	      -39.6890	      -564475.8603	      
39.0000	      6.0000	      1.0953	      0.5475	      3.4792	      -37.8210	      -564472.5899	      
39.0000	      7.0000	      1.1263	      0.6056	      3.3173	      -21.2519	      -562461.0498	      
39.0000	      8.0000	      1.0328	      0.5317	      3.4372	      -39.7017	      -564475.8047	      
39.0000	      9.0000	      1.0279	      0.5194	      3.4911	      -5.0575	      -526219.1492	      
39.0000	      10.0000	      1.0346	      0.5272	      3.4628	      -31.7859	      -564354.2617	      
39.0000	      11.0000	      1.0868	      0.5701	      3.4695	      -25.8797	      -563896.1842	      
39.0000	      12.0000	      1.1356	      0.5308	      3.5245	      -24.8765	      -563795.2593	      
39.0000	      13.0000	      1.0758	      0.5480	      3.4524	      -11.6596	      -548192.2961	      
39.0000	      14.0000	      1.0541	      0.4946	      3.3946	      -14.7506	      -555516.5756	      
39.0000	      15.0000	      1.0378	      0.5262	      3.4402	      -39.7417	      -564475.8514	      
40.0000	      1.0000	      1.0924	      0.5361	      3.3993	      -1.8582	      -521528.9873	      
40.0000	      2.0000	      1.0322	      0.5237	      3.4384	      -39.7096	      -564475.8491	      
40.0000	      3.0000	      1.0286	      0.5239	      3.4400	      -39.7367	      -564475.8736	      
40.0000	      4.0000	      1.0447	      0.5198	      3.4407	      -39.5665	      -564475.7457	      
40.0000	      5.0000	      1.0344	      0.5220	      3.4387	      -39.6959	      -564475.8731	      
40.0000	      6.0000	      1.0979	      0.5661	      3.4778	      -22.5778	      -563210.8832	      
40.0000	      7.0000	      1.1034	      0.5961	      3.5006	      -2.9394	      -520645.6673	      
40.0000	      8.0000	      1.0330	      0.5305	      3.4377	      -39.7001	      -564475.8314	      
40.0000	      9.0000	      1.0272	      0.5107	      3.4822	      -26.8622	      -563977.3643	      
40.0000	      10.0000	      1.0353	      0.5303	      3.4676	      -10.8011	      -545517.3913	      
40.0000	      11.0000	      1.0964	      0.5672	      3.4641	      -6.0497	      -531948.8447	      
40.0000	      12.0000	      1.1481	      0.5303	      3.5190	      -7.5942	      -536834.4406	      
40.0000	      13.0000	      1.0598	      0.5434	      3.4518	      -38.7946	      -564474.6224	      
40.0000	      14.0000	      1.0566	      0.5045	      3.3849	      -33.6291	      -564401.6013	      
40.0000	      15.0000	      1.0374	      0.5244	      3.4404	      -39.7501	      -564475.8933	      
41.0000	      1.0000	      1.1007	      0.5347	      3.3733	      -29.2736	      -564188.8957	      
41.0000	      2.0000	      1.0325	      0.5223	      3.4384	      -39.7275	      -564475.8758	      
41.0000	      3.0000	      1.0272	      0.5224	      3.4395	      -39.7438	      -564475.8632	      
41.0000	      4.0000	      1.0418	      0.5209	      3.4415	      -20.8902	      -562527.6276	      
41.0000	      5.0000	      1.0352	      0.5212	      3.4386	      -39.7076	      -564475.8949	      
41.0000	      6.0000	      1.0843	      0.6020	      3.4699	      -12.2564	      -549999.4730	      
41.0000	      7.0000	      1.1053	      0.5930	      3.3220	      -22.3164	      -562887.3329	      
41.0000	      8.0000	      1.0346	      0.5295	      3.4382	      -39.7038	      -564475.8052	      
41.0000	      9.0000	      1.0276	      0.4977	      3.4758	      -4.5940	      -523968.9278	      
41.0000	      10.0000	      1.0366	      0.5320	      3.4705	      -27.1000	      -564012.4907	      
41.0000	      11.0000	      1.0962	      0.5660	      3.4603	      -0.1898	      -516154.4932	      
41.0000	      12.0000	      1.1271	      0.5283	      3.5185	      -2.4382	      -518318.6451	      
41.0000	      13.0000	      1.0483	      0.5378	      3.4492	      -17.9465	      -560112.1814	      
41.0000	      14.0000	      1.0557	      0.5055	      3.3780	      -7.2405	      -534525.4775	      
41.0000	      15.0000	      1.0372	      0.5232	      3.4406	      -39.7560	      -564475.8478	      
42.0000	      1.0000	      1.1016	      0.5345	      3.3885	      -11.1830	      -547328.9886	      
42.0000	      2.0000	      1.0334	      0.5212	      3.4385	      -39.7369	      -564475.8872	      
42.0000	      3.0000	      1.0280	      0.5212	      3.4391	      -39.7371	      -564475.8497	      
42.0000	      4.0000	      1.0394	      0.5212	      3.4413	      -37.4891	      -564469.3682	      
42.0000	      5.0000	      1.0357	      0.5207	      3.4385	      -39.7158	      -564475.8707	      
42.0000	      6.0000	      1.0887	      0.6189	      3.4712	      -0.2585	      -513730.3394	      
42.0000	      7.0000	      1.1213	      0.5771	      3.4609	      -2.8822	      -521970.9335	      
42.0000	      8.0000	      1.0352	      0.5294	      3.4386	      -39.7070	      -564475.8242	      
42.0000	      9.0000	      1.0274	      0.4900	      3.4808	      -20.1426	      -562186.8542	      
42.0000	      10.0000	      1.0375	      0.5338	      3.4722	      -0.3565	      -514489.0742	      
42.0000	      11.0000	      1.1118	      0.5635	      3.4601	      -0.3492	      -516645.3126	      
42.0000	      12.0000	      1.0910	      0.5267	      3.5098	      -0.7137	      -514633.3039	      
42.0000	      13.0000	      1.0416	      0.5329	      3.4466	      -4.1902	      -524064.8375	      
42.0000	      14.0000	      1.0515	      0.5011	      3.3768	      -32.5062	      -564357.4928	      
42.0000	      15.0000	      1.0370	      0.5224	      3.4402	      -39.7498	      -564475.8533	      
43.0000	      1.0000	      1.0906	      0.5349	      3.4172	      -32.4176	      -564379.6262	      
43.0000	      2.0000	      1.0341	      0.5205	      3.4385	      -39.7406	      -564475.9106	      
43.0000	      3.0000	      1.0297	      0.5209	      3.4390	      -39.7302	      -564475.8888	      
43.0000	      4.0000	      1.0377	      0.5209	      3.4405	      -9.5795	      -542923.7330	      
43.0000	      5.0000	      1.0358	      0.5206	      3.4385	      -39.7166	      -564475.8721	      
43.0000	      6.0000	      1.0949	      0.6226	      3.4701	      -31.3994	      -564366.7369	      
43.0000	      7.0000	      1.1264	      0.5675	      3.5589	      -26.7224	      -564092.2950	      
43.0000	      8.0000	      1.0355	      0.5301	      3.4386	      -39.7048	      -564475.8420	      
43.0000	      9.0000	      1.0189	      0.4882	      3.4787	      -34.6811	      -564436.4762	      
43.0000	      10.0000	      1.0383	      0.5323	      3.4647	      -28.9412	      -564189.5156	      
43.0000	      11.0000	      1.1232	      0.5556	      3.4654	      -15.3569	      -557236.0760	      
43.0000	      12.0000	      1.0497	      0.5255	      3.5040	      -12.8155	      -550598.4563	      
43.0000	      13.0000	      1.0410	      0.5323	      3.4446	      -28.4884	      -564140.0881	      
43.0000	      14.0000	      1.0484	      0.4966	      3.3874	      -12.8464	      -550759.4095	      
43.0000	      15.0000	      1.0368	      0.5216	      3.4397	      -39.7376	      -564475.8710	      
44.0000	      1.0000	      1.0696	      0.5395	      3.4442	      -8.4226	      -539447.4880	      
44.0000	      2.0000	      1.0345	      0.5199	      3.4385	      -39.7432	      -564475.9113	      
44.0000	      3.0000	      1.0313	      0.5207	      3.4387	      -39.7263	      -564475.8691	      
44.0000	      4.0000	      1.0380	      0.5203	      3.4398	      -35.2955	      -564446.5464	      
44.0000	      5.0000	      1.0355	      0.5206	      3.4385	      -39.7155	      -564475.8794	      
44.0000	      6.0000	      1.1040	      0.5979	      3.4704	      -15.0525	      -556774.2816	      
44.0000	      7.0000	      1.1122	      0.5603	      3.3067	      -11.6746	      -547648.2725	      
44.0000	      8.0000	      1.0356	      0.5300	      3.4386	      -39.7089	      -564475.8285	      
44.0000	      9.0000	      1.0135	      0.4929	      3.4959	      -7.1007	      -534286.2105	      
44.0000	      10.0000	      1.0376	      0.5312	      3.4636	      -15.1787	      -556588.8982	      
44.0000	      11.0000	      1.1310	      0.5495	      3.4686	      -24.0923	      -563594.6761	      
44.0000	      12.0000	      1.0406	      0.5236	      3.4972	      -11.0127	      -545555.3633	      
44.0000	      13.0000	      1.0496	      0.5327	      3.4450	      -12.0501	      -548989.4163	      
44.0000	      14.0000	      1.0481	      0.4845	      3.3966	      -29.2622	      -564164.6632	      
44.0000	      15.0000	      1.0364	      0.5209	      3.4393	      -39.7298	      -564475.8744	      
45.0000	      1.0000	      1.0612	      0.5465	      3.4653	      -0.3140	      -515453.4629	      
45.0000	      2.0000	      1.0349	      0.5196	      3.4385	      -39.7450	      -564475.8853	      
45.0000	      3.0000	      1.0326	      0.5205	      3.4387	      -39.7281	      -564475.8723	      
45.0000	      4.0000	      1.0392	      0.5197	      3.4395	      -15.3299	      -556838.7780	      
45.0000	      5.0000	      1.0350	      0.5206	      3.4385	      -39.7164	      -564475.8997	      
45.0000	      6.0000	      1.1107	      0.5797	      3.4697	      -33.7656	      -564433.3004	      
45.0000	      7.0000	      1.0883	      0.5471	      3.4034	      -1.6175	      -520903.9717	      
45.0000	      8.0000	      1.0355	      0.5300	      3.4386	      -39.7144	      -564475.8428	      
45.0000	      9.0000	      1.0077	      0.5033	      3.5102	      -32.8799	      -564396.4675	      
45.0000	      10.0000	      1.0366	      0.5288	      3.4645	      -9.5374	      -542441.0008	      
45.0000	      11.0000	      1.1352	      0.5573	      3.4662	      -22.3533	      -563155.2062	      
45.0000	      12.0000	      1.0424	      0.5245	      3.4907	      -8.2402	      -538747.8791	      
45.0000	      13.0000	      1.0589	      0.5330	      3.4470	      -36.5238	      -564463.4338	      
45.0000	      14.0000	      1.0526	      0.4696	      3.4025	      -5.1524	      -526419.6016	      
45.0000	      15.0000	      1.0359	      0.5212	      3.4390	      -39.7331	      -564475.9010	      
46.0000	      1.0000	      1.0523	      0.5469	      3.4693	      -8.1985	      -538544.6653	      
46.0000	      2.0000	      1.0349	      0.5194	      3.4385	      -39.7459	      -564475.9240	      
46.0000	      3.0000	      1.0332	      0.5205	      3.4386	      -39.7319	      -564475.8857	      
46.0000	      4.0000	      1.0393	      0.5194	      3.4398	      -38.9271	      -564474.8358	      
46.0000	      5.0000	      1.0346	      0.5205	      3.4386	      -39.7189	      -564475.8712	      
46.0000	      6.0000	      1.1191	      0.5696	      3.4658	      -9.6236	      -542302.7274	      
46.0000	      7.0000	      1.0714	      0.5482	      3.4809	      -8.5202	      -539438.1105	      
46.0000	      8.0000	      1.0352	      0.5292	      3.4386	      -39.7199	      -564475.8275	      
46.0000	      9.0000	      1.0059	      0.5073	      3.5250	      -13.4683	      -551441.0843	      
46.0000	      10.0000	      1.0365	      0.5258	      3.4609	      -10.4485	      -544741.7796	      
46.0000	      11.0000	      1.1178	      0.5661	      3.4601	      -15.9874	      -558360.4379	      
46.0000	      12.0000	      1.0594	      0.5246	      3.4928	      -9.7399	      -542406.8838	      
46.0000	      13.0000	      1.0612	      0.5350	      3.4471	      -14.9049	      -556085.2385	      
46.0000	      14.0000	      1.0591	      0.4617	      3.4098	      -26.2289	      -563828.0513	      
46.0000	      15.0000	      1.0354	      0.5212	      3.4387	      -39.7381	      -564475.9011	      
47.0000	      1.0000	      1.0522	      0.5403	      3.4682	      -12.7840	      -550731.2956	      
47.0000	      2.0000	      1.0350	      0.5193	      3.4386	      -39.7465	      -564475.9312	      
47.0000	      3.0000	      1.0320	      0.5206	      3.4386	      -39.7350	      -564475.8931	      
47.0000	      4.0000	      1.0405	      0.5193	      3.4402	      -15.5171	      -557209.9150	      
47.0000	      5.0000	      1.0345	      0.5203	      3.4386	      -39.7247	      -564475.9269	      
47.0000	      6.0000	      1.1089	      0.5615	      3.4666	      -39.7672	      -564474.9420	      
47.0000	      7.0000	      1.0642	      0.5686	      3.5348	      -22.4147	      -563208.5407	      
47.0000	      8.0000	      1.0351	      0.5260	      3.4385	      -39.7276	      -564475.8799	      
47.0000	      9.0000	      1.0072	      0.5116	      3.5317	      -32.9949	      -564404.3471	      
47.0000	      10.0000	      1.0367	      0.5242	      3.4616	      -1.1464	      -516162.7868	      
47.0000	      11.0000	      1.0910	      0.5775	      3.4668	      -12.3309	      -549947.1930	      
47.0000	      12.0000	      1.0775	      0.5245	      3.5028	      -6.7462	      -533679.1253	      
47.0000	      13.0000	      1.0544	      0.5392	      3.4457	      -35.5730	      -564452.9487	      
47.0000	      14.0000	      1.0605	      0.4703	      3.3979	      -7.7535	      -536979.9669	      
47.0000	      15.0000	      1.0350	      0.5208	      3.4384	      -39.7425	      -564475.8902	      
48.0000	      1.0000	      1.0529	      0.5367	      3.4616	      -17.9222	      -560535.2646	      
48.0000	      2.0000	      1.0350	      0.5192	      3.4386	      -39.7469	      -564475.9333	      
48.0000	      3.0000	      1.0317	      0.5207	      3.4386	      -39.7380	      -564475.9154	      
48.0000	      4.0000	      1.0418	      0.5192	      3.4403	      -37.8349	      -564471.2284	      
48.0000	      5.0000	      1.0344	      0.5199	      3.4386	      -39.7349	      -564475.9208	      
48.0000	      6.0000	      1.0970	      0.5543	      3.4617	      -20.8647	      -562606.5075	      
48.0000	      7.0000	      1.0732	      0.5897	      3.5423	      -24.7314	      -563763.9934	      
48.0000	      8.0000	      1.0349	      0.5225	      3.4385	      -39.7379	      -564475.9000	      
48.0000	      9.0000	      1.0145	      0.5053	      3.5188	      -10.5773	      -543642.0947	      
48.0000	      10.0000	      1.0369	      0.5271	      3.4681	      -39.8402	      -564475.3804	      
48.0000	      11.0000	      1.0855	      0.5823	      3.4766	      -12.1080	      -549471.1622	      
48.0000	      12.0000	      1.0960	      0.5252	      3.5099	      -4.5854	      -525728.1646	      
48.0000	      13.0000	      1.0492	      0.5382	      3.4462	      -11.1441	      -546801.6017	      
48.0000	      14.0000	      1.0591	      0.4791	      3.3917	      -0.7410	      -521268.0487	      
48.0000	      15.0000	      1.0349	      0.5204	      3.4384	      -39.7450	      -564475.9209	      
49.0000	      1.0000	      1.0718	      0.5349	      3.4535	      -17.0295	      -559676.5418	      
49.0000	      2.0000	      1.0350	      0.5192	      3.4386	      -39.7472	      -564475.9313	      
49.0000	      3.0000	      1.0318	      0.5208	      3.4385	      -39.7416	      -564475.9042	      
49.0000	      4.0000	      1.0425	      0.5194	      3.4401	      -14.3493	      -554635.0549	      
49.0000	      5.0000	      1.0345	      0.5195	      3.4386	      -39.7425	      -564475.9262	      
49.0000	      6.0000	      1.0726	      0.5466	      3.4579	      -2.6776	      -520212.3096	      
49.0000	      7.0000	      1.1021	      0.6077	      3.5120	      -20.7549	      -562667.2649	      
49.0000	      8.0000	      1.0349	      0.5199	      3.4385	      -39.7454	      -564475.8876	      
49.0000	      9.0000	      1.0186	      0.4953	      3.4930	      -34.9134	      -564442.4453	      
49.0000	      10.0000	      1.0367	      0.5285	      3.4707	      -26.9108	      -563988.5927	      
49.0000	      11.0000	      1.0853	      0.5802	      3.4768	      -20.2706	      -562378.0523	      
49.0000	      12.0000	      1.1008	      0.5269	      3.5179	      -1.6626	      -513199.6303	      
49.0000	      13.0000	      1.0434	      0.5349	      3.4481	      -27.2743	      -564020.9749	      
49.0000	      14.0000	      1.0596	      0.4902	      3.3883	      -35.8612	      -564450.2923	      
49.0000	      15.0000	      1.0349	      0.5201	      3.4383	      -39.7472	      -564475.9024	      
50.0000	      1.0000	      1.0849	      0.5333	      3.4459	      -14.6319	      -555509.5928	      
50.0000	      2.0000	      1.0350	      0.5191	      3.4386	      -39.7473	      -564475.9169	      
50.0000	      3.0000	      1.0325	      0.5203	      3.4385	      -39.7439	      -564475.8963	      
50.0000	      4.0000	      1.0424	      0.5196	      3.4400	      -32.3253	      -564370.1822	      
50.0000	      5.0000	      1.0346	      0.5195	      3.4386	      -39.7433	      -564475.9147	      
50.0000	      6.0000	      1.0514	      0.5334	      3.4539	      -5.1135	      -527544.8139	      
50.0000	      7.0000	      1.1234	      0.6017	      3.4782	      -12.1940	      -549685.0408	      
50.0000	      8.0000	      1.0348	      0.5191	      3.4385	      -39.7478	      -564475.8910	      
50.0000	      9.0000	      1.0174	      0.4927	      3.4791	      -13.8848	      -552992.8769	      
50.0000	      10.0000	      1.0360	      0.5271	      3.4710	      -11.2765	      -546694.2106	      
50.0000	      11.0000	      1.0713	      0.5819	      3.4719	      -19.3104	      -561840.8112	      
50.0000	      12.0000	      1.0955	      0.5280	      3.5051	      -1.0374	      -515456.1715	      
50.0000	      13.0000	      1.0396	      0.5314	      3.4477	      -39.9491	      -564475.7856	      
50.0000	      14.0000	      1.0589	      0.4982	      3.3880	      -22.6584	      -563068.6826	      
50.0000	      15.0000	      1.0349	      0.5199	      3.4383	      -39.7484	      -564475.9485	      
51.0000	      1.0000	      1.0922	      0.5334	      3.4400	      -10.9546	      -546504.0235	      
51.0000	      2.0000	      1.0350	      0.5193	      3.4385	      -39.7475	      -564475.9234	      
51.0000	      3.0000	      1.0335	      0.5201	      3.4385	      -39.7452	      -564475.8740	      
51.0000	      4.0000	      1.0428	      0.5199	      3.4396	      -8.1432	      -538537.7810	      
51.0000	      5.0000	      1.0347	      0.5197	      3.4385	      -39.7445	      -564475.8918	      
51.0000	      6.0000	      1.0427	      0.5244	      3.4503	      -5.4345	      -528446.3043	      
51.0000	      7.0000	      1.1316	      0.5955	      3.4541	      -38.2576	      -564473.5260	      
51.0000	      8.0000	      1.0349	      0.5188	      3.4385	      -39.7465	      -564475.9094	      
51.0000	      9.0000	      1.0182	      0.4907	      3.4758	      -35.0027	      -564442.0648	      
51.0000	      10.0000	      1.0357	      0.5239	      3.4691	      -38.5109	      -564473.7007	      
51.0000	      11.0000	      1.0645	      0.5697	      3.4685	      -16.0468	      -558397.8195	      
51.0000	      12.0000	      1.0940	      0.5283	      3.5010	      -13.8009	      -553373.2675	      
51.0000	      13.0000	      1.0357	      0.5275	      3.4473	      -8.7618	      -540503.3648	      
51.0000	      14.0000	      1.0595	      0.4948	      3.3834	      -7.4262	      -535371.9536	      
51.0000	      15.0000	      1.0349	      0.5197	      3.4383	      -39.7492	      -564475.9438	      
52.0000	      1.0000	      1.0880	      0.5366	      3.4383	      -13.6730	      -553107.7745	      
52.0000	      2.0000	      1.0350	      0.5194	      3.4385	      -39.7475	      -564475.9188	      
52.0000	      3.0000	      1.0341	      0.5201	      3.4384	      -39.7456	      -564475.9114	      
52.0000	      4.0000	      1.0432	      0.5201	      3.4394	      -31.0548	      -564313.3677	      
52.0000	      5.0000	      1.0347	      0.5199	      3.4385	      -39.7451	      -564475.8918	      
52.0000	      6.0000	      1.0654	      0.5306	      3.4476	      -6.8868	      -534099.4492	      
52.0000	      7.0000	      1.1119	      0.5801	      3.4448	      -16.7443	      -559450.9122	      
52.0000	      8.0000	      1.0349	      0.5189	      3.4385	      -39.7457	      -564475.9158	      
52.0000	      9.0000	      1.0144	      0.4966	      3.4847	      -11.9338	      -547751.1581	      
52.0000	      10.0000	      1.0354	      0.5219	      3.4613	      -17.9714	      -560646.2414	      
52.0000	      11.0000	      1.0862	      0.5597	      3.4644	      -10.0237	      -543634.1275	      
52.0000	      12.0000	      1.0815	      0.5284	      3.5079	      -25.6546	      -563874.1927	      
52.0000	      13.0000	      1.0336	      0.5253	      3.4459	      -27.6092	      -564047.4056	      
52.0000	      14.0000	      1.0564	      0.4821	      3.3788	      -33.6270	      -564397.5660	      
52.0000	      15.0000	      1.0349	      0.5197	      3.4383	      -39.7496	      -564475.9370	      
53.0000	      1.0000	      1.0779	      0.5372	      3.4389	      -15.2039	      -556755.5753	      
53.0000	      2.0000	      1.0349	      0.5194	      3.4385	      -39.7476	      -564475.9201	      
53.0000	      3.0000	      1.0345	      0.5203	      3.4384	      -39.7454	      -564475.9042	      
53.0000	      4.0000	      1.0422	      0.5201	      3.4393	      -10.3784	      -544922.8742	      
53.0000	      5.0000	      1.0348	      0.5201	      3.4385	      -39.7439	      -564475.8841	      
53.0000	      6.0000	      1.0940	      0.5409	      3.4461	      -19.3723	      -561811.2752	      
53.0000	      7.0000	      1.1001	      0.5614	      3.4460	      -4.9597	      -528166.0252	      
53.0000	      8.0000	      1.0349	      0.5190	      3.4384	      -39.7456	      -564475.9213	      
53.0000	      9.0000	      1.0100	      0.5001	      3.4909	      -4.6218	      -523293.4077	      
53.0000	      10.0000	      1.0358	      0.5216	      3.4543	      -2.3843	      -518428.5310	      
53.0000	      11.0000	      1.1020	      0.5551	      3.4622	      -2.5480	      -520502.3832	      
53.0000	      12.0000	      1.0710	      0.5262	      3.5176	      -25.0334	      -563770.2194	      
53.0000	      13.0000	      1.0351	      0.5226	      3.4437	      -6.8943	      -533787.2043	      
53.0000	      14.0000	      1.0569	      0.4746	      3.3833	      -12.6858	      -550218.6588	      
53.0000	      15.0000	      1.0349	      0.5197	      3.4383	      -39.7492	      -564475.9439	      
54.0000	      1.0000	      1.0738	      0.5416	      3.4428	      -9.2581	      -541993.1423	      
54.0000	      2.0000	      1.0349	      0.5194	      3.4385	      -39.7477	      -564475.9183	      
54.0000	      3.0000	      1.0345	      0.5205	      3.4384	      -39.7450	      -564475.8754	      
54.0000	      4.0000	      1.0417	      0.5200	      3.4391	      -2.2622	      -519139.1935	      
54.0000	      5.0000	      1.0348	      0.5202	      3.4385	      -39.7355	      -564475.9044	      
54.0000	      6.0000	      1.1091	      0.5521	      3.4493	      -27.9278	      -564132.8490	      
54.0000	      7.0000	      1.0881	      0.5474	      3.4696	      -36.7955	      -564467.6654	      
54.0000	      8.0000	      1.0349	      0.5192	      3.4383	      -39.7461	      -564475.9423	      
54.0000	      9.0000	      1.0075	      0.5028	      3.4880	      -4.6881	      -523604.4453	      
54.0000	      10.0000	      1.0359	      0.5235	      3.4494	      -37.1479	      -564467.2776	      
54.0000	      11.0000	      1.1171	      0.5463	      3.4625	      -31.2548	      -564356.2507	      
54.0000	      12.0000	      1.0747	      0.5232	      3.5038	      -22.3656	      -563150.9024	      
54.0000	      13.0000	      1.0373	      0.5247	      3.4437	      -37.2835	      -564468.1222	      
54.0000	      14.0000	      1.0537	      0.4669	      3.3949	      -38.2579	      -564471.7375	      
54.0000	      15.0000	      1.0349	      0.5197	      3.4383	      -39.7487	      -564475.9374	      
55.0000	      1.0000	      1.0738	      0.5404	      3.4475	      -5.9572	      -530777.3599	      
55.0000	      2.0000	      1.0349	      0.5195	      3.4384	      -39.7477	      -564475.9268	      
55.0000	      3.0000	      1.0340	      0.5205	      3.4385	      -39.7447	      -564475.8988	      
55.0000	      4.0000	      1.0419	      0.5198	      3.4394	      -33.2747	      -564402.1111	      
55.0000	      5.0000	      1.0348	      0.5202	      3.4385	      -39.7296	      -564475.8966	      
55.0000	      6.0000	      1.1035	      0.5568	      3.4559	      -27.6312	      -564106.9657	      
55.0000	      7.0000	      1.0890	      0.5582	      3.4843	      -19.8773	      -562185.9090	      
55.0000	      8.0000	      1.0349	      0.5195	      3.4383	      -39.7469	      -564475.9357	      
55.0000	      9.0000	      1.0051	      0.5011	      3.4841	      -38.0496	      -564471.4756	      
55.0000	      10.0000	      1.0360	      0.5258	      3.4515	      -23.3666	      -563323.5912	      
55.0000	      11.0000	      1.1094	      0.5655	      3.4708	      -13.6327	      -553223.0621	      
55.0000	      12.0000	      1.0798	      0.5220	      3.4962	      -12.2970	      -549299.8261	      
55.0000	      13.0000	      1.0389	      0.5278	      3.4439	      -19.0697	      -561555.9212	      
55.0000	      14.0000	      1.0538	      0.4622	      3.3987	      -16.6243	      -558863.8167	      
55.0000	      15.0000	      1.0349	      0.5198	      3.4383	      -39.7482	      -564475.9397	      
56.0000	      1.0000	      1.0712	      0.5360	      3.4485	      -8.0011	      -538027.4549	      
56.0000	      2.0000	      1.0349	      0.5195	      3.4384	      -39.7479	      -564475.9169	      
56.0000	      3.0000	      1.0327	      0.5205	      3.4385	      -39.7429	      -564475.8903	      
56.0000	      4.0000	      1.0417	      0.5197	      3.4396	      -15.7062	      -557567.9683	      
56.0000	      5.0000	      1.0348	      0.5202	      3.4385	      -39.7273	      -564475.8918	      
56.0000	      6.0000	      1.0871	      0.5572	      3.4571	      -18.4197	      -561150.9838	      
56.0000	      7.0000	      1.1110	      0.5713	      3.4919	      -3.1611	      -521765.2748	      
56.0000	      8.0000	      1.0349	      0.5196	      3.4383	      -39.7475	      -564475.9141	      
56.0000	      9.0000	      1.0046	      0.5018	      3.4991	      -22.1172	      -562985.3604	      
56.0000	      10.0000	      1.0360	      0.5259	      3.4603	      -6.1441	      -531138.7841	      
56.0000	      11.0000	      1.0996	      0.5840	      3.4714	      -6.4097	      -533353.4553	      
56.0000	      12.0000	      1.0778	      0.5248	      3.4953	      -39.1950	      -564474.6882	      
56.0000	      13.0000	      1.0393	      0.5301	      3.4434	      -5.9239	      -530322.2302	      
56.0000	      14.0000	      1.0501	      0.4686	      3.3859	      -36.3385	      -564455.0337	      
56.0000	      15.0000	      1.0349	      0.5199	      3.4383	      -39.7479	      -564475.9266	      
57.0000	      1.0000	      1.0707	      0.5360	      3.4488	      -8.1143	      -538425.7168	      
57.0000	      2.0000	      1.0349	      0.5196	      3.4385	      -39.7478	      -564475.9226	      
57.0000	      3.0000	      1.0318	      0.5204	      3.4385	      -39.7411	      -564475.8730	      
57.0000	      4.0000	      1.0405	      0.5196	      3.4396	      -2.5645	      -519577.8542	      
57.0000	      5.0000	      1.0347	      0.5201	      3.4385	      -39.7300	      -564475.8937	      
57.0000	      6.0000	      1.0750	      0.5549	      3.4599	      -10.4467	      -544938.3148	      
57.0000	      7.0000	      1.1241	      0.5680	      3.4833	      -27.8321	      -564157.0727	      
57.0000	      8.0000	      1.0349	      0.5196	      3.4383	      -39.7480	      -564475.9205	      
57.0000	      9.0000	      1.0101	      0.5026	      3.5191	      -1.3174	      -512073.3810	      
57.0000	      10.0000	      1.0359	      0.5260	      3.4661	      -28.5265	      -564152.4785	      
57.0000	      11.0000	      1.1055	      0.5961	      3.4727	      -34.9047	      -564451.6294	      
57.0000	      12.0000	      1.0674	      0.5266	      3.4822	      -18.0914	      -560836.4436	      
57.0000	      13.0000	      1.0393	      0.5315	      3.4425	      -32.9372	      -564392.6469	      
57.0000	      14.0000	      1.0504	      0.4778	      3.3686	      -10.8972	      -546635.4813	      
57.0000	      15.0000	      1.0349	      0.5200	      3.4383	      -39.7479	      -564475.9064	      
58.0000	      1.0000	      1.0722	      0.5364	      3.4466	      -14.0056	      -553964.4634	      
58.0000	      2.0000	      1.0349	      0.5195	      3.4385	      -39.7475	      -564475.9222	      
58.0000	      3.0000	      1.0314	      0.5203	      3.4385	      -39.7411	      -564475.8942	      
58.0000	      4.0000	      1.0407	      0.5196	      3.4399	      -34.6607	      -564435.7316	      
58.0000	      5.0000	      1.0346	      0.5201	      3.4385	      -39.7345	      -564475.9103	      
58.0000	      6.0000	      1.0769	      0.5500	      3.4616	      -39.7867	      -564475.3130	      
58.0000	      7.0000	      1.1138	      0.5681	      3.4721	      -10.0958	      -543594.5757	      
58.0000	      8.0000	      1.0349	      0.5194	      3.4383	      -39.7482	      -564475.9270	      
58.0000	      9.0000	      1.0129	      0.5006	      3.5194	      -34.8132	      -564442.7596	      
58.0000	      10.0000	      1.0359	      0.5257	      3.4685	      -7.8584	      -537488.8298	      
58.0000	      11.0000	      1.1117	      0.5971	      3.4735	      -16.3069	      -558937.4664	      
58.0000	      12.0000	      1.0519	      0.5262	      3.4623	      -1.2140	      -516810.6827	      
58.0000	      13.0000	      1.0382	      0.5315	      3.4427	      -13.8308	      -553391.1116	      
58.0000	      14.0000	      1.0515	      0.4933	      3.3635	      -34.5690	      -564421.2876	      
58.0000	      15.0000	      1.0349	      0.5200	      3.4383	      -39.7482	      -564475.9171	      
59.0000	      1.0000	      1.0858	      0.5368	      3.4456	      -11.8274	      -548585.7043	      
59.0000	      2.0000	      1.0349	      0.5195	      3.4385	      -39.7471	      -564475.9153	      
59.0000	      3.0000	      1.0314	      0.5201	      3.4385	      -39.7413	      -564475.8992	      
59.0000	      4.0000	      1.0402	      0.5198	      3.4401	      -18.9694	      -561468.1541	      
59.0000	      5.0000	      1.0345	      0.5201	      3.4385	      -39.7361	      -564475.9022	      
59.0000	      6.0000	      1.0723	      0.5450	      3.4565	      -20.3158	      -562336.6298	      
59.0000	      7.0000	      1.1065	      0.5590	      3.4597	      -31.4361	      -564361.9108	      
59.0000	      8.0000	      1.0349	      0.5194	      3.4383	      -39.7481	      -564475.9226	      
59.0000	      9.0000	      1.0177	      0.4978	      3.5088	      -19.6272	      -561931.8427	      
59.0000	      10.0000	      1.0359	      0.5256	      3.4666	      -33.1647	      -564403.8158	      
59.0000	      11.0000	      1.0948	      0.5979	      3.4687	      -34.5187	      -564444.9270	      
59.0000	      12.0000	      1.0455	      0.5250	      3.4562	      -5.1935	      -527597.9965	      
59.0000	      13.0000	      1.0369	      0.5294	      3.4441	      -39.8272	      -564475.8029	      
59.0000	      14.0000	      1.0560	      0.5069	      3.3782	      -14.4702	      -554895.7760	      
59.0000	      15.0000	      1.0349	      0.5199	      3.4383	      -39.7484	      -564475.9235	      
60.0000	      1.0000	      1.0983	      0.5379	      3.4443	      -10.5381	      -545402.2759	      
60.0000	      2.0000	      1.0349	      0.5195	      3.4385	      -39.7469	      -564475.9254	      
60.0000	      3.0000	      1.0321	      0.5201	      3.4384	      -39.7406	      -564475.9013	      
60.0000	      4.0000	      1.0413	      0.5199	      3.4405	      -7.2135	      -535053.0736	      
60.0000	      5.0000	      1.0345	      0.5201	      3.4385	      -39.7373	      -564475.9004	      
60.0000	      6.0000	      1.0632	      0.5428	      3.4501	      -3.7778	      -523103.6031	      
60.0000	      7.0000	      1.0869	      0.5550	      3.4520	      -9.1703	      -541507.7270	      
60.0000	      8.0000	      1.0349	      0.5193	      3.4383	      -39.7475	      -564475.9170	      
60.0000	      9.0000	      1.0186	      0.4946	      3.4896	      -3.6687	      -519732.3834	      
60.0000	      10.0000	      1.0361	      0.5250	      3.4642	      -15.0353	      -556239.8428	      
60.0000	      11.0000	      1.1011	      0.5958	      3.4712	      -8.4504	      -538662.3580	      
60.0000	      12.0000	      1.0433	      0.5234	      3.4669	      -13.4636	      -552363.3762	      
60.0000	      13.0000	      1.0354	      0.5272	      3.4447	      -18.0061	      -560668.4159	      
60.0000	      14.0000	      1.0570	      0.5134	      3.3898	      -4.3395	      -524930.1628	      
60.0000	      15.0000	      1.0349	      0.5199	      3.4383	      -39.7486	      -564475.9354	      
61.0000	      1.0000	      1.1022	      0.5376	      3.4430	      -10.3058	      -544821.4089	      
61.0000	      2.0000	      1.0350	      0.5195	      3.4385	      -39.7471	      -564475.9265	      
61.0000	      3.0000	      1.0325	      0.5201	      3.4384	      -39.7401	      -564475.9041	      
61.0000	      4.0000	      1.0415	      0.5200	      3.4407	      -29.1751	      -564192.3095	      
61.0000	      5.0000	      1.0346	      0.5202	      3.4385	      -39.7394	      -564475.8794	      
61.0000	      6.0000	      1.0597	      0.5413	      3.4450	      -27.2302	      -564025.8956	      
61.0000	      7.0000	      1.0629	      0.5623	      3.4563	      -0.1941	      -515493.6266	      
61.0000	      8.0000	      1.0349	      0.5193	      3.4383	      -39.7467	      -564475.9262	      
61.0000	      9.0000	      1.0154	      0.4983	      3.4749	      -0.1477	      -514473.9238	      
61.0000	      10.0000	      1.0362	      0.5252	      3.4602	      -37.7959	      -564471.1524	      
61.0000	      11.0000	      1.0992	      0.5881	      3.4747	      -34.8353	      -564450.3078	      
61.0000	      12.0000	      1.0561	      0.5229	      3.4849	      -17.2863	      -559859.8377	      
61.0000	      13.0000	      1.0349	      0.5249	      3.4438	      -33.2337	      -564400.8636	      
61.0000	      14.0000	      1.0558	      0.5161	      3.4014	      -33.7059	      -564408.4296	      
61.0000	      15.0000	      1.0349	      0.5199	      3.4383	      -39.7486	      -564475.9485	      
62.0000	      1.0000	      1.0839	      0.5369	      3.4442	      -11.1037	      -546848.5778	      
62.0000	      2.0000	      1.0350	      0.5194	      3.4385	      -39.7474	      -564475.9252	      
62.0000	      3.0000	      1.0331	      0.5201	      3.4384	      -39.7409	      -564475.8856	      
62.0000	      4.0000	      1.0405	      0.5200	      3.4408	      -12.3143	      -549509.3515	      
62.0000	      5.0000	      1.0346	      0.5202	      3.4385	      -39.7390	      -564475.8951	      
62.0000	      6.0000	      1.0609	      0.5392	      3.4438	      -5.8993	      -530488.9422	      
62.0000	      7.0000	      1.0700	      0.5775	      3.4676	      -38.3247	      -564473.4500	      
62.0000	      8.0000	      1.0349	      0.5192	      3.4383	      -39.7461	      -564475.9260	      
62.0000	      9.0000	      1.0086	      0.5005	      3.4848	      -37.2348	      -564467.3518	      
62.0000	      10.0000	      1.0363	      0.5259	      3.4533	      -14.5359	      -555103.3039	      
62.0000	      11.0000	      1.0909	      0.5791	      3.4694	      -15.4568	      -557475.3794	      
62.0000	      12.0000	      1.0665	      0.5221	      3.4947	      -20.4252	      -562423.3339	      
62.0000	      13.0000	      1.0350	      0.5252	      3.4429	      -7.5149	      -536154.1754	      
62.0000	      14.0000	      1.0523	      0.5159	      3.4097	      -17.8157	      -559944.2687	      
62.0000	      15.0000	      1.0349	      0.5198	      3.4383	      -39.7485	      -564475.9556	      
